#
# There is insufficient memory for the Java Runtime Environment to continue.
# Native memory allocation (malloc) failed to allocate 217616 bytes. Error detail: Chunk::new
# Possible reasons:
#   The system is out of physical RAM or swap space
#   This process is running with CompressedOops enabled, and the Java Heap may be blocking the growth of the native heap
# Possible solutions:
#   Reduce memory load on the system
#   Increase physical memory or swap space
#   Check if swap backing store is full
#   Decrease Java heap size (-Xmx/-Xms)
#   Decrease number of Java threads
#   Decrease Java thread stack sizes (-Xss)
#   Set larger code cache with -XX:ReservedCodeCacheSize=
#   JVM is running with Unscaled Compressed Oops mode in which the Java heap is
#     placed in the first 4GB address space. The Java Heap base address is the
#     maximum limit for the native heap growth. Please use -XX:HeapBaseMinAddress
#     to set the Java Heap base and to place the Java Heap above 4GB virtual address.
# This output file may be truncated or incomplete.
#
#  Out of Memory Error (arena.cpp:149), pid=13340, tid=1456
#
# JRE version: OpenJDK Runtime Environment (23.0.2+7) (build 23.0.2+7-58)
# Java VM: OpenJDK 64-Bit Server VM (23.0.2+7-58, mixed mode, sharing, tiered, compressed oops, compressed class ptrs, g1 gc, windows-amd64)
# No core dump will be written. Minidumps are not enabled by default on client versions of Windows
#

---------------  S U M M A R Y ------------

Command Line: -ea -Didea.test.cyclic.buffer.size=1048576 -javaagent:C:\Program Files\JetBrains\IntelliJ IDEA 2024.3.4.1\lib\idea_rt.jar=49159 -javaagent:C:\Users\User\AppData\Local\JetBrains\IntelliJIdea2024.3\captureAgent\debugger-agent.jar -Dkotlinx.coroutines.debug.enable.creation.stack.trace=false -Ddebugger.agent.enable.coroutines=true -Dkotlinx.coroutines.debug.enable.flows.stack.trace=true -Dkotlinx.coroutines.debug.enable.mutable.state.flows.stack.trace=true -Dfile.encoding=UTF-8 -Dsun.stdout.encoding=UTF-8 -Dsun.stderr.encoding=UTF-8 com.intellij.rt.junit.JUnitStarter -ideVersion5 -junit4 UserServiceTest

Host: Intel(R) Core(TM) i3-1005G1 CPU @ 1.20GHz, 4 cores, 7G,  Windows 10 , 64 bit Build 19041 (10.0.19041.2546)
Time: Thu Mar 20 19:07:47 2025 RTZ 2 (s 10 , 64 bit Build 19041 (10.0.19041.2546) elapsed time: 0.702303 seconds (0d 0h 0m 0s)

---------------  T H R E A D  ---------------

Current thread (0x0000017d6a805000):  JavaThread "C2 CompilerThread0" daemon [_thread_in_native, id=1456, stack(0x0000005102600000,0x0000005102700000) (1024K)]


Current CompileTask:
C2:702 1435   !   4       java.util.concurrent.ConcurrentHashMap::putVal (432 bytes)

Stack: [0x0000005102600000,0x0000005102700000]
Native frames: (J=compiled Java code, j=interpreted, Vv=VM code, C=native code)
V  [jvm.dll+0x6e0b99]  (no source info available)
V  [jvm.dll+0x87e2b3]  (no source info available)
V  [jvm.dll+0x88073e]  (no source info available)
V  [jvm.dll+0x880e13]  (no source info available)
V  [jvm.dll+0x27b006]  (no source info available)
V  [jvm.dll+0xbc06f]  (no source info available)
V  [jvm.dll+0xbc2cb]  (no source info available)
V  [jvm.dll+0x3b3c22]  (no source info available)
V  [jvm.dll+0x38a55b]  (no source info available)
V  [jvm.dll+0x3899ca]  (no source info available)
V  [jvm.dll+0x244ba1]  (no source info available)
V  [jvm.dll+0x243eff]  (no source info available)
V  [jvm.dll+0x1c34b0]  (no source info available)
V  [jvm.dll+0x253df1]  (no source info available)
V  [jvm.dll+0x2520aa]  (no source info available)
V  [jvm.dll+0x3ee226]  (no source info available)
V  [jvm.dll+0x8254cb]  (no source info available)
V  [jvm.dll+0x6df345]  (no source info available)
C  [ucrtbase.dll+0x21bb2]  (no source info available)
C  [KERNEL32.DLL+0x17614]  (no source info available)
C  [ntdll.dll+0x526a1]  (no source info available)

Lock stack of current Java thread (top to bottom):


---------------  P R O C E S S  ---------------

Threads class SMR info:
_java_thread_list=0x0000017d4662ab60, length=15, elements={
0x0000017d4c37ef10, 0x0000017d6a7f5c20, 0x0000017d6a7f6940, 0x0000017d6a7f8760,
0x0000017d6a7fa730, 0x0000017d6a7fb970, 0x0000017d6a802280, 0x0000017d6a805000,
0x0000017d45018090, 0x0000017d6a7c87d0, 0x0000017d452674f0, 0x0000017d45238e90,
0x0000017d4524ac20, 0x0000017d45238800, 0x0000017d45237ae0
}

Java Threads: ( => current thread )
  0x0000017d4c37ef10 JavaThread "main"                              [_thread_in_vm, id=3144, stack(0x0000005101800000,0x0000005101900000) (1024K)]
  0x0000017d6a7f5c20 JavaThread "Reference Handler"          daemon [_thread_blocked, id=10500, stack(0x0000005102000000,0x0000005102100000) (1024K)]
  0x0000017d6a7f6940 JavaThread "Finalizer"                  daemon [_thread_blocked, id=12964, stack(0x0000005102100000,0x0000005102200000) (1024K)]
  0x0000017d6a7f8760 JavaThread "Signal Dispatcher"          daemon [_thread_blocked, id=13680, stack(0x0000005102200000,0x0000005102300000) (1024K)]
  0x0000017d6a7fa730 JavaThread "Attach Listener"            daemon [_thread_blocked, id=3476, stack(0x0000005102300000,0x0000005102400000) (1024K)]
  0x0000017d6a7fb970 JavaThread "Service Thread"             daemon [_thread_blocked, id=13116, stack(0x0000005102400000,0x0000005102500000) (1024K)]
  0x0000017d6a802280 JavaThread "Monitor Deflation Thread"   daemon [_thread_blocked, id=9960, stack(0x0000005102500000,0x0000005102600000) (1024K)]
=>0x0000017d6a805000 JavaThread "C2 CompilerThread0"         daemon [_thread_in_native, id=1456, stack(0x0000005102600000,0x0000005102700000) (1024K)]
  0x0000017d45018090 JavaThread "C1 CompilerThread0"         daemon [_thread_in_vm, id=3816, stack(0x0000005102700000,0x0000005102800000) (1024K)]
  0x0000017d6a7c87d0 JavaThread "Common-Cleaner"             daemon [_thread_blocked, id=15912, stack(0x0000005102800000,0x0000005102900000) (1024K)]
  0x0000017d452674f0 JavaThread "Monitor Ctrl-Break"         daemon [_thread_in_native, id=13096, stack(0x0000005102900000,0x0000005102a00000) (1024K)]
  0x0000017d45238e90 JavaThread "Notification Thread"        daemon [_thread_blocked, id=11532, stack(0x0000005102a00000,0x0000005102b00000) (1024K)]
  0x0000017d4524ac20 JavaThread "C2 CompilerThread1"         daemon [_thread_in_native, id=9940, stack(0x0000005102b00000,0x0000005102c00000) (1024K)]
  0x0000017d45238800 JavaThread "RMI TCP Accept-0"           daemon [_thread_in_native, id=1976, stack(0x0000005102f00000,0x0000005103000000) (1024K)]
  0x0000017d45237ae0 JavaThread "RMI TCP Connection(1)-192.168.43.68" daemon [_thread_in_vm, id=14540, stack(0x0000005103000000,0x0000005103100000) (1024K)]
Total: 15

Other Threads:
  0x0000017d6a7dc540 VMThread "VM Thread"                           [id=6732, stack(0x0000005101f00000,0x0000005102000000) (1024K)]
  0x0000017d6a7c7dd0 WatcherThread "VM Periodic Task Thread"        [id=8400, stack(0x0000005101e00000,0x0000005101f00000) (1024K)]
  0x0000017d4e66e280 WorkerThread "GC Thread#0"                     [id=8808, stack(0x0000005101900000,0x0000005101a00000) (1024K)]
  0x0000017d45ad7060 WorkerThread "GC Thread#1"                     [id=12424, stack(0x0000005102c00000,0x0000005102d00000) (1024K)]
  0x0000017d45b30460 WorkerThread "GC Thread#2"                     [id=14552, stack(0x0000005102d00000,0x0000005102e00000) (1024K)]
  0x0000017d45bb4460 WorkerThread "GC Thread#3"                     [id=2940, stack(0x0000005102e00000,0x0000005102f00000) (1024K)]
  0x0000017d4e6839a0 ConcurrentGCThread "G1 Main Marker"            [id=1112, stack(0x0000005101a00000,0x0000005101b00000) (1024K)]
  0x0000017d4e684fd0 WorkerThread "G1 Conc#0"                       [id=10688, stack(0x0000005101b00000,0x0000005101c00000) (1024K)]
  0x0000017d6a6994b0 ConcurrentGCThread "G1 Refine#0"               [id=14240, stack(0x0000005101c00000,0x0000005101d00000) (1024K)]
  0x0000017d6a699e40 ConcurrentGCThread "G1 Service"                [id=6000, stack(0x0000005101d00000,0x0000005101e00000) (1024K)]
Total: 10

Threads with active compile tasks:
C2 CompilerThread0  806 1435   !   4       java.util.concurrent.ConcurrentHashMap::putVal (432 bytes)
C1 CompilerThread0  806 1519       3       java.lang.invoke.MemberName::hashCode (43 bytes)
C2 CompilerThread1  806 1517       4       jdk.internal.org.objectweb.asm.SymbolTable::addConstantUtf8 (98 bytes)
Total: 3

VM state: not at safepoint (normal execution)

VM Mutex/Monitor currently owned by a thread:  ([mutex/lock_event])
[0x00007ffbc91e2888] Metaspace_lock - owner thread: 0x0000017d45237ae0

Heap address: 0x0000000084000000, size: 1984 MB, Compressed Oops mode: 32-bit

CDS archive(s) mapped at: [0x0000017d00000000-0x0000017d00d70000-0x0000017d00d70000), size 14090240, SharedBaseAddress: 0x0000017d00000000, ArchiveRelocationMode: 1.
Compressed class space mapped at: 0x0000017d01000000-0x0000017d41000000, reserved size: 1073741824
Narrow klass base: 0x0000017d00000000, Narrow klass shift: 0, Narrow klass range: 0x41000000

GC Precious Log:
 CardTable entry size: 512
 Card Set container configuration: InlinePtr #cards 5 size 8 Array Of Cards #cards 10 size 36 Howl #buckets 4 coarsen threshold 1843 Howl Bitmap #cards 512 size 80 coarsen threshold 460 Card regions per heap region 1 cards per card region 2048
 CPUs: 4 total, 4 available
 Memory: 7933M
 Large Page Support: Disabled
 NUMA Support: Disabled
 Compressed Oops: Enabled (32-bit)
 Heap Region Size: 1M
 Heap Min Capacity: 8M
 Heap Initial Capacity: 124M
 Heap Max Capacity: 1984M
 Pre-touch: Disabled
 Parallel Workers: 4
 Concurrent Workers: 1
 Concurrent Refinement Workers: 4
 Periodic GC: Disabled

Heap:
 garbage-first heap   total reserved 2031616K, committed 126976K, used 16512K [0x0000000084000000, 0x0000000100000000)
  region size 1024K, 15 young (15360K), 2 survivors (2048K)
 Metaspace       used 12562K, committed 12800K, reserved 1114112K
  class space    used 1321K, committed 1472K, reserved 1048576K

Heap Regions: E=young(eden), S=young(survivor), O=old, HS=humongous(starts), HC=humongous(continues), CS=collection set, F=free, TAMS=top-at-mark-start, PB=parsable bottom
|   0|0x0000000084000000, 0x0000000084100000, 0x0000000084100000|100%|HS|  |TAMS 0x0000000084000000| PB 0x0000000084000000| Complete |  0
|   1|0x0000000084100000, 0x0000000084200000, 0x0000000084200000|100%| O|  |TAMS 0x0000000084100000| PB 0x0000000084100000| Untracked |  0
|   2|0x0000000084200000, 0x0000000084220000, 0x0000000084300000| 12%| O|  |TAMS 0x0000000084200000| PB 0x0000000084200000| Untracked |  0
|   3|0x0000000084300000, 0x0000000084300000, 0x0000000084400000|  0%| F|  |TAMS 0x0000000084300000| PB 0x0000000084300000| Untracked |  0
|   4|0x0000000084400000, 0x0000000084400000, 0x0000000084500000|  0%| F|  |TAMS 0x0000000084400000| PB 0x0000000084400000| Untracked |  0
|   5|0x0000000084500000, 0x0000000084500000, 0x0000000084600000|  0%| F|  |TAMS 0x0000000084500000| PB 0x0000000084500000| Untracked |  0
|   6|0x0000000084600000, 0x0000000084600000, 0x0000000084700000|  0%| F|  |TAMS 0x0000000084600000| PB 0x0000000084600000| Untracked |  0
|   7|0x0000000084700000, 0x0000000084700000, 0x0000000084800000|  0%| F|  |TAMS 0x0000000084700000| PB 0x0000000084700000| Untracked |  0
|   8|0x0000000084800000, 0x0000000084800000, 0x0000000084900000|  0%| F|  |TAMS 0x0000000084800000| PB 0x0000000084800000| Untracked |  0
|   9|0x0000000084900000, 0x0000000084900000, 0x0000000084a00000|  0%| F|  |TAMS 0x0000000084900000| PB 0x0000000084900000| Untracked |  0
|  10|0x0000000084a00000, 0x0000000084a00000, 0x0000000084b00000|  0%| F|  |TAMS 0x0000000084a00000| PB 0x0000000084a00000| Untracked |  0
|  11|0x0000000084b00000, 0x0000000084b00000, 0x0000000084c00000|  0%| F|  |TAMS 0x0000000084b00000| PB 0x0000000084b00000| Untracked |  0
|  12|0x0000000084c00000, 0x0000000084c00000, 0x0000000084d00000|  0%| F|  |TAMS 0x0000000084c00000| PB 0x0000000084c00000| Untracked |  0
|  13|0x0000000084d00000, 0x0000000084d00000, 0x0000000084e00000|  0%| F|  |TAMS 0x0000000084d00000| PB 0x0000000084d00000| Untracked |  0
|  14|0x0000000084e00000, 0x0000000084e00000, 0x0000000084f00000|  0%| F|  |TAMS 0x0000000084e00000| PB 0x0000000084e00000| Untracked |  0
|  15|0x0000000084f00000, 0x0000000084f00000, 0x0000000085000000|  0%| F|  |TAMS 0x0000000084f00000| PB 0x0000000084f00000| Untracked |  0
|  16|0x0000000085000000, 0x0000000085000000, 0x0000000085100000|  0%| F|  |TAMS 0x0000000085000000| PB 0x0000000085000000| Untracked |  0
|  17|0x0000000085100000, 0x0000000085100000, 0x0000000085200000|  0%| F|  |TAMS 0x0000000085100000| PB 0x0000000085100000| Untracked |  0
|  18|0x0000000085200000, 0x0000000085200000, 0x0000000085300000|  0%| F|  |TAMS 0x0000000085200000| PB 0x0000000085200000| Untracked |  0
|  19|0x0000000085300000, 0x0000000085300000, 0x0000000085400000|  0%| F|  |TAMS 0x0000000085300000| PB 0x0000000085300000| Untracked |  0
|  20|0x0000000085400000, 0x0000000085400000, 0x0000000085500000|  0%| F|  |TAMS 0x0000000085400000| PB 0x0000000085400000| Untracked |  0
|  21|0x0000000085500000, 0x0000000085500000, 0x0000000085600000|  0%| F|  |TAMS 0x0000000085500000| PB 0x0000000085500000| Untracked |  0
|  22|0x0000000085600000, 0x0000000085600000, 0x0000000085700000|  0%| F|  |TAMS 0x0000000085600000| PB 0x0000000085600000| Untracked |  0
|  23|0x0000000085700000, 0x0000000085700000, 0x0000000085800000|  0%| F|  |TAMS 0x0000000085700000| PB 0x0000000085700000| Untracked |  0
|  24|0x0000000085800000, 0x0000000085800000, 0x0000000085900000|  0%| F|  |TAMS 0x0000000085800000| PB 0x0000000085800000| Untracked |  0
|  25|0x0000000085900000, 0x0000000085900000, 0x0000000085a00000|  0%| F|  |TAMS 0x0000000085900000| PB 0x0000000085900000| Untracked |  0
|  26|0x0000000085a00000, 0x0000000085a00000, 0x0000000085b00000|  0%| F|  |TAMS 0x0000000085a00000| PB 0x0000000085a00000| Untracked |  0
|  27|0x0000000085b00000, 0x0000000085b00000, 0x0000000085c00000|  0%| F|  |TAMS 0x0000000085b00000| PB 0x0000000085b00000| Untracked |  0
|  28|0x0000000085c00000, 0x0000000085c00000, 0x0000000085d00000|  0%| F|  |TAMS 0x0000000085c00000| PB 0x0000000085c00000| Untracked |  0
|  29|0x0000000085d00000, 0x0000000085d00000, 0x0000000085e00000|  0%| F|  |TAMS 0x0000000085d00000| PB 0x0000000085d00000| Untracked |  0
|  30|0x0000000085e00000, 0x0000000085e00000, 0x0000000085f00000|  0%| F|  |TAMS 0x0000000085e00000| PB 0x0000000085e00000| Untracked |  0
|  31|0x0000000085f00000, 0x0000000085f00000, 0x0000000086000000|  0%| F|  |TAMS 0x0000000085f00000| PB 0x0000000085f00000| Untracked |  0
|  32|0x0000000086000000, 0x0000000086000000, 0x0000000086100000|  0%| F|  |TAMS 0x0000000086000000| PB 0x0000000086000000| Untracked |  0
|  33|0x0000000086100000, 0x0000000086100000, 0x0000000086200000|  0%| F|  |TAMS 0x0000000086100000| PB 0x0000000086100000| Untracked |  0
|  34|0x0000000086200000, 0x0000000086200000, 0x0000000086300000|  0%| F|  |TAMS 0x0000000086200000| PB 0x0000000086200000| Untracked |  0
|  35|0x0000000086300000, 0x0000000086300000, 0x0000000086400000|  0%| F|  |TAMS 0x0000000086300000| PB 0x0000000086300000| Untracked |  0
|  36|0x0000000086400000, 0x0000000086400000, 0x0000000086500000|  0%| F|  |TAMS 0x0000000086400000| PB 0x0000000086400000| Untracked |  0
|  37|0x0000000086500000, 0x0000000086500000, 0x0000000086600000|  0%| F|  |TAMS 0x0000000086500000| PB 0x0000000086500000| Untracked |  0
|  38|0x0000000086600000, 0x0000000086600000, 0x0000000086700000|  0%| F|  |TAMS 0x0000000086600000| PB 0x0000000086600000| Untracked |  0
|  39|0x0000000086700000, 0x0000000086700000, 0x0000000086800000|  0%| F|  |TAMS 0x0000000086700000| PB 0x0000000086700000| Untracked |  0
|  40|0x0000000086800000, 0x0000000086800000, 0x0000000086900000|  0%| F|  |TAMS 0x0000000086800000| PB 0x0000000086800000| Untracked |  0
|  41|0x0000000086900000, 0x0000000086900000, 0x0000000086a00000|  0%| F|  |TAMS 0x0000000086900000| PB 0x0000000086900000| Untracked |  0
|  42|0x0000000086a00000, 0x0000000086a00000, 0x0000000086b00000|  0%| F|  |TAMS 0x0000000086a00000| PB 0x0000000086a00000| Untracked |  0
|  43|0x0000000086b00000, 0x0000000086b00000, 0x0000000086c00000|  0%| F|  |TAMS 0x0000000086b00000| PB 0x0000000086b00000| Untracked |  0
|  44|0x0000000086c00000, 0x0000000086c00000, 0x0000000086d00000|  0%| F|  |TAMS 0x0000000086c00000| PB 0x0000000086c00000| Untracked |  0
|  45|0x0000000086d00000, 0x0000000086d00000, 0x0000000086e00000|  0%| F|  |TAMS 0x0000000086d00000| PB 0x0000000086d00000| Untracked |  0
|  46|0x0000000086e00000, 0x0000000086e00000, 0x0000000086f00000|  0%| F|  |TAMS 0x0000000086e00000| PB 0x0000000086e00000| Untracked |  0
|  47|0x0000000086f00000, 0x0000000086f00000, 0x0000000087000000|  0%| F|  |TAMS 0x0000000086f00000| PB 0x0000000086f00000| Untracked |  0
|  48|0x0000000087000000, 0x0000000087000000, 0x0000000087100000|  0%| F|  |TAMS 0x0000000087000000| PB 0x0000000087000000| Untracked |  0
|  49|0x0000000087100000, 0x0000000087100000, 0x0000000087200000|  0%| F|  |TAMS 0x0000000087100000| PB 0x0000000087100000| Untracked |  0
|  50|0x0000000087200000, 0x0000000087200000, 0x0000000087300000|  0%| F|  |TAMS 0x0000000087200000| PB 0x0000000087200000| Untracked |  0
|  51|0x0000000087300000, 0x0000000087300000, 0x0000000087400000|  0%| F|  |TAMS 0x0000000087300000| PB 0x0000000087300000| Untracked |  0
|  52|0x0000000087400000, 0x0000000087400000, 0x0000000087500000|  0%| F|  |TAMS 0x0000000087400000| PB 0x0000000087400000| Untracked |  0
|  53|0x0000000087500000, 0x0000000087500000, 0x0000000087600000|  0%| F|  |TAMS 0x0000000087500000| PB 0x0000000087500000| Untracked |  0
|  54|0x0000000087600000, 0x0000000087600000, 0x0000000087700000|  0%| F|  |TAMS 0x0000000087600000| PB 0x0000000087600000| Untracked |  0
|  55|0x0000000087700000, 0x0000000087700000, 0x0000000087800000|  0%| F|  |TAMS 0x0000000087700000| PB 0x0000000087700000| Untracked |  0
|  56|0x0000000087800000, 0x0000000087800000, 0x0000000087900000|  0%| F|  |TAMS 0x0000000087800000| PB 0x0000000087800000| Untracked |  0
|  57|0x0000000087900000, 0x0000000087900000, 0x0000000087a00000|  0%| F|  |TAMS 0x0000000087900000| PB 0x0000000087900000| Untracked |  0
|  58|0x0000000087a00000, 0x0000000087a00000, 0x0000000087b00000|  0%| F|  |TAMS 0x0000000087a00000| PB 0x0000000087a00000| Untracked |  0
|  59|0x0000000087b00000, 0x0000000087b00000, 0x0000000087c00000|  0%| F|  |TAMS 0x0000000087b00000| PB 0x0000000087b00000| Untracked |  0
|  60|0x0000000087c00000, 0x0000000087c00000, 0x0000000087d00000|  0%| F|  |TAMS 0x0000000087c00000| PB 0x0000000087c00000| Untracked |  0
|  61|0x0000000087d00000, 0x0000000087d00000, 0x0000000087e00000|  0%| F|  |TAMS 0x0000000087d00000| PB 0x0000000087d00000| Untracked |  0
|  62|0x0000000087e00000, 0x0000000087e00000, 0x0000000087f00000|  0%| F|  |TAMS 0x0000000087e00000| PB 0x0000000087e00000| Untracked |  0
|  63|0x0000000087f00000, 0x0000000087f00000, 0x0000000088000000|  0%| F|  |TAMS 0x0000000087f00000| PB 0x0000000087f00000| Untracked |  0
|  64|0x0000000088000000, 0x0000000088000000, 0x0000000088100000|  0%| F|  |TAMS 0x0000000088000000| PB 0x0000000088000000| Untracked |  0
|  65|0x0000000088100000, 0x0000000088100000, 0x0000000088200000|  0%| F|  |TAMS 0x0000000088100000| PB 0x0000000088100000| Untracked |  0
|  66|0x0000000088200000, 0x0000000088200000, 0x0000000088300000|  0%| F|  |TAMS 0x0000000088200000| PB 0x0000000088200000| Untracked |  0
|  67|0x0000000088300000, 0x0000000088300000, 0x0000000088400000|  0%| F|  |TAMS 0x0000000088300000| PB 0x0000000088300000| Untracked |  0
|  68|0x0000000088400000, 0x0000000088400000, 0x0000000088500000|  0%| F|  |TAMS 0x0000000088400000| PB 0x0000000088400000| Untracked |  0
|  69|0x0000000088500000, 0x0000000088500000, 0x0000000088600000|  0%| F|  |TAMS 0x0000000088500000| PB 0x0000000088500000| Untracked |  0
|  70|0x0000000088600000, 0x0000000088600000, 0x0000000088700000|  0%| F|  |TAMS 0x0000000088600000| PB 0x0000000088600000| Untracked |  0
|  71|0x0000000088700000, 0x0000000088700000, 0x0000000088800000|  0%| F|  |TAMS 0x0000000088700000| PB 0x0000000088700000| Untracked |  0
|  72|0x0000000088800000, 0x0000000088800000, 0x0000000088900000|  0%| F|  |TAMS 0x0000000088800000| PB 0x0000000088800000| Untracked |  0
|  73|0x0000000088900000, 0x0000000088900000, 0x0000000088a00000|  0%| F|  |TAMS 0x0000000088900000| PB 0x0000000088900000| Untracked |  0
|  74|0x0000000088a00000, 0x0000000088a00000, 0x0000000088b00000|  0%| F|  |TAMS 0x0000000088a00000| PB 0x0000000088a00000| Untracked |  0
|  75|0x0000000088b00000, 0x0000000088b00000, 0x0000000088c00000|  0%| F|  |TAMS 0x0000000088b00000| PB 0x0000000088b00000| Untracked |  0
|  76|0x0000000088c00000, 0x0000000088c00000, 0x0000000088d00000|  0%| F|  |TAMS 0x0000000088c00000| PB 0x0000000088c00000| Untracked |  0
|  77|0x0000000088d00000, 0x0000000088d00000, 0x0000000088e00000|  0%| F|  |TAMS 0x0000000088d00000| PB 0x0000000088d00000| Untracked |  0
|  78|0x0000000088e00000, 0x0000000088e00000, 0x0000000088f00000|  0%| F|  |TAMS 0x0000000088e00000| PB 0x0000000088e00000| Untracked |  0
|  79|0x0000000088f00000, 0x0000000088f00000, 0x0000000089000000|  0%| F|  |TAMS 0x0000000088f00000| PB 0x0000000088f00000| Untracked |  0
|  80|0x0000000089000000, 0x0000000089000000, 0x0000000089100000|  0%| F|  |TAMS 0x0000000089000000| PB 0x0000000089000000| Untracked |  0
|  81|0x0000000089100000, 0x0000000089100000, 0x0000000089200000|  0%| F|  |TAMS 0x0000000089100000| PB 0x0000000089100000| Untracked |  0
|  82|0x0000000089200000, 0x0000000089200000, 0x0000000089300000|  0%| F|  |TAMS 0x0000000089200000| PB 0x0000000089200000| Untracked |  0
|  83|0x0000000089300000, 0x0000000089300000, 0x0000000089400000|  0%| F|  |TAMS 0x0000000089300000| PB 0x0000000089300000| Untracked |  0
|  84|0x0000000089400000, 0x0000000089400000, 0x0000000089500000|  0%| F|  |TAMS 0x0000000089400000| PB 0x0000000089400000| Untracked |  0
|  85|0x0000000089500000, 0x0000000089500000, 0x0000000089600000|  0%| F|  |TAMS 0x0000000089500000| PB 0x0000000089500000| Untracked |  0
|  86|0x0000000089600000, 0x0000000089600000, 0x0000000089700000|  0%| F|  |TAMS 0x0000000089600000| PB 0x0000000089600000| Untracked |  0
|  87|0x0000000089700000, 0x0000000089700000, 0x0000000089800000|  0%| F|  |TAMS 0x0000000089700000| PB 0x0000000089700000| Untracked |  0
|  88|0x0000000089800000, 0x0000000089800000, 0x0000000089900000|  0%| F|  |TAMS 0x0000000089800000| PB 0x0000000089800000| Untracked |  0
|  89|0x0000000089900000, 0x0000000089900000, 0x0000000089a00000|  0%| F|  |TAMS 0x0000000089900000| PB 0x0000000089900000| Untracked |  0
|  90|0x0000000089a00000, 0x0000000089a00000, 0x0000000089b00000|  0%| F|  |TAMS 0x0000000089a00000| PB 0x0000000089a00000| Untracked |  0
|  91|0x0000000089b00000, 0x0000000089b00000, 0x0000000089c00000|  0%| F|  |TAMS 0x0000000089b00000| PB 0x0000000089b00000| Untracked |  0
|  92|0x0000000089c00000, 0x0000000089c00000, 0x0000000089d00000|  0%| F|  |TAMS 0x0000000089c00000| PB 0x0000000089c00000| Untracked |  0
|  93|0x0000000089d00000, 0x0000000089d00000, 0x0000000089e00000|  0%| F|  |TAMS 0x0000000089d00000| PB 0x0000000089d00000| Untracked |  0
|  94|0x0000000089e00000, 0x0000000089e00000, 0x0000000089f00000|  0%| F|  |TAMS 0x0000000089e00000| PB 0x0000000089e00000| Untracked |  0
|  95|0x0000000089f00000, 0x0000000089f00000, 0x000000008a000000|  0%| F|  |TAMS 0x0000000089f00000| PB 0x0000000089f00000| Untracked |  0
|  96|0x000000008a000000, 0x000000008a000000, 0x000000008a100000|  0%| F|  |TAMS 0x000000008a000000| PB 0x000000008a000000| Untracked |  0
|  97|0x000000008a100000, 0x000000008a100000, 0x000000008a200000|  0%| F|  |TAMS 0x000000008a100000| PB 0x000000008a100000| Untracked |  0
|  98|0x000000008a200000, 0x000000008a200000, 0x000000008a300000|  0%| F|  |TAMS 0x000000008a200000| PB 0x000000008a200000| Untracked |  0
|  99|0x000000008a300000, 0x000000008a300000, 0x000000008a400000|  0%| F|  |TAMS 0x000000008a300000| PB 0x000000008a300000| Untracked |  0
| 100|0x000000008a400000, 0x000000008a400000, 0x000000008a500000|  0%| F|  |TAMS 0x000000008a400000| PB 0x000000008a400000| Untracked |  0
| 101|0x000000008a500000, 0x000000008a500000, 0x000000008a600000|  0%| F|  |TAMS 0x000000008a500000| PB 0x000000008a500000| Untracked |  0
| 102|0x000000008a600000, 0x000000008a600000, 0x000000008a700000|  0%| F|  |TAMS 0x000000008a600000| PB 0x000000008a600000| Untracked |  0
| 103|0x000000008a700000, 0x000000008a700000, 0x000000008a800000|  0%| F|  |TAMS 0x000000008a700000| PB 0x000000008a700000| Untracked |  0
| 104|0x000000008a800000, 0x000000008a800000, 0x000000008a900000|  0%| F|  |TAMS 0x000000008a800000| PB 0x000000008a800000| Untracked |  0
| 105|0x000000008a900000, 0x000000008a900000, 0x000000008aa00000|  0%| F|  |TAMS 0x000000008a900000| PB 0x000000008a900000| Untracked |  0
| 106|0x000000008aa00000, 0x000000008aa00000, 0x000000008ab00000|  0%| F|  |TAMS 0x000000008aa00000| PB 0x000000008aa00000| Untracked |  0
| 107|0x000000008ab00000, 0x000000008ab00000, 0x000000008ac00000|  0%| F|  |TAMS 0x000000008ab00000| PB 0x000000008ab00000| Untracked |  0
| 108|0x000000008ac00000, 0x000000008ad00000, 0x000000008ad00000|100%| S|CS|TAMS 0x000000008ac00000| PB 0x000000008ac00000| Complete |  0
| 109|0x000000008ad00000, 0x000000008ae00000, 0x000000008ae00000|100%| S|CS|TAMS 0x000000008ad00000| PB 0x000000008ad00000| Complete |  0
| 110|0x000000008ae00000, 0x000000008ae00000, 0x000000008af00000|  0%| F|  |TAMS 0x000000008ae00000| PB 0x000000008ae00000| Untracked |  0
| 111|0x000000008af00000, 0x000000008afc9dd8, 0x000000008b000000| 78%| E|  |TAMS 0x000000008af00000| PB 0x000000008af00000| Complete |  0
| 112|0x000000008b000000, 0x000000008b100000, 0x000000008b100000|100%| E|CS|TAMS 0x000000008b000000| PB 0x000000008b000000| Complete |  0
| 113|0x000000008b100000, 0x000000008b200000, 0x000000008b200000|100%| E|CS|TAMS 0x000000008b100000| PB 0x000000008b100000| Complete |  0
| 114|0x000000008b200000, 0x000000008b300000, 0x000000008b300000|100%| E|CS|TAMS 0x000000008b200000| PB 0x000000008b200000| Complete |  0
| 115|0x000000008b300000, 0x000000008b400000, 0x000000008b400000|100%| E|CS|TAMS 0x000000008b300000| PB 0x000000008b300000| Complete |  0
| 116|0x000000008b400000, 0x000000008b500000, 0x000000008b500000|100%| E|CS|TAMS 0x000000008b400000| PB 0x000000008b400000| Complete |  0
| 117|0x000000008b500000, 0x000000008b600000, 0x000000008b600000|100%| E|CS|TAMS 0x000000008b500000| PB 0x000000008b500000| Complete |  0
| 118|0x000000008b600000, 0x000000008b700000, 0x000000008b700000|100%| E|CS|TAMS 0x000000008b600000| PB 0x000000008b600000| Complete |  0
| 119|0x000000008b700000, 0x000000008b800000, 0x000000008b800000|100%| E|CS|TAMS 0x000000008b700000| PB 0x000000008b700000| Complete |  0
| 120|0x000000008b800000, 0x000000008b900000, 0x000000008b900000|100%| E|CS|TAMS 0x000000008b800000| PB 0x000000008b800000| Complete |  0
| 121|0x000000008b900000, 0x000000008ba00000, 0x000000008ba00000|100%| E|CS|TAMS 0x000000008b900000| PB 0x000000008b900000| Complete |  0
| 122|0x000000008ba00000, 0x000000008bb00000, 0x000000008bb00000|100%| E|CS|TAMS 0x000000008ba00000| PB 0x000000008ba00000| Complete |  0
| 123|0x000000008bb00000, 0x000000008bc00000, 0x000000008bc00000|100%| E|CS|TAMS 0x000000008bb00000| PB 0x000000008bb00000| Complete |  0

Card table byte_map: [0x0000017d66110000,0x0000017d664f0000] _byte_map_base: 0x0000017d65cf0000

Marking Bits: (CMBitMap*) 0x0000017d4e66f8b0
 Bits: [0x0000017d664f0000, 0x0000017d683f0000)

Polling page: 0x0000017d4c310000

Metaspace:

Usage:
  Non-class:     10.98 MB used.
      Class:      1.29 MB used.
       Both:     12.27 MB used.

Virtual space:
  Non-class space:       64.00 MB reserved,      11.06 MB ( 17%) committed,  1 nodes.
      Class space:        1.00 GB reserved,       1.44 MB ( <1%) committed,  1 nodes.
             Both:        1.06 GB reserved,      12.50 MB (  1%) committed. 

Chunk freelists:
   Non-Class:  4.89 MB
       Class:  14.55 MB
        Both:  19.44 MB

MaxMetaspaceSize: unlimited
CompressedClassSpaceSize: 1.00 GB
Initial GC threshold: 21.00 MB
Current GC threshold: 21.00 MB
CDS: on
 - commit_granule_bytes: 65536.
 - commit_granule_words: 8192.
 - virtual_space_node_default_size: 8388608.
 - enlarge_chunks_in_place: 1.
 - use_allocation_guard: 0.


Internal statistics:

num_allocs_failed_limit: 0.
num_arena_births: 180.
num_arena_deaths: 0.
num_vsnodes_births: 2.
num_vsnodes_deaths: 0.
num_space_committed: 200.
num_space_uncommitted: 0.
num_chunks_returned_to_freelist: 0.
num_chunks_taken_from_freelist: 305.
num_chunk_merges: 0.
num_chunk_splits: 181.
num_chunks_enlarged: 103.
num_inconsistent_stats: 0.

CodeHeap 'non-profiled nmethods': size=120064Kb used=448Kb max_used=448Kb free=119615Kb
 bounds [0x0000017d5e7f0000, 0x0000017d5ea60000, 0x0000017d65d30000]
CodeHeap 'profiled nmethods': size=120000Kb used=1939Kb max_used=1939Kb free=118061Kb
 bounds [0x0000017d56d30000, 0x0000017d56fa0000, 0x0000017d5e260000]
CodeHeap 'non-nmethods': size=5696Kb used=1527Kb max_used=1542Kb free=4168Kb
 bounds [0x0000017d5e260000, 0x0000017d5e4d0000, 0x0000017d5e7f0000]
CodeCache: size=245760Kb, used=3914Kb, max_used=3929Kb, free=241844Kb
 total_blobs=2028, nmethods=1517, adapters=416, full_count=0
Compilation: enabled, stopped_count=0, restarted_count=0

Compilation events (20 events):
Event: 0.685 Thread 0x0000017d45018090 1450       3       java.lang.invoke.MethodHandles$Lookup::checkSecurityManager (97 bytes)
Event: 0.685 Thread 0x0000017d45018090 nmethod 1450 0x0000017d56f02908 code [0x0000017d56f02a80, 0x0000017d56f02f68]
Event: 0.686 Thread 0x0000017d45018090 1451       3       java.lang.invoke.MethodHandleNatives::refKindIsMethod (19 bytes)
Event: 0.686 Thread 0x0000017d45018090 nmethod 1451 0x0000017d56f03008 code [0x0000017d56f03120, 0x0000017d56f03340]
Event: 0.686 Thread 0x0000017d45018090 1452       3       java.lang.invoke.InnerClassLambdaMetafactory::getOpcodeOffset (38 bytes)
Event: 0.686 Thread 0x0000017d45018090 nmethod 1452 0x0000017d56f03388 code [0x0000017d56f034c0, 0x0000017d56f03768]
Event: 0.687 Thread 0x0000017d45018090 1453       3       java.io.DataInputStream::readByte (6 bytes)
Event: 0.687 Thread 0x0000017d45018090 nmethod 1453 0x0000017d56f03788 code [0x0000017d56f038e0, 0x0000017d56f03bc8]
Event: 0.687 Thread 0x0000017d45018090 1454       3       java.io.DataInputStream::readUnsignedByte (22 bytes)
Event: 0.687 Thread 0x0000017d45018090 nmethod 1454 0x0000017d56f03c08 code [0x0000017d56f03d40, 0x0000017d56f03fc0]
Event: 0.687 Thread 0x0000017d45018090 1455  s    3       java.io.ByteArrayInputStream::read (36 bytes)
Event: 0.687 Thread 0x0000017d45018090 nmethod 1455 0x0000017d56f04008 code [0x0000017d56f04120, 0x0000017d56f04410]
Event: 0.687 Thread 0x0000017d45018090 1456       3       java.lang.Integer::valueOf (32 bytes)
Event: 0.687 Thread 0x0000017d45018090 nmethod 1456 0x0000017d56f04488 code [0x0000017d56f045c0, 0x0000017d56f048b8]
Event: 0.688 Thread 0x0000017d4524ac20 1457       4       java.util.Objects::requireNonNull (15 bytes)
Event: 0.689 Thread 0x0000017d45018090 1458       3       java.util.HashMap::getNode (150 bytes)
Event: 0.689 Thread 0x0000017d4524ac20 nmethod 1457 0x0000017d5e85b408 code [0x0000017d5e85b500, 0x0000017d5e85b588]
Event: 0.689 Thread 0x0000017d45018090 nmethod 1458 0x0000017d56f04908 code [0x0000017d56f04ac0, 0x0000017d56f05580]
Event: 0.689 Thread 0x0000017d45018090 1459       1       java.util.logging.Level::intValue (5 bytes)
Event: 0.690 Thread 0x0000017d45018090 nmethod 1459 0x0000017d5e85b708 code [0x0000017d5e85b820, 0x0000017d5e85b8e8]

GC Heap History (2 events):
Event: 0.446 GC heap before
{Heap before GC invocations=0 (full 0):
 garbage-first heap   total reserved 2031616K, committed 126976K, used 14336K [0x0000000084000000, 0x0000000100000000)
  region size 1024K, 14 young (14336K), 0 survivors (0K)
 Metaspace       used 7895K, committed 8064K, reserved 1114112K
  class space    used 842K, committed 896K, reserved 1048576K
}
Event: 0.453 GC heap after
{Heap after GC invocations=1 (full 0):
 garbage-first heap   total reserved 2031616K, committed 126976K, used 4224K [0x0000000084000000, 0x0000000100000000)
  region size 1024K, 2 young (2048K), 2 survivors (2048K)
 Metaspace       used 7895K, committed 8064K, reserved 1114112K
  class space    used 842K, committed 896K, reserved 1048576K
}

Dll operation events (12 events):
Event: 0.009 Loaded shared library C:\Users\User\.jdks\openjdk-23.0.2\bin\java.dll
Event: 0.010 Loaded shared library C:\Users\User\.jdks\openjdk-23.0.2\bin\zip.dll
Event: 0.050 Loaded shared library C:\Users\User\.jdks\openjdk-23.0.2\bin\jsvml.dll
Event: 0.116 Loaded shared library C:\Users\User\.jdks\openjdk-23.0.2\bin\instrument.dll
Event: 0.120 Loaded shared library C:\Users\User\.jdks\openjdk-23.0.2\bin\net.dll
Event: 0.123 Loaded shared library C:\Users\User\.jdks\openjdk-23.0.2\bin\nio.dll
Event: 0.128 Loaded shared library C:\Users\User\.jdks\openjdk-23.0.2\bin\zip.dll
Event: 0.152 Loaded shared library C:\Users\User\.jdks\openjdk-23.0.2\bin\extnet.dll
Event: 0.184 Loaded shared library C:\Users\User\.jdks\openjdk-23.0.2\bin\verify.dll
Event: 0.245 Loaded shared library C:\Users\User\.jdks\openjdk-23.0.2\bin\jimage.dll
Event: 0.341 Loaded shared library C:\Users\User\.jdks\openjdk-23.0.2\bin\management.dll
Event: 0.356 Loaded shared library C:\Users\User\.jdks\openjdk-23.0.2\bin\management_ext.dll

Deoptimization events (20 events):
Event: 0.525 Thread 0x0000017d6a7fa730 Uncommon trap: trap_request=0xffffff45 fr.pc=0x0000017d5e8436e4 relative=0x0000000000000064
Event: 0.525 Thread 0x0000017d6a7fa730 Uncommon trap: reason=unstable_if action=reinterpret pc=0x0000017d5e8436e4 method=jdk.internal.util.xml.impl.Parser.ensureCapacity(I)V @ 40 c2
Event: 0.525 Thread 0x0000017d6a7fa730 DEOPT PACKING pc=0x0000017d5e8436e4 sp=0x00000051023fd370
Event: 0.525 Thread 0x0000017d6a7fa730 DEOPT UNPACKING pc=0x0000017d5e2b7982 sp=0x00000051023fd2e8 mode 2
Event: 0.576 Thread 0x0000017d6a7fa730 Uncommon trap: trap_request=0xffffff45 fr.pc=0x0000017d5e844a70 relative=0x0000000000000250
Event: 0.576 Thread 0x0000017d6a7fa730 Uncommon trap: reason=unstable_if action=reinterpret pc=0x0000017d5e844a70 method=java.lang.String.startsWith(Ljava/lang/String;I)Z @ 1 c2
Event: 0.576 Thread 0x0000017d6a7fa730 DEOPT PACKING pc=0x0000017d5e844a70 sp=0x00000051023feb50
Event: 0.576 Thread 0x0000017d6a7fa730 DEOPT UNPACKING pc=0x0000017d5e2b7982 sp=0x00000051023feae0 mode 2
Event: 0.684 Thread 0x0000017d6a7fa730 Uncommon trap: trap_request=0xffffff45 fr.pc=0x0000017d5e81bcd4 relative=0x0000000000000194
Event: 0.684 Thread 0x0000017d6a7fa730 Uncommon trap: reason=unstable_if action=reinterpret pc=0x0000017d5e81bcd4 method=java.util.HashMap.getNode(Ljava/lang/Object;)Ljava/util/HashMap$Node; @ 66 c2
Event: 0.684 Thread 0x0000017d6a7fa730 DEOPT PACKING pc=0x0000017d5e81bcd4 sp=0x00000051023fdbe0
Event: 0.684 Thread 0x0000017d6a7fa730 DEOPT UNPACKING pc=0x0000017d5e2b7982 sp=0x00000051023fdb50 mode 2
Event: 0.684 Thread 0x0000017d6a7fa730 Uncommon trap: trap_request=0xffffffde fr.pc=0x0000017d5e83bb98 relative=0x0000000000000d18
Event: 0.684 Thread 0x0000017d6a7fa730 Uncommon trap: reason=class_check action=maybe_recompile pc=0x0000017d5e83bb98 method=java.util.HashMap.putVal(ILjava/lang/Object;Ljava/lang/Object;ZZ)Ljava/lang/Object; @ 91 c2
Event: 0.684 Thread 0x0000017d6a7fa730 DEOPT PACKING pc=0x0000017d5e83bb98 sp=0x00000051023fdbb0
Event: 0.684 Thread 0x0000017d6a7fa730 DEOPT UNPACKING pc=0x0000017d5e2b7982 sp=0x00000051023fdaf8 mode 2
Event: 0.685 Thread 0x0000017d6a7fa730 Uncommon trap: trap_request=0xffffff6e fr.pc=0x0000017d5e80fe24 relative=0x0000000000000184
Event: 0.686 Thread 0x0000017d6a7fa730 Uncommon trap: reason=loop_limit_check action=maybe_recompile pc=0x0000017d5e80fe24 method=java.lang.StringLatin1.lastIndexOf([BII)I @ 19 c2
Event: 0.686 Thread 0x0000017d6a7fa730 DEOPT PACKING pc=0x0000017d5e80fe24 sp=0x00000051023fdc70
Event: 0.686 Thread 0x0000017d6a7fa730 DEOPT UNPACKING pc=0x0000017d5e2b7982 sp=0x00000051023fdbf0 mode 2

Classes loaded (20 events):
Event: 0.688 Loading class java/time/LocalDate done
Event: 0.688 Loading class sun/rmi/runtime/NewThreadAction$2
Event: 0.688 Loading class sun/rmi/runtime/NewThreadAction$2 done
Event: 0.688 Loading class sun/rmi/transport/tcp/TCPTransport$AcceptLoop
Event: 0.688 Loading class java/time/temporal/ChronoField
Event: 0.688 Loading class sun/rmi/transport/tcp/TCPTransport$AcceptLoop done
Event: 0.688 Loading class java/time/temporal/ChronoField done
Event: 0.689 Loading class java/time/temporal/ChronoUnit
Event: 0.689 Loading class java/time/temporal/ChronoUnit done
Event: 0.689 Loading class sun/rmi/server/WeakClassHashMap$ValueCell
Event: 0.689 Loading class sun/rmi/server/WeakClassHashMap$ValueCell done
Event: 0.689 Loading class java/time/Duration
Event: 0.689 Loading class sun/rmi/server/UnicastServerRef$HashToMethod_Maps$1
Event: 0.689 Loading class sun/rmi/server/UnicastServerRef$HashToMethod_Maps$1 done
Event: 0.689 Loading class java/io/DataOutputStream
Event: 0.689 Loading class java/time/Duration done
Event: 0.690 Loading class java/io/DataOutputStream done
Event: 0.690 Loading class java/security/DigestOutputStream
Event: 0.690 Loading class java/security/DigestOutputStream done
Event: 0.691 Loading class java/io/ObjectOutputStream$BlockDataOutputStream

Classes unloaded (0 events):
No events

Classes redefined (1 events):
Event: 0.165 Thread 0x0000017d6a7dc540 redefined class name=java.lang.Throwable, count=1

Internal exceptions (20 events):
Event: 0.135 Thread 0x0000017d4c37ef10 Exception <a 'java/lang/NoSuchMethodError'{0x000000008b93a280}: 'java.lang.Object java.lang.invoke.Invokers$Holder.invokeExact_MT(java.lang.Object, java.lang.Object, java.lang.Object, java.lang.Object, java.lang.Object)'> (0x000000008b93a280) 
thrown [s\open\src\hotspot\share\interpreter\linkResolver.cpp, line 796]
Event: 0.155 Thread 0x0000017d452674f0 Exception <a 'java/lang/NoSuchMethodError'{0x000000008b98d8b8}: 'void java.lang.invoke.DirectMethodHandle$Holder.invokeStatic(java.lang.Object, java.lang.Object)'> (0x000000008b98d8b8) 
thrown [s\open\src\hotspot\share\interpreter\linkResolver.cpp, line 796]
Event: 0.197 Thread 0x0000017d4c37ef10 Exception <a 'java/io/FileNotFoundException'{0x000000008b8ca560}> (0x000000008b8ca560) 
thrown [s\open\src\hotspot\share\prims\jni.cpp, line 520]
Event: 0.323 Thread 0x0000017d4c37ef10 Exception <a 'java/lang/NoSuchMethodError'{0x000000008b2235f0}: 'void java.lang.invoke.DirectMethodHandle$Holder.invokeSpecial(java.lang.Object, java.lang.Object, java.lang.Object)'> (0x000000008b2235f0) 
thrown [s\open\src\hotspot\share\interpreter\linkResolver.cpp, line 796]
Event: 0.325 Thread 0x0000017d4c37ef10 Exception <a 'java/lang/NoSuchMethodError'{0x000000008b22eff0}: 'void java.lang.invoke.DirectMethodHandle$Holder.invokeStatic(java.lang.Object, int, java.lang.Object)'> (0x000000008b22eff0) 
thrown [s\open\src\hotspot\share\interpreter\linkResolver.cpp, line 796]
Event: 0.359 Thread 0x0000017d4c37ef10 Exception <a 'java/lang/NoSuchMethodError'{0x000000008b2de298}: 'java.lang.Object java.lang.invoke.DirectMethodHandle$Holder.invokeInterface(java.lang.Object, java.lang.Object)'> (0x000000008b2de298) 
thrown [s\open\src\hotspot\share\interpreter\linkResolver.cpp, line 796]
Event: 0.359 Thread 0x0000017d4c37ef10 Exception <a 'java/lang/IncompatibleClassChangeError'{0x000000008b2e17f8}: Found class java.lang.Object, but interface was expected> (0x000000008b2e17f8) 
thrown [s\open\src\hotspot\share\interpreter\linkResolver.cpp, line 863]
Event: 0.361 Thread 0x0000017d6a7fa730 Exception <a 'java/lang/NoSuchMethodError'{0x000000008b151518}: 'int java.lang.invoke.DirectMethodHandle$Holder.invokeInterface(java.lang.Object, java.lang.Object)'> (0x000000008b151518) 
thrown [s\open\src\hotspot\share\interpreter\linkResolver.cpp, line 796]
Event: 0.362 Thread 0x0000017d6a7fa730 Exception <a 'java/lang/IncompatibleClassChangeError'{0x000000008b19c530}: Found class java.lang.Object, but interface was expected> (0x000000008b19c530) 
thrown [s\open\src\hotspot\share\interpreter\linkResolver.cpp, line 863]
Event: 0.407 Thread 0x0000017d6a7fa730 Exception <a 'java/lang/NoSuchMethodError'{0x000000008af50ec0}: 'int java.lang.invoke.DirectMethodHandle$Holder.invokeSpecial(java.lang.Object, java.lang.Object, java.lang.Object)'> (0x000000008af50ec0) 
thrown [s\open\src\hotspot\share\interpreter\linkResolver.cpp, line 796]
Event: 0.426 Thread 0x0000017d4c37ef10 Exception <a 'java/lang/NoSuchMethodError'{0x000000008afc7d58}: 'long java.lang.invoke.DirectMethodHandle$Holder.invokeSpecial(java.lang.Object, java.lang.Object)'> (0x000000008afc7d58) 
thrown [s\open\src\hotspot\share\interpreter\linkResolver.cpp, line 796]
Event: 0.427 Thread 0x0000017d4c37ef10 Exception <a 'java/lang/NoSuchMethodError'{0x000000008afcb1b8}: 'long java.lang.invoke.Invokers$Holder.invokeExact_MT(java.lang.Object, java.lang.Object)'> (0x000000008afcb1b8) 
thrown [s\open\src\hotspot\share\interpreter\linkResolver.cpp, line 796]
Event: 0.473 Thread 0x0000017d6a7fa730 Exception <a 'java/lang/NoSuchMethodError'{0x000000008ba09cd8}: 'java.lang.Object java.lang.invoke.DirectMethodHandle$Holder.invokeStaticInit(java.lang.Object, java.lang.Object, java.lang.Object)'> (0x000000008ba09cd8) 
thrown [s\open\src\hotspot\share\interpreter\linkResolver.cpp, line 796]
Event: 0.484 Thread 0x0000017d4c37ef10 Exception <a 'java/lang/NoSuchMethodError'{0x000000008ba6f8a0}: 'void java.lang.invoke.DirectMethodHandle$Holder.invokeVirtual(java.lang.Object, java.lang.Object)'> (0x000000008ba6f8a0) 
thrown [s\open\src\hotspot\share\interpreter\linkResolver.cpp, line 796]
Event: 0.559 Thread 0x0000017d4c37ef10 Exception <a 'java/lang/NoSuchMethodError'{0x000000008b6ee6d8}: 'java.lang.ClassLoader java.lang.Class.getClassLoader(java.lang.Class)'> (0x000000008b6ee6d8) 
thrown [s\open\src\hotspot\share\interpreter\linkResolver.cpp, line 796]
Event: 0.560 Thread 0x0000017d4c37ef10 Exception <a 'java/lang/NoSuchMethodError'{0x000000008b6f6b58}: 'java.lang.Object java.lang.invoke.DirectMethodHandle$Holder.invokeStatic(java.lang.Object, java.lang.Object, int)'> (0x000000008b6f6b58) 
thrown [s\open\src\hotspot\share\interpreter\linkResolver.cpp, line 796]
Event: 0.568 Thread 0x0000017d4c37ef10 Exception <a 'java/lang/NoSuchMethodError'{0x000000008b55a750}: 'void java.lang.invoke.DelegatingMethodHandle$Holder.delegate(java.lang.Object, java.lang.Object, int, java.lang.Object)'> (0x000000008b55a750) 
thrown [s\open\src\hotspot\share\interpreter\linkResolver.cpp, line 796]
Event: 0.629 Thread 0x0000017d6a7fa730 Exception <a 'java/lang/NoSuchMethodError'{0x000000008b31b1c8}: 'java.lang.Object java.lang.invoke.DirectMethodHandle$Holder.invokeStaticInit(java.lang.Object, int, int, int, int)'> (0x000000008b31b1c8) 
thrown [s\open\src\hotspot\share\interpreter\linkResolver.cpp, line 796]
Event: 0.657 Thread 0x0000017d6a7fa730 Exception <a 'java/lang/NoSuchMethodError'{0x000000008b2c0310}: 'java.lang.Object java.lang.invoke.DirectMethodHandle$Holder.invokeStaticInit(java.lang.Object, java.lang.Object, int, int, int, int)'> (0x000000008b2c0310) 
thrown [s\open\src\hotspot\share\interpreter\linkResolver.cpp, line 796]
Event: 0.677 Thread 0x0000017d6a7fa730 Exception <a 'java/lang/ClassNotFoundException'{0x000000008b187fd8}: javax/management/remote/rmi/RMIServerImpl_Skel> (0x000000008b187fd8) 
thrown [s\open\src\hotspot\share\classfile\systemDictionary.cpp, line 313]

VM Operations (16 events):
Event: 0.092 Executing VM operation: HandshakeAllThreads (Deoptimize)
Event: 0.093 Executing VM operation: HandshakeAllThreads (Deoptimize) done
Event: 0.164 Executing VM operation: RedefineClasses
Event: 0.166 Executing VM operation: RedefineClasses done
Event: 0.264 Executing VM operation: HandshakeAllThreads (Deoptimize)
Event: 0.264 Executing VM operation: HandshakeAllThreads (Deoptimize) done
Event: 0.347 Executing VM operation: HandshakeAllThreads (Deoptimize)
Event: 0.347 Executing VM operation: HandshakeAllThreads (Deoptimize) done
Event: 0.347 Executing VM operation: HandshakeAllThreads (Deoptimize)
Event: 0.347 Executing VM operation: HandshakeAllThreads (Deoptimize) done
Event: 0.446 Executing VM operation: G1CollectForAllocation (G1 Evacuation Pause)
Event: 0.453 Executing VM operation: G1CollectForAllocation (G1 Evacuation Pause) done
Event: 0.578 Executing VM operation: HandshakeAllThreads (Deoptimize)
Event: 0.578 Executing VM operation: HandshakeAllThreads (Deoptimize) done
Event: 0.586 Executing VM operation: HandshakeAllThreads (Deoptimize)
Event: 0.586 Executing VM operation: HandshakeAllThreads (Deoptimize) done

Memory protections (0 events):
No events

Nmethod flushes (0 events):
No events

Events (14 events):
Event: 0.028 Thread 0x0000017d4c37ef10 Thread added: 0x0000017d4c37ef10
Event: 0.047 Thread 0x0000017d4c37ef10 Thread added: 0x0000017d6a7f5c20
Event: 0.047 Thread 0x0000017d4c37ef10 Thread added: 0x0000017d6a7f6940
Event: 0.047 Thread 0x0000017d4c37ef10 Thread added: 0x0000017d6a7f8760
Event: 0.047 Thread 0x0000017d4c37ef10 Thread added: 0x0000017d6a7fa730
Event: 0.047 Thread 0x0000017d4c37ef10 Thread added: 0x0000017d6a7fb970
Event: 0.047 Thread 0x0000017d4c37ef10 Thread added: 0x0000017d6a802280
Event: 0.047 Thread 0x0000017d4c37ef10 Thread added: 0x0000017d6a805000
Event: 0.048 Thread 0x0000017d4c37ef10 Thread added: 0x0000017d45018090
Event: 0.084 Thread 0x0000017d4c37ef10 Thread added: 0x0000017d6a7c87d0
Event: 0.138 Thread 0x0000017d4c37ef10 Thread added: 0x0000017d452674f0
Event: 0.168 Thread 0x0000017d4c37ef10 Thread added: 0x0000017d45238e90
Event: 0.294 Thread 0x0000017d45018090 Thread added: 0x0000017d4524ac20
Event: 0.689 Thread 0x0000017d6a7fa730 Thread added: 0x0000017d45238800


Dynamic libraries:
0x00007ff7e3fe0000 - 0x00007ff7e3fee000 	C:\Users\User\.jdks\openjdk-23.0.2\bin\java.exe
0x00007ffc41610000 - 0x00007ffc41808000 	C:\Windows\SYSTEM32\ntdll.dll
0x00007ffc40f50000 - 0x00007ffc4100f000 	C:\Windows\System32\KERNEL32.DLL
0x00007ffc3f1b0000 - 0x00007ffc3f482000 	C:\Windows\System32\KERNELBASE.dll
0x00007ffc3ed70000 - 0x00007ffc3ee70000 	C:\Windows\System32\ucrtbase.dll
0x00007ffc35290000 - 0x00007ffc352ab000 	C:\Users\User\.jdks\openjdk-23.0.2\bin\VCRUNTIME140.dll
0x00007ffc352b0000 - 0x00007ffc352c7000 	C:\Users\User\.jdks\openjdk-23.0.2\bin\jli.dll
0x00007ffc3fd80000 - 0x00007ffc3ff21000 	C:\Windows\System32\USER32.dll
0x00007ffc3f620000 - 0x00007ffc3f642000 	C:\Windows\System32\win32u.dll
0x00007ffc40eb0000 - 0x00007ffc40edb000 	C:\Windows\System32\GDI32.dll
0x00007ffc28100000 - 0x00007ffc2839a000 	C:\Windows\WinSxS\amd64_microsoft.windows.common-controls_6595b64144ccf1df_6.0.19041.1110_none_60b5254171f9507e\COMCTL32.dll
0x00007ffc3ee70000 - 0x00007ffc3ef7f000 	C:\Windows\System32\gdi32full.dll
0x00007ffc3fa60000 - 0x00007ffc3fafe000 	C:\Windows\System32\msvcrt.dll
0x00007ffc3ef80000 - 0x00007ffc3f01d000 	C:\Windows\System32\msvcp_win.dll
0x00007ffc3fca0000 - 0x00007ffc3fcd2000 	C:\Windows\System32\IMM32.DLL
0x000000006e200000 - 0x000000006e20c000 	C:\Program Files (x86)\360\Total Security\safemon\SafeWrapper.dll
0x00007ffc3fb10000 - 0x00007ffc3fbbe000 	C:\Windows\System32\ADVAPI32.dll
0x00007ffc3fce0000 - 0x00007ffc3fd7c000 	C:\Windows\System32\sechost.dll
0x00007ffc40cf0000 - 0x00007ffc40e15000 	C:\Windows\System32\RPCRT4.dll
0x00007ffc19d50000 - 0x00007ffc19dfc000 	C:\Program Files (x86)\360\Total Security\safemon\libzdtp64.dll
0x00007ffc40110000 - 0x00007ffc40855000 	C:\Windows\System32\SHELL32.dll
0x00007ffc41570000 - 0x00007ffc415c5000 	C:\Windows\System32\SHLWAPI.dll
0x00007ffc3e7b0000 - 0x00007ffc3e7ba000 	C:\Windows\SYSTEM32\VERSION.dll
0x00007ffc35350000 - 0x00007ffc3535c000 	C:\Users\User\.jdks\openjdk-23.0.2\bin\vcruntime140_1.dll
0x00007ffc32620000 - 0x00007ffc326ae000 	C:\Users\User\.jdks\openjdk-23.0.2\bin\msvcp140.dll
0x00007ffbc8570000 - 0x00007ffbc92c0000 	C:\Users\User\.jdks\openjdk-23.0.2\bin\server\jvm.dll
0x00007ffc40c80000 - 0x00007ffc40ceb000 	C:\Windows\System32\WS2_32.dll
0x00007ffc3eb70000 - 0x00007ffc3ebbb000 	C:\Windows\SYSTEM32\POWRPROF.dll
0x00007ffc262c0000 - 0x00007ffc262e7000 	C:\Windows\SYSTEM32\WINMM.dll
0x00007ffc3eb50000 - 0x00007ffc3eb62000 	C:\Windows\SYSTEM32\UMPDC.dll
0x00007ffc3d530000 - 0x00007ffc3d542000 	C:\Windows\SYSTEM32\kernel.appcore.dll
0x00007ffc35280000 - 0x00007ffc3528a000 	C:\Users\User\.jdks\openjdk-23.0.2\bin\jimage.dll
0x00007ffc39110000 - 0x00007ffc392f4000 	C:\Windows\SYSTEM32\DBGHELP.DLL
0x00007ffc21670000 - 0x00007ffc216a5000 	C:\Windows\SYSTEM32\dbgcore.DLL
0x00007ffc3f490000 - 0x00007ffc3f512000 	C:\Windows\System32\bcryptPrimitives.dll
0x00007ffc32c00000 - 0x00007ffc32c0f000 	C:\Users\User\.jdks\openjdk-23.0.2\bin\instrument.dll
0x00007ffc32be0000 - 0x00007ffc32bfe000 	C:\Users\User\.jdks\openjdk-23.0.2\bin\java.dll
0x00007ffc3f8b0000 - 0x00007ffc3f9da000 	C:\Windows\System32\ole32.dll
0x00007ffc40920000 - 0x00007ffc40c75000 	C:\Windows\System32\combase.dll
0x00007ffc32960000 - 0x00007ffc32977000 	C:\Users\User\.jdks\openjdk-23.0.2\bin\zip.dll
0x00007ffc3c9f0000 - 0x00007ffc3d182000 	C:\Windows\SYSTEM32\windows.storage.dll
0x00007ffc3e610000 - 0x00007ffc3e640000 	C:\Windows\SYSTEM32\Wldp.dll
0x00007ffc40860000 - 0x00007ffc4090d000 	C:\Windows\System32\SHCORE.dll
0x00007ffc3ec40000 - 0x00007ffc3ec5f000 	C:\Windows\SYSTEM32\profapi.dll
0x00007ffc06d70000 - 0x00007ffc06e47000 	C:\Users\User\.jdks\openjdk-23.0.2\bin\jsvml.dll
0x00007ffc32950000 - 0x00007ffc32960000 	C:\Users\User\.jdks\openjdk-23.0.2\bin\net.dll
0x00007ffc3e370000 - 0x00007ffc3e3da000 	C:\Windows\system32\mswsock.dll
0x00007ffc32930000 - 0x00007ffc32946000 	C:\Users\User\.jdks\openjdk-23.0.2\bin\nio.dll
0x00007ffc32890000 - 0x00007ffc32899000 	C:\Users\User\.jdks\openjdk-23.0.2\bin\extnet.dll
0x00007ffc32880000 - 0x00007ffc32890000 	C:\Users\User\.jdks\openjdk-23.0.2\bin\verify.dll
0x00007ffc3e0a0000 - 0x00007ffc3e16b000 	C:\Windows\SYSTEM32\DNSAPI.dll
0x00007ffc3e060000 - 0x00007ffc3e09b000 	C:\Windows\SYSTEM32\IPHLPAPI.DLL
0x00007ffc3fb00000 - 0x00007ffc3fb08000 	C:\Windows\System32\NSI.dll
0x00007ffc30450000 - 0x00007ffc3045a000 	C:\Windows\System32\rasadhlp.dll
0x00007ffc28b00000 - 0x00007ffc28b80000 	C:\Windows\System32\fwpuclnt.dll
0x00007ffc3f180000 - 0x00007ffc3f1a7000 	C:\Windows\System32\bcrypt.dll
0x00007ffc32870000 - 0x00007ffc3287a000 	C:\Users\User\.jdks\openjdk-23.0.2\bin\management.dll
0x00007ffc32860000 - 0x00007ffc3286b000 	C:\Users\User\.jdks\openjdk-23.0.2\bin\management_ext.dll
0x00007ffc40ee0000 - 0x00007ffc40ee8000 	C:\Windows\System32\PSAPI.DLL
0x00007ffc3e560000 - 0x00007ffc3e578000 	C:\Windows\SYSTEM32\CRYPTSP.dll
0x00007ffc3dc90000 - 0x00007ffc3dcc4000 	C:\Windows\system32\rsaenh.dll
0x00007ffc3ec00000 - 0x00007ffc3ec2e000 	C:\Windows\SYSTEM32\USERENV.dll
0x00007ffc3e580000 - 0x00007ffc3e58c000 	C:\Windows\SYSTEM32\CRYPTBASE.dll
0x00007ffc1ac10000 - 0x00007ffc1ac27000 	C:\Windows\system32\napinsp.dll
0x00007ffc1abf0000 - 0x00007ffc1ac0b000 	C:\Windows\system32\pnrpnsp.dll
0x00007ffc362c0000 - 0x00007ffc362d5000 	C:\Windows\system32\wshbth.dll
0x00007ffc36bf0000 - 0x00007ffc36c0d000 	C:\Windows\system32\NLAapi.dll
0x00007ffc1abd0000 - 0x00007ffc1abe2000 	C:\Windows\System32\winrnr.dll

dbghelp: loaded successfully - version: 4.0.5 - missing functions: none
symbol engine: initialized successfully - sym options: 0x614 - pdb path: .;C:\Users\User\.jdks\openjdk-23.0.2\bin;C:\Windows\SYSTEM32;C:\Windows\WinSxS\amd64_microsoft.windows.common-controls_6595b64144ccf1df_6.0.19041.1110_none_60b5254171f9507e;C:\Program Files (x86)\360\Total Security\safemon;C:\Users\User\.jdks\openjdk-23.0.2\bin\server

VM Arguments:
jvm_args: -ea -Didea.test.cyclic.buffer.size=1048576 -javaagent:C:\Program Files\JetBrains\IntelliJ IDEA 2024.3.4.1\lib\idea_rt.jar=49159 -javaagent:C:\Users\User\AppData\Local\JetBrains\IntelliJIdea2024.3\captureAgent\debugger-agent.jar -Dkotlinx.coroutines.debug.enable.creation.stack.trace=false -Ddebugger.agent.enable.coroutines=true -Dkotlinx.coroutines.debug.enable.flows.stack.trace=true -Dkotlinx.coroutines.debug.enable.mutable.state.flows.stack.trace=true -Dfile.encoding=UTF-8 -Dsun.stdout.encoding=UTF-8 -Dsun.stderr.encoding=UTF-8 
java_command: com.intellij.rt.junit.JUnitStarter -ideVersion5 -junit4 UserServiceTest
java_class_path (initial): C:\Program Files\JetBrains\IntelliJ IDEA 2024.3.4.1\lib\idea_rt.jar;C:\Program Files\JetBrains\IntelliJ IDEA 2024.3.4.1\plugins\junit\lib\junit5-rt.jar;C:\Program Files\JetBrains\IntelliJ IDEA 2024.3.4.1\plugins\junit\lib\junit-rt.jar;D:\Pre-project\1.1.5\target\test-classes;D:\Pre-project\1.1.5\target\classes;C:\Users\User\.m2\repository\junit\junit\4.13.1\junit-4.13.1.jar;C:\Users\User\.m2\repository\org\hamcrest\hamcrest-core\1.3\hamcrest-core-1.3.jar;C:\Users\User\.m2\repository\mysql\mysql-connector-java\8.0.25\mysql-connector-java-8.0.25.jar;C:\Users\User\.m2\repository\com\google\protobuf\protobuf-java\3.11.4\protobuf-java-3.11.4.jar;C:\Users\User\.m2\repository\org\hibernate\javax\persistence\hibernate-jpa-2.1-api\1.0.2.Final\hibernate-jpa-2.1-api-1.0.2.Final.jar;C:\Users\User\.m2\repository\org\hibernate\hibernate-core\5.6.3.Final\hibernate-core-5.6.3.Final.jar;C:\Users\User\.m2\repository\org\jboss\logging\jboss-logging\3.4.2.Final\jboss-logging-3.4.2.Final.jar;C:\Users\User\.m2\repository\javax\persistence\javax.persistence-api\2.2\javax.persistence-api-2.2.jar;C:\Users\User\.m2\repository\net\bytebuddy\byte-buddy\1.11.20\byte-buddy-1.11.20.jar;C:\Users\User\.m2\repository\antlr\antlr\2.7.7\antlr-2.7.7.jar;C:\Users\User\.m2\repository\org\jboss\spec\javax\transaction\jboss-transaction-api_1.2_spec\1.1.1.Final\jboss-transaction-api_1.2_spec-1.1.1.Final.jar;C:\Users\User\.m2\repository\org\jboss\jandex\2.2.3.Final\jandex-2.2.3.Final.jar;C:\Users\User\.m2\repository\com\fasterxml\classmate\1.5.1\classmate-1.5.1.jar;C:\Users\User\.m2\repository\javax\activation\javax.activation-api\1.2.0\javax.activation-api-1.2.0.jar;C:\Users\User\.m2\repository\org\hibernate\common\hibernate-commons-annotations\5.1.2.Final\hibernate-commons-annotations-5.1.2.Final.jar;C:\Users\User\.m2\repository\javax\xml\bind\jaxb-api\2.3.1\jaxb-api-2.3.1.jar;C:\Users\User\.m2\repository\org\glassfish\jaxb\jaxb-runtime\2.3.1\jaxb-runtime-2.3.1.jar;C:\Users\User\.m2\repository\org\glassfish\jaxb\txw2\2.3.1\txw2-2.3.1.jar;C:\Users\User\.m2\repository\com\sun\istack\istack-commons-runtime\3.0.7\istack-commons-runtime-3.0.7.jar;C:\Users\User\.m2\repository\org\jvnet\staxex\stax-ex\1.8\stax-ex-1.8.jar;C:\Users\User\.m2\repository\com\sun\xml\fastinfoset\FastInfoset\1.2.15\FastInfoset-1.2.15.jar
Launcher Type: SUN_STANDARD

[Global flags]
     intx CICompilerCount                          = 3                                         {product} {ergonomic}
     uint ConcGCThreads                            = 1                                         {product} {ergonomic}
     uint G1ConcRefinementThreads                  = 4                                         {product} {ergonomic}
   size_t G1HeapRegionSize                         = 1048576                                   {product} {ergonomic}
   size_t InitialHeapSize                          = 130023424                                 {product} {ergonomic}
   size_t MarkStackSize                            = 4194304                                   {product} {ergonomic}
   size_t MarkStackSizeMax                         = 536870912                                 {product} {ergonomic}
   size_t MaxHeapSize                              = 2080374784                                {product} {ergonomic}
   size_t MaxNewSize                               = 1247805440                                {product} {ergonomic}
   size_t MinHeapDeltaBytes                        = 1048576                                   {product} {ergonomic}
   size_t MinHeapSize                              = 8388608                                   {product} {ergonomic}
    uintx NonNMethodCodeHeapSize                   = 5832704                                {pd product} {ergonomic}
    uintx NonProfiledCodeHeapSize                  = 122945536                              {pd product} {ergonomic}
    uintx ProfiledCodeHeapSize                     = 122880000                              {pd product} {ergonomic}
    uintx ReservedCodeCacheSize                    = 251658240                              {pd product} {ergonomic}
     bool SegmentedCodeCache                       = true                                      {product} {ergonomic}
   size_t SoftMaxHeapSize                          = 2080374784                             {manageable} {ergonomic}
     bool UseCompressedOops                        = true                           {product lp64_product} {ergonomic}
     bool UseG1GC                                  = true                                      {product} {ergonomic}
     bool UseLargePagesIndividualAllocation        = false                                  {pd product} {ergonomic}

Logging:
Log output configuration:
 #0: stdout all=warning uptime,level,tags foldmultilines=false
 #1: stderr all=off uptime,level,tags foldmultilines=false

Environment Variables:
JAVA_HOME=C:\JAVA\jdk-23.0.1
PATH=C:\Program Files (x86)\Common Files\Intel\Shared Files\cpp\bin\Intel64;C:\Windows\system32;C:\Windows;C:\Windows\System32\Wbem;C:\Windows\System32\WindowsPowerShell\v1.0\;C:\Windows\System32\OpenSSH\;C:\Program Files\WireGuard\;C:\Users\User\Desktop\matlabfolder\runtime\win64;C:\Users\User\Desktop\matlabfolder\bin;C:\JAVA\jdk-23.0.1\bin;C:\Program Files\dotnet\;C:\Program Files\Git\cmd;C:\JAVA\apache-maven-3.9.9\bin;C:\Users\User\AppData\Local\Microsoft\WindowsApps;C:\JAVA\jdk-23.0.1\bin;;C:\Program Files\JetBrains\IntelliJ IDEA Community Edition 2024.3\bin;;C:\Users\User\.dotnet\tools
USERNAME=User
OS=Windows_NT
PROCESSOR_IDENTIFIER=Intel64 Family 6 Model 126 Stepping 5, GenuineIntel
TMP=C:\Users\User\AppData\Local\Temp
TEMP=C:\Users\User\AppData\Local\Temp




Periodic native trim disabled

---------------  S Y S T E M  ---------------

OS:
 Windows 10 , 64 bit Build 19041 (10.0.19041.2546)
OS uptime: 2 days 0:56 hours

CPU: total 4 (initial active 4) (2 cores per cpu, 2 threads per core) family 6 model 126 stepping 5 microcode 0xa0, cx8, cmov, fxsr, ht, mmx, 3dnowpref, sse, sse2, sse3, ssse3, sse4.1, sse4.2, popcnt, lzcnt, tsc, tscinvbit, avx, avx2, aes, erms, clmul, bmi1, bmi2, adx, avx512f, avx512dq, avx512cd, avx512bw, avx512vl, sha, fma, vzeroupper, avx512_vpopcntdq, avx512_vpclmulqdq, avx512_vaes, avx512_vnni, clflush, clflushopt, avx512_vbmi2, avx512_vbmi, rdtscp, rdpid, fsrm, gfni, avx512_bitalg, f16c, pku, avx512_ifma
Processor Information for the first 4 processors :
  Max Mhz: 1190, Current Mhz: 1190, Mhz Limit: 1190

Memory: 4k page, system-wide physical 7933M (593M free)
TotalPageFile size 9981M (AvailPageFile size 5M)
current process WorkingSet (physical memory assigned to process): 94M, peak: 94M
current process commit charge ("private bytes"): 232M, peak: 232M

vm_info: OpenJDK 64-Bit Server VM (23.0.2+7-58) for windows-amd64 JRE (23.0.2+7-58), built on 2024-11-29T09:34:55Z with MS VC++ 17.6 (VS2022)

END.
