#
# There is insufficient memory for the Java Runtime Environment to continue.
# Native memory allocation (mmap) failed to map 65536 bytes. Error detail: Failed to commit metaspace.
# Possible reasons:
#   The system is out of physical RAM or swap space
#   This process is running with CompressedOops enabled, and the Java Heap may be blocking the growth of the native heap
# Possible solutions:
#   Reduce memory load on the system
#   Increase physical memory or swap space
#   Check if swap backing store is full
#   Decrease Java heap size (-Xmx/-Xms)
#   Decrease number of Java threads
#   Decrease Java thread stack sizes (-Xss)
#   Set larger code cache with -XX:ReservedCodeCacheSize=
#   JVM is running with Unscaled Compressed Oops mode in which the Java heap is
#     placed in the first 4GB address space. The Java Heap base address is the
#     maximum limit for the native heap growth. Please use -XX:HeapBaseMinAddress
#     to set the Java Heap base and to place the Java Heap above 4GB virtual address.
# This output file may be truncated or incomplete.
#
#  Out of Memory Error (virtualSpaceNode.cpp:113), pid=16280, tid=12656
#
# JRE version: OpenJDK Runtime Environment (23.0+37) (build 23+37-2369)
# Java VM: OpenJDK 64-Bit Server VM (23+37-2369, mixed mode, sharing, tiered, compressed oops, compressed class ptrs, g1 gc, windows-amd64)
# No core dump will be written. Minidumps are not enabled by default on client versions of Windows
#

---------------  S U M M A R Y ------------

Command Line: -ea -Didea.test.cyclic.buffer.size=1048576 -javaagent:C:\Program Files\JetBrains\IntelliJ IDEA 2024.3.4.1\lib\idea_rt.jar=53587 -javaagent:C:\Users\User\AppData\Local\JetBrains\IntelliJIdea2024.3\captureAgent\debugger-agent.jar -Dkotlinx.coroutines.debug.enable.creation.stack.trace=false -Ddebugger.agent.enable.coroutines=true -Dkotlinx.coroutines.debug.enable.flows.stack.trace=true -Dkotlinx.coroutines.debug.enable.mutable.state.flows.stack.trace=true -Dfile.encoding=UTF-8 -Dsun.stdout.encoding=UTF-8 -Dsun.stderr.encoding=UTF-8 com.intellij.rt.junit.JUnitStarter -ideVersion5 -junit4 UserServiceTest

Host: Intel(R) Core(TM) i3-1005G1 CPU @ 1.20GHz, 4 cores, 7G,  Windows 10 , 64 bit Build 19041 (10.0.19041.2546)
Time: Thu Mar 13 20:42:24 2025 RTZ 2 (s 10 , 64 bit Build 19041 (10.0.19041.2546) elapsed time: 0.292626 seconds (0d 0h 0m 0s)

---------------  T H R E A D  ---------------

Current thread (0x00000172c9d922f0):  JavaThread "main"             [_thread_in_vm, id=12656, stack(0x0000003cf6300000,0x0000003cf6400000) (1024K)]

Stack: [0x0000003cf6300000,0x0000003cf6400000]
Native frames: (J=compiled Java code, j=interpreted, Vv=VM code, C=native code)
V  [jvm.dll+0x6e08a9]  (no source info available)
V  [jvm.dll+0x87da63]  (no source info available)
V  [jvm.dll+0x87feee]  (no source info available)
V  [jvm.dll+0x8805c3]  (no source info available)
V  [jvm.dll+0x27aee6]  (no source info available)
V  [jvm.dll+0x87966e]  (no source info available)
V  [jvm.dll+0x682025]  (no source info available)
V  [jvm.dll+0x1e09dc]  (no source info available)
V  [jvm.dll+0x1e07ae]  (no source info available)
V  [jvm.dll+0x684978]  (no source info available)
V  [jvm.dll+0x2219dc]  (no source info available)
V  [jvm.dll+0x682a3e]  (no source info available)
V  [jvm.dll+0x3bbfff]  (no source info available)
V  [jvm.dll+0x209ffb]  (no source info available)
V  [jvm.dll+0x5be709]  (no source info available)
V  [jvm.dll+0x7f3a66]  (no source info available)
V  [jvm.dll+0x475cf6]  (no source info available)
V  [jvm.dll+0x47bb98]  (no source info available)
C  [java.dll+0x17d4]  (no source info available)

Java frames: (J=compiled Java code, j=interpreted, Vv=VM code)
j  java.lang.ClassLoader.defineClass1(Ljava/lang/ClassLoader;Ljava/lang/String;[BIILjava/security/ProtectionDomain;Ljava/lang/String;)Ljava/lang/Class;+0 java.base@23
j  java.lang.ClassLoader.defineClass(Ljava/lang/String;[BIILjava/security/ProtectionDomain;)Ljava/lang/Class;+27 java.base@23
j  java.security.SecureClassLoader.defineClass(Ljava/lang/String;[BIILjava/security/CodeSource;)Ljava/lang/Class;+12 java.base@23
j  jdk.internal.loader.BuiltinClassLoader.defineClass(Ljava/lang/String;Ljdk/internal/loader/Resource;)Ljava/lang/Class;+117 java.base@23
j  jdk.internal.loader.BuiltinClassLoader.findClassOnClassPathOrNull(Ljava/lang/String;)Ljava/lang/Class;+37 java.base@23
j  jdk.internal.loader.BuiltinClassLoader.loadClassOrNull(Ljava/lang/String;Z)Ljava/lang/Class;+111 java.base@23
j  jdk.internal.loader.BuiltinClassLoader.loadClass(Ljava/lang/String;Z)Ljava/lang/Class;+3 java.base@23
j  jdk.internal.loader.ClassLoaders$AppClassLoader.loadClass(Ljava/lang/String;Z)Ljava/lang/Class;+36 java.base@23
j  java.lang.ClassLoader.loadClass(Ljava/lang/String;)Ljava/lang/Class;+3 java.base@23
v  ~StubRoutines::call_stub 0x00000172dbd20fcd
j  org.junit.validator.AnnotationsValidator.<clinit>()V+1
v  ~StubRoutines::call_stub 0x00000172dbd20fcd
j  org.junit.runners.ParentRunner.<clinit>()V+0
v  ~StubRoutines::call_stub 0x00000172dbd20fcd
j  org.junit.internal.builders.JUnit4Builder.runnerForClass(Ljava/lang/Class;)Lorg/junit/runner/Runner;+0
j  org.junit.runners.model.RunnerBuilder.safeRunnerForClass(Ljava/lang/Class;)Lorg/junit/runner/Runner;+2
j  org.junit.internal.builders.AllDefaultPossibilitiesBuilder.runnerForClass(Ljava/lang/Class;)Lorg/junit/runner/Runner;+73
j  org.junit.runners.model.RunnerBuilder.safeRunnerForClass(Ljava/lang/Class;)Lorg/junit/runner/Runner;+2
j  org.junit.internal.requests.ClassRequest.createRunner()Lorg/junit/runner/Runner;+13
j  org.junit.internal.requests.MemoizingRequest.getRunner()Lorg/junit/runner/Runner;+25
j  com.intellij.junit4.JUnit4IdeaTestRunner.startRunnerWithArgs([Ljava/lang/String;Ljava/lang/String;IZ)I+19
j  com.intellij.rt.junit.IdeaTestRunner$Repeater$1.execute(Z)I+17
j  com.intellij.rt.execution.junit.TestsRepeater.repeat(IZLcom/intellij/rt/execution/junit/TestsRepeater$TestRun;)I+7
j  com.intellij.rt.junit.IdeaTestRunner$Repeater.startRunnerWithArgs(Lcom/intellij/rt/junit/IdeaTestRunner;[Ljava/lang/String;Ljava/util/ArrayList;Ljava/lang/String;IZ)I+25
j  com.intellij.rt.junit.JUnitStarter.prepareStreamsAndStart([Ljava/lang/String;Ljava/lang/String;Ljava/util/ArrayList;Ljava/lang/String;)I+117
j  com.intellij.rt.junit.JUnitStarter.main([Ljava/lang/String;)V+97
v  ~StubRoutines::call_stub 0x00000172dbd20fcd
Lock stack of current Java thread (top to bottom):
LockStack[0]: java.lang.Object 
{0x000000008b54f598} - klass: 'java/lang/Object'
 - ---- fields (total size 2 words):


---------------  P R O C E S S  ---------------

Threads class SMR info:
_java_thread_list=0x00000172c51f99e0, length=12, elements={
0x00000172c9d922f0, 0x00000172e83c3150, 0x00000172e83c3e70, 0x00000172e83c5d50,
0x00000172e83c7920, 0x00000172e83cab70, 0x00000172e83cf5e0, 0x00000172c5039110,
0x00000172c5039fd0, 0x00000172c5103730, 0x00000172c521d600, 0x00000172c5349a80
}

Java Threads: ( => current thread )
=>0x00000172c9d922f0 JavaThread "main"                              [_thread_in_vm, id=12656, stack(0x0000003cf6300000,0x0000003cf6400000) (1024K)]
  0x00000172e83c3150 JavaThread "Reference Handler"          daemon [_thread_blocked, id=14252, stack(0x0000003cf6b00000,0x0000003cf6c00000) (1024K)]
  0x00000172e83c3e70 JavaThread "Finalizer"                  daemon [_thread_blocked, id=2528, stack(0x0000003cf6c00000,0x0000003cf6d00000) (1024K)]
  0x00000172e83c5d50 JavaThread "Signal Dispatcher"          daemon [_thread_blocked, id=15420, stack(0x0000003cf6d00000,0x0000003cf6e00000) (1024K)]
  0x00000172e83c7920 JavaThread "Attach Listener"            daemon [_thread_blocked, id=16020, stack(0x0000003cf6e00000,0x0000003cf6f00000) (1024K)]
  0x00000172e83cab70 JavaThread "Service Thread"             daemon [_thread_blocked, id=7120, stack(0x0000003cf6f00000,0x0000003cf7000000) (1024K)]
  0x00000172e83cf5e0 JavaThread "Monitor Deflation Thread"   daemon [_thread_blocked, id=14144, stack(0x0000003cf7000000,0x0000003cf7100000) (1024K)]
  0x00000172c5039110 JavaThread "C2 CompilerThread0"         daemon [_thread_blocked, id=3480, stack(0x0000003cf7100000,0x0000003cf7200000) (1024K)]
  0x00000172c5039fd0 JavaThread "C1 CompilerThread0"         daemon [_thread_blocked, id=15928, stack(0x0000003cf7200000,0x0000003cf7300000) (1024K)]
  0x00000172c5103730 JavaThread "Common-Cleaner"             daemon [_thread_blocked, id=10992, stack(0x0000003cf7300000,0x0000003cf7400000) (1024K)]
  0x00000172c521d600 JavaThread "Monitor Ctrl-Break"         daemon [_thread_in_native, id=15540, stack(0x0000003cf7400000,0x0000003cf7500000) (1024K)]
  0x00000172c5349a80 JavaThread "Notification Thread"        daemon [_thread_blocked, id=16048, stack(0x0000003cf7500000,0x0000003cf7600000) (1024K)]
Total: 12

Other Threads:
  0x00000172e83a5c60 VMThread "VM Thread"                           [id=13648, stack(0x0000003cf6a00000,0x0000003cf6b00000) (1024K)]
  0x00000172e8395e10 WatcherThread "VM Periodic Task Thread"        [id=4668, stack(0x0000003cf6900000,0x0000003cf6a00000) (1024K)]
  0x00000172cc129640 WorkerThread "GC Thread#0"                     [id=15056, stack(0x0000003cf6400000,0x0000003cf6500000) (1024K)]
  0x00000172cc13ed60 ConcurrentGCThread "G1 Main Marker"            [id=16368, stack(0x0000003cf6500000,0x0000003cf6600000) (1024K)]
  0x00000172cc1403a0 WorkerThread "G1 Conc#0"                       [id=13600, stack(0x0000003cf6600000,0x0000003cf6700000) (1024K)]
  0x00000172cc17e800 ConcurrentGCThread "G1 Refine#0"               [id=14412, stack(0x0000003cf6700000,0x0000003cf6800000) (1024K)]
  0x00000172e826a4c0 ConcurrentGCThread "G1 Service"                [id=5460, stack(0x0000003cf6800000,0x0000003cf6900000) (1024K)]
Total: 7

Threads with active compile tasks:
Total: 0

VM state: not at safepoint (normal execution)

VM Mutex/Monitor currently owned by a thread:  ([mutex/lock_event])
[0x00007ffab4f01890] Metaspace_lock - owner thread: 0x00000172c9d922f0

OutOfMemory and StackOverflow Exception counts:
OutOfMemoryError java_heap_errors=3
LinkageErrors=2

Heap address: 0x0000000084000000, size: 1984 MB, Compressed Oops mode: 32-bit

CDS archive(s) mapped at: [0x0000017280000000-0x0000017280d70000-0x0000017280d70000), size 14090240, SharedBaseAddress: 0x0000017280000000, ArchiveRelocationMode: 1.
Compressed class space mapped at: 0x0000017281000000-0x00000172c1000000, reserved size: 1073741824
Narrow klass base: 0x0000017280000000, Narrow klass shift: 0, Narrow klass range: 0x41000000

GC Precious Log:
 CardTable entry size: 512
 Card Set container configuration: InlinePtr #cards 5 size 8 Array Of Cards #cards 10 size 36 Howl #buckets 4 coarsen threshold 1843 Howl Bitmap #cards 512 size 80 coarsen threshold 460 Card regions per heap region 1 cards per card region 2048
 CPUs: 4 total, 4 available
 Memory: 7933M
 Large Page Support: Disabled
 NUMA Support: Disabled
 Compressed Oops: Enabled (32-bit)
 Heap Region Size: 1M
 Heap Min Capacity: 8M
 Heap Initial Capacity: 124M
 Heap Max Capacity: 1984M
 Pre-touch: Disabled
 Parallel Workers: 4
 Concurrent Workers: 1
 Concurrent Refinement Workers: 4
 Periodic GC: Disabled

Heap:
 garbage-first heap   total reserved 2031616K, committed 126976K, used 6144K [0x0000000084000000, 0x0000000100000000)
  region size 1024K, 7 young (7168K), 0 survivors (0K)
 Metaspace       used 3338K, committed 3456K, reserved 1114112K
  class space    used 317K, committed 384K, reserved 1048576K

Heap Regions: E=young(eden), S=young(survivor), O=old, HS=humongous(starts), HC=humongous(continues), CS=collection set, F=free, TAMS=top-at-mark-start, PB=parsable bottom
|   0|0x0000000084000000, 0x0000000084000000, 0x0000000084100000|  0%| F|  |TAMS 0x0000000084000000| PB 0x0000000084000000| Untracked |  0
|   1|0x0000000084100000, 0x0000000084100000, 0x0000000084200000|  0%| F|  |TAMS 0x0000000084100000| PB 0x0000000084100000| Untracked |  0
|   2|0x0000000084200000, 0x0000000084200000, 0x0000000084300000|  0%| F|  |TAMS 0x0000000084200000| PB 0x0000000084200000| Untracked |  0
|   3|0x0000000084300000, 0x0000000084300000, 0x0000000084400000|  0%| F|  |TAMS 0x0000000084300000| PB 0x0000000084300000| Untracked |  0
|   4|0x0000000084400000, 0x0000000084400000, 0x0000000084500000|  0%| F|  |TAMS 0x0000000084400000| PB 0x0000000084400000| Untracked |  0
|   5|0x0000000084500000, 0x0000000084500000, 0x0000000084600000|  0%| F|  |TAMS 0x0000000084500000| PB 0x0000000084500000| Untracked |  0
|   6|0x0000000084600000, 0x0000000084600000, 0x0000000084700000|  0%| F|  |TAMS 0x0000000084600000| PB 0x0000000084600000| Untracked |  0
|   7|0x0000000084700000, 0x0000000084700000, 0x0000000084800000|  0%| F|  |TAMS 0x0000000084700000| PB 0x0000000084700000| Untracked |  0
|   8|0x0000000084800000, 0x0000000084800000, 0x0000000084900000|  0%| F|  |TAMS 0x0000000084800000| PB 0x0000000084800000| Untracked |  0
|   9|0x0000000084900000, 0x0000000084900000, 0x0000000084a00000|  0%| F|  |TAMS 0x0000000084900000| PB 0x0000000084900000| Untracked |  0
|  10|0x0000000084a00000, 0x0000000084a00000, 0x0000000084b00000|  0%| F|  |TAMS 0x0000000084a00000| PB 0x0000000084a00000| Untracked |  0
|  11|0x0000000084b00000, 0x0000000084b00000, 0x0000000084c00000|  0%| F|  |TAMS 0x0000000084b00000| PB 0x0000000084b00000| Untracked |  0
|  12|0x0000000084c00000, 0x0000000084c00000, 0x0000000084d00000|  0%| F|  |TAMS 0x0000000084c00000| PB 0x0000000084c00000| Untracked |  0
|  13|0x0000000084d00000, 0x0000000084d00000, 0x0000000084e00000|  0%| F|  |TAMS 0x0000000084d00000| PB 0x0000000084d00000| Untracked |  0
|  14|0x0000000084e00000, 0x0000000084e00000, 0x0000000084f00000|  0%| F|  |TAMS 0x0000000084e00000| PB 0x0000000084e00000| Untracked |  0
|  15|0x0000000084f00000, 0x0000000084f00000, 0x0000000085000000|  0%| F|  |TAMS 0x0000000084f00000| PB 0x0000000084f00000| Untracked |  0
|  16|0x0000000085000000, 0x0000000085000000, 0x0000000085100000|  0%| F|  |TAMS 0x0000000085000000| PB 0x0000000085000000| Untracked |  0
|  17|0x0000000085100000, 0x0000000085100000, 0x0000000085200000|  0%| F|  |TAMS 0x0000000085100000| PB 0x0000000085100000| Untracked |  0
|  18|0x0000000085200000, 0x0000000085200000, 0x0000000085300000|  0%| F|  |TAMS 0x0000000085200000| PB 0x0000000085200000| Untracked |  0
|  19|0x0000000085300000, 0x0000000085300000, 0x0000000085400000|  0%| F|  |TAMS 0x0000000085300000| PB 0x0000000085300000| Untracked |  0
|  20|0x0000000085400000, 0x0000000085400000, 0x0000000085500000|  0%| F|  |TAMS 0x0000000085400000| PB 0x0000000085400000| Untracked |  0
|  21|0x0000000085500000, 0x0000000085500000, 0x0000000085600000|  0%| F|  |TAMS 0x0000000085500000| PB 0x0000000085500000| Untracked |  0
|  22|0x0000000085600000, 0x0000000085600000, 0x0000000085700000|  0%| F|  |TAMS 0x0000000085600000| PB 0x0000000085600000| Untracked |  0
|  23|0x0000000085700000, 0x0000000085700000, 0x0000000085800000|  0%| F|  |TAMS 0x0000000085700000| PB 0x0000000085700000| Untracked |  0
|  24|0x0000000085800000, 0x0000000085800000, 0x0000000085900000|  0%| F|  |TAMS 0x0000000085800000| PB 0x0000000085800000| Untracked |  0
|  25|0x0000000085900000, 0x0000000085900000, 0x0000000085a00000|  0%| F|  |TAMS 0x0000000085900000| PB 0x0000000085900000| Untracked |  0
|  26|0x0000000085a00000, 0x0000000085a00000, 0x0000000085b00000|  0%| F|  |TAMS 0x0000000085a00000| PB 0x0000000085a00000| Untracked |  0
|  27|0x0000000085b00000, 0x0000000085b00000, 0x0000000085c00000|  0%| F|  |TAMS 0x0000000085b00000| PB 0x0000000085b00000| Untracked |  0
|  28|0x0000000085c00000, 0x0000000085c00000, 0x0000000085d00000|  0%| F|  |TAMS 0x0000000085c00000| PB 0x0000000085c00000| Untracked |  0
|  29|0x0000000085d00000, 0x0000000085d00000, 0x0000000085e00000|  0%| F|  |TAMS 0x0000000085d00000| PB 0x0000000085d00000| Untracked |  0
|  30|0x0000000085e00000, 0x0000000085e00000, 0x0000000085f00000|  0%| F|  |TAMS 0x0000000085e00000| PB 0x0000000085e00000| Untracked |  0
|  31|0x0000000085f00000, 0x0000000085f00000, 0x0000000086000000|  0%| F|  |TAMS 0x0000000085f00000| PB 0x0000000085f00000| Untracked |  0
|  32|0x0000000086000000, 0x0000000086000000, 0x0000000086100000|  0%| F|  |TAMS 0x0000000086000000| PB 0x0000000086000000| Untracked |  0
|  33|0x0000000086100000, 0x0000000086100000, 0x0000000086200000|  0%| F|  |TAMS 0x0000000086100000| PB 0x0000000086100000| Untracked |  0
|  34|0x0000000086200000, 0x0000000086200000, 0x0000000086300000|  0%| F|  |TAMS 0x0000000086200000| PB 0x0000000086200000| Untracked |  0
|  35|0x0000000086300000, 0x0000000086300000, 0x0000000086400000|  0%| F|  |TAMS 0x0000000086300000| PB 0x0000000086300000| Untracked |  0
|  36|0x0000000086400000, 0x0000000086400000, 0x0000000086500000|  0%| F|  |TAMS 0x0000000086400000| PB 0x0000000086400000| Untracked |  0
|  37|0x0000000086500000, 0x0000000086500000, 0x0000000086600000|  0%| F|  |TAMS 0x0000000086500000| PB 0x0000000086500000| Untracked |  0
|  38|0x0000000086600000, 0x0000000086600000, 0x0000000086700000|  0%| F|  |TAMS 0x0000000086600000| PB 0x0000000086600000| Untracked |  0
|  39|0x0000000086700000, 0x0000000086700000, 0x0000000086800000|  0%| F|  |TAMS 0x0000000086700000| PB 0x0000000086700000| Untracked |  0
|  40|0x0000000086800000, 0x0000000086800000, 0x0000000086900000|  0%| F|  |TAMS 0x0000000086800000| PB 0x0000000086800000| Untracked |  0
|  41|0x0000000086900000, 0x0000000086900000, 0x0000000086a00000|  0%| F|  |TAMS 0x0000000086900000| PB 0x0000000086900000| Untracked |  0
|  42|0x0000000086a00000, 0x0000000086a00000, 0x0000000086b00000|  0%| F|  |TAMS 0x0000000086a00000| PB 0x0000000086a00000| Untracked |  0
|  43|0x0000000086b00000, 0x0000000086b00000, 0x0000000086c00000|  0%| F|  |TAMS 0x0000000086b00000| PB 0x0000000086b00000| Untracked |  0
|  44|0x0000000086c00000, 0x0000000086c00000, 0x0000000086d00000|  0%| F|  |TAMS 0x0000000086c00000| PB 0x0000000086c00000| Untracked |  0
|  45|0x0000000086d00000, 0x0000000086d00000, 0x0000000086e00000|  0%| F|  |TAMS 0x0000000086d00000| PB 0x0000000086d00000| Untracked |  0
|  46|0x0000000086e00000, 0x0000000086e00000, 0x0000000086f00000|  0%| F|  |TAMS 0x0000000086e00000| PB 0x0000000086e00000| Untracked |  0
|  47|0x0000000086f00000, 0x0000000086f00000, 0x0000000087000000|  0%| F|  |TAMS 0x0000000086f00000| PB 0x0000000086f00000| Untracked |  0
|  48|0x0000000087000000, 0x0000000087000000, 0x0000000087100000|  0%| F|  |TAMS 0x0000000087000000| PB 0x0000000087000000| Untracked |  0
|  49|0x0000000087100000, 0x0000000087100000, 0x0000000087200000|  0%| F|  |TAMS 0x0000000087100000| PB 0x0000000087100000| Untracked |  0
|  50|0x0000000087200000, 0x0000000087200000, 0x0000000087300000|  0%| F|  |TAMS 0x0000000087200000| PB 0x0000000087200000| Untracked |  0
|  51|0x0000000087300000, 0x0000000087300000, 0x0000000087400000|  0%| F|  |TAMS 0x0000000087300000| PB 0x0000000087300000| Untracked |  0
|  52|0x0000000087400000, 0x0000000087400000, 0x0000000087500000|  0%| F|  |TAMS 0x0000000087400000| PB 0x0000000087400000| Untracked |  0
|  53|0x0000000087500000, 0x0000000087500000, 0x0000000087600000|  0%| F|  |TAMS 0x0000000087500000| PB 0x0000000087500000| Untracked |  0
|  54|0x0000000087600000, 0x0000000087600000, 0x0000000087700000|  0%| F|  |TAMS 0x0000000087600000| PB 0x0000000087600000| Untracked |  0
|  55|0x0000000087700000, 0x0000000087700000, 0x0000000087800000|  0%| F|  |TAMS 0x0000000087700000| PB 0x0000000087700000| Untracked |  0
|  56|0x0000000087800000, 0x0000000087800000, 0x0000000087900000|  0%| F|  |TAMS 0x0000000087800000| PB 0x0000000087800000| Untracked |  0
|  57|0x0000000087900000, 0x0000000087900000, 0x0000000087a00000|  0%| F|  |TAMS 0x0000000087900000| PB 0x0000000087900000| Untracked |  0
|  58|0x0000000087a00000, 0x0000000087a00000, 0x0000000087b00000|  0%| F|  |TAMS 0x0000000087a00000| PB 0x0000000087a00000| Untracked |  0
|  59|0x0000000087b00000, 0x0000000087b00000, 0x0000000087c00000|  0%| F|  |TAMS 0x0000000087b00000| PB 0x0000000087b00000| Untracked |  0
|  60|0x0000000087c00000, 0x0000000087c00000, 0x0000000087d00000|  0%| F|  |TAMS 0x0000000087c00000| PB 0x0000000087c00000| Untracked |  0
|  61|0x0000000087d00000, 0x0000000087d00000, 0x0000000087e00000|  0%| F|  |TAMS 0x0000000087d00000| PB 0x0000000087d00000| Untracked |  0
|  62|0x0000000087e00000, 0x0000000087e00000, 0x0000000087f00000|  0%| F|  |TAMS 0x0000000087e00000| PB 0x0000000087e00000| Untracked |  0
|  63|0x0000000087f00000, 0x0000000087f00000, 0x0000000088000000|  0%| F|  |TAMS 0x0000000087f00000| PB 0x0000000087f00000| Untracked |  0
|  64|0x0000000088000000, 0x0000000088000000, 0x0000000088100000|  0%| F|  |TAMS 0x0000000088000000| PB 0x0000000088000000| Untracked |  0
|  65|0x0000000088100000, 0x0000000088100000, 0x0000000088200000|  0%| F|  |TAMS 0x0000000088100000| PB 0x0000000088100000| Untracked |  0
|  66|0x0000000088200000, 0x0000000088200000, 0x0000000088300000|  0%| F|  |TAMS 0x0000000088200000| PB 0x0000000088200000| Untracked |  0
|  67|0x0000000088300000, 0x0000000088300000, 0x0000000088400000|  0%| F|  |TAMS 0x0000000088300000| PB 0x0000000088300000| Untracked |  0
|  68|0x0000000088400000, 0x0000000088400000, 0x0000000088500000|  0%| F|  |TAMS 0x0000000088400000| PB 0x0000000088400000| Untracked |  0
|  69|0x0000000088500000, 0x0000000088500000, 0x0000000088600000|  0%| F|  |TAMS 0x0000000088500000| PB 0x0000000088500000| Untracked |  0
|  70|0x0000000088600000, 0x0000000088600000, 0x0000000088700000|  0%| F|  |TAMS 0x0000000088600000| PB 0x0000000088600000| Untracked |  0
|  71|0x0000000088700000, 0x0000000088700000, 0x0000000088800000|  0%| F|  |TAMS 0x0000000088700000| PB 0x0000000088700000| Untracked |  0
|  72|0x0000000088800000, 0x0000000088800000, 0x0000000088900000|  0%| F|  |TAMS 0x0000000088800000| PB 0x0000000088800000| Untracked |  0
|  73|0x0000000088900000, 0x0000000088900000, 0x0000000088a00000|  0%| F|  |TAMS 0x0000000088900000| PB 0x0000000088900000| Untracked |  0
|  74|0x0000000088a00000, 0x0000000088a00000, 0x0000000088b00000|  0%| F|  |TAMS 0x0000000088a00000| PB 0x0000000088a00000| Untracked |  0
|  75|0x0000000088b00000, 0x0000000088b00000, 0x0000000088c00000|  0%| F|  |TAMS 0x0000000088b00000| PB 0x0000000088b00000| Untracked |  0
|  76|0x0000000088c00000, 0x0000000088c00000, 0x0000000088d00000|  0%| F|  |TAMS 0x0000000088c00000| PB 0x0000000088c00000| Untracked |  0
|  77|0x0000000088d00000, 0x0000000088d00000, 0x0000000088e00000|  0%| F|  |TAMS 0x0000000088d00000| PB 0x0000000088d00000| Untracked |  0
|  78|0x0000000088e00000, 0x0000000088e00000, 0x0000000088f00000|  0%| F|  |TAMS 0x0000000088e00000| PB 0x0000000088e00000| Untracked |  0
|  79|0x0000000088f00000, 0x0000000088f00000, 0x0000000089000000|  0%| F|  |TAMS 0x0000000088f00000| PB 0x0000000088f00000| Untracked |  0
|  80|0x0000000089000000, 0x0000000089000000, 0x0000000089100000|  0%| F|  |TAMS 0x0000000089000000| PB 0x0000000089000000| Untracked |  0
|  81|0x0000000089100000, 0x0000000089100000, 0x0000000089200000|  0%| F|  |TAMS 0x0000000089100000| PB 0x0000000089100000| Untracked |  0
|  82|0x0000000089200000, 0x0000000089200000, 0x0000000089300000|  0%| F|  |TAMS 0x0000000089200000| PB 0x0000000089200000| Untracked |  0
|  83|0x0000000089300000, 0x0000000089300000, 0x0000000089400000|  0%| F|  |TAMS 0x0000000089300000| PB 0x0000000089300000| Untracked |  0
|  84|0x0000000089400000, 0x0000000089400000, 0x0000000089500000|  0%| F|  |TAMS 0x0000000089400000| PB 0x0000000089400000| Untracked |  0
|  85|0x0000000089500000, 0x0000000089500000, 0x0000000089600000|  0%| F|  |TAMS 0x0000000089500000| PB 0x0000000089500000| Untracked |  0
|  86|0x0000000089600000, 0x0000000089600000, 0x0000000089700000|  0%| F|  |TAMS 0x0000000089600000| PB 0x0000000089600000| Untracked |  0
|  87|0x0000000089700000, 0x0000000089700000, 0x0000000089800000|  0%| F|  |TAMS 0x0000000089700000| PB 0x0000000089700000| Untracked |  0
|  88|0x0000000089800000, 0x0000000089800000, 0x0000000089900000|  0%| F|  |TAMS 0x0000000089800000| PB 0x0000000089800000| Untracked |  0
|  89|0x0000000089900000, 0x0000000089900000, 0x0000000089a00000|  0%| F|  |TAMS 0x0000000089900000| PB 0x0000000089900000| Untracked |  0
|  90|0x0000000089a00000, 0x0000000089a00000, 0x0000000089b00000|  0%| F|  |TAMS 0x0000000089a00000| PB 0x0000000089a00000| Untracked |  0
|  91|0x0000000089b00000, 0x0000000089b00000, 0x0000000089c00000|  0%| F|  |TAMS 0x0000000089b00000| PB 0x0000000089b00000| Untracked |  0
|  92|0x0000000089c00000, 0x0000000089c00000, 0x0000000089d00000|  0%| F|  |TAMS 0x0000000089c00000| PB 0x0000000089c00000| Untracked |  0
|  93|0x0000000089d00000, 0x0000000089d00000, 0x0000000089e00000|  0%| F|  |TAMS 0x0000000089d00000| PB 0x0000000089d00000| Untracked |  0
|  94|0x0000000089e00000, 0x0000000089e00000, 0x0000000089f00000|  0%| F|  |TAMS 0x0000000089e00000| PB 0x0000000089e00000| Untracked |  0
|  95|0x0000000089f00000, 0x0000000089f00000, 0x000000008a000000|  0%| F|  |TAMS 0x0000000089f00000| PB 0x0000000089f00000| Untracked |  0
|  96|0x000000008a000000, 0x000000008a000000, 0x000000008a100000|  0%| F|  |TAMS 0x000000008a000000| PB 0x000000008a000000| Untracked |  0
|  97|0x000000008a100000, 0x000000008a100000, 0x000000008a200000|  0%| F|  |TAMS 0x000000008a100000| PB 0x000000008a100000| Untracked |  0
|  98|0x000000008a200000, 0x000000008a200000, 0x000000008a300000|  0%| F|  |TAMS 0x000000008a200000| PB 0x000000008a200000| Untracked |  0
|  99|0x000000008a300000, 0x000000008a300000, 0x000000008a400000|  0%| F|  |TAMS 0x000000008a300000| PB 0x000000008a300000| Untracked |  0
| 100|0x000000008a400000, 0x000000008a400000, 0x000000008a500000|  0%| F|  |TAMS 0x000000008a400000| PB 0x000000008a400000| Untracked |  0
| 101|0x000000008a500000, 0x000000008a500000, 0x000000008a600000|  0%| F|  |TAMS 0x000000008a500000| PB 0x000000008a500000| Untracked |  0
| 102|0x000000008a600000, 0x000000008a600000, 0x000000008a700000|  0%| F|  |TAMS 0x000000008a600000| PB 0x000000008a600000| Untracked |  0
| 103|0x000000008a700000, 0x000000008a700000, 0x000000008a800000|  0%| F|  |TAMS 0x000000008a700000| PB 0x000000008a700000| Untracked |  0
| 104|0x000000008a800000, 0x000000008a800000, 0x000000008a900000|  0%| F|  |TAMS 0x000000008a800000| PB 0x000000008a800000| Untracked |  0
| 105|0x000000008a900000, 0x000000008a900000, 0x000000008aa00000|  0%| F|  |TAMS 0x000000008a900000| PB 0x000000008a900000| Untracked |  0
| 106|0x000000008aa00000, 0x000000008aa00000, 0x000000008ab00000|  0%| F|  |TAMS 0x000000008aa00000| PB 0x000000008aa00000| Untracked |  0
| 107|0x000000008ab00000, 0x000000008ab00000, 0x000000008ac00000|  0%| F|  |TAMS 0x000000008ab00000| PB 0x000000008ab00000| Untracked |  0
| 108|0x000000008ac00000, 0x000000008ac00000, 0x000000008ad00000|  0%| F|  |TAMS 0x000000008ac00000| PB 0x000000008ac00000| Untracked |  0
| 109|0x000000008ad00000, 0x000000008ad00000, 0x000000008ae00000|  0%| F|  |TAMS 0x000000008ad00000| PB 0x000000008ad00000| Untracked |  0
| 110|0x000000008ae00000, 0x000000008ae00000, 0x000000008af00000|  0%| F|  |TAMS 0x000000008ae00000| PB 0x000000008ae00000| Untracked |  0
| 111|0x000000008af00000, 0x000000008af00000, 0x000000008b000000|  0%| F|  |TAMS 0x000000008af00000| PB 0x000000008af00000| Untracked |  0
| 112|0x000000008b000000, 0x000000008b000000, 0x000000008b100000|  0%| F|  |TAMS 0x000000008b000000| PB 0x000000008b000000| Untracked |  0
| 113|0x000000008b100000, 0x000000008b100000, 0x000000008b200000|  0%| F|  |TAMS 0x000000008b100000| PB 0x000000008b100000| Untracked |  0
| 114|0x000000008b200000, 0x000000008b200000, 0x000000008b300000|  0%| F|  |TAMS 0x000000008b200000| PB 0x000000008b200000| Untracked |  0
| 115|0x000000008b300000, 0x000000008b300000, 0x000000008b400000|  0%| F|  |TAMS 0x000000008b300000| PB 0x000000008b300000| Untracked |  0
| 116|0x000000008b400000, 0x000000008b400000, 0x000000008b500000|  0%| F|  |TAMS 0x000000008b400000| PB 0x000000008b400000| Untracked |  0
| 117|0x000000008b500000, 0x000000008b5f4058, 0x000000008b600000| 95%| E|  |TAMS 0x000000008b500000| PB 0x000000008b500000| Complete |  0
| 118|0x000000008b600000, 0x000000008b700000, 0x000000008b700000|100%| E|CS|TAMS 0x000000008b600000| PB 0x000000008b600000| Complete |  0
| 119|0x000000008b700000, 0x000000008b800000, 0x000000008b800000|100%| E|CS|TAMS 0x000000008b700000| PB 0x000000008b700000| Complete |  0
| 120|0x000000008b800000, 0x000000008b900000, 0x000000008b900000|100%| E|CS|TAMS 0x000000008b800000| PB 0x000000008b800000| Complete |  0
| 121|0x000000008b900000, 0x000000008ba00000, 0x000000008ba00000|100%| E|CS|TAMS 0x000000008b900000| PB 0x000000008b900000| Complete |  0
| 122|0x000000008ba00000, 0x000000008bb00000, 0x000000008bb00000|100%| E|CS|TAMS 0x000000008ba00000| PB 0x000000008ba00000| Complete |  0
| 123|0x000000008bb00000, 0x000000008bc00000, 0x000000008bc00000|100%| E|CS|TAMS 0x000000008bb00000| PB 0x000000008bb00000| Complete |  0

Card table byte_map: [0x00000172e3bd0000,0x00000172e3fb0000] _byte_map_base: 0x00000172e37b0000

Marking Bits: (CMBitMap*) 0x00000172cc12ac70
 Bits: [0x00000172e3fb0000, 0x00000172e5eb0000)

Polling page: 0x00000172cb880000

Metaspace:

Usage:
  Non-class:      2.95 MB used.
      Class:    317.22 KB used.
       Both:      3.26 MB used.

Virtual space:
  Non-class space:       64.00 MB reserved,       3.00 MB (  5%) committed,  1 nodes.
      Class space:        1.00 GB reserved,     384.00 KB ( <1%) committed,  1 nodes.
             Both:        1.06 GB reserved,       3.38 MB ( <1%) committed. 

Chunk freelists:
   Non-Class:  11.70 MB
       Class:  15.55 MB
        Both:  27.25 MB

MaxMetaspaceSize: unlimited
CompressedClassSpaceSize: 1.00 GB
Initial GC threshold: 21.00 MB
Current GC threshold: 21.00 MB
CDS: on
 - commit_granule_bytes: 65536.
 - commit_granule_words: 8192.
 - virtual_space_node_default_size: 8388608.
 - enlarge_chunks_in_place: 1.
 - use_allocation_guard: 0.


Internal statistics:

num_allocs_failed_limit: 0.
num_arena_births: 24.
num_arena_deaths: 0.
num_vsnodes_births: 2.
num_vsnodes_deaths: 0.
num_space_committed: 54.
num_space_uncommitted: 0.
num_chunks_returned_to_freelist: 0.
num_chunks_taken_from_freelist: 48.
num_chunk_merges: 0.
num_chunk_splits: 29.
num_chunks_enlarged: 17.
num_inconsistent_stats: 0.

CodeHeap 'non-profiled nmethods': size=120064Kb used=153Kb max_used=153Kb free=119911Kb
 bounds [0x00000172dc2b0000, 0x00000172dc520000, 0x00000172e37f0000]
CodeHeap 'profiled nmethods': size=120000Kb used=509Kb max_used=509Kb free=119491Kb
 bounds [0x00000172d47f0000, 0x00000172d4a60000, 0x00000172dbd20000]
CodeHeap 'non-nmethods': size=5696Kb used=1418Kb max_used=1432Kb free=4277Kb
 bounds [0x00000172dbd20000, 0x00000172dbf90000, 0x00000172dc2b0000]
CodeCache: size=245760Kb, used=2080Kb, max_used=2094Kb, free=243679Kb
 total_blobs=946, nmethods=508, adapters=344, full_count=0
Compilation: enabled, stopped_count=0, restarted_count=0

Compilation events (20 events):
Event: 0.277 Thread 0x00000172c5039fd0 nmethod 492 0x00000172d4868708 code [0x00000172d4868980, 0x00000172d4869b68]
Event: 0.277 Thread 0x00000172c5039fd0  494       3       sun.instrument.InstrumentationImpl::transform (73 bytes)
Event: 0.278 Thread 0x00000172c5039fd0 nmethod 494 0x00000172d4869c08 code [0x00000172d4869d60, 0x00000172d486a0c8]
Event: 0.278 Thread 0x00000172c5039fd0  496   !   3       java.util.jar.JarFile::isMultiRelease (33 bytes)
Event: 0.278 Thread 0x00000172c5039fd0 nmethod 496 0x00000172d486a108 code [0x00000172d486a240, 0x00000172d486a440]
Event: 0.278 Thread 0x00000172c5039fd0  495       3       com.intellij.rt.debugger.agent.SharedFlowTransformer::transform (90 bytes)
Event: 0.279 Thread 0x00000172c5039fd0 nmethod 495 0x00000172d486a488 code [0x00000172d486a660, 0x00000172d486ae60]
Event: 0.279 Thread 0x00000172c5039110  498       4       java.util.concurrent.ConcurrentHashMap::tabAt (22 bytes)
Event: 0.279 Thread 0x00000172c5039fd0  497       3       com.intellij.rt.debugger.agent.StateFlowTransformer::transform (120 bytes)
Event: 0.279 Thread 0x00000172c5039110 nmethod 498 0x00000172dc2d5108 code [0x00000172dc2d5200, 0x00000172dc2d5270]
Event: 0.279 Thread 0x00000172c5039fd0 nmethod 497 0x00000172d486af08 code [0x00000172d486b0e0, 0x00000172d486ba00]
Event: 0.279 Thread 0x00000172c5039fd0  499       3       java.lang.String::regionMatches (150 bytes)
Event: 0.280 Thread 0x00000172c5039fd0 nmethod 499 0x00000172d486ba88 code [0x00000172d486bc60, 0x00000172d486c418]
Event: 0.280 Thread 0x00000172c5039fd0  500       3       java.net.URL::isBuiltinStreamHandler (32 bytes)
Event: 0.280 Thread 0x00000172c5039fd0 nmethod 500 0x00000172d486c488 code [0x00000172d486c640, 0x00000172d486ce60]
Event: 0.281 Thread 0x00000172c5039fd0  502       1       java.lang.Module::getDescriptor (5 bytes)
Event: 0.281 Thread 0x00000172c5039fd0 nmethod 502 0x00000172dc2d5808 code [0x00000172dc2d5920, 0x00000172dc2d59e8]
Event: 0.281 Thread 0x00000172c5039fd0  493       1       java.nio.Buffer::limit (5 bytes)
Event: 0.281 Thread 0x00000172c5039fd0 nmethod 493 0x00000172dc2d5b08 code [0x00000172dc2d5c20, 0x00000172dc2d5ce8]
Event: 0.281 Thread 0x00000172c5039fd0  504       3       jdk.internal.jimage.ImageStringsReader::unmaskedHashCode (166 bytes)

GC Heap History (0 events):
No events

Dll operation events (10 events):
Event: 0.013 Loaded shared library C:\Users\User\.jdks\openjdk-23\bin\java.dll
Event: 0.014 Loaded shared library C:\Users\User\.jdks\openjdk-23\bin\zip.dll
Event: 0.048 Loaded shared library C:\Users\User\.jdks\openjdk-23\bin\jsvml.dll
Event: 0.147 Loaded shared library C:\Users\User\.jdks\openjdk-23\bin\instrument.dll
Event: 0.151 Loaded shared library C:\Users\User\.jdks\openjdk-23\bin\net.dll
Event: 0.154 Loaded shared library C:\Users\User\.jdks\openjdk-23\bin\nio.dll
Event: 0.159 Loaded shared library C:\Users\User\.jdks\openjdk-23\bin\zip.dll
Event: 0.189 Loaded shared library C:\Users\User\.jdks\openjdk-23\bin\extnet.dll
Event: 0.215 Loaded shared library C:\Users\User\.jdks\openjdk-23\bin\verify.dll
Event: 0.248 Loaded shared library C:\Users\User\.jdks\openjdk-23\bin\jimage.dll

Deoptimization events (20 events):
Event: 0.190 Thread 0x00000172c9d922f0 Uncommon trap: trap_request=0xffffffde fr.pc=0x00000172dc2bf820 relative=0x0000000000000a00
Event: 0.190 Thread 0x00000172c9d922f0 Uncommon trap: reason=class_check action=maybe_recompile pc=0x00000172dc2bf820 method=java.util.HashMap.putVal(ILjava/lang/Object;Ljava/lang/Object;ZZ)Ljava/lang/Object; @ 106 c2
Event: 0.190 Thread 0x00000172c9d922f0 DEOPT PACKING pc=0x00000172dc2bf820 sp=0x0000003cf63fcce0
Event: 0.190 Thread 0x00000172c9d922f0 DEOPT UNPACKING pc=0x00000172dbd77982 sp=0x0000003cf63fcc98 mode 2
Event: 0.190 Thread 0x00000172c9d922f0 Uncommon trap: trap_request=0xffffffde fr.pc=0x00000172dc2bf820 relative=0x0000000000000a00
Event: 0.190 Thread 0x00000172c9d922f0 Uncommon trap: reason=class_check action=maybe_recompile pc=0x00000172dc2bf820 method=java.util.HashMap.putVal(ILjava/lang/Object;Ljava/lang/Object;ZZ)Ljava/lang/Object; @ 106 c2
Event: 0.190 Thread 0x00000172c9d922f0 DEOPT PACKING pc=0x00000172dc2bf820 sp=0x0000003cf63fcc20
Event: 0.190 Thread 0x00000172c9d922f0 DEOPT UNPACKING pc=0x00000172dbd77982 sp=0x0000003cf63fcbd8 mode 2
Event: 0.190 Thread 0x00000172c9d922f0 Uncommon trap: trap_request=0xffffffde fr.pc=0x00000172dc2bf820 relative=0x0000000000000a00
Event: 0.190 Thread 0x00000172c9d922f0 Uncommon trap: reason=class_check action=maybe_recompile pc=0x00000172dc2bf820 method=java.util.HashMap.putVal(ILjava/lang/Object;Ljava/lang/Object;ZZ)Ljava/lang/Object; @ 106 c2
Event: 0.190 Thread 0x00000172c9d922f0 DEOPT PACKING pc=0x00000172dc2bf820 sp=0x0000003cf63fcc20
Event: 0.190 Thread 0x00000172c9d922f0 DEOPT UNPACKING pc=0x00000172dbd77982 sp=0x0000003cf63fcbd8 mode 2
Event: 0.203 Thread 0x00000172c9d922f0 Uncommon trap: trap_request=0xffffff45 fr.pc=0x00000172dc2c5954 relative=0x00000000000004f4
Event: 0.203 Thread 0x00000172c9d922f0 Uncommon trap: reason=unstable_if action=reinterpret pc=0x00000172dc2c5954 method=java.lang.StringLatin1.replace([BCC)Ljava/lang/String; @ 19 c2
Event: 0.203 Thread 0x00000172c9d922f0 DEOPT PACKING pc=0x00000172dc2c5954 sp=0x0000003cf63ff190
Event: 0.203 Thread 0x00000172c9d922f0 DEOPT UNPACKING pc=0x00000172dbd77982 sp=0x0000003cf63ff110 mode 2
Event: 0.266 Thread 0x00000172e83c7920 Uncommon trap: trap_request=0xffffff45 fr.pc=0x00000172dc2d32fc relative=0x000000000000039c
Event: 0.266 Thread 0x00000172e83c7920 Uncommon trap: reason=unstable_if action=reinterpret pc=0x00000172dc2d32fc method=java.util.regex.Pattern$BmpCharPropertyGreedy.match(Ljava/util/regex/Matcher;ILjava/lang/CharSequence;)Z @ 12 c2
Event: 0.266 Thread 0x00000172e83c7920 DEOPT PACKING pc=0x00000172dc2d32fc sp=0x0000003cf6efe6e0
Event: 0.266 Thread 0x00000172e83c7920 DEOPT UNPACKING pc=0x00000172dbd77982 sp=0x0000003cf6efe678 mode 2

Classes loaded (20 events):
Event: 0.278 Loading class org/junit/internal/runners/statements/FailOnTimeout done
Event: 0.278 Loading class jdk/internal/agent/Agent done
Event: 0.278 Loading class sun/management/jmxremote/ConnectorBootstrap
Event: 0.278 Loading class sun/management/jmxremote/ConnectorBootstrap done
Event: 0.278 Loading class jdk/internal/logger/LazyLoggers
Event: 0.278 Loading class jdk/internal/logger/LazyLoggers done
Event: 0.278 Loading class jdk/internal/logger/LazyLoggers$1
Event: 0.278 Loading class jdk/internal/logger/LazyLoggers$1 done
Event: 0.278 Loading class jdk/internal/logger/LazyLoggers$LazyLoggerFactories
Event: 0.279 Loading class jdk/internal/logger/LazyLoggers$LazyLoggerFactories done
Event: 0.279 Loading class org/junit/validator/TestClassValidator
Event: 0.279 Loading class org/junit/validator/TestClassValidator done
Event: 0.279 Loading class jdk/internal/logger/DefaultLoggerFinder
Event: 0.279 Loading class jdk/internal/logger/DefaultLoggerFinder done
Event: 0.279 Loading class jdk/internal/logger/BootstrapLogger
Event: 0.279 Loading class jdk/internal/logger/BootstrapLogger done
Event: 0.279 Loading class org/junit/validator/AnnotationsValidator
Event: 0.279 Loading class org/junit/validator/AnnotationsValidator done
Event: 0.280 Loading class org/junit/validator/AnnotationsValidator$AnnotatableValidator
Event: 0.280 Loading class org/junit/validator/AnnotationsValidator$AnnotatableValidator done

Classes unloaded (0 events):
No events

Classes redefined (1 events):
Event: 0.199 Thread 0x00000172e83a5c60 redefined class name=java.lang.Throwable, count=1

Internal exceptions (3 events):
Event: 0.166 Thread 0x00000172c9d922f0 Exception <a 'java/lang/NoSuchMethodError'{0x000000008b93ca48}: 'java.lang.Object java.lang.invoke.Invokers$Holder.invokeExact_MT(java.lang.Object, java.lang.Object, java.lang.Object, java.lang.Object, java.lang.Object)'> (0x000000008b93ca48) 
thrown [s\open\src\hotspot\share\interpreter\linkResolver.cpp, line 796]
Event: 0.191 Thread 0x00000172c521d600 Exception <a 'java/lang/NoSuchMethodError'{0x000000008b804bc0}: 'void java.lang.invoke.DirectMethodHandle$Holder.invokeStatic(java.lang.Object, java.lang.Object)'> (0x000000008b804bc0) 
thrown [s\open\src\hotspot\share\interpreter\linkResolver.cpp, line 796]
Event: 0.228 Thread 0x00000172c9d922f0 Exception <a 'java/io/FileNotFoundException'{0x000000008b8cde30}> (0x000000008b8cde30) 
thrown [s\open\src\hotspot\share\prims\jni.cpp, line 520]

VM Operations (6 events):
Event: 0.129 Executing VM operation: HandshakeAllThreads (Deoptimize)
Event: 0.129 Executing VM operation: HandshakeAllThreads (Deoptimize) done
Event: 0.198 Executing VM operation: RedefineClasses
Event: 0.200 Executing VM operation: RedefineClasses done
Event: 0.267 Executing VM operation: HandshakeAllThreads (Deoptimize)
Event: 0.267 Executing VM operation: HandshakeAllThreads (Deoptimize) done

Memory protections (0 events):
No events

Nmethod flushes (0 events):
No events

Events (12 events):
Event: 0.030 Thread 0x00000172c9d922f0 Thread added: 0x00000172c9d922f0
Event: 0.045 Thread 0x00000172c9d922f0 Thread added: 0x00000172e83c3150
Event: 0.045 Thread 0x00000172c9d922f0 Thread added: 0x00000172e83c3e70
Event: 0.045 Thread 0x00000172c9d922f0 Thread added: 0x00000172e83c5d50
Event: 0.045 Thread 0x00000172c9d922f0 Thread added: 0x00000172e83c7920
Event: 0.045 Thread 0x00000172c9d922f0 Thread added: 0x00000172e83cab70
Event: 0.045 Thread 0x00000172c9d922f0 Thread added: 0x00000172e83cf5e0
Event: 0.046 Thread 0x00000172c9d922f0 Thread added: 0x00000172c5039110
Event: 0.046 Thread 0x00000172c9d922f0 Thread added: 0x00000172c5039fd0
Event: 0.120 Thread 0x00000172c9d922f0 Thread added: 0x00000172c5103730
Event: 0.168 Thread 0x00000172c9d922f0 Thread added: 0x00000172c521d600
Event: 0.202 Thread 0x00000172c9d922f0 Thread added: 0x00000172c5349a80


Dynamic libraries:
0x00007ff743d50000 - 0x00007ff743d5e000 	C:\Users\User\.jdks\openjdk-23\bin\java.exe
0x00007ffb18f50000 - 0x00007ffb19148000 	C:\Windows\SYSTEM32\ntdll.dll
0x00007ffb17a30000 - 0x00007ffb17aef000 	C:\Windows\System32\KERNEL32.DLL
0x00007ffb16c80000 - 0x00007ffb16f52000 	C:\Windows\System32\KERNELBASE.dll
0x00007ffb16a80000 - 0x00007ffb16b80000 	C:\Windows\System32\ucrtbase.dll
0x00007ffb0e760000 - 0x00007ffb0e77b000 	C:\Users\User\.jdks\openjdk-23\bin\VCRUNTIME140.dll
0x00007ffb0e780000 - 0x00007ffb0e797000 	C:\Users\User\.jdks\openjdk-23\bin\jli.dll
0x00007ffb18c30000 - 0x00007ffb18dd1000 	C:\Windows\System32\USER32.dll
0x00007ffb16830000 - 0x00007ffb16852000 	C:\Windows\System32\win32u.dll
0x00007ffb17970000 - 0x00007ffb1799b000 	C:\Windows\System32\GDI32.dll
0x00007ffb16970000 - 0x00007ffb16a7f000 	C:\Windows\System32\gdi32full.dll
0x00007ffb16860000 - 0x00007ffb168fd000 	C:\Windows\System32\msvcp_win.dll
0x00007ffafd2e0000 - 0x00007ffafd57a000 	C:\Windows\WinSxS\amd64_microsoft.windows.common-controls_6595b64144ccf1df_6.0.19041.1110_none_60b5254171f9507e\COMCTL32.dll
0x00007ffb17540000 - 0x00007ffb175de000 	C:\Windows\System32\msvcrt.dll
0x00007ffb17360000 - 0x00007ffb17392000 	C:\Windows\System32\IMM32.DLL
0x0000000071100000 - 0x000000007110c000 	C:\Program Files (x86)\360\Total Security\safemon\SafeWrapper.dll
0x00007ffb18260000 - 0x00007ffb1830e000 	C:\Windows\System32\ADVAPI32.dll
0x00007ffb18960000 - 0x00007ffb189fc000 	C:\Windows\System32\sechost.dll
0x00007ffb18830000 - 0x00007ffb18955000 	C:\Windows\System32\RPCRT4.dll
0x00007ffab9c00000 - 0x00007ffab9cac000 	C:\Program Files (x86)\360\Total Security\safemon\libzdtp64.dll
0x00007ffb17b00000 - 0x00007ffb18245000 	C:\Windows\System32\SHELL32.dll
0x00007ffb174e0000 - 0x00007ffb17535000 	C:\Windows\System32\SHLWAPI.dll
0x00007ffb160f0000 - 0x00007ffb160fa000 	C:\Windows\SYSTEM32\VERSION.dll
0x00007ffb0e750000 - 0x00007ffb0e75c000 	C:\Users\User\.jdks\openjdk-23\bin\vcruntime140_1.dll
0x00007ffb08eb0000 - 0x00007ffb08f3e000 	C:\Users\User\.jdks\openjdk-23\bin\msvcp140.dll
0x00007ffab4290000 - 0x00007ffab4fdf000 	C:\Users\User\.jdks\openjdk-23\bin\server\jvm.dll
0x00007ffb18bc0000 - 0x00007ffb18c2b000 	C:\Windows\System32\WS2_32.dll
0x00007ffb164b0000 - 0x00007ffb164fb000 	C:\Windows\SYSTEM32\POWRPROF.dll
0x00007ffafe8c0000 - 0x00007ffafe8e7000 	C:\Windows\SYSTEM32\WINMM.dll
0x00007ffb16490000 - 0x00007ffb164a2000 	C:\Windows\SYSTEM32\UMPDC.dll
0x00007ffb14e20000 - 0x00007ffb14e32000 	C:\Windows\SYSTEM32\kernel.appcore.dll
0x00007ffb0e740000 - 0x00007ffb0e74a000 	C:\Users\User\.jdks\openjdk-23\bin\jimage.dll
0x00007ffb10a80000 - 0x00007ffb10c64000 	C:\Windows\SYSTEM32\DBGHELP.DLL
0x00007ffaf9c50000 - 0x00007ffaf9c85000 	C:\Windows\SYSTEM32\dbgcore.DLL
0x00007ffb167a0000 - 0x00007ffb16822000 	C:\Windows\System32\bcryptPrimitives.dll
0x00007ffb0e6d0000 - 0x00007ffb0e6df000 	C:\Users\User\.jdks\openjdk-23\bin\instrument.dll
0x00007ffb0e6b0000 - 0x00007ffb0e6ce000 	C:\Users\User\.jdks\openjdk-23\bin\java.dll
0x00007ffb18de0000 - 0x00007ffb18f0a000 	C:\Windows\System32\ole32.dll
0x00007ffb17000000 - 0x00007ffb17355000 	C:\Windows\System32\combase.dll
0x00007ffb0e690000 - 0x00007ffb0e6a7000 	C:\Users\User\.jdks\openjdk-23\bin\zip.dll
0x00007ffb14640000 - 0x00007ffb14dd2000 	C:\Windows\SYSTEM32\windows.storage.dll
0x00007ffb15f50000 - 0x00007ffb15f80000 	C:\Windows\SYSTEM32\Wldp.dll
0x00007ffb18310000 - 0x00007ffb183bd000 	C:\Windows\System32\SHCORE.dll
0x00007ffb16580000 - 0x00007ffb1659f000 	C:\Windows\SYSTEM32\profapi.dll
0x00007ffaf4c20000 - 0x00007ffaf4cf7000 	C:\Users\User\.jdks\openjdk-23\bin\jsvml.dll
0x00007ffb0e680000 - 0x00007ffb0e690000 	C:\Users\User\.jdks\openjdk-23\bin\net.dll
0x00007ffb15cb0000 - 0x00007ffb15d1a000 	C:\Windows\system32\mswsock.dll
0x00007ffb08e90000 - 0x00007ffb08ea6000 	C:\Users\User\.jdks\openjdk-23\bin\nio.dll
0x00007ffb0e670000 - 0x00007ffb0e679000 	C:\Users\User\.jdks\openjdk-23\bin\extnet.dll
0x00007ffb08e60000 - 0x00007ffb08e70000 	C:\Users\User\.jdks\openjdk-23\bin\verify.dll

dbghelp: loaded successfully - version: 4.0.5 - missing functions: none
symbol engine: initialized successfully - sym options: 0x614 - pdb path: .;C:\Users\User\.jdks\openjdk-23\bin;C:\Windows\SYSTEM32;C:\Windows\WinSxS\amd64_microsoft.windows.common-controls_6595b64144ccf1df_6.0.19041.1110_none_60b5254171f9507e;C:\Program Files (x86)\360\Total Security\safemon;C:\Users\User\.jdks\openjdk-23\bin\server

VM Arguments:
jvm_args: -ea -Didea.test.cyclic.buffer.size=1048576 -javaagent:C:\Program Files\JetBrains\IntelliJ IDEA 2024.3.4.1\lib\idea_rt.jar=53587 -javaagent:C:\Users\User\AppData\Local\JetBrains\IntelliJIdea2024.3\captureAgent\debugger-agent.jar -Dkotlinx.coroutines.debug.enable.creation.stack.trace=false -Ddebugger.agent.enable.coroutines=true -Dkotlinx.coroutines.debug.enable.flows.stack.trace=true -Dkotlinx.coroutines.debug.enable.mutable.state.flows.stack.trace=true -Dfile.encoding=UTF-8 -Dsun.stdout.encoding=UTF-8 -Dsun.stderr.encoding=UTF-8 
java_command: com.intellij.rt.junit.JUnitStarter -ideVersion5 -junit4 UserServiceTest
java_class_path (initial): C:\Program Files\JetBrains\IntelliJ IDEA 2024.3.4.1\lib\idea_rt.jar;C:\Program Files\JetBrains\IntelliJ IDEA 2024.3.4.1\plugins\junit\lib\junit5-rt.jar;C:\Program Files\JetBrains\IntelliJ IDEA 2024.3.4.1\plugins\junit\lib\junit-rt.jar;D:\Pre-project\задача 1.1.4\target\test-classes;D:\Pre-project\задача 1.1.4\target\classes;C:\Users\User\.m2\repository\junit\junit\4.13.2\junit-4.13.2.jar;C:\Users\User\.m2\repository\org\hamcrest\hamcrest-core\1.3\hamcrest-core-1.3.jar;C:\Users\User\.m2\repository\mysql\mysql-connector-java\8.0.25\mysql-connector-java-8.0.25.jar;C:\Users\User\.m2\repository\com\google\protobuf\protobuf-java\3.11.4\protobuf-java-3.11.4.jar;C:\Users\User\.m2\repository\org\hibernate\javax\persistence\hibernate-jpa-2.1-api\1.0.2.Final\hibernate-jpa-2.1-api-1.0.2.Final.jar;C:\Users\User\.m2\repository\org\hibernate\hibernate-core\5.6.3.Final\hibernate-core-5.6.3.Final.jar;C:\Users\User\.m2\repository\org\jboss\logging\jboss-logging\3.4.2.Final\jboss-logging-3.4.2.Final.jar;C:\Users\User\.m2\repository\javax\persistence\javax.persistence-api\2.2\javax.persistence-api-2.2.jar;C:\Users\User\.m2\repository\net\bytebuddy\byte-buddy\1.11.20\byte-buddy-1.11.20.jar;C:\Users\User\.m2\repository\antlr\antlr\2.7.7\antlr-2.7.7.jar;C:\Users\User\.m2\repository\org\jboss\spec\javax\transaction\jboss-transaction-api_1.2_spec\1.1.1.Final\jboss-transaction-api_1.2_spec-1.1.1.Final.jar;C:\Users\User\.m2\repository\org\jboss\jandex\2.2.3.Final\jandex-2.2.3.Final.jar;C:\Users\User\.m2\repository\com\fasterxml\classmate\1.5.1\classmate-1.5.1.jar;C:\Users\User\.m2\repository\javax\activation\javax.activation-api\1.2.0\javax.activation-api-1.2.0.jar;C:\Users\User\.m2\repository\org\hibernate\common\hibernate-commons-annotations\5.1.2.Final\hibernate-commons-annotations-5.1.2.Final.jar;C:\Users\User\.m2\repository\javax\xml\bind\jaxb-api\2.3.1\jaxb-api-2.3.1.jar;C:\Users\User\.m2\repository\org\glassfish\jaxb\jaxb-runtime\2.3.1\jaxb-runtime-2.3.1.jar;C:\Users\User\.m2\repository\org\glassfish\jaxb\txw2\2.3.1\txw2-2.3.1.jar;C:\Users\User\.m2\repository\com\sun\istack\istack-commons-runtime\3.0.7\istack-commons-runtime-3.0.7.jar;C:\Users\User\.m2\repository\org\jvnet\staxex\stax-ex\1.8\stax-ex-1.8.jar;C:\Users\User\.m2\repository\com\sun\xml\fastinfoset\FastInfoset\1.2.15\FastInfoset-1.2.15.jar
Launcher Type: SUN_STANDARD

[Global flags]
     intx CICompilerCount                          = 3                                         {product} {ergonomic}
     uint ConcGCThreads                            = 1                                         {product} {ergonomic}
     uint G1ConcRefinementThreads                  = 4                                         {product} {ergonomic}
   size_t G1HeapRegionSize                         = 1048576                                   {product} {ergonomic}
   size_t InitialHeapSize                          = 130023424                                 {product} {ergonomic}
   size_t MarkStackSize                            = 4194304                                   {product} {ergonomic}
   size_t MarkStackSizeMax                         = 536870912                                 {product} {ergonomic}
   size_t MaxHeapSize                              = 2080374784                                {product} {ergonomic}
   size_t MaxNewSize                               = 1247805440                                {product} {ergonomic}
   size_t MinHeapDeltaBytes                        = 1048576                                   {product} {ergonomic}
   size_t MinHeapSize                              = 8388608                                   {product} {ergonomic}
    uintx NonNMethodCodeHeapSize                   = 5832704                                {pd product} {ergonomic}
    uintx NonProfiledCodeHeapSize                  = 122945536                              {pd product} {ergonomic}
    uintx ProfiledCodeHeapSize                     = 122880000                              {pd product} {ergonomic}
    uintx ReservedCodeCacheSize                    = 251658240                              {pd product} {ergonomic}
     bool SegmentedCodeCache                       = true                                      {product} {ergonomic}
   size_t SoftMaxHeapSize                          = 2080374784                             {manageable} {ergonomic}
     bool UseCompressedOops                        = true                           {product lp64_product} {ergonomic}
     bool UseG1GC                                  = true                                      {product} {ergonomic}
     bool UseLargePagesIndividualAllocation        = false                                  {pd product} {ergonomic}

Logging:
Log output configuration:
 #0: stdout all=warning uptime,level,tags foldmultilines=false
 #1: stderr all=off uptime,level,tags foldmultilines=false

Environment Variables:
JAVA_HOME=C:\JAVA\jdk-23.0.1
PATH=C:\Program Files (x86)\Common Files\Intel\Shared Files\cpp\bin\Intel64;C:\Windows\system32;C:\Windows;C:\Windows\System32\Wbem;C:\Windows\System32\WindowsPowerShell\v1.0\;C:\Windows\System32\OpenSSH\;C:\Program Files\WireGuard\;C:\Users\User\Desktop\matlabfolder\runtime\win64;C:\Users\User\Desktop\matlabfolder\bin;C:\JAVA\jdk-23.0.1\bin;C:\Program Files\dotnet\;C:\Program Files\Git\cmd;C:\JAVA\apache-maven-3.9.9\bin;C:\Users\User\AppData\Local\Microsoft\WindowsApps;C:\JAVA\jdk-23.0.1\bin;;C:\Program Files\JetBrains\IntelliJ IDEA Community Edition 2024.3\bin;;C:\Users\User\.dotnet\tools
USERNAME=User
OS=Windows_NT
PROCESSOR_IDENTIFIER=Intel64 Family 6 Model 126 Stepping 5, GenuineIntel
TMP=C:\Users\User\AppData\Local\Temp
TEMP=C:\Users\User\AppData\Local\Temp




Periodic native trim disabled

---------------  S Y S T E M  ---------------

OS:
 Windows 10 , 64 bit Build 19041 (10.0.19041.2546)
OS uptime: 0 days 0:51 hours

CPU: total 4 (initial active 4) (2 cores per cpu, 2 threads per core) family 6 model 126 stepping 5 microcode 0xa0, cx8, cmov, fxsr, ht, mmx, 3dnowpref, sse, sse2, sse3, ssse3, sse4.1, sse4.2, popcnt, lzcnt, tsc, tscinvbit, avx, avx2, aes, erms, clmul, bmi1, bmi2, adx, avx512f, avx512dq, avx512cd, avx512bw, avx512vl, sha, fma, vzeroupper, avx512_vpopcntdq, avx512_vpclmulqdq, avx512_vaes, avx512_vnni, clflush, clflushopt, avx512_vbmi2, avx512_vbmi, rdtscp, rdpid, fsrm, gfni, avx512_bitalg, f16c, pku, avx512_ifma
Processor Information for the first 4 processors :
  Max Mhz: 1190, Current Mhz: 1190, Mhz Limit: 1190

Memory: 4k page, system-wide physical 7933M (685M free)
TotalPageFile size 9981M (AvailPageFile size 3M)
current process WorkingSet (physical memory assigned to process): 51M, peak: 51M
current process commit charge ("private bytes"): 205M, peak: 205M

vm_info: OpenJDK 64-Bit Server VM (23+37-2369) for windows-amd64 JRE (23+37-2369), built on 2024-08-20T16:01:23Z with MS VC++ 17.6 (VS2022)

END.
