#
# There is insufficient memory for the Java Runtime Environment to continue.
# Native memory allocation (malloc) failed to allocate 1006816 bytes. Error detail: Chunk::new
# Possible reasons:
#   The system is out of physical RAM or swap space
#   This process is running with CompressedOops enabled, and the Java Heap may be blocking the growth of the native heap
# Possible solutions:
#   Reduce memory load on the system
#   Increase physical memory or swap space
#   Check if swap backing store is full
#   Decrease Java heap size (-Xmx/-Xms)
#   Decrease number of Java threads
#   Decrease Java thread stack sizes (-Xss)
#   Set larger code cache with -XX:ReservedCodeCacheSize=
#   JVM is running with Unscaled Compressed Oops mode in which the Java heap is
#     placed in the first 4GB address space. The Java Heap base address is the
#     maximum limit for the native heap growth. Please use -XX:HeapBaseMinAddress
#     to set the Java Heap base and to place the Java Heap above 4GB virtual address.
# This output file may be truncated or incomplete.
#
#  Out of Memory Error (arena.cpp:168), pid=8900, tid=3120
#
# JRE version: OpenJDK Runtime Environment JBR-21.0.6+8-631.39-jcef (21.0.6+8) (build 21.0.6+8-b631.39)
# Java VM: OpenJDK 64-Bit Server VM JBR-21.0.6+8-631.39-jcef (21.0.6+8-b631.39, mixed mode, sharing, tiered, compressed oops, compressed class ptrs, g1 gc, windows-amd64)
# No core dump will be written. Minidumps are not enabled by default on client versions of Windows
#

---------------  S U M M A R Y ------------

Command Line: -Djava.rmi.server.hostname=127.0.0.1 -Duser.timezone=UTC -Xmx2048m -Xms128m -Djdbc.classpath=C:\Users\User\AppData\Local\Temp\RemoteDriver12555.classpath.txt --add-exports=java.desktop/sun.awt=ALL-UNNAMED --add-exports=java.desktop/java.awt.peer=ALL-UNNAMED --add-opens=java.desktop/java.awt=ALL-UNNAMED --add-opens=jdk.unsupported/sun.misc=ALL-UNNAMED --add-opens=java.base/java.nio=ALL-UNNAMED --add-opens=java.base/java.util=ALL-UNNAMED -Dfile.encoding=UTF-8 -Dsun.stdout.encoding=UTF-8 -Dsun.stderr.encoding=UTF-8 com.intellij.database.remote.RemoteJdbcServer com.mysql.cj.jdbc.Driver

Host: Intel(R) Core(TM) i3-1005G1 CPU @ 1.20GHz, 4 cores, 7G,  Windows 10 , 64 bit Build 19041 (10.0.19041.2546)
Time: Fri Mar 14 12:50:13 2025 RTZ 2 (s 10 , 64 bit Build 19041 (10.0.19041.2546) elapsed time: 1.449962 seconds (0d 0h 0m 1s)

---------------  T H R E A D  ---------------

Current thread (0x0000027a424aac70):  JavaThread "C2 CompilerThread0" daemon [_thread_in_native, id=3120, stack(0x000000c7b0000000,0x000000c7b0100000) (1024K)]


Current CompileTask:
C2:1450 1840       4       sun.security.ec.ECOperations::setDouble (463 bytes)

Stack: [0x000000c7b0000000,0x000000c7b0100000]
Native frames: (J=compiled Java code, j=interpreted, Vv=VM code, C=native code)
V  [jvm.dll+0x6e5d39]
V  [jvm.dll+0x8c4133]
V  [jvm.dll+0x8c668e]
V  [jvm.dll+0x8c6d73]
V  [jvm.dll+0x288f76]
V  [jvm.dll+0xc66dd]
V  [jvm.dll+0xc6c13]
V  [jvm.dll+0x2feb80]
V  [jvm.dll+0x60c8b9]
V  [jvm.dll+0x2598d2]
V  [jvm.dll+0x259c8f]
V  [jvm.dll+0x252435]
V  [jvm.dll+0x24fc8e]
V  [jvm.dll+0x1cd6c4]
V  [jvm.dll+0x25f60c]
V  [jvm.dll+0x25db56]
V  [jvm.dll+0x3ff756]
V  [jvm.dll+0x86bd48]
V  [jvm.dll+0x6e453d]
C  [ucrtbase.dll+0x21bb2]
C  [KERNEL32.DLL+0x17614]
C  [ntdll.dll+0x526a1]


---------------  P R O C E S S  ---------------

Threads class SMR info:
_java_thread_list=0x0000027a880a8b00, length=23, elements={
0x0000027a2a83b210, 0x0000027a4249b7a0, 0x0000027a4249c3f0, 0x0000027a424a1420,
0x0000027a424a1e70, 0x0000027a424a5070, 0x0000027a424a5ed0, 0x0000027a424aac70,
0x0000027a424b4640, 0x0000027a427207a0, 0x0000027a4272ce20, 0x0000027a4277cec0,
0x0000027a8800a0a0, 0x0000027a88182ef0, 0x0000027a88267080, 0x0000027a882676e0,
0x0000027a88267d40, 0x0000027a8836a180, 0x0000027a8836a7e0, 0x0000027a88344ce0,
0x0000027a883412f0, 0x0000027a8833e500, 0x0000027a88340c60
}

Java Threads: ( => current thread )
  0x0000027a2a83b210 JavaThread "main"                              [_thread_blocked, id=4188, stack(0x000000c7af200000,0x000000c7af300000) (1024K)]
  0x0000027a4249b7a0 JavaThread "Reference Handler"          daemon [_thread_blocked, id=13680, stack(0x000000c7afa00000,0x000000c7afb00000) (1024K)]
  0x0000027a4249c3f0 JavaThread "Finalizer"                  daemon [_thread_blocked, id=13608, stack(0x000000c7afb00000,0x000000c7afc00000) (1024K)]
  0x0000027a424a1420 JavaThread "Signal Dispatcher"          daemon [_thread_blocked, id=11496, stack(0x000000c7afc00000,0x000000c7afd00000) (1024K)]
  0x0000027a424a1e70 JavaThread "Attach Listener"            daemon [_thread_blocked, id=4912, stack(0x000000c7afd00000,0x000000c7afe00000) (1024K)]
  0x0000027a424a5070 JavaThread "Service Thread"             daemon [_thread_blocked, id=544, stack(0x000000c7afe00000,0x000000c7aff00000) (1024K)]
  0x0000027a424a5ed0 JavaThread "Monitor Deflation Thread"   daemon [_thread_blocked, id=13684, stack(0x000000c7aff00000,0x000000c7b0000000) (1024K)]
=>0x0000027a424aac70 JavaThread "C2 CompilerThread0"         daemon [_thread_in_native, id=3120, stack(0x000000c7b0000000,0x000000c7b0100000) (1024K)]
  0x0000027a424b4640 JavaThread "C1 CompilerThread0"         daemon [_thread_blocked, id=1920, stack(0x000000c7b0100000,0x000000c7b0200000) (1024K)]
  0x0000027a427207a0 JavaThread "Common-Cleaner"             daemon [_thread_blocked, id=8820, stack(0x000000c7b0200000,0x000000c7b0300000) (1024K)]
  0x0000027a4272ce20 JavaThread "Notification Thread"        daemon [_thread_blocked, id=8776, stack(0x000000c7b0300000,0x000000c7b0400000) (1024K)]
  0x0000027a4277cec0 JavaThread "C2 CompilerThread1"         daemon [_thread_blocked, id=9636, stack(0x000000c7b0400000,0x000000c7b0500000) (1024K)]
  0x0000027a8800a0a0 JavaThread "mysql-cj-abandoned-connection-cleanup" daemon [_thread_blocked, id=12748, stack(0x000000c7b0500000,0x000000c7b0600000) (1024K)]
  0x0000027a88182ef0 JavaThread "RMI TCP Accept-41982"       daemon [_thread_in_native, id=3416, stack(0x000000c7b0900000,0x000000c7b0a00000) (1024K)]
  0x0000027a88267080 JavaThread "RMI TCP Accept-0"           daemon [_thread_in_native, id=11092, stack(0x000000c7b0a00000,0x000000c7b0b00000) (1024K)]
  0x0000027a882676e0 JavaThread "RMI Reaper"                        [_thread_blocked, id=9412, stack(0x000000c7b0b00000,0x000000c7b0c00000) (1024K)]
  0x0000027a88267d40 JavaThread "RMI GC Daemon"              daemon [_thread_blocked, id=13332, stack(0x000000c7b0c00000,0x000000c7b0d00000) (1024K)]
  0x0000027a8836a180 JavaThread "RMI TCP Connection(1)-127.0.0.1" daemon [_thread_in_native, id=512, stack(0x000000c7b0d00000,0x000000c7b0e00000) (1024K)]
  0x0000027a8836a7e0 JavaThread "RMI TCP Connection(2)-127.0.0.1" daemon [_thread_in_native, id=11328, stack(0x000000c7b0e00000,0x000000c7b0f00000) (1024K)]
  0x0000027a88344ce0 JavaThread "RMI TCP Connection(3)-127.0.0.1" daemon [_thread_in_vm, id=14080, stack(0x000000c7b0f00000,0x000000c7b1000000) (1024K)]
  0x0000027a883412f0 JavaThread "RMI TCP Connection(4)-127.0.0.1" daemon [_thread_in_native, id=10064, stack(0x000000c7b1000000,0x000000c7b1100000) (1024K)]
  0x0000027a8833e500 JavaThread "RMI Scheduler(0)"           daemon [_thread_blocked, id=7924, stack(0x000000c7b1100000,0x000000c7b1200000) (1024K)]
  0x0000027a88340c60 JavaThread "RMI RenewClean-[127.0.0.1:54909]" daemon [_thread_blocked, id=1352, stack(0x000000c7b1200000,0x000000c7b1300000) (1024K)]
Total: 23

Other Threads:
  0x0000027a283da400 VMThread "VM Thread"                           [id=12348, stack(0x000000c7af900000,0x000000c7afa00000) (1024K)]
  0x0000027a42473960 WatcherThread "VM Periodic Task Thread"        [id=2836, stack(0x000000c7af800000,0x000000c7af900000) (1024K)]
  0x0000027a283d9cc0 WorkerThread "GC Thread#0"                     [id=10440, stack(0x000000c7af300000,0x000000c7af400000) (1024K)]
  0x0000027a283daee0 WorkerThread "GC Thread#1"                     [id=14244, stack(0x000000c7b0600000,0x000000c7b0700000) (1024K)]
  0x0000027a283da7a0 WorkerThread "GC Thread#2"                     [id=3232, stack(0x000000c7b0700000,0x000000c7b0800000) (1024K)]
  0x0000027a283d9580 WorkerThread "GC Thread#3"                     [id=3828, stack(0x000000c7b0800000,0x000000c7b0900000) (1024K)]
  0x0000027a2a8a42c0 ConcurrentGCThread "G1 Main Marker"            [id=4576, stack(0x000000c7af400000,0x000000c7af500000) (1024K)]
  0x0000027a283da060 WorkerThread "G1 Conc#0"                       [id=11084, stack(0x000000c7af500000,0x000000c7af600000) (1024K)]
  0x0000027a2a8de960 ConcurrentGCThread "G1 Refine#0"               [id=5960, stack(0x000000c7af600000,0x000000c7af700000) (1024K)]
  0x0000027a42337590 ConcurrentGCThread "G1 Service"                [id=536, stack(0x000000c7af700000,0x000000c7af800000) (1024K)]
Total: 10

Threads with active compile tasks:
C2 CompilerThread0  1482 1840       4       sun.security.ec.ECOperations::setDouble (463 bytes)
Total: 1

VM state: not at safepoint (normal execution)

VM Mutex/Monitor currently owned by a thread: None

Heap address: 0x0000000080000000, size: 2048 MB, Compressed Oops mode: 32-bit

CDS archive(s) mapped at: [0x0000027a43000000-0x0000027a43d00000-0x0000027a43d00000), size 13631488, SharedBaseAddress: 0x0000027a43000000, ArchiveRelocationMode: 1.
Compressed class space mapped at: 0x0000027a44000000-0x0000027a84000000, reserved size: 1073741824
Narrow klass base: 0x0000027a43000000, Narrow klass shift: 0, Narrow klass range: 0x100000000

GC Precious Log:
 CardTable entry size: 512
 Card Set container configuration: InlinePtr #cards 5 size 8 Array Of Cards #cards 12 size 40 Howl #buckets 4 coarsen threshold 1843 Howl Bitmap #cards 512 size 80 coarsen threshold 460 Card regions per heap region 1 cards per card region 2048
 CPUs: 4 total, 4 available
 Memory: 7933M
 Large Page Support: Disabled
 NUMA Support: Disabled
 Compressed Oops: Enabled (32-bit)
 Heap Region Size: 1M
 Heap Min Capacity: 128M
 Heap Initial Capacity: 128M
 Heap Max Capacity: 2G
 Pre-touch: Disabled
 Parallel Workers: 4
 Concurrent Workers: 1
 Concurrent Refinement Workers: 4
 Periodic GC: Disabled

Heap:
 garbage-first heap   total 131072K, used 16660K [0x0000000080000000, 0x0000000100000000)
  region size 1024K, 9 young (9216K), 2 survivors (2048K)
 Metaspace       used 15648K, committed 16064K, reserved 1114112K
  class space    used 1852K, committed 2048K, reserved 1048576K

Heap Regions: E=young(eden), S=young(survivor), O=old, HS=humongous(starts), HC=humongous(continues), CS=collection set, F=free, TAMS=top-at-mark-start, PB=parsable bottom
|   0|0x0000000080000000, 0x0000000080100000, 0x0000000080100000|100%|HS|  |TAMS 0x0000000080000000| PB 0x0000000080000000| Complete 
|   1|0x0000000080100000, 0x0000000080200000, 0x0000000080200000|100%|HC|  |TAMS 0x0000000080100000| PB 0x0000000080100000| Complete 
|   2|0x0000000080200000, 0x0000000080300000, 0x0000000080300000|100%|HS|  |TAMS 0x0000000080200000| PB 0x0000000080200000| Complete 
|   3|0x0000000080300000, 0x0000000080400000, 0x0000000080400000|100%|HS|  |TAMS 0x0000000080300000| PB 0x0000000080300000| Complete 
|   4|0x0000000080400000, 0x0000000080500000, 0x0000000080500000|100%| O|  |TAMS 0x0000000080400000| PB 0x0000000080400000| Untracked 
|   5|0x0000000080500000, 0x0000000080600000, 0x0000000080600000|100%| O|  |TAMS 0x0000000080500000| PB 0x0000000080500000| Untracked 
|   6|0x0000000080600000, 0x0000000080700000, 0x0000000080700000|100%| O|  |TAMS 0x0000000080600000| PB 0x0000000080600000| Untracked 
|   7|0x0000000080700000, 0x0000000080800000, 0x0000000080800000|100%| O|  |TAMS 0x0000000080700000| PB 0x0000000080700000| Untracked 
|   8|0x0000000080800000, 0x0000000080845090, 0x0000000080900000| 26%| O|  |TAMS 0x0000000080800000| PB 0x0000000080800000| Untracked 
|   9|0x0000000080900000, 0x0000000080900000, 0x0000000080a00000|  0%| F|  |TAMS 0x0000000080900000| PB 0x0000000080900000| Untracked 
|  10|0x0000000080a00000, 0x0000000080a00000, 0x0000000080b00000|  0%| F|  |TAMS 0x0000000080a00000| PB 0x0000000080a00000| Untracked 
|  11|0x0000000080b00000, 0x0000000080b00000, 0x0000000080c00000|  0%| F|  |TAMS 0x0000000080b00000| PB 0x0000000080b00000| Untracked 
|  12|0x0000000080c00000, 0x0000000080c00000, 0x0000000080d00000|  0%| F|  |TAMS 0x0000000080c00000| PB 0x0000000080c00000| Untracked 
|  13|0x0000000080d00000, 0x0000000080d00000, 0x0000000080e00000|  0%| F|  |TAMS 0x0000000080d00000| PB 0x0000000080d00000| Untracked 
|  14|0x0000000080e00000, 0x0000000080e00000, 0x0000000080f00000|  0%| F|  |TAMS 0x0000000080e00000| PB 0x0000000080e00000| Untracked 
|  15|0x0000000080f00000, 0x0000000080f00000, 0x0000000081000000|  0%| F|  |TAMS 0x0000000080f00000| PB 0x0000000080f00000| Untracked 
|  16|0x0000000081000000, 0x0000000081000000, 0x0000000081100000|  0%| F|  |TAMS 0x0000000081000000| PB 0x0000000081000000| Untracked 
|  17|0x0000000081100000, 0x0000000081100000, 0x0000000081200000|  0%| F|  |TAMS 0x0000000081100000| PB 0x0000000081100000| Untracked 
|  18|0x0000000081200000, 0x0000000081200000, 0x0000000081300000|  0%| F|  |TAMS 0x0000000081200000| PB 0x0000000081200000| Untracked 
|  19|0x0000000081300000, 0x0000000081300000, 0x0000000081400000|  0%| F|  |TAMS 0x0000000081300000| PB 0x0000000081300000| Untracked 
|  20|0x0000000081400000, 0x0000000081400000, 0x0000000081500000|  0%| F|  |TAMS 0x0000000081400000| PB 0x0000000081400000| Untracked 
|  21|0x0000000081500000, 0x0000000081500000, 0x0000000081600000|  0%| F|  |TAMS 0x0000000081500000| PB 0x0000000081500000| Untracked 
|  22|0x0000000081600000, 0x0000000081600000, 0x0000000081700000|  0%| F|  |TAMS 0x0000000081600000| PB 0x0000000081600000| Untracked 
|  23|0x0000000081700000, 0x0000000081700000, 0x0000000081800000|  0%| F|  |TAMS 0x0000000081700000| PB 0x0000000081700000| Untracked 
|  24|0x0000000081800000, 0x0000000081800000, 0x0000000081900000|  0%| F|  |TAMS 0x0000000081800000| PB 0x0000000081800000| Untracked 
|  25|0x0000000081900000, 0x0000000081900000, 0x0000000081a00000|  0%| F|  |TAMS 0x0000000081900000| PB 0x0000000081900000| Untracked 
|  26|0x0000000081a00000, 0x0000000081a00000, 0x0000000081b00000|  0%| F|  |TAMS 0x0000000081a00000| PB 0x0000000081a00000| Untracked 
|  27|0x0000000081b00000, 0x0000000081b00000, 0x0000000081c00000|  0%| F|  |TAMS 0x0000000081b00000| PB 0x0000000081b00000| Untracked 
|  28|0x0000000081c00000, 0x0000000081c00000, 0x0000000081d00000|  0%| F|  |TAMS 0x0000000081c00000| PB 0x0000000081c00000| Untracked 
|  29|0x0000000081d00000, 0x0000000081d00000, 0x0000000081e00000|  0%| F|  |TAMS 0x0000000081d00000| PB 0x0000000081d00000| Untracked 
|  30|0x0000000081e00000, 0x0000000081e00000, 0x0000000081f00000|  0%| F|  |TAMS 0x0000000081e00000| PB 0x0000000081e00000| Untracked 
|  31|0x0000000081f00000, 0x0000000081f00000, 0x0000000082000000|  0%| F|  |TAMS 0x0000000081f00000| PB 0x0000000081f00000| Untracked 
|  32|0x0000000082000000, 0x0000000082000000, 0x0000000082100000|  0%| F|  |TAMS 0x0000000082000000| PB 0x0000000082000000| Untracked 
|  33|0x0000000082100000, 0x0000000082100000, 0x0000000082200000|  0%| F|  |TAMS 0x0000000082100000| PB 0x0000000082100000| Untracked 
|  34|0x0000000082200000, 0x0000000082200000, 0x0000000082300000|  0%| F|  |TAMS 0x0000000082200000| PB 0x0000000082200000| Untracked 
|  35|0x0000000082300000, 0x0000000082300000, 0x0000000082400000|  0%| F|  |TAMS 0x0000000082300000| PB 0x0000000082300000| Untracked 
|  36|0x0000000082400000, 0x0000000082400000, 0x0000000082500000|  0%| F|  |TAMS 0x0000000082400000| PB 0x0000000082400000| Untracked 
|  37|0x0000000082500000, 0x0000000082500000, 0x0000000082600000|  0%| F|  |TAMS 0x0000000082500000| PB 0x0000000082500000| Untracked 
|  38|0x0000000082600000, 0x0000000082600000, 0x0000000082700000|  0%| F|  |TAMS 0x0000000082600000| PB 0x0000000082600000| Untracked 
|  39|0x0000000082700000, 0x0000000082700000, 0x0000000082800000|  0%| F|  |TAMS 0x0000000082700000| PB 0x0000000082700000| Untracked 
|  40|0x0000000082800000, 0x0000000082800000, 0x0000000082900000|  0%| F|  |TAMS 0x0000000082800000| PB 0x0000000082800000| Untracked 
|  41|0x0000000082900000, 0x0000000082900000, 0x0000000082a00000|  0%| F|  |TAMS 0x0000000082900000| PB 0x0000000082900000| Untracked 
|  42|0x0000000082a00000, 0x0000000082a00000, 0x0000000082b00000|  0%| F|  |TAMS 0x0000000082a00000| PB 0x0000000082a00000| Untracked 
|  43|0x0000000082b00000, 0x0000000082b00000, 0x0000000082c00000|  0%| F|  |TAMS 0x0000000082b00000| PB 0x0000000082b00000| Untracked 
|  44|0x0000000082c00000, 0x0000000082c00000, 0x0000000082d00000|  0%| F|  |TAMS 0x0000000082c00000| PB 0x0000000082c00000| Untracked 
|  45|0x0000000082d00000, 0x0000000082d00000, 0x0000000082e00000|  0%| F|  |TAMS 0x0000000082d00000| PB 0x0000000082d00000| Untracked 
|  46|0x0000000082e00000, 0x0000000082e00000, 0x0000000082f00000|  0%| F|  |TAMS 0x0000000082e00000| PB 0x0000000082e00000| Untracked 
|  47|0x0000000082f00000, 0x0000000082f00000, 0x0000000083000000|  0%| F|  |TAMS 0x0000000082f00000| PB 0x0000000082f00000| Untracked 
|  48|0x0000000083000000, 0x0000000083000000, 0x0000000083100000|  0%| F|  |TAMS 0x0000000083000000| PB 0x0000000083000000| Untracked 
|  49|0x0000000083100000, 0x0000000083100000, 0x0000000083200000|  0%| F|  |TAMS 0x0000000083100000| PB 0x0000000083100000| Untracked 
|  50|0x0000000083200000, 0x0000000083200000, 0x0000000083300000|  0%| F|  |TAMS 0x0000000083200000| PB 0x0000000083200000| Untracked 
|  51|0x0000000083300000, 0x0000000083300000, 0x0000000083400000|  0%| F|  |TAMS 0x0000000083300000| PB 0x0000000083300000| Untracked 
|  52|0x0000000083400000, 0x0000000083400000, 0x0000000083500000|  0%| F|  |TAMS 0x0000000083400000| PB 0x0000000083400000| Untracked 
|  53|0x0000000083500000, 0x0000000083500000, 0x0000000083600000|  0%| F|  |TAMS 0x0000000083500000| PB 0x0000000083500000| Untracked 
|  54|0x0000000083600000, 0x0000000083600000, 0x0000000083700000|  0%| F|  |TAMS 0x0000000083600000| PB 0x0000000083600000| Untracked 
|  55|0x0000000083700000, 0x0000000083700000, 0x0000000083800000|  0%| F|  |TAMS 0x0000000083700000| PB 0x0000000083700000| Untracked 
|  56|0x0000000083800000, 0x0000000083800000, 0x0000000083900000|  0%| F|  |TAMS 0x0000000083800000| PB 0x0000000083800000| Untracked 
|  57|0x0000000083900000, 0x0000000083900000, 0x0000000083a00000|  0%| F|  |TAMS 0x0000000083900000| PB 0x0000000083900000| Untracked 
|  58|0x0000000083a00000, 0x0000000083a00000, 0x0000000083b00000|  0%| F|  |TAMS 0x0000000083a00000| PB 0x0000000083a00000| Untracked 
|  59|0x0000000083b00000, 0x0000000083b00000, 0x0000000083c00000|  0%| F|  |TAMS 0x0000000083b00000| PB 0x0000000083b00000| Untracked 
|  60|0x0000000083c00000, 0x0000000083c00000, 0x0000000083d00000|  0%| F|  |TAMS 0x0000000083c00000| PB 0x0000000083c00000| Untracked 
|  61|0x0000000083d00000, 0x0000000083d00000, 0x0000000083e00000|  0%| F|  |TAMS 0x0000000083d00000| PB 0x0000000083d00000| Untracked 
|  62|0x0000000083e00000, 0x0000000083e00000, 0x0000000083f00000|  0%| F|  |TAMS 0x0000000083e00000| PB 0x0000000083e00000| Untracked 
|  63|0x0000000083f00000, 0x0000000083f00000, 0x0000000084000000|  0%| F|  |TAMS 0x0000000083f00000| PB 0x0000000083f00000| Untracked 
|  64|0x0000000084000000, 0x0000000084000000, 0x0000000084100000|  0%| F|  |TAMS 0x0000000084000000| PB 0x0000000084000000| Untracked 
|  65|0x0000000084100000, 0x0000000084100000, 0x0000000084200000|  0%| F|  |TAMS 0x0000000084100000| PB 0x0000000084100000| Untracked 
|  66|0x0000000084200000, 0x0000000084200000, 0x0000000084300000|  0%| F|  |TAMS 0x0000000084200000| PB 0x0000000084200000| Untracked 
|  67|0x0000000084300000, 0x0000000084300000, 0x0000000084400000|  0%| F|  |TAMS 0x0000000084300000| PB 0x0000000084300000| Untracked 
|  68|0x0000000084400000, 0x0000000084400000, 0x0000000084500000|  0%| F|  |TAMS 0x0000000084400000| PB 0x0000000084400000| Untracked 
|  69|0x0000000084500000, 0x0000000084500000, 0x0000000084600000|  0%| F|  |TAMS 0x0000000084500000| PB 0x0000000084500000| Untracked 
|  70|0x0000000084600000, 0x0000000084600000, 0x0000000084700000|  0%| F|  |TAMS 0x0000000084600000| PB 0x0000000084600000| Untracked 
|  71|0x0000000084700000, 0x0000000084700000, 0x0000000084800000|  0%| F|  |TAMS 0x0000000084700000| PB 0x0000000084700000| Untracked 
|  72|0x0000000084800000, 0x0000000084800000, 0x0000000084900000|  0%| F|  |TAMS 0x0000000084800000| PB 0x0000000084800000| Untracked 
|  73|0x0000000084900000, 0x0000000084900000, 0x0000000084a00000|  0%| F|  |TAMS 0x0000000084900000| PB 0x0000000084900000| Untracked 
|  74|0x0000000084a00000, 0x0000000084a00000, 0x0000000084b00000|  0%| F|  |TAMS 0x0000000084a00000| PB 0x0000000084a00000| Untracked 
|  75|0x0000000084b00000, 0x0000000084b00000, 0x0000000084c00000|  0%| F|  |TAMS 0x0000000084b00000| PB 0x0000000084b00000| Untracked 
|  76|0x0000000084c00000, 0x0000000084c00000, 0x0000000084d00000|  0%| F|  |TAMS 0x0000000084c00000| PB 0x0000000084c00000| Untracked 
|  77|0x0000000084d00000, 0x0000000084d00000, 0x0000000084e00000|  0%| F|  |TAMS 0x0000000084d00000| PB 0x0000000084d00000| Untracked 
|  78|0x0000000084e00000, 0x0000000084e00000, 0x0000000084f00000|  0%| F|  |TAMS 0x0000000084e00000| PB 0x0000000084e00000| Untracked 
|  79|0x0000000084f00000, 0x0000000084f00000, 0x0000000085000000|  0%| F|  |TAMS 0x0000000084f00000| PB 0x0000000084f00000| Untracked 
|  80|0x0000000085000000, 0x0000000085000000, 0x0000000085100000|  0%| F|  |TAMS 0x0000000085000000| PB 0x0000000085000000| Untracked 
|  81|0x0000000085100000, 0x0000000085100000, 0x0000000085200000|  0%| F|  |TAMS 0x0000000085100000| PB 0x0000000085100000| Untracked 
|  82|0x0000000085200000, 0x0000000085200000, 0x0000000085300000|  0%| F|  |TAMS 0x0000000085200000| PB 0x0000000085200000| Untracked 
|  83|0x0000000085300000, 0x0000000085300000, 0x0000000085400000|  0%| F|  |TAMS 0x0000000085300000| PB 0x0000000085300000| Untracked 
|  84|0x0000000085400000, 0x0000000085400000, 0x0000000085500000|  0%| F|  |TAMS 0x0000000085400000| PB 0x0000000085400000| Untracked 
|  85|0x0000000085500000, 0x0000000085500000, 0x0000000085600000|  0%| F|  |TAMS 0x0000000085500000| PB 0x0000000085500000| Untracked 
|  86|0x0000000085600000, 0x0000000085600000, 0x0000000085700000|  0%| F|  |TAMS 0x0000000085600000| PB 0x0000000085600000| Untracked 
|  87|0x0000000085700000, 0x0000000085700000, 0x0000000085800000|  0%| F|  |TAMS 0x0000000085700000| PB 0x0000000085700000| Untracked 
|  88|0x0000000085800000, 0x0000000085800000, 0x0000000085900000|  0%| F|  |TAMS 0x0000000085800000| PB 0x0000000085800000| Untracked 
|  89|0x0000000085900000, 0x0000000085900000, 0x0000000085a00000|  0%| F|  |TAMS 0x0000000085900000| PB 0x0000000085900000| Untracked 
|  90|0x0000000085a00000, 0x0000000085a00000, 0x0000000085b00000|  0%| F|  |TAMS 0x0000000085a00000| PB 0x0000000085a00000| Untracked 
|  91|0x0000000085b00000, 0x0000000085b00000, 0x0000000085c00000|  0%| F|  |TAMS 0x0000000085b00000| PB 0x0000000085b00000| Untracked 
|  92|0x0000000085c00000, 0x0000000085c00000, 0x0000000085d00000|  0%| F|  |TAMS 0x0000000085c00000| PB 0x0000000085c00000| Untracked 
|  93|0x0000000085d00000, 0x0000000085d00000, 0x0000000085e00000|  0%| F|  |TAMS 0x0000000085d00000| PB 0x0000000085d00000| Untracked 
|  94|0x0000000085e00000, 0x0000000085e00000, 0x0000000085f00000|  0%| F|  |TAMS 0x0000000085e00000| PB 0x0000000085e00000| Untracked 
|  95|0x0000000085f00000, 0x0000000085f00000, 0x0000000086000000|  0%| F|  |TAMS 0x0000000085f00000| PB 0x0000000085f00000| Untracked 
|  96|0x0000000086000000, 0x0000000086000000, 0x0000000086100000|  0%| F|  |TAMS 0x0000000086000000| PB 0x0000000086000000| Untracked 
|  97|0x0000000086100000, 0x0000000086100000, 0x0000000086200000|  0%| F|  |TAMS 0x0000000086100000| PB 0x0000000086100000| Untracked 
|  98|0x0000000086200000, 0x0000000086200000, 0x0000000086300000|  0%| F|  |TAMS 0x0000000086200000| PB 0x0000000086200000| Untracked 
|  99|0x0000000086300000, 0x0000000086300000, 0x0000000086400000|  0%| F|  |TAMS 0x0000000086300000| PB 0x0000000086300000| Untracked 
| 100|0x0000000086400000, 0x0000000086400000, 0x0000000086500000|  0%| F|  |TAMS 0x0000000086400000| PB 0x0000000086400000| Untracked 
| 101|0x0000000086500000, 0x0000000086500000, 0x0000000086600000|  0%| F|  |TAMS 0x0000000086500000| PB 0x0000000086500000| Untracked 
| 102|0x0000000086600000, 0x0000000086600000, 0x0000000086700000|  0%| F|  |TAMS 0x0000000086600000| PB 0x0000000086600000| Untracked 
| 103|0x0000000086700000, 0x0000000086700000, 0x0000000086800000|  0%| F|  |TAMS 0x0000000086700000| PB 0x0000000086700000| Untracked 
| 104|0x0000000086800000, 0x0000000086800000, 0x0000000086900000|  0%| F|  |TAMS 0x0000000086800000| PB 0x0000000086800000| Untracked 
| 105|0x0000000086900000, 0x0000000086900000, 0x0000000086a00000|  0%| F|  |TAMS 0x0000000086900000| PB 0x0000000086900000| Untracked 
| 106|0x0000000086a00000, 0x0000000086a00000, 0x0000000086b00000|  0%| F|  |TAMS 0x0000000086a00000| PB 0x0000000086a00000| Untracked 
| 107|0x0000000086b00000, 0x0000000086b00000, 0x0000000086c00000|  0%| F|  |TAMS 0x0000000086b00000| PB 0x0000000086b00000| Untracked 
| 108|0x0000000086c00000, 0x0000000086c00000, 0x0000000086d00000|  0%| F|  |TAMS 0x0000000086c00000| PB 0x0000000086c00000| Untracked 
| 109|0x0000000086d00000, 0x0000000086d00000, 0x0000000086e00000|  0%| F|  |TAMS 0x0000000086d00000| PB 0x0000000086d00000| Untracked 
| 110|0x0000000086e00000, 0x0000000086f00000, 0x0000000086f00000|100%| S|CS|TAMS 0x0000000086e00000| PB 0x0000000086e00000| Complete 
| 111|0x0000000086f00000, 0x0000000087000000, 0x0000000087000000|100%| S|CS|TAMS 0x0000000086f00000| PB 0x0000000086f00000| Complete 
| 112|0x0000000087000000, 0x0000000087000000, 0x0000000087100000|  0%| F|  |TAMS 0x0000000087000000| PB 0x0000000087000000| Untracked 
| 113|0x0000000087100000, 0x0000000087100000, 0x0000000087200000|  0%| F|  |TAMS 0x0000000087100000| PB 0x0000000087100000| Untracked 
| 114|0x0000000087200000, 0x0000000087200000, 0x0000000087300000|  0%| F|  |TAMS 0x0000000087200000| PB 0x0000000087200000| Untracked 
| 115|0x0000000087300000, 0x0000000087300000, 0x0000000087400000|  0%| F|  |TAMS 0x0000000087300000| PB 0x0000000087300000| Untracked 
| 116|0x0000000087400000, 0x0000000087400000, 0x0000000087500000|  0%| F|  |TAMS 0x0000000087400000| PB 0x0000000087400000| Untracked 
| 117|0x0000000087500000, 0x0000000087500000, 0x0000000087600000|  0%| F|  |TAMS 0x0000000087500000| PB 0x0000000087500000| Untracked 
| 118|0x0000000087600000, 0x0000000087600000, 0x0000000087700000|  0%| F|  |TAMS 0x0000000087600000| PB 0x0000000087600000| Untracked 
| 119|0x0000000087700000, 0x0000000087700000, 0x0000000087800000|  0%| F|  |TAMS 0x0000000087700000| PB 0x0000000087700000| Untracked 
| 120|0x0000000087800000, 0x0000000087800000, 0x0000000087900000|  0%| F|  |TAMS 0x0000000087800000| PB 0x0000000087800000| Untracked 
| 121|0x0000000087900000, 0x000000008794eb60, 0x0000000087a00000| 30%| E|  |TAMS 0x0000000087900000| PB 0x0000000087900000| Complete 
| 122|0x0000000087a00000, 0x0000000087b00000, 0x0000000087b00000|100%| E|CS|TAMS 0x0000000087a00000| PB 0x0000000087a00000| Complete 
| 123|0x0000000087b00000, 0x0000000087c00000, 0x0000000087c00000|100%| E|CS|TAMS 0x0000000087b00000| PB 0x0000000087b00000| Complete 
| 124|0x0000000087c00000, 0x0000000087d00000, 0x0000000087d00000|100%| E|CS|TAMS 0x0000000087c00000| PB 0x0000000087c00000| Complete 
| 125|0x0000000087d00000, 0x0000000087e00000, 0x0000000087e00000|100%| E|CS|TAMS 0x0000000087d00000| PB 0x0000000087d00000| Complete 
| 126|0x0000000087e00000, 0x0000000087f00000, 0x0000000087f00000|100%| E|CS|TAMS 0x0000000087e00000| PB 0x0000000087e00000| Complete 
| 127|0x0000000087f00000, 0x0000000088000000, 0x0000000088000000|100%| E|CS|TAMS 0x0000000087f00000| PB 0x0000000087f00000| Complete 

Card table byte_map: [0x0000027a3dbb0000,0x0000027a3dfb0000] _byte_map_base: 0x0000027a3d7b0000

Marking Bits: (CMBitMap*) 0x0000027a2a893830
 Bits: [0x0000027a3dfb0000, 0x0000027a3ffb0000)

Polling page: 0x0000027a28620000

Metaspace:

Usage:
  Non-class:     13.52 MB used.
      Class:      1.81 MB used.
       Both:     15.33 MB used.

Virtual space:
  Non-class space:       64.00 MB reserved,      13.69 MB ( 21%) committed,  1 nodes.
      Class space:        1.00 GB reserved,       2.00 MB ( <1%) committed,  1 nodes.
             Both:        1.06 GB reserved,      15.69 MB (  1%) committed. 

Chunk freelists:
   Non-Class:  2.06 MB
       Class:  13.97 MB
        Both:  16.03 MB

MaxMetaspaceSize: unlimited
CompressedClassSpaceSize: 1.00 GB
Initial GC threshold: 21.00 MB
Current GC threshold: 21.00 MB
CDS: on
 - commit_granule_bytes: 65536.
 - commit_granule_words: 8192.
 - virtual_space_node_default_size: 8388608.
 - enlarge_chunks_in_place: 1.
 - use_allocation_guard: 0.


Internal statistics:

num_allocs_failed_limit: 0.
num_arena_births: 432.
num_arena_deaths: 0.
num_vsnodes_births: 2.
num_vsnodes_deaths: 0.
num_space_committed: 251.
num_space_uncommitted: 0.
num_chunks_returned_to_freelist: 0.
num_chunks_taken_from_freelist: 806.
num_chunk_merges: 0.
num_chunk_splits: 500.
num_chunks_enlarged: 230.
num_inconsistent_stats: 0.

CodeHeap 'non-profiled nmethods': size=120000Kb used=694Kb max_used=694Kb free=119305Kb
 bounds [0x0000027a36280000, 0x0000027a364f0000, 0x0000027a3d7b0000]
CodeHeap 'profiled nmethods': size=120000Kb used=3406Kb max_used=3406Kb free=116593Kb
 bounds [0x0000027a2e7b0000, 0x0000027a2eb10000, 0x0000027a35ce0000]
CodeHeap 'non-nmethods': size=5760Kb used=1678Kb max_used=1693Kb free=4081Kb
 bounds [0x0000027a35ce0000, 0x0000027a35f50000, 0x0000027a36280000]
 total_blobs=2503 nmethods=1922 adapters=486
 compilation: enabled
              stopped_count=0, restarted_count=0
 full_count=0

Compilation events (20 events):
Event: 1.416 Thread 0x0000027a424b4640 nmethod 1874 0x0000027a2eaea690 code [0x0000027a2eaea8a0, 0x0000027a2eaeae58]
Event: 1.417 Thread 0x0000027a4277cec0 nmethod 1871 0x0000027a36329f10 code [0x0000027a3632a0a0, 0x0000027a3632a368]
Event: 1.419 Thread 0x0000027a424b4640 1875       1       sun.security.provider.DigestBase::engineGetDigestLength (5 bytes)
Event: 1.419 Thread 0x0000027a424b4640 nmethod 1875 0x0000027a3632a490 code [0x0000027a3632a620, 0x0000027a3632a6e8]
Event: 1.419 Thread 0x0000027a424b4640 1876  s    3       java.io.ByteArrayOutputStream::write (32 bytes)
Event: 1.419 Thread 0x0000027a424b4640 nmethod 1876 0x0000027a2eaeb110 code [0x0000027a2eaeb2c0, 0x0000027a2eaeb510]
Event: 1.419 Thread 0x0000027a424b4640 1877       3       java.util.Arrays::fill (21 bytes)
Event: 1.419 Thread 0x0000027a424b4640 nmethod 1877 0x0000027a2eaeb610 code [0x0000027a2eaeb7c0, 0x0000027a2eaeb958]
Event: 1.420 Thread 0x0000027a424b4640 1878       3       java.util.Arrays::fill (21 bytes)
Event: 1.420 Thread 0x0000027a424b4640 nmethod 1878 0x0000027a2eaeba90 code [0x0000027a2eaebc40, 0x0000027a2eaebdd8]
Event: 1.423 Thread 0x0000027a424b4640 1879       3       java.io.FilterInputStream::<init> (10 bytes)
Event: 1.423 Thread 0x0000027a424b4640 nmethod 1879 0x0000027a2eaebf10 code [0x0000027a2eaec0c0, 0x0000027a2eaec2e8]
Event: 1.425 Thread 0x0000027a424b4640 1880       3       java.util.ArrayDeque::pollFirst (36 bytes)
Event: 1.426 Thread 0x0000027a424b4640 nmethod 1880 0x0000027a2eaec410 code [0x0000027a2eaec5e0, 0x0000027a2eaec9d0]
Event: 1.428 Thread 0x0000027a4277cec0 1881       4       java.lang.AbstractStringBuilder::append (45 bytes)
Event: 1.436 Thread 0x0000027a424b4640 1882       3       java.lang.Module::implIsExportedOrOpen (92 bytes)
Event: 1.436 Thread 0x0000027a424b4640 nmethod 1882 0x0000027a2eaecb90 code [0x0000027a2eaecdc0, 0x0000027a2eaed4a8]
Event: 1.438 Thread 0x0000027a4277cec0 nmethod 1881 0x0000027a3632a790 code [0x0000027a3632a980, 0x0000027a3632b1c0]
Event: 1.442 Thread 0x0000027a424b4640 1883       3       sun.net.util.URLUtil::urlNoFragString (143 bytes)
Event: 1.443 Thread 0x0000027a424b4640 nmethod 1883 0x0000027a2eaed690 code [0x0000027a2eaed9c0, 0x0000027a2eaee920]

GC Heap History (4 events):
Event: 0.557 GC heap before
{Heap before GC invocations=0 (full 0):
 garbage-first heap   total 131072K, used 16384K [0x0000000080000000, 0x0000000100000000)
  region size 1024K, 13 young (13312K), 0 survivors (0K)
 Metaspace       used 4243K, committed 4480K, reserved 1114112K
  class space    used 538K, committed 640K, reserved 1048576K
}
Event: 0.564 GC heap after
{Heap after GC invocations=1 (full 0):
 garbage-first heap   total 131072K, used 8191K [0x0000000080000000, 0x0000000100000000)
  region size 1024K, 2 young (2048K), 2 survivors (2048K)
 Metaspace       used 4243K, committed 4480K, reserved 1114112K
  class space    used 538K, committed 640K, reserved 1048576K
}
Event: 1.066 GC heap before
{Heap before GC invocations=1 (full 0):
 garbage-first heap   total 131072K, used 21503K [0x0000000080000000, 0x0000000100000000)
  region size 1024K, 16 young (16384K), 2 survivors (2048K)
 Metaspace       used 10366K, committed 10752K, reserved 1114112K
  class space    used 1241K, committed 1408K, reserved 1048576K
}
Event: 1.071 GC heap after
{Heap after GC invocations=2 (full 0):
 garbage-first heap   total 131072K, used 10516K [0x0000000080000000, 0x0000000100000000)
  region size 1024K, 2 young (2048K), 2 survivors (2048K)
 Metaspace       used 10366K, committed 10752K, reserved 1114112K
  class space    used 1241K, committed 1408K, reserved 1048576K
}

Dll operation events (2 events):
Event: 0.009 Loaded shared library C:\Program Files\JetBrains\IntelliJ IDEA 2024.3.4.1\jbr\bin\java.dll
Event: 0.042 Loaded shared library C:\Program Files\JetBrains\IntelliJ IDEA 2024.3.4.1\jbr\bin\zip.dll

Deoptimization events (20 events):
Event: 1.104 Thread 0x0000027a88344ce0 DEOPT PACKING pc=0x0000027a3631146c sp=0x000000c7b0ffc420
Event: 1.104 Thread 0x0000027a88344ce0 DEOPT UNPACKING pc=0x0000027a35d37da2 sp=0x000000c7b0ffc3d0 mode 2
Event: 1.106 Thread 0x0000027a88344ce0 Uncommon trap: trap_request=0xffffffde fr.pc=0x0000027a3631146c relative=0x0000000000000b6c
Event: 1.106 Thread 0x0000027a88344ce0 Uncommon trap: reason=class_check action=maybe_recompile pc=0x0000027a3631146c method=java.util.HashMap.putVal(ILjava/lang/Object;Ljava/lang/Object;ZZ)Ljava/lang/Object; @ 203 c2
Event: 1.106 Thread 0x0000027a88344ce0 DEOPT PACKING pc=0x0000027a3631146c sp=0x000000c7b0ffc420
Event: 1.106 Thread 0x0000027a88344ce0 DEOPT UNPACKING pc=0x0000027a35d37da2 sp=0x000000c7b0ffc3d0 mode 2
Event: 1.117 Thread 0x0000027a88344ce0 Uncommon trap: trap_request=0xffffff6e fr.pc=0x0000027a3630a130 relative=0x00000000000003f0
Event: 1.117 Thread 0x0000027a88344ce0 Uncommon trap: reason=loop_limit_check action=maybe_recompile pc=0x0000027a3630a130 method=java.lang.StringLatin1.indexOf([BI[BII)I @ 37 c2
Event: 1.117 Thread 0x0000027a88344ce0 DEOPT PACKING pc=0x0000027a3630a130 sp=0x000000c7b0ffb9a0
Event: 1.117 Thread 0x0000027a88344ce0 DEOPT UNPACKING pc=0x0000027a35d37da2 sp=0x000000c7b0ffb928 mode 2
Event: 1.128 Thread 0x0000027a88344ce0 DEOPT PACKING pc=0x0000027a2e99fd43 sp=0x000000c7b0ff9b80
Event: 1.128 Thread 0x0000027a88344ce0 DEOPT UNPACKING pc=0x0000027a35d388e2 sp=0x000000c7b0ff9020 mode 0
Event: 1.190 Thread 0x0000027a88344ce0 Uncommon trap: trap_request=0xffffff45 fr.pc=0x0000027a36315b10 relative=0x0000000000000210
Event: 1.190 Thread 0x0000027a88344ce0 Uncommon trap: reason=unstable_if action=reinterpret pc=0x0000027a36315b10 method=java.util.HashMap.putVal(ILjava/lang/Object;Ljava/lang/Object;ZZ)Ljava/lang/Object; @ 162 c2
Event: 1.190 Thread 0x0000027a88344ce0 DEOPT PACKING pc=0x0000027a36315b10 sp=0x000000c7b0ffb3a0
Event: 1.190 Thread 0x0000027a88344ce0 DEOPT UNPACKING pc=0x0000027a35d37da2 sp=0x000000c7b0ffb350 mode 2
Event: 1.202 Thread 0x0000027a88344ce0 Uncommon trap: trap_request=0xffffff45 fr.pc=0x0000027a3628a430 relative=0x0000000000000190
Event: 1.202 Thread 0x0000027a88344ce0 Uncommon trap: reason=unstable_if action=reinterpret pc=0x0000027a3628a430 method=jdk.internal.util.ArraysSupport.vectorizedHashCode(Ljava/lang/Object;IIII)I @ 2 c2
Event: 1.202 Thread 0x0000027a88344ce0 DEOPT PACKING pc=0x0000027a3628a430 sp=0x000000c7b0ffb380
Event: 1.202 Thread 0x0000027a88344ce0 DEOPT UNPACKING pc=0x0000027a35d37da2 sp=0x000000c7b0ffb330 mode 2

Classes loaded (20 events):
Event: 1.420 Loading class jdk/internal/event/TLSHandshakeEvent
Event: 1.420 Loading class jdk/internal/event/TLSHandshakeEvent done
Event: 1.422 Loading class java/security/DigestException
Event: 1.422 Loading class java/security/DigestException done
Event: 1.424 Loading class javax/security/sasl/SaslException
Event: 1.424 Loading class javax/security/sasl/SaslException done
Event: 1.425 Loading class javax/security/auth/callback/UnsupportedCallbackException
Event: 1.425 Loading class javax/security/auth/callback/UnsupportedCallbackException done
Event: 1.425 Loading class javax/security/auth/login/Configuration
Event: 1.425 Loading class javax/security/auth/login/Configuration done
Event: 1.426 Loading class javax/security/auth/callback/Callback
Event: 1.426 Loading class javax/security/auth/callback/Callback done
Event: 1.426 Loading class sun/invoke/util/VerifyAccess$1
Event: 1.426 Loading class sun/invoke/util/VerifyAccess$1 done
Event: 1.446 Loading class sun/security/ssl/PostHandshakeContext
Event: 1.447 Loading class sun/security/ssl/PostHandshakeContext done
Event: 1.447 Loading class sun/security/ssl/NewSessionTicket$T13NewSessionTicketMessage
Event: 1.447 Loading class sun/security/ssl/NewSessionTicket$NewSessionTicketMessage
Event: 1.447 Loading class sun/security/ssl/NewSessionTicket$NewSessionTicketMessage done
Event: 1.447 Loading class sun/security/ssl/NewSessionTicket$T13NewSessionTicketMessage done

Classes unloaded (0 events):
No events

Classes redefined (0 events):
No events

Internal exceptions (20 events):
Event: 0.729 Thread 0x0000027a8836a7e0 Exception <a 'java/lang/NoSuchMethodError'{0x0000000087dcad48}: 'long java.lang.invoke.DirectMethodHandle$Holder.invokeSpecial(java.lang.Object, java.lang.Object)'> (0x0000000087dcad48) 
thrown [s\src\hotspot\share\interpreter\linkResolver.cpp, line 784]
Event: 0.729 Thread 0x0000027a8836a180 Exception <a 'java/lang/NoSuchMethodError'{0x0000000087c115e0}: 'long java.lang.invoke.DirectMethodHandle$Holder.invokeSpecial(java.lang.Object, java.lang.Object)'> (0x0000000087c115e0) 
thrown [s\src\hotspot\share\interpreter\linkResolver.cpp, line 784]
Event: 0.730 Thread 0x0000027a8836a180 Exception <a 'java/lang/NoSuchMethodError'{0x0000000087c26b78}: 'long java.lang.invoke.Invokers$Holder.invokeExact_MT(java.lang.Object, java.lang.Object)'> (0x0000000087c26b78) 
thrown [s\src\hotspot\share\interpreter\linkResolver.cpp, line 784]
Event: 0.730 Thread 0x0000027a8836a7e0 Exception <a 'java/lang/NoSuchMethodError'{0x0000000087c13940}: 'long java.lang.invoke.Invokers$Holder.invokeExact_MT(java.lang.Object, java.lang.Object)'> (0x0000000087c13940) 
thrown [s\src\hotspot\share\interpreter\linkResolver.cpp, line 784]
Event: 0.747 Thread 0x0000027a8836a7e0 Exception <a 'java/lang/NoSuchMethodError'{0x0000000087c65fd0}: 'void java.lang.invoke.DirectMethodHandle$Holder.invokeSpecial(java.lang.Object, java.lang.Object, java.lang.Object)'> (0x0000000087c65fd0) 
thrown [s\src\hotspot\share\interpreter\linkResolver.cpp, line 784]
Event: 0.747 Thread 0x0000027a8836a180 Exception <a 'java/lang/NoSuchMethodError'{0x0000000087c72c40}: 'void java.lang.invoke.DirectMethodHandle$Holder.invokeSpecial(java.lang.Object, java.lang.Object, java.lang.Object)'> (0x0000000087c72c40) 
thrown [s\src\hotspot\share\interpreter\linkResolver.cpp, line 784]
Event: 0.766 Thread 0x0000027a883412f0 Exception <a 'java/lang/NoSuchMethodError'{0x0000000087cfd968}: static [B.<clinit>()V> (0x0000000087cfd968) 
thrown [s\src\hotspot\share\prims\jni.cpp, line 1135]
Event: 0.766 Thread 0x0000027a88344ce0 Exception <a 'java/lang/NoSuchMethodError'{0x0000000087cfba48}: static [B.<clinit>()V> (0x0000000087cfba48) 
thrown [s\src\hotspot\share\prims\jni.cpp, line 1135]
Event: 0.767 Thread 0x0000027a883412f0 Exception <a 'java/lang/NoSuchMethodError'{0x0000000087cff358}: 'long java.lang.invoke.DirectMethodHandle$Holder.invokeInterface(java.lang.Object, java.lang.Object)'> (0x0000000087cff358) 
thrown [s\src\hotspot\share\interpreter\linkResolver.cpp, line 784]
Event: 0.769 Thread 0x0000027a883412f0 Exception <a 'java/lang/NoSuchMethodError'{0x0000000087b14ec8}: 'long java.lang.invoke.DelegatingMethodHandle$Holder.reinvoke_L(java.lang.Object, java.lang.Object)'> (0x0000000087b14ec8) 
thrown [s\src\hotspot\share\interpreter\linkResolver.cpp, line 784]
Event: 0.788 Thread 0x0000027a88344ce0 Exception <a 'java/lang/NoSuchMethodError'{0x0000000087b5fd08}: static [Ljava/rmi/server/ObjID;.<clinit>()V> (0x0000000087b5fd08) 
thrown [s\src\hotspot\share\prims\jni.cpp, line 1135]
Event: 0.792 Thread 0x0000027a88340c60 Exception <a 'java/lang/NoSuchMethodError'{0x0000000087b4b268}: 'java.lang.Object java.lang.invoke.DirectMethodHandle$Holder.invokeSpecial(java.lang.Object, java.lang.Object, int, java.lang.Object, long)'> (0x0000000087b4b268) 
thrown [s\src\hotspot\share\interpreter\linkResolver.cpp, line 784]
Event: 0.795 Thread 0x0000027a88344ce0 Exception <a 'java/lang/NoSuchMethodError'{0x0000000087b77b58}: 'void java.lang.invoke.Invokers$Holder.linkToTargetMethod(java.lang.Object, java.lang.Object)'> (0x0000000087b77b58) 
thrown [s\src\hotspot\share\interpreter\linkResolver.cpp, line 784]
Event: 0.795 Thread 0x0000027a88340c60 Exception <a 'java/lang/NoSuchMethodError'{0x0000000087b52020}: 'java.lang.Object java.lang.invoke.DirectMethodHandle$Holder.newInvokeSpecial(java.lang.Object, java.lang.Object, int, java.lang.Object, long)'> (0x0000000087b52020) 
thrown [s\src\hotspot\share\interpreter\linkResolver.cpp, line 784]
Event: 0.804 Thread 0x0000027a88344ce0 Exception <a 'java/lang/NoSuchMethodError'{0x0000000087bbac40}: 'java.lang.Object java.lang.invoke.DirectMethodHandle$Holder.invokeInterface(java.lang.Object, java.lang.Object, java.lang.Object, java.lang.Object, java.lang.Object)'> (0x0000000087bbac40) 
thrown [s\src\hotspot\share\interpreter\linkResolver.cpp, line 784]
Event: 0.806 Thread 0x0000027a88344ce0 Exception <a 'java/lang/NoSuchMethodError'{0x0000000087bce258}: 'java.lang.Object java.lang.invoke.Invokers$Holder.invokeExact_MT(java.lang.Object, java.lang.Object, java.lang.Object, java.lang.Object, java.lang.Object, java.lang.Object)'> (0x0000000087bce258) 
thrown [s\src\hotspot\share\interpreter\linkResolver.cpp, line 784]
Event: 0.928 Thread 0x0000027a88344ce0 Exception <a 'java/lang/NoSuchMethodError'{0x000000008771a358}: 'void java.lang.invoke.DirectMethodHandle$Holder.invokeStatic(java.lang.Object, java.lang.Object, java.lang.Object)'> (0x000000008771a358) 
thrown [s\src\hotspot\share\interpreter\linkResolver.cpp, line 784]
Event: 0.930 Thread 0x0000027a88344ce0 Exception <a 'java/lang/NoSuchMethodError'{0x0000000087723448}: 'java.lang.Object java.lang.invoke.DirectMethodHandle$Holder.invokeVirtual(java.lang.Object, java.lang.Object, java.lang.Object)'> (0x0000000087723448) 
thrown [s\src\hotspot\share\interpreter\linkResolver.cpp, line 784]
Event: 1.128 Thread 0x0000027a88344ce0 Exception <a 'sun/nio/fs/WindowsException'{0x0000000087efcff0}> (0x0000000087efcff0) 
thrown [s\src\hotspot\share\prims\jni.cpp, line 535]
Event: 1.385 Thread 0x0000027a88344ce0 Exception <a 'java/lang/NoSuchMethodError'{0x0000000087be3380}: 'void java.lang.invoke.DirectMethodHandle$Holder.invokeVirtual(java.lang.Object, java.lang.Object)'> (0x0000000087be3380) 
thrown [s\src\hotspot\share\interpreter\linkResolver.cpp, line 784]

ZGC Phase Switch (0 events):
No events

VM Operations (20 events):
Event: 0.557 Executing VM operation: G1CollectForAllocation (G1 Evacuation Pause)
Event: 0.564 Executing VM operation: G1CollectForAllocation (G1 Evacuation Pause) done
Event: 0.809 Executing VM operation: HandshakeAllThreads (Deoptimize)
Event: 0.809 Executing VM operation: HandshakeAllThreads (Deoptimize) done
Event: 0.859 Executing VM operation: HandshakeAllThreads (Deoptimize)
Event: 0.859 Executing VM operation: HandshakeAllThreads (Deoptimize) done
Event: 0.919 Executing VM operation: HandshakeAllThreads (Deoptimize)
Event: 0.919 Executing VM operation: HandshakeAllThreads (Deoptimize) done
Event: 1.066 Executing VM operation: G1CollectForAllocation (G1 Evacuation Pause)
Event: 1.071 Executing VM operation: G1CollectForAllocation (G1 Evacuation Pause) done
Event: 1.085 Executing VM operation: HandshakeAllThreads (Deoptimize)
Event: 1.086 Executing VM operation: HandshakeAllThreads (Deoptimize) done
Event: 1.101 Executing VM operation: HandshakeAllThreads (Deoptimize)
Event: 1.101 Executing VM operation: HandshakeAllThreads (Deoptimize) done
Event: 1.129 Executing VM operation: HandshakeAllThreads (Deoptimize)
Event: 1.129 Executing VM operation: HandshakeAllThreads (Deoptimize) done
Event: 1.138 Executing VM operation: HandshakeAllThreads (Deoptimize)
Event: 1.138 Executing VM operation: HandshakeAllThreads (Deoptimize) done
Event: 1.396 Executing VM operation: HandshakeAllThreads (Deoptimize)
Event: 1.396 Executing VM operation: HandshakeAllThreads (Deoptimize) done

Memory protections (0 events):
No events

Nmethod flushes (0 events):
No events

Events (20 events):
Event: 0.090 Thread 0x0000027a2a83b210 Thread added: 0x0000027a4272ce20
Event: 0.096 Loaded shared library C:\Program Files\JetBrains\IntelliJ IDEA 2024.3.4.1\jbr\bin\net.dll
Event: 0.098 Loaded shared library C:\Program Files\JetBrains\IntelliJ IDEA 2024.3.4.1\jbr\bin\nio.dll
Event: 0.110 Thread 0x0000027a424aac70 Thread added: 0x0000027a4277cec0
Event: 0.118 Loaded shared library C:\Program Files\JetBrains\IntelliJ IDEA 2024.3.4.1\jbr\bin\zip.dll
Event: 0.146 Loaded shared library C:\Program Files\JetBrains\IntelliJ IDEA 2024.3.4.1\jbr\bin\jimage.dll
Event: 0.349 Thread 0x0000027a2a83b210 Thread added: 0x0000027a8800a0a0
Event: 0.614 Loaded shared library C:\Program Files\JetBrains\IntelliJ IDEA 2024.3.4.1\jbr\bin\extnet.dll
Event: 0.628 Thread 0x0000027a2a83b210 Thread added: 0x0000027a88182ef0
Event: 0.645 Thread 0x0000027a2a83b210 Thread added: 0x0000027a88267080
Event: 0.645 Thread 0x0000027a2a83b210 Thread added: 0x0000027a882676e0
Event: 0.646 Loaded shared library C:\Program Files\JetBrains\IntelliJ IDEA 2024.3.4.1\jbr\bin\rmi.dll
Event: 0.647 Thread 0x0000027a2a83b210 Thread added: 0x0000027a88267d40
Event: 0.701 Thread 0x0000027a88182ef0 Thread added: 0x0000027a8836a180
Event: 0.702 Thread 0x0000027a88182ef0 Thread added: 0x0000027a8836a7e0
Event: 0.751 Thread 0x0000027a88267080 Thread added: 0x0000027a88344ce0
Event: 0.751 Thread 0x0000027a88267080 Thread added: 0x0000027a883412f0
Event: 0.754 Thread 0x0000027a8836a7e0 Thread added: 0x0000027a8833e500
Event: 0.783 Thread 0x0000027a88344ce0 Thread added: 0x0000027a88340c60
Event: 1.185 Loaded shared library C:\Program Files\JetBrains\IntelliJ IDEA 2024.3.4.1\jbr\bin\sunmscapi.dll


Dynamic libraries:
0x00007ff6972b0000 - 0x00007ff6972ba000 	C:\Program Files\JetBrains\IntelliJ IDEA 2024.3.4.1\jbr\bin\java.exe
0x00007ffced370000 - 0x00007ffced568000 	C:\Windows\SYSTEM32\ntdll.dll
0x00007ffcebaa0000 - 0x00007ffcebb5f000 	C:\Windows\System32\KERNEL32.DLL
0x00007ffceab40000 - 0x00007ffceae12000 	C:\Windows\System32\KERNELBASE.dll
0x00007ffceb060000 - 0x00007ffceb160000 	C:\Windows\System32\ucrtbase.dll
0x00007ffce0660000 - 0x00007ffce067b000 	C:\Program Files\JetBrains\IntelliJ IDEA 2024.3.4.1\jbr\bin\VCRUNTIME140.dll
0x00007ffcd2ae0000 - 0x00007ffcd2af8000 	C:\Program Files\JetBrains\IntelliJ IDEA 2024.3.4.1\jbr\bin\jli.dll
0x00007ffcebd90000 - 0x00007ffcebf31000 	C:\Windows\System32\USER32.dll
0x00007ffceb380000 - 0x00007ffceb3a2000 	C:\Windows\System32\win32u.dll
0x00007ffceb4f0000 - 0x00007ffceb51b000 	C:\Windows\System32\GDI32.dll
0x00007ffceae20000 - 0x00007ffceaf2f000 	C:\Windows\System32\gdi32full.dll
0x00007ffcd37f0000 - 0x00007ffcd3a8a000 	C:\Windows\WinSxS\amd64_microsoft.windows.common-controls_6595b64144ccf1df_6.0.19041.1110_none_60b5254171f9507e\COMCTL32.dll
0x00007ffceafc0000 - 0x00007ffceb05d000 	C:\Windows\System32\msvcp_win.dll
0x00007ffcec470000 - 0x00007ffcec50e000 	C:\Windows\System32\msvcrt.dll
0x00007ffcec420000 - 0x00007ffcec452000 	C:\Windows\System32\IMM32.DLL
0x00000000645d0000 - 0x00000000645dc000 	C:\Program Files (x86)\360\Total Security\safemon\SafeWrapper.dll
0x00007ffced160000 - 0x00007ffced20e000 	C:\Windows\System32\ADVAPI32.dll
0x00007ffcebb60000 - 0x00007ffcebbfc000 	C:\Windows\System32\sechost.dll
0x00007ffceb520000 - 0x00007ffceb645000 	C:\Windows\System32\RPCRT4.dll
0x00007ffcb4640000 - 0x00007ffcb46ec000 	C:\Program Files (x86)\360\Total Security\safemon\libzdtp64.dll
0x00007ffcec750000 - 0x00007ffcece95000 	C:\Windows\System32\SHELL32.dll
0x00007ffcecea0000 - 0x00007ffcecef5000 	C:\Windows\System32\SHLWAPI.dll
0x00007ffcea510000 - 0x00007ffcea51a000 	C:\Windows\SYSTEM32\VERSION.dll
0x00007ffcdf8c0000 - 0x00007ffcdf8cc000 	C:\Program Files\JetBrains\IntelliJ IDEA 2024.3.4.1\jbr\bin\vcruntime140_1.dll
0x00007ffc95950000 - 0x00007ffc959dd000 	C:\Program Files\JetBrains\IntelliJ IDEA 2024.3.4.1\jbr\bin\msvcp140.dll
0x00007ffc75f70000 - 0x00007ffc76d31000 	C:\Program Files\JetBrains\IntelliJ IDEA 2024.3.4.1\jbr\bin\server\jvm.dll
0x00007ffcebf40000 - 0x00007ffcebfab000 	C:\Windows\System32\WS2_32.dll
0x00007ffcea8d0000 - 0x00007ffcea91b000 	C:\Windows\SYSTEM32\POWRPROF.dll
0x00007ffcd2200000 - 0x00007ffcd2227000 	C:\Windows\SYSTEM32\WINMM.dll
0x00007ffcea8b0000 - 0x00007ffcea8c2000 	C:\Windows\SYSTEM32\UMPDC.dll
0x00007ffce9240000 - 0x00007ffce9252000 	C:\Windows\SYSTEM32\kernel.appcore.dll
0x00007ffcdf8b0000 - 0x00007ffcdf8ba000 	C:\Program Files\JetBrains\IntelliJ IDEA 2024.3.4.1\jbr\bin\jimage.dll
0x00007ffce4d70000 - 0x00007ffce4f54000 	C:\Windows\SYSTEM32\DBGHELP.DLL
0x00007ffccd450000 - 0x00007ffccd485000 	C:\Windows\SYSTEM32\dbgcore.DLL
0x00007ffceaf30000 - 0x00007ffceafb2000 	C:\Windows\System32\bcryptPrimitives.dll
0x00007ffcd4500000 - 0x00007ffcd4520000 	C:\Program Files\JetBrains\IntelliJ IDEA 2024.3.4.1\jbr\bin\java.dll
0x00007ffce8a60000 - 0x00007ffce91f2000 	C:\Windows\SYSTEM32\windows.storage.dll
0x00007ffceb740000 - 0x00007ffceba95000 	C:\Windows\System32\combase.dll
0x00007ffcea370000 - 0x00007ffcea3a0000 	C:\Windows\SYSTEM32\Wldp.dll
0x00007ffced210000 - 0x00007ffced2bd000 	C:\Windows\System32\SHCORE.dll
0x00007ffcea9a0000 - 0x00007ffcea9bf000 	C:\Windows\SYSTEM32\profapi.dll
0x00007ffcd23b0000 - 0x00007ffcd23c8000 	C:\Program Files\JetBrains\IntelliJ IDEA 2024.3.4.1\jbr\bin\zip.dll
0x00007ffcde650000 - 0x00007ffcde660000 	C:\Program Files\JetBrains\IntelliJ IDEA 2024.3.4.1\jbr\bin\net.dll
0x00007ffcdcbb0000 - 0x00007ffcdccbc000 	C:\Windows\SYSTEM32\WINHTTP.dll
0x00007ffcea0d0000 - 0x00007ffcea13a000 	C:\Windows\system32\mswsock.dll
0x00007ffccbcc0000 - 0x00007ffccbcd6000 	C:\Program Files\JetBrains\IntelliJ IDEA 2024.3.4.1\jbr\bin\nio.dll
0x00007ffce9dc0000 - 0x00007ffce9dfb000 	C:\Windows\SYSTEM32\IPHLPAPI.DLL
0x00007ffced2c0000 - 0x00007ffced2c8000 	C:\Windows\System32\NSI.dll
0x00007ffcea2c0000 - 0x00007ffcea2d8000 	C:\Windows\SYSTEM32\CRYPTSP.dll
0x00007ffce99f0000 - 0x00007ffce9a24000 	C:\Windows\system32\rsaenh.dll
0x00007ffceaa60000 - 0x00007ffceaa87000 	C:\Windows\System32\bcrypt.dll
0x00007ffcea920000 - 0x00007ffcea94e000 	C:\Windows\SYSTEM32\USERENV.dll
0x00007ffcea2e0000 - 0x00007ffcea2ec000 	C:\Windows\SYSTEM32\CRYPTBASE.dll
0x00007ffcd2920000 - 0x00007ffcd2929000 	C:\Program Files\JetBrains\IntelliJ IDEA 2024.3.4.1\jbr\bin\extnet.dll
0x00007ffcdb3e0000 - 0x00007ffcdb3e7000 	C:\Program Files\JetBrains\IntelliJ IDEA 2024.3.4.1\jbr\bin\rmi.dll
0x00007ffce9e00000 - 0x00007ffce9ecb000 	C:\Windows\SYSTEM32\DNSAPI.dll
0x00007ffcd4780000 - 0x00007ffcd478a000 	C:\Windows\System32\rasadhlp.dll
0x00007ffcd46a0000 - 0x00007ffcd4720000 	C:\Windows\System32\fwpuclnt.dll
0x00007ffcd2a90000 - 0x00007ffcd2a9e000 	C:\Program Files\JetBrains\IntelliJ IDEA 2024.3.4.1\jbr\bin\sunmscapi.dll
0x00007ffceb220000 - 0x00007ffceb376000 	C:\Windows\System32\CRYPT32.dll
0x00007ffcea3e0000 - 0x00007ffcea407000 	C:\Windows\SYSTEM32\ncrypt.dll
0x00007ffcea3a0000 - 0x00007ffcea3db000 	C:\Windows\SYSTEM32\NTASN1.dll

dbghelp: loaded successfully - version: 4.0.5 - missing functions: none
symbol engine: initialized successfully - sym options: 0x614 - pdb path: .;C:\Program Files\JetBrains\IntelliJ IDEA 2024.3.4.1\jbr\bin;C:\Windows\SYSTEM32;C:\Windows\WinSxS\amd64_microsoft.windows.common-controls_6595b64144ccf1df_6.0.19041.1110_none_60b5254171f9507e;C:\Program Files (x86)\360\Total Security\safemon;C:\Program Files\JetBrains\IntelliJ IDEA 2024.3.4.1\jbr\bin\server

VM Arguments:
jvm_args: -Djava.rmi.server.hostname=127.0.0.1 -Duser.timezone=UTC -Xmx2048m -Xms128m -Djdbc.classpath=C:\Users\User\AppData\Local\Temp\RemoteDriver12555.classpath.txt --add-exports=java.desktop/sun.awt=ALL-UNNAMED --add-exports=java.desktop/java.awt.peer=ALL-UNNAMED --add-opens=java.desktop/java.awt=ALL-UNNAMED --add-opens=jdk.unsupported/sun.misc=ALL-UNNAMED --add-opens=java.base/java.nio=ALL-UNNAMED --add-opens=java.base/java.util=ALL-UNNAMED -Dfile.encoding=UTF-8 -Dsun.stdout.encoding=UTF-8 -Dsun.stderr.encoding=UTF-8 
java_command: com.intellij.database.remote.RemoteJdbcServer com.mysql.cj.jdbc.Driver
java_class_path (initial): C:\Program Files\JetBrains\IntelliJ IDEA 2024.3.4.1\lib\util_rt.jar;C:\Program Files\JetBrains\IntelliJ IDEA 2024.3.4.1\lib\util-8.jar;C:\Program Files\JetBrains\IntelliJ IDEA 2024.3.4.1\lib\groovy.jar;C:\Program Files\JetBrains\IntelliJ IDEA 2024.3.4.1\plugins\DatabaseTools\lib\jdbc-console.jar;C:\Program Files\JetBrains\IntelliJ IDEA 2024.3.4.1\plugins\grid-core-impl\lib\jdbc-console-types.jar;C:\Program Files\JetBrains\IntelliJ IDEA 2024.3.4.1\lib\util.jar;C:\Program Files\JetBrains\IntelliJ IDEA 2024.3.4.1\lib\bouncy-castle.jar
Launcher Type: SUN_STANDARD

[Global flags]
     intx CICompilerCount                          = 3                                         {product} {ergonomic}
     uint ConcGCThreads                            = 1                                         {product} {ergonomic}
     uint G1ConcRefinementThreads                  = 4                                         {product} {ergonomic}
   size_t G1HeapRegionSize                         = 1048576                                   {product} {ergonomic}
    uintx GCDrainStackTargetSize                   = 64                                        {product} {ergonomic}
   size_t InitialHeapSize                          = 134217728                                 {product} {command line}
   size_t MarkStackSize                            = 4194304                                   {product} {ergonomic}
   size_t MaxHeapSize                              = 2147483648                                {product} {command line}
   size_t MaxNewSize                               = 1287651328                                {product} {ergonomic}
   size_t MinHeapDeltaBytes                        = 1048576                                   {product} {ergonomic}
   size_t MinHeapSize                              = 134217728                                 {product} {command line}
    uintx NonNMethodCodeHeapSize                   = 5832780                                {pd product} {ergonomic}
    uintx NonProfiledCodeHeapSize                  = 122912730                              {pd product} {ergonomic}
    uintx ProfiledCodeHeapSize                     = 122912730                              {pd product} {ergonomic}
    uintx ReservedCodeCacheSize                    = 251658240                              {pd product} {ergonomic}
     bool SegmentedCodeCache                       = true                                      {product} {ergonomic}
   size_t SoftMaxHeapSize                          = 2147483648                             {manageable} {ergonomic}
     bool UseCompressedOops                        = true                           {product lp64_product} {ergonomic}
     bool UseG1GC                                  = true                                      {product} {ergonomic}
     bool UseLargePagesIndividualAllocation        = false                                  {pd product} {ergonomic}

Logging:
Log output configuration:
 #0: stdout all=warning uptime,level,tags foldmultilines=false
 #1: stderr all=off uptime,level,tags foldmultilines=false

Environment Variables:
JAVA_HOME=C:\JAVA\jdk-23.0.1
PATH=C:\Program Files (x86)\Common Files\Intel\Shared Files\cpp\bin\Intel64;C:\Windows\system32;C:\Windows;C:\Windows\System32\Wbem;C:\Windows\System32\WindowsPowerShell\v1.0\;C:\Windows\System32\OpenSSH\;C:\Program Files\WireGuard\;C:\Users\User\Desktop\matlabfolder\runtime\win64;C:\Users\User\Desktop\matlabfolder\bin;C:\JAVA\jdk-23.0.1\bin;C:\Program Files\dotnet\;C:\Program Files\Git\cmd;C:\JAVA\apache-maven-3.9.9\bin;C:\Users\User\AppData\Local\Microsoft\WindowsApps;C:\JAVA\jdk-23.0.1\bin;;C:\Program Files\JetBrains\IntelliJ IDEA Community Edition 2024.3\bin;;C:\Users\User\.dotnet\tools
USERNAME=User
OS=Windows_NT
PROCESSOR_IDENTIFIER=Intel64 Family 6 Model 126 Stepping 5, GenuineIntel
TMP=C:\Users\User\AppData\Local\Temp
TEMP=C:\Users\User\AppData\Local\Temp




Periodic native trim disabled

JNI global refs:
JNI global refs: 18, weak refs: 0

JNI global refs memory usage: 835, weak refs: 833

Process memory usage:
Resident Set Size: 109296K (1% of 8123428K total physical memory with 781492K free physical memory)

OOME stack traces (most recent first):
Classloader memory used:
Loader bootstrap                                                                       : 10140K
Loader jdk.internal.loader.ClassLoaders$AppClassLoader                                 : 2406K
Loader com.intellij.database.remote.jdbc.impl.JdbcClassLoader$JdbcClassLoaderImpl      : 2383K
Loader jdk.internal.loader.ClassLoaders$PlatformClassLoader                            : 762K
Loader jdk.internal.reflect.DelegatingClassLoader                                      : 72360B
Loader com.intellij.database.remote.jdbc.impl.JdbcClassLoader$1                        : 6904B

---------------  S Y S T E M  ---------------

OS:
 Windows 10 , 64 bit Build 19041 (10.0.19041.2546)
OS uptime: 0 days 2:01 hours

CPU: total 4 (initial active 4) (2 cores per cpu, 2 threads per core) family 6 model 126 stepping 5 microcode 0xa0, cx8, cmov, fxsr, ht, mmx, 3dnowpref, sse, sse2, sse3, ssse3, sse4.1, sse4.2, popcnt, lzcnt, tsc, tscinvbit, avx, avx2, aes, erms, clmul, bmi1, bmi2, adx, avx512f, avx512dq, avx512cd, avx512bw, avx512vl, sha, fma, vzeroupper, avx512_vpopcntdq, avx512_vpclmulqdq, avx512_vaes, avx512_vnni, clflush, clflushopt, avx512_vbmi2, avx512_vbmi, rdtscp, rdpid, fsrm, gfni, avx512_bitalg, f16c, pku, avx512_ifma
Processor Information for the first 4 processors :
  Max Mhz: 1190, Current Mhz: 1190, Mhz Limit: 1190

Memory: 4k page, system-wide physical 7933M (763M free)
TotalPageFile size 9981M (AvailPageFile size 5M)
current process WorkingSet (physical memory assigned to process): 106M, peak: 106M
current process commit charge ("private bytes"): 236M, peak: 237M

vm_info: OpenJDK 64-Bit Server VM (21.0.6+8-b631.39) for windows-amd64 JRE (21.0.6+8-b631.39), built on 2025-02-04 by "builduser" with MS VC++ 16.10 / 16.11 (VS2019)

END.
