#
# There is insufficient memory for the Java Runtime Environment to continue.
# Native memory allocation (malloc) failed to allocate 1250672 bytes. Error detail: Chunk::new
# Possible reasons:
#   The system is out of physical RAM or swap space
#   This process is running with CompressedOops enabled, and the Java Heap may be blocking the growth of the native heap
# Possible solutions:
#   Reduce memory load on the system
#   Increase physical memory or swap space
#   Check if swap backing store is full
#   Decrease Java heap size (-Xmx/-Xms)
#   Decrease number of Java threads
#   Decrease Java thread stack sizes (-Xss)
#   Set larger code cache with -XX:ReservedCodeCacheSize=
#   JVM is running with Unscaled Compressed Oops mode in which the Java heap is
#     placed in the first 4GB address space. The Java Heap base address is the
#     maximum limit for the native heap growth. Please use -XX:HeapBaseMinAddress
#     to set the Java Heap base and to place the Java Heap above 4GB virtual address.
# This output file may be truncated or incomplete.
#
#  Out of Memory Error (arena.cpp:149), pid=12276, tid=14088
#
# JRE version: OpenJDK Runtime Environment (23.0+37) (build 23+37-2369)
# Java VM: OpenJDK 64-Bit Server VM (23+37-2369, mixed mode, sharing, tiered, compressed oops, compressed class ptrs, g1 gc, windows-amd64)
# No core dump will be written. Minidumps are not enabled by default on client versions of Windows
#

---------------  S U M M A R Y ------------

Command Line: -ea -Didea.test.cyclic.buffer.size=1048576 -javaagent:C:\Program Files\JetBrains\IntelliJ IDEA 2024.3.4.1\lib\idea_rt.jar=54356 -javaagent:C:\Users\User\AppData\Local\JetBrains\IntelliJIdea2024.3\captureAgent\debugger-agent.jar -Dkotlinx.coroutines.debug.enable.creation.stack.trace=false -Ddebugger.agent.enable.coroutines=true -Dkotlinx.coroutines.debug.enable.flows.stack.trace=true -Dkotlinx.coroutines.debug.enable.mutable.state.flows.stack.trace=true -Dfile.encoding=UTF-8 -Dsun.stdout.encoding=UTF-8 -Dsun.stderr.encoding=UTF-8 com.intellij.rt.junit.JUnitStarter -ideVersion5 -junit4 UserServiceTest,saveUser

Host: Intel(R) Core(TM) i3-1005G1 CPU @ 1.20GHz, 4 cores, 7G,  Windows 10 , 64 bit Build 19041 (10.0.19041.2546)
Time: Tue Mar 11 12:21:01 2025 RTZ 2 (s 10 , 64 bit Build 19041 (10.0.19041.2546) elapsed time: 1.369877 seconds (0d 0h 0m 1s)

---------------  T H R E A D  ---------------

Current thread (0x000001a5cb88e360):  JavaThread "C2 CompilerThread1" daemon [_thread_in_native, id=14088, stack(0x0000008c9c600000,0x0000008c9c700000) (1024K)]


Current CompileTask:
C2:1369 1923       4       sun.security.ec.ECOperations::setDouble (463 bytes)

Stack: [0x0000008c9c600000,0x0000008c9c700000]
Native frames: (J=compiled Java code, j=interpreted, Vv=VM code, C=native code)
V  [jvm.dll+0x6e08a9]  (no source info available)
V  [jvm.dll+0x87da63]  (no source info available)
V  [jvm.dll+0x87feee]  (no source info available)
V  [jvm.dll+0x8805c3]  (no source info available)
V  [jvm.dll+0x27aee6]  (no source info available)
V  [jvm.dll+0xbc06f]  (no source info available)
V  [jvm.dll+0xbc2cb]  (no source info available)
V  [jvm.dll+0x3b3a9c]  (no source info available)
V  [jvm.dll+0x1dc19c]  (no source info available)
V  [jvm.dll+0x244be5]  (no source info available)
V  [jvm.dll+0x243dff]  (no source info available)
V  [jvm.dll+0x1c33a0]  (no source info available)
V  [jvm.dll+0x253cf1]  (no source info available)
V  [jvm.dll+0x251faa]  (no source info available)
V  [jvm.dll+0x3ee036]  (no source info available)
V  [jvm.dll+0x824f1b]  (no source info available)
V  [jvm.dll+0x6df055]  (no source info available)
C  [ucrtbase.dll+0x21bb2]  (no source info available)
C  [KERNEL32.DLL+0x17614]  (no source info available)
C  [ntdll.dll+0x526a1]  (no source info available)

Lock stack of current Java thread (top to bottom):


---------------  P R O C E S S  ---------------

Threads class SMR info:
_java_thread_list=0x000001a612dd1de0, length=18, elements={
0x000001a5acc91cb0, 0x000001a5cb259210, 0x000001a5cb259c70, 0x000001a5cb25c960,
0x000001a5cb25d3c0, 0x000001a5cb267e40, 0x000001a5cb28a8c0, 0x000001a5cb28b650,
0x000001a5cb28c100, 0x000001a5cb3788f0, 0x000001a5cb4fdc10, 0x000001a5cb5ebcd0,
0x000001a5cb88e360, 0x000001a611650810, 0x000001a5cbadd2e0, 0x000001a611aceeb0,
0x000001a611ad2330, 0x000001a611ad29c0
}

Java Threads: ( => current thread )
  0x000001a5acc91cb0 JavaThread "main"                              [_thread_blocked, id=3416, stack(0x0000008c9b300000,0x0000008c9b400000) (1024K)]
  0x000001a5cb259210 JavaThread "Reference Handler"          daemon [_thread_blocked, id=9872, stack(0x0000008c9bb00000,0x0000008c9bc00000) (1024K)]
  0x000001a5cb259c70 JavaThread "Finalizer"                  daemon [_thread_blocked, id=11772, stack(0x0000008c9bc00000,0x0000008c9bd00000) (1024K)]
  0x000001a5cb25c960 JavaThread "Signal Dispatcher"          daemon [_thread_blocked, id=3664, stack(0x0000008c9bd00000,0x0000008c9be00000) (1024K)]
  0x000001a5cb25d3c0 JavaThread "Attach Listener"            daemon [_thread_blocked, id=4224, stack(0x0000008c9be00000,0x0000008c9bf00000) (1024K)]
  0x000001a5cb267e40 JavaThread "Service Thread"             daemon [_thread_blocked, id=10272, stack(0x0000008c9bf00000,0x0000008c9c000000) (1024K)]
  0x000001a5cb28a8c0 JavaThread "Monitor Deflation Thread"   daemon [_thread_blocked, id=9744, stack(0x0000008c9c000000,0x0000008c9c100000) (1024K)]
  0x000001a5cb28b650 JavaThread "C2 CompilerThread0"         daemon [_thread_blocked, id=7200, stack(0x0000008c9c100000,0x0000008c9c200000) (1024K)]
  0x000001a5cb28c100 JavaThread "C1 CompilerThread0"         daemon [_thread_blocked, id=14268, stack(0x0000008c9c200000,0x0000008c9c300000) (1024K)]
  0x000001a5cb3788f0 JavaThread "Common-Cleaner"             daemon [_thread_blocked, id=12872, stack(0x0000008c9c300000,0x0000008c9c400000) (1024K)]
  0x000001a5cb4fdc10 JavaThread "Monitor Ctrl-Break"         daemon [_thread_in_native, id=8384, stack(0x0000008c9c400000,0x0000008c9c500000) (1024K)]
  0x000001a5cb5ebcd0 JavaThread "Notification Thread"        daemon [_thread_blocked, id=8896, stack(0x0000008c9c500000,0x0000008c9c600000) (1024K)]
=>0x000001a5cb88e360 JavaThread "C2 CompilerThread1"         daemon [_thread_in_native, id=14088, stack(0x0000008c9c600000,0x0000008c9c700000) (1024K)]
  0x000001a611650810 JavaThread "mysql-cj-abandoned-connection-cleanup" daemon [_thread_blocked, id=12464, stack(0x0000008c9ca00000,0x0000008c9cb00000) (1024K)]
  0x000001a5cbadd2e0 JavaThread "RMI TCP Accept-0"           daemon [_thread_in_native, id=5700, stack(0x0000008c9cb00000,0x0000008c9cc00000) (1024K)]
  0x000001a611aceeb0 JavaThread "RMI TCP Connection(1)-192.168.43.68" daemon [_thread_in_native, id=9632, stack(0x0000008c9cc00000,0x0000008c9cd00000) (1024K)]
  0x000001a611ad2330 JavaThread "RMI Scheduler(0)"           daemon [_thread_blocked, id=13064, stack(0x0000008c9cd00000,0x0000008c9ce00000) (1024K)]
  0x000001a611ad29c0 JavaThread "JMX server connection timeout 29" daemon [_thread_blocked, id=8132, stack(0x0000008c9ce00000,0x0000008c9cf00000) (1024K)]
Total: 18

Other Threads:
  0x000001a5cb23c210 VMThread "VM Thread"                           [id=14152, stack(0x0000008c9ba00000,0x0000008c9bb00000) (1024K)]
  0x000001a5cb22cd10 WatcherThread "VM Periodic Task Thread"        [id=2292, stack(0x0000008c9b900000,0x0000008c9ba00000) (1024K)]
  0x000001a5aeee9e80 WorkerThread "GC Thread#0"                     [id=9564, stack(0x0000008c9b400000,0x0000008c9b500000) (1024K)]
  0x000001a5cbd29e20 WorkerThread "GC Thread#1"                     [id=14072, stack(0x0000008c9c700000,0x0000008c9c800000) (1024K)]
  0x000001a5cbd16de0 WorkerThread "GC Thread#2"                     [id=1804, stack(0x0000008c9c800000,0x0000008c9c900000) (1024K)]
  0x000001a5cbd71b60 WorkerThread "GC Thread#3"                     [id=4776, stack(0x0000008c9c900000,0x0000008c9ca00000) (1024K)]
  0x000001a5aeeff440 ConcurrentGCThread "G1 Main Marker"            [id=4072, stack(0x0000008c9b500000,0x0000008c9b600000) (1024K)]
  0x000001a5aef00d10 WorkerThread "G1 Conc#0"                       [id=13164, stack(0x0000008c9b600000,0x0000008c9b700000) (1024K)]
  0x000001a5cb103180 ConcurrentGCThread "G1 Refine#0"               [id=9412, stack(0x0000008c9b700000,0x0000008c9b800000) (1024K)]
  0x000001a5cb1059c0 ConcurrentGCThread "G1 Service"                [id=3576, stack(0x0000008c9b800000,0x0000008c9b900000) (1024K)]
Total: 10

Threads with active compile tasks:
C2 CompilerThread1  1481 1923       4       sun.security.ec.ECOperations::setDouble (463 bytes)
Total: 1

VM state: not at safepoint (normal execution)

VM Mutex/Monitor currently owned by a thread: None

Heap address: 0x0000000084000000, size: 1984 MB, Compressed Oops mode: 32-bit

CDS archive(s) mapped at: [0x000001a5cc000000-0x000001a5ccd70000-0x000001a5ccd70000), size 14090240, SharedBaseAddress: 0x000001a5cc000000, ArchiveRelocationMode: 1.
Compressed class space mapped at: 0x000001a5cd000000-0x000001a60d000000, reserved size: 1073741824
Narrow klass base: 0x000001a5cc000000, Narrow klass shift: 0, Narrow klass range: 0x41000000

GC Precious Log:
 CardTable entry size: 512
 Card Set container configuration: InlinePtr #cards 5 size 8 Array Of Cards #cards 10 size 36 Howl #buckets 4 coarsen threshold 1843 Howl Bitmap #cards 512 size 80 coarsen threshold 460 Card regions per heap region 1 cards per card region 2048
 CPUs: 4 total, 4 available
 Memory: 7933M
 Large Page Support: Disabled
 NUMA Support: Disabled
 Compressed Oops: Enabled (32-bit)
 Heap Region Size: 1M
 Heap Min Capacity: 8M
 Heap Initial Capacity: 124M
 Heap Max Capacity: 1984M
 Pre-touch: Disabled
 Parallel Workers: 4
 Concurrent Workers: 1
 Concurrent Refinement Workers: 4
 Periodic GC: Disabled

Heap:
 garbage-first heap   total reserved 2031616K, committed 126976K, used 19202K [0x0000000084000000, 0x0000000100000000)
  region size 1024K, 16 young (16384K), 2 survivors (2048K)
 Metaspace       used 19175K, committed 19456K, reserved 1114112K
  class space    used 2121K, committed 2240K, reserved 1048576K

Heap Regions: E=young(eden), S=young(survivor), O=old, HS=humongous(starts), HC=humongous(continues), CS=collection set, F=free, TAMS=top-at-mark-start, PB=parsable bottom
|   0|0x0000000084000000, 0x0000000084100000, 0x0000000084100000|100%|HS|  |TAMS 0x0000000084000000| PB 0x0000000084000000| Complete |  0
|   1|0x0000000084100000, 0x0000000084200000, 0x0000000084200000|100%| O|  |TAMS 0x0000000084100000| PB 0x0000000084100000| Untracked |  0
|   2|0x0000000084200000, 0x0000000084300000, 0x0000000084300000|100%| O|  |TAMS 0x0000000084200000| PB 0x0000000084200000| Untracked |  0
|   3|0x0000000084300000, 0x0000000084400000, 0x0000000084400000|100%| O|  |TAMS 0x0000000084300000| PB 0x0000000084300000| Untracked |  0
|   4|0x0000000084400000, 0x00000000844517c8, 0x0000000084500000| 31%| O|  |TAMS 0x0000000084400000| PB 0x0000000084400000| Untracked |  0
|   5|0x0000000084500000, 0x0000000084500000, 0x0000000084600000|  0%| F|  |TAMS 0x0000000084500000| PB 0x0000000084500000| Untracked |  0
|   6|0x0000000084600000, 0x0000000084600000, 0x0000000084700000|  0%| F|  |TAMS 0x0000000084600000| PB 0x0000000084600000| Untracked |  0
|   7|0x0000000084700000, 0x0000000084700000, 0x0000000084800000|  0%| F|  |TAMS 0x0000000084700000| PB 0x0000000084700000| Untracked |  0
|   8|0x0000000084800000, 0x0000000084800000, 0x0000000084900000|  0%| F|  |TAMS 0x0000000084800000| PB 0x0000000084800000| Untracked |  0
|   9|0x0000000084900000, 0x0000000084900000, 0x0000000084a00000|  0%| F|  |TAMS 0x0000000084900000| PB 0x0000000084900000| Untracked |  0
|  10|0x0000000084a00000, 0x0000000084a00000, 0x0000000084b00000|  0%| F|  |TAMS 0x0000000084a00000| PB 0x0000000084a00000| Untracked |  0
|  11|0x0000000084b00000, 0x0000000084b00000, 0x0000000084c00000|  0%| F|  |TAMS 0x0000000084b00000| PB 0x0000000084b00000| Untracked |  0
|  12|0x0000000084c00000, 0x0000000084c00000, 0x0000000084d00000|  0%| F|  |TAMS 0x0000000084c00000| PB 0x0000000084c00000| Untracked |  0
|  13|0x0000000084d00000, 0x0000000084d00000, 0x0000000084e00000|  0%| F|  |TAMS 0x0000000084d00000| PB 0x0000000084d00000| Untracked |  0
|  14|0x0000000084e00000, 0x0000000084e00000, 0x0000000084f00000|  0%| F|  |TAMS 0x0000000084e00000| PB 0x0000000084e00000| Untracked |  0
|  15|0x0000000084f00000, 0x0000000084f00000, 0x0000000085000000|  0%| F|  |TAMS 0x0000000084f00000| PB 0x0000000084f00000| Untracked |  0
|  16|0x0000000085000000, 0x0000000085000000, 0x0000000085100000|  0%| F|  |TAMS 0x0000000085000000| PB 0x0000000085000000| Untracked |  0
|  17|0x0000000085100000, 0x0000000085100000, 0x0000000085200000|  0%| F|  |TAMS 0x0000000085100000| PB 0x0000000085100000| Untracked |  0
|  18|0x0000000085200000, 0x0000000085200000, 0x0000000085300000|  0%| F|  |TAMS 0x0000000085200000| PB 0x0000000085200000| Untracked |  0
|  19|0x0000000085300000, 0x0000000085300000, 0x0000000085400000|  0%| F|  |TAMS 0x0000000085300000| PB 0x0000000085300000| Untracked |  0
|  20|0x0000000085400000, 0x0000000085400000, 0x0000000085500000|  0%| F|  |TAMS 0x0000000085400000| PB 0x0000000085400000| Untracked |  0
|  21|0x0000000085500000, 0x0000000085500000, 0x0000000085600000|  0%| F|  |TAMS 0x0000000085500000| PB 0x0000000085500000| Untracked |  0
|  22|0x0000000085600000, 0x0000000085600000, 0x0000000085700000|  0%| F|  |TAMS 0x0000000085600000| PB 0x0000000085600000| Untracked |  0
|  23|0x0000000085700000, 0x0000000085700000, 0x0000000085800000|  0%| F|  |TAMS 0x0000000085700000| PB 0x0000000085700000| Untracked |  0
|  24|0x0000000085800000, 0x0000000085800000, 0x0000000085900000|  0%| F|  |TAMS 0x0000000085800000| PB 0x0000000085800000| Untracked |  0
|  25|0x0000000085900000, 0x0000000085900000, 0x0000000085a00000|  0%| F|  |TAMS 0x0000000085900000| PB 0x0000000085900000| Untracked |  0
|  26|0x0000000085a00000, 0x0000000085a00000, 0x0000000085b00000|  0%| F|  |TAMS 0x0000000085a00000| PB 0x0000000085a00000| Untracked |  0
|  27|0x0000000085b00000, 0x0000000085b00000, 0x0000000085c00000|  0%| F|  |TAMS 0x0000000085b00000| PB 0x0000000085b00000| Untracked |  0
|  28|0x0000000085c00000, 0x0000000085c00000, 0x0000000085d00000|  0%| F|  |TAMS 0x0000000085c00000| PB 0x0000000085c00000| Untracked |  0
|  29|0x0000000085d00000, 0x0000000085d00000, 0x0000000085e00000|  0%| F|  |TAMS 0x0000000085d00000| PB 0x0000000085d00000| Untracked |  0
|  30|0x0000000085e00000, 0x0000000085e00000, 0x0000000085f00000|  0%| F|  |TAMS 0x0000000085e00000| PB 0x0000000085e00000| Untracked |  0
|  31|0x0000000085f00000, 0x0000000085f00000, 0x0000000086000000|  0%| F|  |TAMS 0x0000000085f00000| PB 0x0000000085f00000| Untracked |  0
|  32|0x0000000086000000, 0x0000000086000000, 0x0000000086100000|  0%| F|  |TAMS 0x0000000086000000| PB 0x0000000086000000| Untracked |  0
|  33|0x0000000086100000, 0x0000000086100000, 0x0000000086200000|  0%| F|  |TAMS 0x0000000086100000| PB 0x0000000086100000| Untracked |  0
|  34|0x0000000086200000, 0x0000000086200000, 0x0000000086300000|  0%| F|  |TAMS 0x0000000086200000| PB 0x0000000086200000| Untracked |  0
|  35|0x0000000086300000, 0x0000000086300000, 0x0000000086400000|  0%| F|  |TAMS 0x0000000086300000| PB 0x0000000086300000| Untracked |  0
|  36|0x0000000086400000, 0x0000000086400000, 0x0000000086500000|  0%| F|  |TAMS 0x0000000086400000| PB 0x0000000086400000| Untracked |  0
|  37|0x0000000086500000, 0x0000000086500000, 0x0000000086600000|  0%| F|  |TAMS 0x0000000086500000| PB 0x0000000086500000| Untracked |  0
|  38|0x0000000086600000, 0x0000000086600000, 0x0000000086700000|  0%| F|  |TAMS 0x0000000086600000| PB 0x0000000086600000| Untracked |  0
|  39|0x0000000086700000, 0x0000000086700000, 0x0000000086800000|  0%| F|  |TAMS 0x0000000086700000| PB 0x0000000086700000| Untracked |  0
|  40|0x0000000086800000, 0x0000000086800000, 0x0000000086900000|  0%| F|  |TAMS 0x0000000086800000| PB 0x0000000086800000| Untracked |  0
|  41|0x0000000086900000, 0x0000000086900000, 0x0000000086a00000|  0%| F|  |TAMS 0x0000000086900000| PB 0x0000000086900000| Untracked |  0
|  42|0x0000000086a00000, 0x0000000086a00000, 0x0000000086b00000|  0%| F|  |TAMS 0x0000000086a00000| PB 0x0000000086a00000| Untracked |  0
|  43|0x0000000086b00000, 0x0000000086b00000, 0x0000000086c00000|  0%| F|  |TAMS 0x0000000086b00000| PB 0x0000000086b00000| Untracked |  0
|  44|0x0000000086c00000, 0x0000000086c00000, 0x0000000086d00000|  0%| F|  |TAMS 0x0000000086c00000| PB 0x0000000086c00000| Untracked |  0
|  45|0x0000000086d00000, 0x0000000086d00000, 0x0000000086e00000|  0%| F|  |TAMS 0x0000000086d00000| PB 0x0000000086d00000| Untracked |  0
|  46|0x0000000086e00000, 0x0000000086e00000, 0x0000000086f00000|  0%| F|  |TAMS 0x0000000086e00000| PB 0x0000000086e00000| Untracked |  0
|  47|0x0000000086f00000, 0x0000000086f00000, 0x0000000087000000|  0%| F|  |TAMS 0x0000000086f00000| PB 0x0000000086f00000| Untracked |  0
|  48|0x0000000087000000, 0x0000000087000000, 0x0000000087100000|  0%| F|  |TAMS 0x0000000087000000| PB 0x0000000087000000| Untracked |  0
|  49|0x0000000087100000, 0x0000000087100000, 0x0000000087200000|  0%| F|  |TAMS 0x0000000087100000| PB 0x0000000087100000| Untracked |  0
|  50|0x0000000087200000, 0x0000000087200000, 0x0000000087300000|  0%| F|  |TAMS 0x0000000087200000| PB 0x0000000087200000| Untracked |  0
|  51|0x0000000087300000, 0x0000000087300000, 0x0000000087400000|  0%| F|  |TAMS 0x0000000087300000| PB 0x0000000087300000| Untracked |  0
|  52|0x0000000087400000, 0x0000000087400000, 0x0000000087500000|  0%| F|  |TAMS 0x0000000087400000| PB 0x0000000087400000| Untracked |  0
|  53|0x0000000087500000, 0x0000000087500000, 0x0000000087600000|  0%| F|  |TAMS 0x0000000087500000| PB 0x0000000087500000| Untracked |  0
|  54|0x0000000087600000, 0x0000000087600000, 0x0000000087700000|  0%| F|  |TAMS 0x0000000087600000| PB 0x0000000087600000| Untracked |  0
|  55|0x0000000087700000, 0x0000000087700000, 0x0000000087800000|  0%| F|  |TAMS 0x0000000087700000| PB 0x0000000087700000| Untracked |  0
|  56|0x0000000087800000, 0x0000000087800000, 0x0000000087900000|  0%| F|  |TAMS 0x0000000087800000| PB 0x0000000087800000| Untracked |  0
|  57|0x0000000087900000, 0x0000000087900000, 0x0000000087a00000|  0%| F|  |TAMS 0x0000000087900000| PB 0x0000000087900000| Untracked |  0
|  58|0x0000000087a00000, 0x0000000087a00000, 0x0000000087b00000|  0%| F|  |TAMS 0x0000000087a00000| PB 0x0000000087a00000| Untracked |  0
|  59|0x0000000087b00000, 0x0000000087b00000, 0x0000000087c00000|  0%| F|  |TAMS 0x0000000087b00000| PB 0x0000000087b00000| Untracked |  0
|  60|0x0000000087c00000, 0x0000000087c00000, 0x0000000087d00000|  0%| F|  |TAMS 0x0000000087c00000| PB 0x0000000087c00000| Untracked |  0
|  61|0x0000000087d00000, 0x0000000087d00000, 0x0000000087e00000|  0%| F|  |TAMS 0x0000000087d00000| PB 0x0000000087d00000| Untracked |  0
|  62|0x0000000087e00000, 0x0000000087e00000, 0x0000000087f00000|  0%| F|  |TAMS 0x0000000087e00000| PB 0x0000000087e00000| Untracked |  0
|  63|0x0000000087f00000, 0x0000000087f00000, 0x0000000088000000|  0%| F|  |TAMS 0x0000000087f00000| PB 0x0000000087f00000| Untracked |  0
|  64|0x0000000088000000, 0x0000000088000000, 0x0000000088100000|  0%| F|  |TAMS 0x0000000088000000| PB 0x0000000088000000| Untracked |  0
|  65|0x0000000088100000, 0x0000000088100000, 0x0000000088200000|  0%| F|  |TAMS 0x0000000088100000| PB 0x0000000088100000| Untracked |  0
|  66|0x0000000088200000, 0x0000000088200000, 0x0000000088300000|  0%| F|  |TAMS 0x0000000088200000| PB 0x0000000088200000| Untracked |  0
|  67|0x0000000088300000, 0x0000000088300000, 0x0000000088400000|  0%| F|  |TAMS 0x0000000088300000| PB 0x0000000088300000| Untracked |  0
|  68|0x0000000088400000, 0x0000000088400000, 0x0000000088500000|  0%| F|  |TAMS 0x0000000088400000| PB 0x0000000088400000| Untracked |  0
|  69|0x0000000088500000, 0x0000000088500000, 0x0000000088600000|  0%| F|  |TAMS 0x0000000088500000| PB 0x0000000088500000| Untracked |  0
|  70|0x0000000088600000, 0x0000000088600000, 0x0000000088700000|  0%| F|  |TAMS 0x0000000088600000| PB 0x0000000088600000| Untracked |  0
|  71|0x0000000088700000, 0x0000000088700000, 0x0000000088800000|  0%| F|  |TAMS 0x0000000088700000| PB 0x0000000088700000| Untracked |  0
|  72|0x0000000088800000, 0x0000000088800000, 0x0000000088900000|  0%| F|  |TAMS 0x0000000088800000| PB 0x0000000088800000| Untracked |  0
|  73|0x0000000088900000, 0x0000000088900000, 0x0000000088a00000|  0%| F|  |TAMS 0x0000000088900000| PB 0x0000000088900000| Untracked |  0
|  74|0x0000000088a00000, 0x0000000088a00000, 0x0000000088b00000|  0%| F|  |TAMS 0x0000000088a00000| PB 0x0000000088a00000| Untracked |  0
|  75|0x0000000088b00000, 0x0000000088b00000, 0x0000000088c00000|  0%| F|  |TAMS 0x0000000088b00000| PB 0x0000000088b00000| Untracked |  0
|  76|0x0000000088c00000, 0x0000000088c00000, 0x0000000088d00000|  0%| F|  |TAMS 0x0000000088c00000| PB 0x0000000088c00000| Untracked |  0
|  77|0x0000000088d00000, 0x0000000088d00000, 0x0000000088e00000|  0%| F|  |TAMS 0x0000000088d00000| PB 0x0000000088d00000| Untracked |  0
|  78|0x0000000088e00000, 0x0000000088e00000, 0x0000000088f00000|  0%| F|  |TAMS 0x0000000088e00000| PB 0x0000000088e00000| Untracked |  0
|  79|0x0000000088f00000, 0x0000000088f00000, 0x0000000089000000|  0%| F|  |TAMS 0x0000000088f00000| PB 0x0000000088f00000| Untracked |  0
|  80|0x0000000089000000, 0x0000000089000000, 0x0000000089100000|  0%| F|  |TAMS 0x0000000089000000| PB 0x0000000089000000| Untracked |  0
|  81|0x0000000089100000, 0x0000000089100000, 0x0000000089200000|  0%| F|  |TAMS 0x0000000089100000| PB 0x0000000089100000| Untracked |  0
|  82|0x0000000089200000, 0x0000000089200000, 0x0000000089300000|  0%| F|  |TAMS 0x0000000089200000| PB 0x0000000089200000| Untracked |  0
|  83|0x0000000089300000, 0x0000000089300000, 0x0000000089400000|  0%| F|  |TAMS 0x0000000089300000| PB 0x0000000089300000| Untracked |  0
|  84|0x0000000089400000, 0x0000000089400000, 0x0000000089500000|  0%| F|  |TAMS 0x0000000089400000| PB 0x0000000089400000| Untracked |  0
|  85|0x0000000089500000, 0x0000000089500000, 0x0000000089600000|  0%| F|  |TAMS 0x0000000089500000| PB 0x0000000089500000| Untracked |  0
|  86|0x0000000089600000, 0x0000000089600000, 0x0000000089700000|  0%| F|  |TAMS 0x0000000089600000| PB 0x0000000089600000| Untracked |  0
|  87|0x0000000089700000, 0x0000000089700000, 0x0000000089800000|  0%| F|  |TAMS 0x0000000089700000| PB 0x0000000089700000| Untracked |  0
|  88|0x0000000089800000, 0x0000000089800000, 0x0000000089900000|  0%| F|  |TAMS 0x0000000089800000| PB 0x0000000089800000| Untracked |  0
|  89|0x0000000089900000, 0x0000000089900000, 0x0000000089a00000|  0%| F|  |TAMS 0x0000000089900000| PB 0x0000000089900000| Untracked |  0
|  90|0x0000000089a00000, 0x0000000089a00000, 0x0000000089b00000|  0%| F|  |TAMS 0x0000000089a00000| PB 0x0000000089a00000| Untracked |  0
|  91|0x0000000089b00000, 0x0000000089b00000, 0x0000000089c00000|  0%| F|  |TAMS 0x0000000089b00000| PB 0x0000000089b00000| Untracked |  0
|  92|0x0000000089c00000, 0x0000000089c00000, 0x0000000089d00000|  0%| F|  |TAMS 0x0000000089c00000| PB 0x0000000089c00000| Untracked |  0
|  93|0x0000000089d00000, 0x0000000089d00000, 0x0000000089e00000|  0%| F|  |TAMS 0x0000000089d00000| PB 0x0000000089d00000| Untracked |  0
|  94|0x0000000089e00000, 0x0000000089e00000, 0x0000000089f00000|  0%| F|  |TAMS 0x0000000089e00000| PB 0x0000000089e00000| Untracked |  0
|  95|0x0000000089f00000, 0x0000000089f00000, 0x000000008a000000|  0%| F|  |TAMS 0x0000000089f00000| PB 0x0000000089f00000| Untracked |  0
|  96|0x000000008a000000, 0x000000008a000000, 0x000000008a100000|  0%| F|  |TAMS 0x000000008a000000| PB 0x000000008a000000| Untracked |  0
|  97|0x000000008a100000, 0x000000008a100000, 0x000000008a200000|  0%| F|  |TAMS 0x000000008a100000| PB 0x000000008a100000| Untracked |  0
|  98|0x000000008a200000, 0x000000008a200000, 0x000000008a300000|  0%| F|  |TAMS 0x000000008a200000| PB 0x000000008a200000| Untracked |  0
|  99|0x000000008a300000, 0x000000008a300000, 0x000000008a400000|  0%| F|  |TAMS 0x000000008a300000| PB 0x000000008a300000| Untracked |  0
| 100|0x000000008a400000, 0x000000008a400000, 0x000000008a500000|  0%| F|  |TAMS 0x000000008a400000| PB 0x000000008a400000| Untracked |  0
| 101|0x000000008a500000, 0x000000008a500000, 0x000000008a600000|  0%| F|  |TAMS 0x000000008a500000| PB 0x000000008a500000| Untracked |  0
| 102|0x000000008a600000, 0x000000008a600000, 0x000000008a700000|  0%| F|  |TAMS 0x000000008a600000| PB 0x000000008a600000| Untracked |  0
| 103|0x000000008a700000, 0x000000008a700000, 0x000000008a800000|  0%| F|  |TAMS 0x000000008a700000| PB 0x000000008a700000| Untracked |  0
| 104|0x000000008a800000, 0x000000008a800000, 0x000000008a900000|  0%| F|  |TAMS 0x000000008a800000| PB 0x000000008a800000| Untracked |  0
| 105|0x000000008a900000, 0x000000008a900000, 0x000000008aa00000|  0%| F|  |TAMS 0x000000008a900000| PB 0x000000008a900000| Untracked |  0
| 106|0x000000008aa00000, 0x000000008aa00000, 0x000000008ab00000|  0%| F|  |TAMS 0x000000008aa00000| PB 0x000000008aa00000| Untracked |  0
| 107|0x000000008ab00000, 0x000000008ab6f0d8, 0x000000008ac00000| 43%| S|CS|TAMS 0x000000008ab00000| PB 0x000000008ab00000| Complete |  0
| 108|0x000000008ac00000, 0x000000008ac00000, 0x000000008ad00000|  0%| F|  |TAMS 0x000000008ac00000| PB 0x000000008ac00000| Untracked |  0
| 109|0x000000008ad00000, 0x000000008adf10b8, 0x000000008ae00000| 94%| E|  |TAMS 0x000000008ad00000| PB 0x000000008ad00000| Complete |  0
| 110|0x000000008ae00000, 0x000000008af00000, 0x000000008af00000|100%| S|CS|TAMS 0x000000008ae00000| PB 0x000000008ae00000| Complete |  0
| 111|0x000000008af00000, 0x000000008b000000, 0x000000008b000000|100%| E|CS|TAMS 0x000000008af00000| PB 0x000000008af00000| Complete |  0
| 112|0x000000008b000000, 0x000000008b100000, 0x000000008b100000|100%| E|CS|TAMS 0x000000008b000000| PB 0x000000008b000000| Complete |  0
| 113|0x000000008b100000, 0x000000008b200000, 0x000000008b200000|100%| E|CS|TAMS 0x000000008b100000| PB 0x000000008b100000| Complete |  0
| 114|0x000000008b200000, 0x000000008b300000, 0x000000008b300000|100%| E|CS|TAMS 0x000000008b200000| PB 0x000000008b200000| Complete |  0
| 115|0x000000008b300000, 0x000000008b400000, 0x000000008b400000|100%| E|CS|TAMS 0x000000008b300000| PB 0x000000008b300000| Complete |  0
| 116|0x000000008b400000, 0x000000008b500000, 0x000000008b500000|100%| E|CS|TAMS 0x000000008b400000| PB 0x000000008b400000| Complete |  0
| 117|0x000000008b500000, 0x000000008b600000, 0x000000008b600000|100%| E|CS|TAMS 0x000000008b500000| PB 0x000000008b500000| Complete |  0
| 118|0x000000008b600000, 0x000000008b700000, 0x000000008b700000|100%| E|CS|TAMS 0x000000008b600000| PB 0x000000008b600000| Complete |  0
| 119|0x000000008b700000, 0x000000008b800000, 0x000000008b800000|100%| E|CS|TAMS 0x000000008b700000| PB 0x000000008b700000| Complete |  0
| 120|0x000000008b800000, 0x000000008b900000, 0x000000008b900000|100%| E|CS|TAMS 0x000000008b800000| PB 0x000000008b800000| Complete |  0
| 121|0x000000008b900000, 0x000000008ba00000, 0x000000008ba00000|100%| E|CS|TAMS 0x000000008b900000| PB 0x000000008b900000| Complete |  0
| 122|0x000000008ba00000, 0x000000008bb00000, 0x000000008bb00000|100%| E|CS|TAMS 0x000000008ba00000| PB 0x000000008ba00000| Complete |  0
| 123|0x000000008bb00000, 0x000000008bc00000, 0x000000008bc00000|100%| E|CS|TAMS 0x000000008bb00000| PB 0x000000008bb00000| Complete |  0

Card table byte_map: [0x000001a5c6990000,0x000001a5c6d70000] _byte_map_base: 0x000001a5c6570000

Marking Bits: (CMBitMap*) 0x000001a5aeeeb350
 Bits: [0x000001a5c6d70000, 0x000001a5c8c70000)

Polling page: 0x000001a5ace60000

Metaspace:

Usage:
  Non-class:     16.65 MB used.
      Class:      2.07 MB used.
       Both:     18.73 MB used.

Virtual space:
  Non-class space:       64.00 MB reserved,      16.81 MB ( 26%) committed,  1 nodes.
      Class space:        1.00 GB reserved,       2.19 MB ( <1%) committed,  1 nodes.
             Both:        1.06 GB reserved,      19.00 MB (  2%) committed. 

Chunk freelists:
   Non-Class:  14.55 MB
       Class:  13.66 MB
        Both:  28.21 MB

MaxMetaspaceSize: unlimited
CompressedClassSpaceSize: 1.00 GB
Initial GC threshold: 21.00 MB
Current GC threshold: 21.00 MB
CDS: on
 - commit_granule_bytes: 65536.
 - commit_granule_words: 8192.
 - virtual_space_node_default_size: 8388608.
 - enlarge_chunks_in_place: 1.
 - use_allocation_guard: 0.


Internal statistics:

num_allocs_failed_limit: 0.
num_arena_births: 260.
num_arena_deaths: 0.
num_vsnodes_births: 2.
num_vsnodes_deaths: 0.
num_space_committed: 304.
num_space_uncommitted: 0.
num_chunks_returned_to_freelist: 0.
num_chunks_taken_from_freelist: 511.
num_chunk_merges: 0.
num_chunk_splits: 292.
num_chunks_enlarged: 166.
num_inconsistent_stats: 0.

CodeHeap 'non-profiled nmethods': size=120064Kb used=680Kb max_used=680Kb free=119383Kb
 bounds [0x000001a5bf070000, 0x000001a5bf2e0000, 0x000001a5c65b0000]
CodeHeap 'profiled nmethods': size=120000Kb used=2913Kb max_used=2913Kb free=117086Kb
 bounds [0x000001a5b75b0000, 0x000001a5b7890000, 0x000001a5beae0000]
CodeHeap 'non-nmethods': size=5696Kb used=1667Kb max_used=1682Kb free=4028Kb
 bounds [0x000001a5beae0000, 0x000001a5bed50000, 0x000001a5bf070000]
CodeCache: size=245760Kb, used=5260Kb, max_used=5275Kb, free=240497Kb
 total_blobs=2746, nmethods=2138, adapters=513, full_count=0
Compilation: enabled, stopped_count=0, restarted_count=0

Compilation events (20 events):
Event: 1.365 Thread 0x000001a5cb28c100 nmethod 2057 0x000001a5bf115688 code [0x000001a5bf1157a0, 0x000001a5bf115868]
Event: 1.365 Thread 0x000001a5cb28c100 2059       1       sun.util.locale.StringTokenIterator::currentEnd (5 bytes)
Event: 1.365 Thread 0x000001a5cb28c100 nmethod 2059 0x000001a5bf115988 code [0x000001a5bf115aa0, 0x000001a5bf115b68]
Event: 1.365 Thread 0x000001a5cb28c100 2060       3       sun.util.locale.LocaleUtils::isLower (18 bytes)
Event: 1.365 Thread 0x000001a5cb28c100 nmethod 2060 0x000001a5b785da08 code [0x000001a5b785db20, 0x000001a5b785dc88]
Event: 1.365 Thread 0x000001a5cb28c100 2061       1       jdk.internal.util.SoftReferenceKey::hashCode (5 bytes)
Event: 1.365 Thread 0x000001a5cb28c100 nmethod 2061 0x000001a5bf115c88 code [0x000001a5bf115da0, 0x000001a5bf115e68]
Event: 1.365 Thread 0x000001a5cb28c100 2062       3       sun.util.locale.ParseStatus::isError (13 bytes)
Event: 1.365 Thread 0x000001a5cb28c100 nmethod 2062 0x000001a5b785dd08 code [0x000001a5b785de20, 0x000001a5b785df78]
Event: 1.365 Thread 0x000001a5cb28c100 2063       3       sun.util.locale.LocaleUtils::toLowerString (95 bytes)
Event: 1.366 Thread 0x000001a5cb28b650 2066       4       java.util.Collections::emptyList (4 bytes)
Event: 1.366 Thread 0x000001a5cb28b650 nmethod 2066 0x000001a5bf115f88 code [0x000001a5bf116080, 0x000001a5bf1160f0]
Event: 1.366 Thread 0x000001a5cb28c100 nmethod 2063 0x000001a5b785e008 code [0x000001a5b785e260, 0x000001a5b785f2c8]
Event: 1.366 Thread 0x000001a5cb28c100 2064       3       java.util.stream.Nodes$SpinedNodeBuilder::accept (29 bytes)
Event: 1.367 Thread 0x000001a5cb28c100 nmethod 2064 0x000001a5b785f388 code [0x000001a5b785f4a0, 0x000001a5b785f5f0]
Event: 1.367 Thread 0x000001a5cb28c100 2065       3       java.util.stream.SpinedBuffer::accept (94 bytes)
Event: 1.367 Thread 0x000001a5cb28c100 nmethod 2065 0x000001a5b785f688 code [0x000001a5b785f800, 0x000001a5b78600b8]
Event: 1.367 Thread 0x000001a5cb28c100 2067       3       sun.util.locale.StringTokenIterator::nextDelimiter (116 bytes)
Event: 1.368 Thread 0x000001a5cb28c100 nmethod 2067 0x000001a5b7860108 code [0x000001a5b78603a0, 0x000001a5b7861700]
Event: 1.368 Thread 0x000001a5cb28c100 2068       3       sun.util.locale.LocaleUtils::isAlphaString (33 bytes)

GC Heap History (4 events):
Event: 0.415 GC heap before
{Heap before GC invocations=0 (full 0):
 garbage-first heap   total reserved 2031616K, committed 126976K, used 15360K [0x0000000084000000, 0x0000000100000000)
  region size 1024K, 14 young (14336K), 0 survivors (0K)
 Metaspace       used 7614K, committed 7808K, reserved 1114112K
  class space    used 815K, committed 960K, reserved 1048576K
}
Event: 0.421 GC heap after
{Heap after GC invocations=1 (full 0):
 garbage-first heap   total reserved 2031616K, committed 126976K, used 4320K [0x0000000084000000, 0x0000000100000000)
  region size 1024K, 2 young (2048K), 2 survivors (2048K)
 Metaspace       used 7614K, committed 7808K, reserved 1114112K
  class space    used 815K, committed 960K, reserved 1048576K
}
Event: 0.759 GC heap before
{Heap before GC invocations=1 (full 0):
 garbage-first heap   total reserved 2031616K, committed 126976K, used 16608K [0x0000000084000000, 0x0000000100000000)
  region size 1024K, 15 young (15360K), 2 survivors (2048K)
 Metaspace       used 12422K, committed 12608K, reserved 1114112K
  class space    used 1348K, committed 1408K, reserved 1048576K
}
Event: 0.766 GC heap after
{Heap after GC invocations=2 (full 0):
 garbage-first heap   total reserved 2031616K, committed 126976K, used 5890K [0x0000000084000000, 0x0000000100000000)
  region size 1024K, 2 young (2048K), 2 survivors (2048K)
 Metaspace       used 12422K, committed 12608K, reserved 1114112K
  class space    used 1348K, committed 1408K, reserved 1048576K
}

Dll operation events (13 events):
Event: 0.010 Loaded shared library C:\Users\User\.jdks\openjdk-23\bin\java.dll
Event: 0.010 Loaded shared library C:\Users\User\.jdks\openjdk-23\bin\zip.dll
Event: 0.037 Loaded shared library C:\Users\User\.jdks\openjdk-23\bin\jsvml.dll
Event: 0.091 Loaded shared library C:\Users\User\.jdks\openjdk-23\bin\instrument.dll
Event: 0.095 Loaded shared library C:\Users\User\.jdks\openjdk-23\bin\net.dll
Event: 0.097 Loaded shared library C:\Users\User\.jdks\openjdk-23\bin\nio.dll
Event: 0.102 Loaded shared library C:\Users\User\.jdks\openjdk-23\bin\zip.dll
Event: 0.125 Loaded shared library C:\Users\User\.jdks\openjdk-23\bin\extnet.dll
Event: 0.160 Loaded shared library C:\Users\User\.jdks\openjdk-23\bin\verify.dll
Event: 0.196 Loaded shared library C:\Users\User\.jdks\openjdk-23\bin\jimage.dll
Event: 0.285 Loaded shared library C:\Users\User\.jdks\openjdk-23\bin\management.dll
Event: 0.301 Loaded shared library C:\Users\User\.jdks\openjdk-23\bin\management_ext.dll
Event: 1.011 Loaded shared library C:\Users\User\.jdks\openjdk-23\bin\sunmscapi.dll

Deoptimization events (20 events):
Event: 1.160 Thread 0x000001a5acc91cb0 Uncommon trap: trap_request=0xffffffbe fr.pc=0x000001a5bf10587c relative=0x00000000000003bc
Event: 1.160 Thread 0x000001a5acc91cb0 Uncommon trap: reason=profile_predicate action=maybe_recompile pc=0x000001a5bf10587c method=java.util.regex.Pattern$SliceI.match(Ljava/util/regex/Matcher;ILjava/lang/CharSequence;)Z @ 18 c2
Event: 1.160 Thread 0x000001a5acc91cb0 DEOPT PACKING pc=0x000001a5bf10587c sp=0x0000008c9b3fcd70
Event: 1.160 Thread 0x000001a5acc91cb0 DEOPT UNPACKING pc=0x000001a5beb37982 sp=0x0000008c9b3fccd8 mode 2
Event: 1.160 Thread 0x000001a5acc91cb0 Uncommon trap: trap_request=0xffffffbe fr.pc=0x000001a5bf10587c relative=0x00000000000003bc
Event: 1.160 Thread 0x000001a5acc91cb0 Uncommon trap: reason=profile_predicate action=maybe_recompile pc=0x000001a5bf10587c method=java.util.regex.Pattern$SliceI.match(Ljava/util/regex/Matcher;ILjava/lang/CharSequence;)Z @ 18 c2
Event: 1.160 Thread 0x000001a5acc91cb0 DEOPT PACKING pc=0x000001a5bf10587c sp=0x0000008c9b3fcd70
Event: 1.160 Thread 0x000001a5acc91cb0 DEOPT UNPACKING pc=0x000001a5beb37982 sp=0x0000008c9b3fccd8 mode 2
Event: 1.160 Thread 0x000001a5acc91cb0 Uncommon trap: trap_request=0xffffffbe fr.pc=0x000001a5bf10587c relative=0x00000000000003bc
Event: 1.160 Thread 0x000001a5acc91cb0 Uncommon trap: reason=profile_predicate action=maybe_recompile pc=0x000001a5bf10587c method=java.util.regex.Pattern$SliceI.match(Ljava/util/regex/Matcher;ILjava/lang/CharSequence;)Z @ 18 c2
Event: 1.160 Thread 0x000001a5acc91cb0 DEOPT PACKING pc=0x000001a5bf10587c sp=0x0000008c9b3fcd70
Event: 1.160 Thread 0x000001a5acc91cb0 DEOPT UNPACKING pc=0x000001a5beb37982 sp=0x0000008c9b3fccd8 mode 2
Event: 1.160 Thread 0x000001a5acc91cb0 Uncommon trap: trap_request=0xffffffbe fr.pc=0x000001a5bf10587c relative=0x00000000000003bc
Event: 1.160 Thread 0x000001a5acc91cb0 Uncommon trap: reason=profile_predicate action=maybe_recompile pc=0x000001a5bf10587c method=java.util.regex.Pattern$SliceI.match(Ljava/util/regex/Matcher;ILjava/lang/CharSequence;)Z @ 18 c2
Event: 1.160 Thread 0x000001a5acc91cb0 DEOPT PACKING pc=0x000001a5bf10587c sp=0x0000008c9b3fcd70
Event: 1.160 Thread 0x000001a5acc91cb0 DEOPT UNPACKING pc=0x000001a5beb37982 sp=0x0000008c9b3fccd8 mode 2
Event: 1.164 Thread 0x000001a5acc91cb0 Uncommon trap: trap_request=0xffffff66 fr.pc=0x000001a5bf10c1ac relative=0x00000000000001ec
Event: 1.164 Thread 0x000001a5acc91cb0 Uncommon trap: reason=speculate_class_check action=maybe_recompile pc=0x000001a5bf10c1ac method=sun.security.util.math.intpoly.IntegerPolynomial.multByInt([JJ)V @ 26 c2
Event: 1.164 Thread 0x000001a5acc91cb0 DEOPT PACKING pc=0x000001a5bf10c1ac sp=0x0000008c9b3fd400
Event: 1.164 Thread 0x000001a5acc91cb0 DEOPT UNPACKING pc=0x000001a5beb37982 sp=0x0000008c9b3fd310 mode 2

Classes loaded (20 events):
Event: 1.352 Loading class com/mysql/cj/result/BigDecimalValueFactory
Event: 1.352 Loading class com/mysql/cj/result/BigDecimalValueFactory done
Event: 1.353 Loading class com/mysql/cj/result/BinaryStreamValueFactory
Event: 1.353 Loading class com/mysql/cj/result/BinaryStreamValueFactory done
Event: 1.353 Loading class com/mysql/cj/result/SqlTimeValueFactory
Event: 1.353 Loading class com/mysql/cj/result/SqlTimeValueFactory done
Event: 1.354 Loading class com/mysql/cj/result/AbstractDateTimeValueFactory
Event: 1.354 Loading class com/mysql/cj/result/AbstractDateTimeValueFactory done
Event: 1.355 Loading class sun/util/spi/CalendarProvider
Event: 1.355 Loading class sun/util/spi/CalendarProvider done
Event: 1.356 Loading class sun/util/locale/provider/CalendarProviderImpl
Event: 1.356 Loading class sun/util/locale/provider/CalendarProviderImpl done
Event: 1.358 Loading class java/util/GregorianCalendar
Event: 1.358 Loading class java/util/GregorianCalendar done
Event: 1.359 Loading class sun/util/locale/provider/CalendarDataUtility$CalendarWeekParameterGetter
Event: 1.359 Loading class sun/util/locale/provider/CalendarDataUtility$CalendarWeekParameterGetter done
Event: 1.360 Loading class sun/util/locale/provider/CalendarDataProviderImpl
Event: 1.360 Loading class sun/util/locale/provider/CalendarDataProviderImpl done
Event: 1.360 Loading class sun/util/cldr/CLDRCalendarDataProviderImpl
Event: 1.360 Loading class sun/util/cldr/CLDRCalendarDataProviderImpl done

Classes unloaded (0 events):
No events

Classes redefined (1 events):
Event: 0.134 Thread 0x000001a5cb23c210 redefined class name=java.lang.Throwable, count=1

Internal exceptions (20 events):
Event: 0.425 Thread 0x000001a5cb25d3c0 Exception <a 'java/lang/NoSuchMethodError'{0x000000008bb1c700}: 'java.lang.Object java.lang.invoke.DirectMethodHandle$Holder.invokeStaticInit(java.lang.Object, java.lang.Object, java.lang.Object)'> (0x000000008bb1c700) 
thrown [s\open\src\hotspot\share\interpreter\linkResolver.cpp, line 796]
Event: 0.449 Thread 0x000001a5acc91cb0 Exception <a 'java/lang/NoSuchMethodError'{0x000000008baa8fa8}: 'long java.lang.invoke.DirectMethodHandle$Holder.invokeSpecial(java.lang.Object, java.lang.Object)'> (0x000000008baa8fa8) 
thrown [s\open\src\hotspot\share\interpreter\linkResolver.cpp, line 796]
Event: 0.449 Thread 0x000001a5acc91cb0 Exception <a 'java/lang/NoSuchMethodError'{0x000000008baac408}: 'long java.lang.invoke.Invokers$Holder.invokeExact_MT(java.lang.Object, java.lang.Object)'> (0x000000008baac408) 
thrown [s\open\src\hotspot\share\interpreter\linkResolver.cpp, line 796]
Event: 0.594 Thread 0x000001a5cb25d3c0 Exception <a 'java/lang/NoSuchMethodError'{0x000000008b588970}: 'java.lang.Object java.lang.invoke.DirectMethodHandle$Holder.invokeStaticInit(java.lang.Object, int, int, int, int)'> (0x000000008b588970) 
thrown [s\open\src\hotspot\share\interpreter\linkResolver.cpp, line 796]
Event: 0.623 Thread 0x000001a5cb25d3c0 Exception <a 'java/lang/NoSuchMethodError'{0x000000008b4c9350}: 'java.lang.Object java.lang.invoke.DirectMethodHandle$Holder.invokeStaticInit(java.lang.Object, java.lang.Object, int, int, int, int)'> (0x000000008b4c9350) 
thrown [s\open\src\hotspot\share\interpreter\linkResolver.cpp, line 796]
Event: 0.643 Thread 0x000001a5cb25d3c0 Exception <a 'java/lang/ClassNotFoundException'{0x000000008b32edf0}: javax/management/remote/rmi/RMIServerImpl_Skel> (0x000000008b32edf0) 
thrown [s\open\src\hotspot\share\classfile\systemDictionary.cpp, line 313]
Event: 0.666 Thread 0x000001a5acc91cb0 Exception <a 'java/lang/NoSuchMethodError'{0x000000008b3ab0b8}: 'java.lang.Object java.lang.invoke.DirectMethodHandle$Holder.invokeVirtual(java.lang.Object, java.lang.Object, java.lang.Object)'> (0x000000008b3ab0b8) 
thrown [s\open\src\hotspot\share\interpreter\linkResolver.cpp, line 796]
Event: 0.717 Thread 0x000001a611aceeb0 Exception <a 'java/lang/NoSuchMethodError'{0x000000008b0496a0}: static [B.<clinit>()V> (0x000000008b0496a0) 
thrown [s\open\src\hotspot\share\prims\jni.cpp, line 1111]
Event: 0.719 Thread 0x000001a611aceeb0 Exception <a 'java/lang/NoSuchMethodError'{0x000000008b08b3e8}: 'java.lang.Object java.lang.invoke.DirectMethodHandle$Holder.invokeInterface(java.lang.Object, java.lang.Object, java.lang.Object)'> (0x000000008b08b3e8) 
thrown [s\open\src\hotspot\share\interpreter\linkResolver.cpp, line 796]
Event: 0.731 Thread 0x000001a611aceeb0 Exception <a 'java/lang/ClassNotFoundException'{0x000000008af05860}: javax/management/remote/rmi/RMIConnectionImpl_Skel> (0x000000008af05860) 
thrown [s\open\src\hotspot\share\classfile\systemDictionary.cpp, line 313]
Event: 0.753 Thread 0x000001a611aceeb0 Exception <a 'java/lang/NoSuchMethodError'{0x000000008afd8760}: 'int java.lang.invoke.DelegatingMethodHandle$Holder.reinvoke_L(java.lang.Object, java.lang.Object, java.lang.Object, java.lang.Object, java.lang.Object)'> (0x000000008afd8760) 
thrown [s\open\src\hotspot\share\interpreter\linkResolver.cpp, line 796]
Event: 0.771 Thread 0x000001a611ad29c0 Exception <a 'java/lang/NoSuchMethodError'{0x000000008bba2cb8}: 'java.lang.Object java.lang.invoke.Invokers$Holder.linkToTargetMethod(java.lang.Object, long, java.lang.Object)'> (0x000000008bba2cb8) 
thrown [s\open\src\hotspot\share\interpreter\linkResolver.cpp, line 796]
Event: 0.779 Thread 0x000001a611aceeb0 Exception <a 'java/lang/NoSuchMethodError'{0x000000008bbac828}: 'java.lang.Object java.lang.invoke.DirectMethodHandle$Holder.invokeInterface(java.lang.Object, java.lang.Object, java.lang.Object, java.lang.Object, java.lang.Object)'> (0x000000008bbac828) 
thrown [s\open\src\hotspot\share\interpreter\linkResolver.cpp, line 796]
Event: 0.802 Thread 0x000001a611aceeb0 Exception <a 'java/lang/NoSuchMethodError'{0x000000008bbfc5c8}: 'double java.lang.invoke.DirectMethodHandle$Holder.invokeInterface(java.lang.Object, java.lang.Object)'> (0x000000008bbfc5c8) 
thrown [s\open\src\hotspot\share\interpreter\linkResolver.cpp, line 796]
Event: 0.803 Thread 0x000001a611aceeb0 Exception <a 'java/lang/NoSuchMethodError'{0x000000008ba04218}: 'double java.lang.invoke.DelegatingMethodHandle$Holder.reinvoke_L(java.lang.Object, java.lang.Object)'> (0x000000008ba04218) 
thrown [s\open\src\hotspot\share\interpreter\linkResolver.cpp, line 796]
Event: 0.860 Thread 0x000001a5acc91cb0 Exception <a 'java/lang/NoSuchMethodError'{0x000000008b81d748}: 'void java.lang.invoke.DirectMethodHandle$Holder.invokeStaticInit(java.lang.Object, java.lang.Object)'> (0x000000008b81d748) 
thrown [s\open\src\hotspot\share\interpreter\linkResolver.cpp, line 796]
Event: 0.949 Thread 0x000001a5acc91cb0 Exception <a 'sun/nio/fs/WindowsException'{0x000000008b6d0da8}> (0x000000008b6d0da8) 
thrown [s\open\src\hotspot\share\prims\jni.cpp, line 520]
Event: 1.163 Thread 0x000001a5acc91cb0 Exception <a 'java/lang/NoSuchMethodError'{0x000000008b277958}: 'void java.lang.invoke.DirectMethodHandle$Holder.invokeVirtual(java.lang.Object, java.lang.Object)'> (0x000000008b277958) 
thrown [s\open\src\hotspot\share\interpreter\linkResolver.cpp, line 796]
Event: 1.335 Thread 0x000001a611aceeb0 Exception <a 'java/lang/NoSuchMethodError'{0x000000008b07e560}: 'long java.lang.invoke.DirectMethodHandle$Holder.invokeVirtual(java.lang.Object, java.lang.Object)'> (0x000000008b07e560) 
thrown [s\open\src\hotspot\share\interpreter\linkResolver.cpp, line 796]
Event: 1.336 Thread 0x000001a611aceeb0 Exception <a 'java/lang/NoSuchMethodError'{0x000000008b081b78}: 'long java.lang.invoke.DelegatingMethodHandle$Holder.reinvoke_L(java.lang.Object, java.lang.Object)'> (0x000000008b081b78) 
thrown [s\open\src\hotspot\share\interpreter\linkResolver.cpp, line 796]

VM Operations (20 events):
Event: 0.568 Executing VM operation: HandshakeAllThreads (Deoptimize)
Event: 0.568 Executing VM operation: HandshakeAllThreads (Deoptimize) done
Event: 0.569 Executing VM operation: HandshakeAllThreads (Deoptimize)
Event: 0.569 Executing VM operation: HandshakeAllThreads (Deoptimize) done
Event: 0.651 Executing VM operation: HandshakeAllThreads (Deoptimize)
Event: 0.652 Executing VM operation: HandshakeAllThreads (Deoptimize) done
Event: 0.729 Executing VM operation: HandshakeAllThreads (Deoptimize)
Event: 0.729 Executing VM operation: HandshakeAllThreads (Deoptimize) done
Event: 0.758 Executing VM operation: G1CollectForAllocation (G1 Evacuation Pause)
Event: 0.766 Executing VM operation: G1CollectForAllocation (G1 Evacuation Pause) done
Event: 0.871 Executing VM operation: HandshakeAllThreads (Deoptimize)
Event: 0.871 Executing VM operation: HandshakeAllThreads (Deoptimize) done
Event: 0.920 Executing VM operation: HandshakeAllThreads (Deoptimize)
Event: 0.920 Executing VM operation: HandshakeAllThreads (Deoptimize) done
Event: 0.950 Executing VM operation: HandshakeAllThreads (Deoptimize)
Event: 0.950 Executing VM operation: HandshakeAllThreads (Deoptimize) done
Event: 0.956 Executing VM operation: HandshakeAllThreads (Deoptimize)
Event: 0.956 Executing VM operation: HandshakeAllThreads (Deoptimize) done
Event: 1.179 Executing VM operation: HandshakeAllThreads (Deoptimize)
Event: 1.179 Executing VM operation: HandshakeAllThreads (Deoptimize) done

Memory protections (0 events):
No events

Nmethod flushes (0 events):
No events

Events (18 events):
Event: 0.022 Thread 0x000001a5acc91cb0 Thread added: 0x000001a5acc91cb0
Event: 0.033 Thread 0x000001a5acc91cb0 Thread added: 0x000001a5cb259210
Event: 0.034 Thread 0x000001a5acc91cb0 Thread added: 0x000001a5cb259c70
Event: 0.034 Thread 0x000001a5acc91cb0 Thread added: 0x000001a5cb25c960
Event: 0.034 Thread 0x000001a5acc91cb0 Thread added: 0x000001a5cb25d3c0
Event: 0.034 Thread 0x000001a5acc91cb0 Thread added: 0x000001a5cb267e40
Event: 0.034 Thread 0x000001a5acc91cb0 Thread added: 0x000001a5cb28a8c0
Event: 0.034 Thread 0x000001a5acc91cb0 Thread added: 0x000001a5cb28b650
Event: 0.034 Thread 0x000001a5acc91cb0 Thread added: 0x000001a5cb28c100
Event: 0.066 Thread 0x000001a5acc91cb0 Thread added: 0x000001a5cb3788f0
Event: 0.110 Thread 0x000001a5acc91cb0 Thread added: 0x000001a5cb4fdc10
Event: 0.142 Thread 0x000001a5acc91cb0 Thread added: 0x000001a5cb5ebcd0
Event: 0.240 Thread 0x000001a5cb28b650 Thread added: 0x000001a5cb88e360
Event: 0.548 Thread 0x000001a5acc91cb0 Thread added: 0x000001a611650810
Event: 0.655 Thread 0x000001a5cb25d3c0 Thread added: 0x000001a5cbadd2e0
Event: 0.677 Thread 0x000001a5cbadd2e0 Thread added: 0x000001a611aceeb0
Event: 0.716 Thread 0x000001a611aceeb0 Thread added: 0x000001a611ad2330
Event: 0.727 Thread 0x000001a611aceeb0 Thread added: 0x000001a611ad29c0


Dynamic libraries:
0x00007ff72ac80000 - 0x00007ff72ac8e000 	C:\Users\User\.jdks\openjdk-23\bin\java.exe
0x00007ffcb7650000 - 0x00007ffcb7848000 	C:\Windows\SYSTEM32\ntdll.dll
0x00007ffcb6f80000 - 0x00007ffcb703f000 	C:\Windows\System32\KERNEL32.DLL
0x00007ffcb5080000 - 0x00007ffcb5352000 	C:\Windows\System32\KERNELBASE.dll
0x00007ffcb4f80000 - 0x00007ffcb5080000 	C:\Windows\System32\ucrtbase.dll
0x00007ffcacdd0000 - 0x00007ffcacdeb000 	C:\Users\User\.jdks\openjdk-23\bin\VCRUNTIME140.dll
0x00007ffcaace0000 - 0x00007ffcaacf7000 	C:\Users\User\.jdks\openjdk-23\bin\jli.dll
0x00007ffcb5800000 - 0x00007ffcb59a1000 	C:\Windows\System32\USER32.dll
0x00007ffcb5510000 - 0x00007ffcb5532000 	C:\Windows\System32\win32u.dll
0x00007ffcb6af0000 - 0x00007ffcb6b1b000 	C:\Windows\System32\GDI32.dll
0x00007ffc9ea10000 - 0x00007ffc9ecaa000 	C:\Windows\WinSxS\amd64_microsoft.windows.common-controls_6595b64144ccf1df_6.0.19041.1110_none_60b5254171f9507e\COMCTL32.dll
0x00007ffcb5760000 - 0x00007ffcb57fe000 	C:\Windows\System32\msvcrt.dll
0x00007ffcb5360000 - 0x00007ffcb546f000 	C:\Windows\System32\gdi32full.dll
0x00007ffcb5540000 - 0x00007ffcb55dd000 	C:\Windows\System32\msvcp_win.dll
0x00007ffcb5af0000 - 0x00007ffcb5b22000 	C:\Windows\System32\IMM32.DLL
0x0000000061860000 - 0x000000006186c000 	C:\Program Files (x86)\360\Total Security\safemon\SafeWrapper.dll
0x00007ffcb5a40000 - 0x00007ffcb5aee000 	C:\Windows\System32\ADVAPI32.dll
0x00007ffcb6990000 - 0x00007ffcb6a2c000 	C:\Windows\System32\sechost.dll
0x00007ffcb5ef0000 - 0x00007ffcb6015000 	C:\Windows\System32\RPCRT4.dll
0x00007ffc81be0000 - 0x00007ffc81c8c000 	C:\Program Files (x86)\360\Total Security\safemon\libzdtp64.dll
0x00007ffcb6020000 - 0x00007ffcb6765000 	C:\Windows\System32\SHELL32.dll
0x00007ffcb5b30000 - 0x00007ffcb5b85000 	C:\Windows\System32\SHLWAPI.dll
0x00007ffcb47f0000 - 0x00007ffcb47fa000 	C:\Windows\SYSTEM32\VERSION.dll
0x00007ffcabcc0000 - 0x00007ffcabccc000 	C:\Users\User\.jdks\openjdk-23\bin\vcruntime140_1.dll
0x00007ffca8d90000 - 0x00007ffca8e1e000 	C:\Users\User\.jdks\openjdk-23\bin\msvcp140.dll
0x00007ffc3f2a0000 - 0x00007ffc3ffef000 	C:\Users\User\.jdks\openjdk-23\bin\server\jvm.dll
0x00007ffcb7040000 - 0x00007ffcb70ab000 	C:\Windows\System32\WS2_32.dll
0x00007ffcb4bb0000 - 0x00007ffcb4bfb000 	C:\Windows\SYSTEM32\POWRPROF.dll
0x00007ffc9c4b0000 - 0x00007ffc9c4d7000 	C:\Windows\SYSTEM32\WINMM.dll
0x00007ffcb4b90000 - 0x00007ffcb4ba2000 	C:\Windows\SYSTEM32\UMPDC.dll
0x00007ffcb3520000 - 0x00007ffcb3532000 	C:\Windows\SYSTEM32\kernel.appcore.dll
0x00007ffcaac70000 - 0x00007ffcaac7a000 	C:\Users\User\.jdks\openjdk-23\bin\jimage.dll
0x00007ffcaf180000 - 0x00007ffcaf364000 	C:\Windows\SYSTEM32\DBGHELP.DLL
0x00007ffc97590000 - 0x00007ffc975c5000 	C:\Windows\SYSTEM32\dbgcore.DLL
0x00007ffcb4d40000 - 0x00007ffcb4dc2000 	C:\Windows\System32\bcryptPrimitives.dll
0x00007ffcaac60000 - 0x00007ffcaac6f000 	C:\Users\User\.jdks\openjdk-23\bin\instrument.dll
0x00007ffcaa780000 - 0x00007ffcaa79e000 	C:\Users\User\.jdks\openjdk-23\bin\java.dll
0x00007ffcb67d0000 - 0x00007ffcb68fa000 	C:\Windows\System32\ole32.dll
0x00007ffcb5b90000 - 0x00007ffcb5ee5000 	C:\Windows\System32\combase.dll
0x00007ffcaa630000 - 0x00007ffcaa647000 	C:\Users\User\.jdks\openjdk-23\bin\zip.dll
0x00007ffcb2a30000 - 0x00007ffcb31c2000 	C:\Windows\SYSTEM32\windows.storage.dll
0x00007ffcb4650000 - 0x00007ffcb4680000 	C:\Windows\SYSTEM32\Wldp.dll
0x00007ffcb6cd0000 - 0x00007ffcb6d7d000 	C:\Windows\System32\SHCORE.dll
0x00007ffcb4c80000 - 0x00007ffcb4c9f000 	C:\Windows\SYSTEM32\profapi.dll
0x00007ffca8cb0000 - 0x00007ffca8d87000 	C:\Users\User\.jdks\openjdk-23\bin\jsvml.dll
0x00007ffcaaca0000 - 0x00007ffcaacb0000 	C:\Users\User\.jdks\openjdk-23\bin\net.dll
0x00007ffcb43b0000 - 0x00007ffcb441a000 	C:\Windows\system32\mswsock.dll
0x00007ffcaac80000 - 0x00007ffcaac96000 	C:\Users\User\.jdks\openjdk-23\bin\nio.dll
0x00007ffcaac50000 - 0x00007ffcaac59000 	C:\Users\User\.jdks\openjdk-23\bin\extnet.dll
0x00007ffcaabb0000 - 0x00007ffcaabc0000 	C:\Users\User\.jdks\openjdk-23\bin\verify.dll
0x00007ffcb40e0000 - 0x00007ffcb41ab000 	C:\Windows\SYSTEM32\DNSAPI.dll
0x00007ffcb40a0000 - 0x00007ffcb40db000 	C:\Windows\SYSTEM32\IPHLPAPI.DLL
0x00007ffcb6ae0000 - 0x00007ffcb6ae8000 	C:\Windows\System32\NSI.dll
0x00007ffc9ea00000 - 0x00007ffc9ea0a000 	C:\Windows\System32\rasadhlp.dll
0x00007ffc9e6a0000 - 0x00007ffc9e720000 	C:\Windows\System32\fwpuclnt.dll
0x00007ffcb54e0000 - 0x00007ffcb5507000 	C:\Windows\System32\bcrypt.dll
0x00007ffcaa620000 - 0x00007ffcaa62a000 	C:\Users\User\.jdks\openjdk-23\bin\management.dll
0x00007ffcaa490000 - 0x00007ffcaa49b000 	C:\Users\User\.jdks\openjdk-23\bin\management_ext.dll
0x00007ffcb7600000 - 0x00007ffcb7608000 	C:\Windows\System32\PSAPI.DLL
0x00007ffcb45a0000 - 0x00007ffcb45b8000 	C:\Windows\SYSTEM32\CRYPTSP.dll
0x00007ffcb3cd0000 - 0x00007ffcb3d04000 	C:\Windows\system32\rsaenh.dll
0x00007ffcb4c40000 - 0x00007ffcb4c6e000 	C:\Windows\SYSTEM32\USERENV.dll
0x00007ffcb45c0000 - 0x00007ffcb45cc000 	C:\Windows\SYSTEM32\CRYPTBASE.dll
0x00007ffc90870000 - 0x00007ffc90887000 	C:\Windows\system32\napinsp.dll
0x00007ffc90850000 - 0x00007ffc9086b000 	C:\Windows\system32\pnrpnsp.dll
0x00007ffcabc30000 - 0x00007ffcabc45000 	C:\Windows\system32\wshbth.dll
0x00007ffcacbb0000 - 0x00007ffcacbcd000 	C:\Windows\system32\NLAapi.dll
0x00007ffc90830000 - 0x00007ffc90842000 	C:\Windows\System32\winrnr.dll
0x00007ffcaa480000 - 0x00007ffcaa48e000 	C:\Users\User\.jdks\openjdk-23\bin\sunmscapi.dll
0x00007ffcb4e20000 - 0x00007ffcb4f76000 	C:\Windows\System32\CRYPT32.dll
0x00007ffcb46c0000 - 0x00007ffcb46e7000 	C:\Windows\SYSTEM32\ncrypt.dll
0x00007ffcb4680000 - 0x00007ffcb46bb000 	C:\Windows\SYSTEM32\NTASN1.dll

dbghelp: loaded successfully - version: 4.0.5 - missing functions: none
symbol engine: initialized successfully - sym options: 0x614 - pdb path: .;C:\Users\User\.jdks\openjdk-23\bin;C:\Windows\SYSTEM32;C:\Windows\WinSxS\amd64_microsoft.windows.common-controls_6595b64144ccf1df_6.0.19041.1110_none_60b5254171f9507e;C:\Program Files (x86)\360\Total Security\safemon;C:\Users\User\.jdks\openjdk-23\bin\server

VM Arguments:
jvm_args: -ea -Didea.test.cyclic.buffer.size=1048576 -javaagent:C:\Program Files\JetBrains\IntelliJ IDEA 2024.3.4.1\lib\idea_rt.jar=54356 -javaagent:C:\Users\User\AppData\Local\JetBrains\IntelliJIdea2024.3\captureAgent\debugger-agent.jar -Dkotlinx.coroutines.debug.enable.creation.stack.trace=false -Ddebugger.agent.enable.coroutines=true -Dkotlinx.coroutines.debug.enable.flows.stack.trace=true -Dkotlinx.coroutines.debug.enable.mutable.state.flows.stack.trace=true -Dfile.encoding=UTF-8 -Dsun.stdout.encoding=UTF-8 -Dsun.stderr.encoding=UTF-8 
java_command: com.intellij.rt.junit.JUnitStarter -ideVersion5 -junit4 UserServiceTest,saveUser
java_class_path (initial): C:\Program Files\JetBrains\IntelliJ IDEA 2024.3.4.1\lib\idea_rt.jar;C:\Program Files\JetBrains\IntelliJ IDEA 2024.3.4.1\plugins\junit\lib\junit5-rt.jar;C:\Program Files\JetBrains\IntelliJ IDEA 2024.3.4.1\plugins\junit\lib\junit-rt.jar;D:\Pre-project\ 1.1.4\target\test-classes;D:\Pre-project\ 1.1.4\target\classes;C:\Users\User\.m2\repository\junit\junit\4.13.2\junit-4.13.2.jar;C:\Users\User\.m2\repository\org\hamcrest\hamcrest-core\1.3\hamcrest-core-1.3.jar;C:\Users\User\.m2\repository\mysql\mysql-connector-java\8.0.25\mysql-connector-java-8.0.25.jar;C:\Users\User\.m2\repository\com\google\protobuf\protobuf-java\3.11.4\protobuf-java-3.11.4.jar;C:\Users\User\.m2\repository\org\hibernate\javax\persistence\hibernate-jpa-2.1-api\1.0.2.Final\hibernate-jpa-2.1-api-1.0.2.Final.jar;C:\Users\User\.m2\repository\org\hibernate\hibernate-core\5.6.3.Final\hibernate-core-5.6.3.Final.jar;C:\Users\User\.m2\repository\org\jboss\logging\jboss-logging\3.4.2.Final\jboss-logging-3.4.2.Final.jar;C:\Users\User\.m2\repository\javax\persistence\javax.persistence-api\2.2\javax.persistence-api-2.2.jar;C:\Users\User\.m2\repository\net\bytebuddy\byte-buddy\1.11.20\byte-buddy-1.11.20.jar;C:\Users\User\.m2\repository\antlr\antlr\2.7.7\antlr-2.7.7.jar;C:\Users\User\.m2\repository\org\jboss\spec\javax\transaction\jboss-transaction-api_1.2_spec\1.1.1.Final\jboss-transaction-api_1.2_spec-1.1.1.Final.jar;C:\Users\User\.m2\repository\org\jboss\jandex\2.2.3.Final\jandex-2.2.3.Final.jar;C:\Users\User\.m2\repository\com\fasterxml\classmate\1.5.1\classmate-1.5.1.jar;C:\Users\User\.m2\repository\javax\activation\javax.activation-api\1.2.0\javax.activation-api-1.2.0.jar;C:\Users\User\.m2\repository\org\hibernate\common\hibernate-commons-annotations\5.1.2.Final\hibernate-commons-annotations-5.1.2.Final.jar;C:\Users\User\.m2\repository\javax\xml\bind\jaxb-api\2.3.1\jaxb-api-2.3.1.jar;C:\Users\User\.m2\repository\org\glassfish\jaxb\jaxb-runtime\2.3.1\jaxb-runtime-2.3.1.jar;C:\Users\User\.m2\repository\org\glassfish\jaxb\txw2\2.3.1\txw2-2.3.1.jar;C:\Users\User\.m2\repository\com\sun\istack\istack-commons-runtime\3.0.7\istack-commons-runtime-3.0.7.jar;C:\Users\User\.m2\repository\org\jvnet\staxex\stax-ex\1.8\stax-ex-1.8.jar;C:\Users\User\.m2\repository\com\sun\xml\fastinfoset\FastInfoset\1.2.15\FastInfoset-1.2.15.jar
Launcher Type: SUN_STANDARD

[Global flags]
     intx CICompilerCount                          = 3                                         {product} {ergonomic}
     uint ConcGCThreads                            = 1                                         {product} {ergonomic}
     uint G1ConcRefinementThreads                  = 4                                         {product} {ergonomic}
   size_t G1HeapRegionSize                         = 1048576                                   {product} {ergonomic}
   size_t InitialHeapSize                          = 130023424                                 {product} {ergonomic}
   size_t MarkStackSize                            = 4194304                                   {product} {ergonomic}
   size_t MarkStackSizeMax                         = 536870912                                 {product} {ergonomic}
   size_t MaxHeapSize                              = 2080374784                                {product} {ergonomic}
   size_t MaxNewSize                               = 1247805440                                {product} {ergonomic}
   size_t MinHeapDeltaBytes                        = 1048576                                   {product} {ergonomic}
   size_t MinHeapSize                              = 8388608                                   {product} {ergonomic}
    uintx NonNMethodCodeHeapSize                   = 5832704                                {pd product} {ergonomic}
    uintx NonProfiledCodeHeapSize                  = 122945536                              {pd product} {ergonomic}
    uintx ProfiledCodeHeapSize                     = 122880000                              {pd product} {ergonomic}
    uintx ReservedCodeCacheSize                    = 251658240                              {pd product} {ergonomic}
     bool SegmentedCodeCache                       = true                                      {product} {ergonomic}
   size_t SoftMaxHeapSize                          = 2080374784                             {manageable} {ergonomic}
     bool UseCompressedOops                        = true                           {product lp64_product} {ergonomic}
     bool UseG1GC                                  = true                                      {product} {ergonomic}
     bool UseLargePagesIndividualAllocation        = false                                  {pd product} {ergonomic}

Logging:
Log output configuration:
 #0: stdout all=warning uptime,level,tags foldmultilines=false
 #1: stderr all=off uptime,level,tags foldmultilines=false

Environment Variables:
JAVA_HOME=C:\JAVA\jdk-23.0.1
PATH=C:\Program Files (x86)\Common Files\Intel\Shared Files\cpp\bin\Intel64;C:\Windows\system32;C:\Windows;C:\Windows\System32\Wbem;C:\Windows\System32\WindowsPowerShell\v1.0\;C:\Windows\System32\OpenSSH\;C:\Program Files\WireGuard\;C:\Users\User\Desktop\matlabfolder\runtime\win64;C:\Users\User\Desktop\matlabfolder\bin;C:\JAVA\jdk-23.0.1\bin;C:\Program Files\dotnet\;C:\Program Files\Git\cmd;C:\JAVA\apache-maven-3.9.9\bin;C:\Users\User\AppData\Local\Microsoft\WindowsApps;C:\JAVA\jdk-23.0.1\bin;;C:\Program Files\JetBrains\IntelliJ IDEA Community Edition 2024.3\bin;;C:\Users\User\.dotnet\tools
USERNAME=User
OS=Windows_NT
PROCESSOR_IDENTIFIER=Intel64 Family 6 Model 126 Stepping 5, GenuineIntel
TMP=C:\Users\User\AppData\Local\Temp
TEMP=C:\Users\User\AppData\Local\Temp




Periodic native trim disabled

---------------  S Y S T E M  ---------------

OS:
 Windows 10 , 64 bit Build 19041 (10.0.19041.2546)
OS uptime: 0 days 12:31 hours

CPU: total 4 (initial active 4) (2 cores per cpu, 2 threads per core) family 6 model 126 stepping 5 microcode 0xa0, cx8, cmov, fxsr, ht, mmx, 3dnowpref, sse, sse2, sse3, ssse3, sse4.1, sse4.2, popcnt, lzcnt, tsc, tscinvbit, avx, avx2, aes, erms, clmul, bmi1, bmi2, adx, avx512f, avx512dq, avx512cd, avx512bw, avx512vl, sha, fma, vzeroupper, avx512_vpopcntdq, avx512_vpclmulqdq, avx512_vaes, avx512_vnni, clflush, clflushopt, avx512_vbmi2, avx512_vbmi, rdtscp, rdpid, fsrm, gfni, avx512_bitalg, f16c, pku, avx512_ifma
Processor Information for the first 4 processors :
  Max Mhz: 1190, Current Mhz: 1190, Mhz Limit: 1190

Memory: 4k page, system-wide physical 7933M (879M free)
TotalPageFile size 9981M (AvailPageFile size 5M)
current process WorkingSet (physical memory assigned to process): 123M, peak: 124M
current process commit charge ("private bytes"): 258M, peak: 260M

vm_info: OpenJDK 64-Bit Server VM (23+37-2369) for windows-amd64 JRE (23+37-2369), built on 2024-08-20T16:01:23Z with MS VC++ 17.6 (VS2022)

END.
