#
# There is insufficient memory for the Java Runtime Environment to continue.
# Native memory allocation (mmap) failed to map 65536 bytes. Error detail: Failed to commit metaspace.
# Possible reasons:
#   The system is out of physical RAM or swap space
#   This process is running with CompressedOops enabled, and the Java Heap may be blocking the growth of the native heap
# Possible solutions:
#   Reduce memory load on the system
#   Increase physical memory or swap space
#   Check if swap backing store is full
#   Decrease Java heap size (-Xmx/-Xms)
#   Decrease number of Java threads
#   Decrease Java thread stack sizes (-Xss)
#   Set larger code cache with -XX:ReservedCodeCacheSize=
#   JVM is running with Unscaled Compressed Oops mode in which the Java heap is
#     placed in the first 4GB address space. The Java Heap base address is the
#     maximum limit for the native heap growth. Please use -XX:HeapBaseMinAddress
#     to set the Java Heap base and to place the Java Heap above 4GB virtual address.
# This output file may be truncated or incomplete.
#
#  Out of Memory Error (virtualSpaceNode.cpp:113), pid=16068, tid=11576
#
# JRE version: OpenJDK Runtime Environment (23.0+37) (build 23+37-2369)
# Java VM: OpenJDK 64-Bit Server VM (23+37-2369, mixed mode, sharing, tiered, compressed oops, compressed class ptrs, g1 gc, windows-amd64)
# No core dump will be written. Minidumps are not enabled by default on client versions of Windows
#

---------------  S U M M A R Y ------------

Command Line: -ea -Didea.test.cyclic.buffer.size=1048576 -javaagent:C:\Program Files\JetBrains\IntelliJ IDEA 2024.3.4.1\lib\idea_rt.jar=52331 -javaagent:C:\Users\User\AppData\Local\JetBrains\IntelliJIdea2024.3\captureAgent\debugger-agent.jar -Dkotlinx.coroutines.debug.enable.creation.stack.trace=false -Ddebugger.agent.enable.coroutines=true -Dkotlinx.coroutines.debug.enable.flows.stack.trace=true -Dkotlinx.coroutines.debug.enable.mutable.state.flows.stack.trace=true -Dfile.encoding=UTF-8 -Dsun.stdout.encoding=UTF-8 -Dsun.stderr.encoding=UTF-8 com.intellij.rt.junit.JUnitStarter -ideVersion5 -junit4 UserServiceTest

Host: Intel(R) Core(TM) i3-1005G1 CPU @ 1.20GHz, 4 cores, 7G,  Windows 10 , 64 bit Build 19041 (10.0.19041.2546)
Time: Thu Mar 13 20:28:13 2025 RTZ 2 (s 10 , 64 bit Build 19041 (10.0.19041.2546) elapsed time: 1.104333 seconds (0d 0h 0m 1s)

---------------  T H R E A D  ---------------

Current thread (0x0000026129d52380):  JavaThread "main"             [_thread_in_vm, id=11576, stack(0x00000082ef500000,0x00000082ef600000) (1024K)]

Stack: [0x00000082ef500000,0x00000082ef600000]
Native frames: (J=compiled Java code, j=interpreted, Vv=VM code, C=native code)
V  [jvm.dll+0x6e08a9]  (no source info available)
V  [jvm.dll+0x87da63]  (no source info available)
V  [jvm.dll+0x87feee]  (no source info available)
V  [jvm.dll+0x8805c3]  (no source info available)
V  [jvm.dll+0x27aee6]  (no source info available)
V  [jvm.dll+0x87966e]  (no source info available)
V  [jvm.dll+0x682025]  (no source info available)
V  [jvm.dll+0x68208a]  (no source info available)
V  [jvm.dll+0x6848ca]  (no source info available)
V  [jvm.dll+0x2219dc]  (no source info available)
V  [jvm.dll+0x682a3e]  (no source info available)
V  [jvm.dll+0x26509f]  (no source info available)
V  [jvm.dll+0x68cdd4]  (no source info available)
V  [jvm.dll+0x211fe1]  (no source info available)
V  [jvm.dll+0x21244a]  (no source info available)
V  [jvm.dll+0x212e71]  (no source info available)
V  [jvm.dll+0x20811e]  (no source info available)
V  [jvm.dll+0x5be6df]  (no source info available)
V  [jvm.dll+0x219b2b]  (no source info available)
V  [jvm.dll+0x7f30c0]  (no source info available)
V  [jvm.dll+0x7f4166]  (no source info available)
V  [jvm.dll+0x7f4774]  (no source info available)
V  [jvm.dll+0x7f43f8]  (no source info available)
V  [jvm.dll+0x2689cb]  (no source info available)
V  [jvm.dll+0x3d1e3e]  (no source info available)
C  0x000002613bc1b8e1  (no source info available)

The last pc belongs to new (printed below).
Java frames: (J=compiled Java code, j=interpreted, Vv=VM code)
j  javax.crypto.CryptoPolicyParser.read(Ljava/io/Reader;)V+17 java.base@23
j  javax.crypto.CryptoPermissions.load(Ljava/io/InputStream;)V+27 java.base@23
j  javax.crypto.JceSecurity.setupJurisdictionPolicies()V+354 java.base@23
j  javax.crypto.JceSecurity$1.run()Ljava/lang/Void;+0 java.base@23
j  javax.crypto.JceSecurity$1.run()Ljava/lang/Object;+1 java.base@23
j  java.security.AccessController.executePrivileged(Ljava/security/PrivilegedExceptionAction;Ljava/security/AccessControlContext;Ljava/lang/Class;)Ljava/lang/Object;+29 java.base@23
j  java.security.AccessController.doPrivileged(Ljava/security/PrivilegedExceptionAction;)Ljava/lang/Object;+9 java.base@23
j  javax.crypto.JceSecurity.<clinit>()V+54 java.base@23
v  ~StubRoutines::call_stub 0x000002613bc00fcd
j  javax.crypto.Cipher.getInstance(Ljava/lang/String;)Ljavax/crypto/Cipher;+124 java.base@23
j  sun.security.ssl.SSLCipher.isTransformationAvailable(Ljava/lang/String;)Z+12 java.base@23
j  sun.security.ssl.SSLCipher.<init>(Ljava/lang/String;ILjava/lang/String;Lsun/security/ssl/CipherType;IIIIZZ[Ljava/util/Map$Entry;[Ljava/util/Map$Entry;)V+124 java.base@23
j  sun.security.ssl.SSLCipher.<clinit>()V+182 java.base@23
v  ~StubRoutines::call_stub 0x000002613bc00fcd
j  sun.security.ssl.CipherSuite.<clinit>()V+18 java.base@23
v  ~StubRoutines::call_stub 0x000002613bc00fcd
j  sun.security.ssl.SSLContextImpl.getApplicableSupportedCipherSuites(Ljava/util/List;)Ljava/util/List;+0 java.base@23
j  sun.security.ssl.SSLContextImpl$AbstractTLSContext.<clinit>()V+84 java.base@23
v  ~StubRoutines::call_stub 0x000002613bc00fcd
J 852  java.lang.Class.forName0(Ljava/lang/String;ZLjava/lang/ClassLoader;Ljava/lang/Class;)Ljava/lang/Class; java.base@23 (0 bytes) @ 0x000002613c1d29af [0x000002613c1d2920+0x000000000000008f]
j  java.lang.Class.forName(Ljava/lang/String;Ljava/lang/Class;)Ljava/lang/Class;+19 java.base@23
j  java.lang.Class.forName(Ljava/lang/String;)Ljava/lang/Class;+6 java.base@23
j  java.security.Provider$Service.getImplClass()Ljava/lang/Class;+64 java.base@23
j  java.security.Provider$Service.getDefaultConstructor()Ljava/lang/reflect/Constructor;+46 java.base@23
j  java.security.Provider$Service.newInstanceOf()Ljava/lang/Object;+1 java.base@23
j  java.security.Provider$Service.newInstanceUtil(Ljava/lang/Class;Ljava/lang/Object;)Ljava/lang/Object;+5 java.base@23
j  java.security.Provider$Service.newInstance(Ljava/lang/Object;)Ljava/lang/Object;+216 java.base@23
j  sun.security.jca.GetInstance.getInstance(Ljava/security/Provider$Service;Ljava/lang/Class;)Lsun/security/jca/GetInstance$Instance;+2 java.base@23
j  sun.security.jca.GetInstance.getInstance(Ljava/lang/String;Ljava/lang/Class;Ljava/lang/String;)Lsun/security/jca/GetInstance$Instance;+56 java.base@23
j  javax.net.ssl.SSLContext.getInstance(Ljava/lang/String;)Ljavax/net/ssl/SSLContext;+12 java.base@23
j  com.mysql.cj.protocol.ExportControlled.getSSLContext(Lcom/mysql/cj/protocol/ExportControlled$KeyStoreConf;Lcom/mysql/cj/protocol/ExportControlled$KeyStoreConf;ZZLjava/lang/String;Lcom/mysql/cj/exceptions/ExceptionInterceptor;)Ljavax/net/ssl/SSLContext;+914
j  com.mysql.cj.protocol.ExportControlled.performTlsHandshake(Ljava/net/Socket;Lcom/mysql/cj/protocol/SocketConnection;Lcom/mysql/cj/ServerVersion;)Ljava/net/Socket;+149
j  com.mysql.cj.protocol.StandardSocketFactory.performTlsHandshake(Lcom/mysql/cj/protocol/SocketConnection;Lcom/mysql/cj/protocol/ServerSession;)Ljava/io/Closeable;+20
j  com.mysql.cj.protocol.a.NativeSocketConnection.performTlsHandshake(Lcom/mysql/cj/protocol/ServerSession;)V+7
j  com.mysql.cj.protocol.a.NativeProtocol.negotiateSSLConnection()V+121
j  com.mysql.cj.protocol.a.NativeAuthenticationProvider.connect(Lcom/mysql/cj/protocol/ServerSession;Ljava/lang/String;Ljava/lang/String;Ljava/lang/String;)V+712
j  com.mysql.cj.protocol.a.NativeProtocol.connect(Ljava/lang/String;Ljava/lang/String;Ljava/lang/String;)V+15
j  com.mysql.cj.NativeSession.connect(Lcom/mysql/cj/conf/HostInfo;Ljava/lang/String;Ljava/lang/String;Ljava/lang/String;ILcom/mysql/cj/TransactionEventHandler;)V+110
j  com.mysql.cj.jdbc.ConnectionImpl.connectOneTryOnly(Z)V+32
j  com.mysql.cj.jdbc.ConnectionImpl.createNewIO(Z)V+27
j  com.mysql.cj.jdbc.ConnectionImpl.<init>(Lcom/mysql/cj/conf/HostInfo;)V+753
j  com.mysql.cj.jdbc.ConnectionImpl.getInstance(Lcom/mysql/cj/conf/HostInfo;)Lcom/mysql/cj/jdbc/JdbcConnection;+5
j  com.mysql.cj.jdbc.NonRegisteringDriver.connect(Ljava/lang/String;Ljava/util/Properties;)Ljava/sql/Connection;+72
j  java.sql.DriverManager.getConnection(Ljava/lang/String;Ljava/util/Properties;Ljava/lang/Class;)Ljava/sql/Connection;+133 java.sql@23
j  java.sql.DriverManager.getConnection(Ljava/lang/String;Ljava/lang/String;Ljava/lang/String;)Ljava/sql/Connection;+37 java.sql@23
j  jm.task.core.jdbc.util.Util.getConnection()Ljava/sql/Connection;+14
j  jm.task.core.jdbc.dao.UserDaoJDBCImpl.<init>()V+5
j  jm.task.core.jdbc.service.UserServiceImpl.<init>()V+9
j  UserServiceTest.<init>()V+9
J 1152 c1 java.lang.invoke.DirectMethodHandle$Holder.newInvokeSpecial(Ljava/lang/Object;)Ljava/lang/Object; java.base@23 (20 bytes) @ 0x000002613482c77c [0x000002613482c360+0x000000000000041c]
J 1111 c1 jdk.internal.reflect.DirectConstructorHandleAccessor.newInstance([Ljava/lang/Object;)Ljava/lang/Object; java.base@23 (130 bytes) @ 0x0000026134816bec [0x0000026134815720+0x00000000000014cc]
J 1110 c1 java.lang.reflect.Constructor.newInstanceWithCaller([Ljava/lang/Object;ZLjava/lang/Class;)Ljava/lang/Object; java.base@23 (51 bytes) @ 0x0000026134813bbc [0x00000261348139e0+0x00000000000001dc]
J 1114 c1 java.lang.reflect.Constructor.newInstance([Ljava/lang/Object;)Ljava/lang/Object; java.base@23 (34 bytes) @ 0x000002613481a624 [0x000002613481a4c0+0x0000000000000164]
j  org.junit.runners.BlockJUnit4ClassRunner.createTest()Ljava/lang/Object;+11
j  org.junit.runners.BlockJUnit4ClassRunner.createTest(Lorg/junit/runners/model/FrameworkMethod;)Ljava/lang/Object;+1
j  org.junit.runners.BlockJUnit4ClassRunner$2.runReflectiveCall()Ljava/lang/Object;+8
j  org.junit.internal.runners.model.ReflectiveCallable.run()Ljava/lang/Object;+1
j  org.junit.runners.BlockJUnit4ClassRunner.methodBlock(Lorg/junit/runners/model/FrameworkMethod;)Lorg/junit/runners/model/Statement;+9
j  org.junit.runners.BlockJUnit4ClassRunner$1.evaluate()V+8
j  org.junit.runners.ParentRunner.runLeaf(Lorg/junit/runners/model/Statement;Lorg/junit/runner/Description;Lorg/junit/runner/notification/RunNotifier;)V+17
j  org.junit.runners.BlockJUnit4ClassRunner.runChild(Lorg/junit/runners/model/FrameworkMethod;Lorg/junit/runner/notification/RunNotifier;)V+38
j  org.junit.runners.BlockJUnit4ClassRunner.runChild(Ljava/lang/Object;Lorg/junit/runner/notification/RunNotifier;)V+6
j  org.junit.runners.ParentRunner$4.run()V+12
j  org.junit.runners.ParentRunner$1.schedule(Ljava/lang/Runnable;)V+1
j  org.junit.runners.ParentRunner.runChildren(Lorg/junit/runner/notification/RunNotifier;)V+44
j  org.junit.runners.ParentRunner.access$100(Lorg/junit/runners/ParentRunner;Lorg/junit/runner/notification/RunNotifier;)V+2
j  org.junit.runners.ParentRunner$2.evaluate()V+8
j  org.junit.runners.ParentRunner$3.evaluate()V+4
j  org.junit.runners.ParentRunner.run(Lorg/junit/runner/notification/RunNotifier;)V+24
j  org.junit.runner.JUnitCore.run(Lorg/junit/runner/Runner;)Lorg/junit/runner/Result;+37
j  com.intellij.junit4.JUnit4IdeaTestRunner.startRunnerWithArgs([Ljava/lang/String;Ljava/lang/String;IZ)I+166
j  com.intellij.rt.junit.IdeaTestRunner$Repeater$1.execute(Z)I+17
j  com.intellij.rt.execution.junit.TestsRepeater.repeat(IZLcom/intellij/rt/execution/junit/TestsRepeater$TestRun;)I+7
j  com.intellij.rt.junit.IdeaTestRunner$Repeater.startRunnerWithArgs(Lcom/intellij/rt/junit/IdeaTestRunner;[Ljava/lang/String;Ljava/util/ArrayList;Ljava/lang/String;IZ)I+25
j  com.intellij.rt.junit.JUnitStarter.prepareStreamsAndStart([Ljava/lang/String;Ljava/lang/String;Ljava/util/ArrayList;Ljava/lang/String;)I+117
j  com.intellij.rt.junit.JUnitStarter.main([Ljava/lang/String;)V+97
v  ~StubRoutines::call_stub 0x000002613bc00fcd
Lock stack of current Java thread (top to bottom):
LockStack[0]: com.mysql.cj.jdbc.ConnectionImpl 
{0x000000008ae00328} - klass: 'com/mysql/cj/jdbc/ConnectionImpl'
 - ---- fields (total size 23 words):
 - private 'isolationLevel' 'I' @12  2 (0x00000002)
 - private 'origPortToConnectTo' 'I' @16  3306 (0x00000cea)
 - private 'autoIncrementIncrement' 'I' @20  0 (0x00000000)
 - private 'isInGlobalTx' 'Z' @24  false (0x00)
 - private 'readOnly' 'Z' @25  false (0x00)
 - private 'hasTriedSourceFlag' 'Z' @26  false (0x00)
 - private 'parentProxy' 'Lcom/mysql/cj/jdbc/JdbcConnection;' @28  null (0x00000000)
 - private 'topProxy' 'Lcom/mysql/cj/jdbc/JdbcConnection;' @32  null (0x00000000)
 - private 'realProxy' 'Ljava/lang/reflect/InvocationHandler;' @36  null (0x00000000)
 - private 'connectionLifecycleInterceptors' 'Ljava/util/List;' @40  null (0x00000000)
 - private 'cachedPreparedStatementParams' 'Lcom/mysql/cj/CacheAdapter;' @44  null (0x00000000)
 - private 'database' 'Ljava/lang/String;' @48  "1.1.4"{0x000000008ae439f0} (0x8ae439f0)
 - private 'dbmd' 'Ljava/sql/DatabaseMetaData;' @52  a 'com/mysql/cj/jdbc/DatabaseMetaData'{0x000000008bae8320} (0x8bae8320)
 - private 'session' 'Lcom/mysql/cj/NativeSession;' @56  a 'com/mysql/cj/NativeSession'{0x000000008ba463a8} (0x8ba463a8)
 - private final 'openStatements' 'Ljava/util/concurrent/CopyOnWriteArrayList;' @60  a 'java/util/concurrent/CopyOnWriteArrayList'{0x000000008ab4e108} (0x8ab4e108)
 - private 'parsedCallableStatementCache' 'Lcom/mysql/cj/util/LRUCache;' @64  null (0x00000000)
 - private 'password' 'Ljava/lang/String;' @68  "13251225ivan"{0x000000008ae00660} (0x8ae00660)
 - protected 'props' 'Ljava/util/Properties;' @72  a 'java/util/Properties'{0x000000008ab4e140} (0x8ab4e140)
 - protected 'resultSetMetadataCache' 'Lcom/mysql/cj/util/LRUCache;' @76  null (0x00000000)
 - private 'typeMap' 'Ljava/util/Map;' @80  null (0x00000000)
 - private 'user' 'Ljava/lang/String;' @84  "root"{0x000000008ae00648} (0x8ae00648)
 - private 'serverSideStatementCheckCache' 'Lcom/mysql/cj/util/LRUCache;' @88  null (0x00000000)
 - private 'serverSideStatementCache' 'Lcom/mysql/cj/util/LRUCache;' @92  null (0x00000000)
 - private 'origHostInfo' 'Lcom/mysql/cj/conf/HostInfo;' @96  a 'com/mysql/cj/conf/HostInfo'{0x000000008ae003e0} (0x8ae003e0)
 - private 'origHostToConnectTo' 'Ljava/lang/String;' @100  "localhost"{0x000000008ab4e058} (0x8ab4e058)
 - private 'queryInterceptors' 'Ljava/util/List;' @104  a 'java/util/ArrayList'{0x000000008baf3570} (0x8baf3570)
 - protected 'propertySet' 'Lcom/mysql/cj/jdbc/JdbcPropertySet;' @108  a 'com/mysql/cj/jdbc/JdbcPropertySetImpl'{0x000000008ae001e0} (0x8ae001e0)
 - private 'autoReconnectForPools' 'Lcom/mysql/cj/conf/RuntimeProperty;' @112  a 'com/mysql/cj/conf/BooleanProperty'{0x000000008bb137e0} (0x8bb137e0)
 - private 'cachePrepStmts' 'Lcom/mysql/cj/conf/RuntimeProperty;' @116  a 'com/mysql/cj/conf/BooleanProperty'{0x000000008bb18480} (0x8bb18480)
 - private 'autoReconnect' 'Lcom/mysql/cj/conf/RuntimeProperty;' @120  a 'com/mysql/cj/conf/BooleanProperty'{0x000000008bb128d8} (0x8bb128d8)
 - private 'useUsageAdvisor' 'Lcom/mysql/cj/conf/RuntimeProperty;' @124  a 'com/mysql/cj/conf/BooleanProperty'{0x000000008bb131e8} (0x8bb131e8)
 - private 'reconnectAtTxEnd' 'Lcom/mysql/cj/conf/RuntimeProperty;' @128  a 'com/mysql/cj/conf/BooleanProperty'{0x000000008bb14668} (0x8bb14668)
 - private 'emulateUnsupportedPstmts' 'Lcom/mysql/cj/conf/RuntimeProperty;' @132  a 'com/mysql/cj/conf/BooleanProperty'{0x000000008bb184c0} (0x8bb184c0)
 - private 'ignoreNonTxTables' 'Lcom/mysql/cj/conf/RuntimeProperty;' @136  a 'com/mysql/cj/conf/BooleanProperty'{0x000000008bb18b80} (0x8bb18b80)
 - private 'pedantic' 'Lcom/mysql/cj/conf/RuntimeProperty;' @140  a 'com/mysql/cj/conf/BooleanProperty'{0x000000008bb14568} (0x8bb14568)
 - private 'prepStmtCacheSqlLimit' 'Lcom/mysql/cj/conf/RuntimeProperty;' @144  a 'com/mysql/cj/conf/IntegerProperty'{0x000000008bb147e8} (0x8bb147e8)
 - private 'useLocalSessionState' 'Lcom/mysql/cj/conf/RuntimeProperty;' @148  a 'com/mysql/cj/conf/BooleanProperty'{0x000000008bb12918} (0x8bb12918)
 - private 'useServerPrepStmts' 'Lcom/mysql/cj/conf/RuntimeProperty;' @152  a 'com/mysql/cj/conf/BooleanProperty'{0x000000008bb138e0} (0x8bb138e0)
 - private 'processEscapeCodesForPrepStmts' 'Lcom/mysql/cj/conf/RuntimeProperty;' @156  a 'com/mysql/cj/conf/BooleanProperty'{0x000000008bb13028} (0x8bb13028)
 - private 'useLocalTransactionState' 'Lcom/mysql/cj/conf/RuntimeProperty;' @160  a 'com/mysql/cj/conf/BooleanProperty'{0x000000008bb14228} (0x8bb14228)
 - private 'disconnectOnExpiredPasswords' 'Lcom/mysql/cj/conf/RuntimeProperty;' @164  a 'com/mysql/cj/conf/BooleanProperty'{0x000000008bb19000} (0x8bb19000)
 - private 'readOnlyPropagatesToServer' 'Lcom/mysql/cj/conf/RuntimeProperty;' @168  a 'com/mysql/cj/conf/BooleanProperty'{0x000000008bb18e00} (0x8bb18e00)
 - protected 'nullStatementResultSetFactory' 'Lcom/mysql/cj/jdbc/result/ResultSetFactory;' @172  a 'com/mysql/cj/jdbc/result/ResultSetFactory'{0x000000008bbc7158} (0x8bbc7158)
 - private 'exceptionInterceptor' 'Lcom/mysql/cj/exceptions/ExceptionInterceptor;' @176  null (0x00000000)
 - private 'infoProvider' 'Lcom/mysql/cj/jdbc/ClientInfoProvider;' @180  null (0x00000000)

new  187 new  [0x000002613bc1b740, 0x000002613bc1b950]  528 bytes
[MachCode]
  0x000002613bc1b740: 4883 ec08 | c5fa 1104 | 24eb 1f48 | 83ec 10c5 | fb11 0424 | eb14 4883 | ec10 4889 | 0424 48c7 
  0x000002613bc1b760: 4424 0800 | 0000 00eb | 0150 410f | b755 010f | cac1 ea10 | 488b 4de8 | 488b 4908 | 488b 4908 
  0x000002613bc1b780: 488b 4108 | 807c 1004 | 070f 85e0 | 0000 0066 | 8b54 d148 | 488b 4928 | 488b 4cd1 | 0851 80b9 
  0x000002613bc1b7a0: 3101 0000 | 040f 840d | 0000 004c | 3bb9 3801 | 0000 0f85 | b600 0000 | 8b51 08f6 | c201 0f85 
  0x000002613bc1b7c0: aa00 0000 | 498b 87b8 | 0100 0048 | 8d1c 1049 | 3b9f c801 | 0000 0f87 | 9200 0000 | 4989 9fb8 
  0x000002613bc1b7e0: 0100 0048 | 83ea 100f | 840f 0000 | 0033 c9c1 | ea03 4889 | 4cd0 0848 | ffca 75f6 | 48c7 0001 
  0x000002613bc1b800: 0000 0059 | 33f6 8970 | 0c49 ba00 | 0000 4961 | 0200 0049 | 2bca 8948 | 0849 ba42 | aded b4fa 
  0x000002613bc1b820: 7f00 0041 | 803a 000f | 843c 0000 | 0050 488b | c848 83ec | 2040 f6c4 | 0f0f 8419 | 0000 0048 
  0x000002613bc1b840: 83ec 0848 | b840 ee9d | b4fa 7f00 | 00ff d048 | 83c4 08e9 | 0c00 0000 | 48b8 40ee | 9db4 fa7f 
  0x000002613bc1b860: 0000 ffd0 | 4883 c420 | 58e9 cb00 | 0000 5948 | 8b55 e848 | 8b52 0848 | 8b52 0845 | 0fb7 4501 
  0x000002613bc1b880: 410f c841 | c1e8 10e8 | 0500 0000 | e9a8 0000 | 0048 8d44 | 2408 4c89 | 6dc0 498b | cfc5 f877 
  0x000002613bc1b8a0: 4989 afb0 | 0300 0049 | 8987 a003 | 0000 4883 | ec20 40f6 | c40f 0f84 | 1900 0000 | 4883 ec08 
  0x000002613bc1b8c0: 48b8 f01d | 66b4 fa7f | 0000 ffd0 | 4883 c408 | e90c 0000 | 0048 b8f0 | 1d66 b4fa | 7f00 00ff 
  0x000002613bc1b8e0: d048 83c4 | 2049 c787 | a003 0000 | 0000 0000 | 49c7 87b0 | 0300 0000 | 0000 0049 | c787 a803 
  0x000002613bc1b900: 0000 0000 | 0000 c5f8 | 7749 837f | 0800 0f84 | 0500 0000 | e9a7 55fe | ff49 8b87 | f803 0000 
  0x000002613bc1b920: 49c7 87f8 | 0300 0000 | 0000 004c | 8b6d c04c | 8b75 c84e | 8d74 f500 | c341 0fb6 | 5d03 4983 
  0x000002613bc1b940: c503 49ba | 5076 f1b4 | fa7f 0000 | 41ff 24da 
[/MachCode]

Compiled method (n/a) 1301  852     n 0       java.lang.Class::forName0 (native)
 total in heap  [0x000002613c1d2808,0x000002613c1d2e90] = 1672
 relocation     [0x000002613c1d28e0,0x000002613c1d2920] = 64
 main code      [0x000002613c1d2920,0x000002613c1d2e8d] = 1389
 stub code      [0x000002613c1d2e8d,0x000002613c1d2e90] = 3

[Constant Pool (empty)]

[MachCode]
[Entry Point]
  # {method} {0x00000261494962d0} 'forName0' '(Ljava/lang/String;ZLjava/lang/ClassLoader;Ljava/lang/Class;)Ljava/lang/Class;' in 'java/lang/Class'
  # parm0:    rdx:rdx   = 'java/lang/String'
  # parm1:    r8        = boolean
  # parm2:    r9:r9     = 'java/lang/ClassLoader'
  # parm3:    rdi:rdi   = 'java/lang/Class'
  #           [sp+0x80]  (sp of caller)
  0x000002613c1d2920: 6690 448b | 5208 443b 

  0x000002613c1d2928: ;   {runtime_call ic_miss_stub}
  0x000002613c1d2928: 5008 0f85 | b0bd a7ff 
[Verified Entry Point]
  0x000002613c1d2930: 8984 2400 | 80ff ff55 | 488b ec48 | 83ec 7090 | 4181 7f20 | 0100 0000 

  0x000002613c1d2948: ;   {runtime_call StubRoutines (final stubs)}
  0x000002613c1d2948: 7405 e811 | 7aa6 ff48 | 897c 2448 | 4883 ff00 | 488d 4424 | 4848 0f44 | 4424 4848 | 8944 2428 
  0x000002613c1d2968: 4c89 4c24 | 4049 83f9 | 0048 8d44 | 2440 480f | 4444 2440 | 4889 4424 | 204d 8bc8 | 4889 5424 
  0x000002613c1d2988: 3048 83fa | 004c 8d44 | 2430 4c0f | 4444 2430 

  0x000002613c1d2998: ;   {oop(a 'java/lang/Class'{0x000000008432f518} = 'java/lang/Class')}
  0x000002613c1d2998: 49be 18f5 | 3284 0000 | 0000 4c89 | 7424 604c | 8d74 2460 | 498b d6c5 

  0x000002613c1d29b0: ;   {internal_word}
  0x000002613c1d29b0: f877 49ba | af29 1d3c | 6102 0000 | 4d89 97a8 | 0300 0049 | 89a7 a003 

  0x000002613c1d29c8: ;   {external_word}
  0x000002613c1d29c8: 0000 49ba | 41ad edb4 | fa7f 0000 | 4180 3a00 | 0f84 4e00 | 0000 5241 

  0x000002613c1d29e0: ;   {metadata({method} {0x00000261494962d0} 'forName0' '(Ljava/lang/String;ZLjava/lang/ClassLoader;Ljava/lang/Class;)Ljava/lang/Class;' in 'java/lang/Class')}
  0x000002613c1d29e0: 5041 5148 | bac8 6249 | 4961 0200 | 0049 8bcf | 4883 ec20 | 40f6 c40f | 0f84 1900 | 0000 4883 
  0x000002613c1d2a00: ;   {runtime_call}
  0x000002613c1d2a00: ec08 48b8 | 00ee 9db4 | fa7f 0000 | ffd0 4883 | c408 e90c 

  0x000002613c1d2a14: ;   {runtime_call}
  0x000002613c1d2a14: 0000 0048 | b800 ee9d | b4fa 7f00 | 00ff d048 | 83c4 2041 | 5941 585a | 498d 8fc0 | 0300 0041 
  0x000002613c1d2a34: c787 4404 | 0000 0400 

  0x000002613c1d2a3c: ;   {runtime_call}
  0x000002613c1d2a3c: 0000 48b8 | bc12 6b0e | fb7f 0000 | ffd0 c5f8 | 7741 c787 | 4404 0000 | 0500 0000 | f083 4424 
  0x000002613c1d2a5c: c000 493b | af48 0400 | 000f 870e | 0000 0041 | 83bf 4004 | 0000 000f | 842b 0000 | 00c5 f877 
  0x000002613c1d2a7c: 4889 45f8 | 498b cf4c | 8be4 4883 | ec20 4883 

  0x000002613c1d2a8c: ;   {runtime_call}
  0x000002613c1d2a8c: e4f0 48b8 | 90a9 67b4 | fa7f 0000 | ffd0 498b | e44d 33e4 | 488b 45f8 | 41c7 8744 | 0400 0008 
  0x000002613c1d2aac: 0000 0041 | 83bf c804 | 0000 020f | 84a3 0300 

  0x000002613c1d2abc: ;   {external_word}
  0x000002613c1d2abc: 0049 ba41 | aded b4fa | 7f00 0041 | 803a 000f | 844c 0000 | 0048 8945 

  0x000002613c1d2ad4: ;   {metadata({method} {0x00000261494962d0} 'forName0' '(Ljava/lang/String;ZLjava/lang/ClassLoader;Ljava/lang/Class;)Ljava/lang/Class;' in 'java/lang/Class')}
  0x000002613c1d2ad4: f848 bac8 | 6249 4961 | 0200 0049 | 8bcf 4883 | ec20 40f6 | c40f 0f84 | 1900 0000 | 4883 ec08 
  0x000002613c1d2af4: ;   {runtime_call}
  0x000002613c1d2af4: 48b8 00ee | 9db4 fa7f | 0000 ffd0 | 4883 c408 | e90c 0000 

  0x000002613c1d2b08: ;   {runtime_call}
  0x000002613c1d2b08: 0048 b800 | ee9d b4fa | 7f00 00ff | d048 83c4 | 2048 8b45 | f849 c787 | a003 0000 | 0000 0000 
  0x000002613c1d2b28: 49c7 87a8 | 0300 0000 | 0000 00c5 | f877 4885 | c00f 84fe | 0200 00a8 | 030f 8508 | 0000 0048 
  0x000002613c1d2b48: 8b00 e9ee | 0200 00a8 | 010f 8509 | 0000 0048 | 8b40 fee9 | dd02 0000 | 488b 40ff | 4180 7f38 
  0x000002613c1d2b68: 000f 84ce | 0200 0048 | 83f8 000f | 84c4 0200 | 0049 8b4f | 2848 83f9 | 000f 8414 | 0000 0048 
  0x000002613c1d2b88: 83e9 0849 | 894f 2849 | 034f 3048 | 8901 e9a2 | 0200 0048 | 81ec 5001 | 0000 4889 | 0424 4889 
  0x000002613c1d2ba8: 4c24 0848 | 8954 2410 | 4889 7424 | 1848 897c | 2420 4c89 | 4424 284c | 894c 2430 | 4c89 5424 
  0x000002613c1d2bc8: 384c 895c | 2440 c5fb | 1144 2450 | c5fb 114c | 2458 c5fb | 1154 2460 | c5fb 115c | 2468 c5fb 
  0x000002613c1d2be8: 1164 2470 | c5fb 116c | 2478 c5fb | 11b4 2480 | 0000 00c5 | fb11 bc24 | 8800 0000 | c57b 1184 
  0x000002613c1d2c08: ;   {no_reloc}
  0x000002613c1d2c08: 2490 0000 | 00c5 7b11 | 8c24 9800 | 0000 c57b | 1194 24a0 | 0000 00c5 | 7b11 9c24 | a800 0000 
  0x000002613c1d2c28: c57b 11a4 | 24b0 0000 | 00c5 7b11 | ac24 b800 | 0000 c57b | 11b4 24c0 | 0000 00c5 | 7b11 bc24 
  0x000002613c1d2c48: c800 0000 | 62e1 ff08 | 1144 241a | 62e1 ff08 | 114c 241b | 62e1 ff08 | 1154 241c | 62e1 ff08 
  0x000002613c1d2c68: 115c 241d | 62e1 ff08 | 1164 241e | 62e1 ff08 | 116c 241f | 62e1 ff08 | 1174 2420 | 62e1 ff08 
  0x000002613c1d2c88: 117c 2421 | 6261 ff08 | 1144 2422 | 6261 ff08 | 114c 2423 | 6261 ff08 | 1154 2424 | 6261 ff08 
  0x000002613c1d2ca8: 115c 2425 | 6261 ff08 | 1164 2426 | 6261 ff08 | 116c 2427 | 6261 ff08 | 1174 2428 | 6261 ff08 
  0x000002613c1d2cc8: 117c 2429 | 498b d748 | 8bc8 4883 | ec20 40f6 | c40f 0f84 | 1900 0000 | 4883 ec08 

  0x000002613c1d2ce4: ;   {runtime_call}
  0x000002613c1d2ce4: 48b8 e007 | 5bb4 fa7f | 0000 ffd0 | 4883 c408 | e90c 0000 

  0x000002613c1d2cf8: ;   {runtime_call}
  0x000002613c1d2cf8: 0048 b8e0 | 075b b4fa | 7f00 00ff | d048 83c4 | 2062 61ff | 0810 7c24 | 2962 61ff | 0810 7424 
  0x000002613c1d2d18: 2862 61ff | 0810 6c24 | 2762 61ff | 0810 6424 | 2662 61ff | 0810 5c24 | 2562 61ff | 0810 5424 
  0x000002613c1d2d38: 2462 61ff | 0810 4c24 | 2362 61ff | 0810 4424 | 2262 e1ff | 0810 7c24 | 2162 e1ff | 0810 7424 
  0x000002613c1d2d58: 2062 e1ff | 0810 6c24 | 1f62 e1ff | 0810 6424 | 1e62 e1ff | 0810 5c24 | 1d62 e1ff | 0810 5424 
  0x000002613c1d2d78: 1c62 e1ff | 0810 4c24 | 1b62 e1ff | 0810 4424 | 1ac5 7b10 | bc24 c800 | 0000 c57b | 10b4 24c0 
  0x000002613c1d2d98: 0000 00c5 | 7b10 ac24 | b800 0000 | c57b 10a4 | 24b0 0000 | 00c5 7b10 | 9c24 a800 | 0000 c57b 
  0x000002613c1d2db8: 1094 24a0 | 0000 00c5 | 7b10 8c24 | 9800 0000 | c57b 1084 | 2490 0000 | 00c5 fb10 | bc24 8800 
  0x000002613c1d2dd8: 0000 c5fb | 10b4 2480 | 0000 00c5 | fb10 6c24 | 78c5 fb10 | 6424 70c5 | fb10 5c24 | 68c5 fb10 
  0x000002613c1d2df8: ;   {no_reloc}
  0x000002613c1d2df8: 5424 60c5 | fb10 4c24 | 58c5 fb10 | 4424 504c | 8b5c 2440 | 4c8b 5424 | 384c 8b4c | 2430 4c8b 
  0x000002613c1d2e18: 4424 2848 | 8b7c 2420 | 488b 7424 | 1848 8b54 | 2410 488b | 4c24 0848 | 8b04 2448 | 81c4 5001 
  0x000002613c1d2e38: 0000 c5f8 | 7749 8b8f | 3004 0000 | c781 0001 | 0000 0000 | 0000 c949 | 837f 0800 | 0f85 0100 
  0x000002613c1d2e58: ;   {runtime_call StubRoutines (initial stubs)}
  0x000002613c1d2e58: 0000 c3e9 | 60e0 a2ff | c5f8 7748 | 8945 f84c | 8be4 4883 | ec20 4883 

  0x000002613c1d2e70: ;   {runtime_call}
  0x000002613c1d2e70: e4f0 48b8 | b022 9eb4 | fa7f 0000 | ffd0 498b | e44d 33e4 | 488b 45f8 | e930 fcff | fff4 f4f4 
[/MachCode]


Compiled method (c1) 1321 1152       3       java.lang.invoke.DirectMethodHandle$Holder::newInvokeSpecial (20 bytes)
 total in heap  [0x000002613482c208,0x000002613482c8d0] = 1736
 relocation     [0x000002613482c2e0,0x000002613482c360] = 128
 main code      [0x000002613482c360,0x000002613482c858] = 1272
 stub code      [0x000002613482c858,0x000002613482c8b8] = 96
 metadata       [0x000002613482c8b8,0x000002613482c8d0] = 24
 immutable data [0x0000026148b0d880,0x0000026148b0d9c8] = 328
 dependencies   [0x0000026148b0d880,0x0000026148b0d888] = 8
 nul chk table  [0x0000026148b0d888,0x0000026148b0d8a0] = 24
 scopes pcs     [0x0000026148b0d8a0,0x0000026148b0d950] = 176
 scopes data    [0x0000026148b0d950,0x0000026148b0d9c8] = 120

[Constant Pool (empty)]

[MachCode]
[Verified Entry Point]
  # {method} {0x00000261491e4c00} 'newInvokeSpecial' '(Ljava/lang/Object;)Ljava/lang/Object;' in 'java/lang/invoke/DirectMethodHandle$Holder'
  # parm0:    rdx:rdx   = 'java/lang/Object'
  #           [sp+0x60]  (sp of caller)
  0x000002613482c360: 8984 2400 | 80ff ff55 | 4883 ec50 | 4181 7f20 | 0100 0000 

  0x000002613482c374: ;   {runtime_call StubRoutines (final stubs)}
  0x000002613482c374: 7405 e8e5 

  0x000002613482c378: ;   {metadata(method data for {method} {0x00000261491e4c00} 'newInvokeSpecial' '(Ljava/lang/Object;)Ljava/lang/Object;' in 'java/lang/invoke/DirectMethodHandle$Holder')}
  0x000002613482c378: df40 0749 | b830 0374 | 8a61 0200 | 004d 8d80 | 3802 0000 | 4885 d275 | 0d41 f600 | 0175 30f0 
  0x000002613482c398: 4983 0801 | eb29 8b72 | 0849 ba00 | 0000 4961 | 0200 0049 | 03f2 4c8b | d649 3330 | 48f7 c6fc 
  0x000002613482c3b8: ffff ff74 | 0a40 f6c6 | 0275 0449 

  0x000002613482c3c4: ;   {metadata(method data for {method} {0x00000261491e4c00} 'newInvokeSpecial' '(Ljava/lang/Object;)Ljava/lang/Object;' in 'java/lang/invoke/DirectMethodHandle$Holder')}
  0x000002613482c3c4: 8308 0249 | b830 0374 | 8a61 0200 | 0041 8bb0 | cc00 0000 | 83c6 0241 | 89b0 cc00 | 0000 81e6 
  0x000002613482c3e4: fe07 0000 | 85f6 0f84 | ac03 0000 

  0x000002613482c3f0: ;   {metadata(method data for {method} {0x00000261491e4c00} 'newInvokeSpecial' '(Ljava/lang/Object;)Ljava/lang/Object;' in 'java/lang/invoke/DirectMethodHandle$Holder')}
  0x000002613482c3f0: 49b8 3003 | 748a 6102 | 0000 4d8d | 8028 0100 | 0048 85d2 | 750f 41f6 | 4008 0175 | 33f0 4983 
  0x000002613482c410: 4808 01eb | 2b8b 7208 | 49ba 0000 | 0049 6102 | 0000 4903 | f24c 8bd6 | 4933 7008 | 48f7 c6fc 
  0x000002613482c430: ffff ff74 | 0b40 f6c6 | 0275 0549 | 8348 0802 

  0x000002613482c440: ;   {metadata(method data for {method} {0x00000261491e4c00} 'newInvokeSpecial' '(Ljava/lang/Object;)Ljava/lang/Object;' in 'java/lang/invoke/DirectMethodHandle$Holder')}
  0x000002613482c440: 49b8 3003 | 748a 6102 | 0000 4983 | 8018 0100 

  0x000002613482c450: ;   {metadata(method data for {method} {0x00000261491d6440} 'allocateInstance' '(Ljava/lang/Object;)Ljava/lang/Object;' in 'java/lang/invoke/DirectMethodHandle')}
  0x000002613482c450: 0001 49b8 | 78bd 7d8a | 6102 0000 | 418b b0cc | 0000 0083 | c602 4189 | b0cc 0000 | 0081 e6fe 
  0x000002613482c470: ff1f 0085 | f60f 8442 | 0300 0048 

  0x000002613482c47c: ;   {metadata(method data for {method} {0x00000261491d6440} 'allocateInstance' '(Ljava/lang/Object;)Ljava/lang/Object;' in 'java/lang/invoke/DirectMethodHandle')}
  0x000002613482c47c: 85d2 48bf | 78bd 7d8a | 6102 0000 | 750c 808f | 1101 0000 | 01e9 ae00 | 0000 8b5a | 0849 ba00 
  0x000002613482c49c: 0000 4961 | 0200 0049 | 03da 483b | 9f20 0100 | 0075 0d48 | 8387 2801 | 0000 01e9 | 6000 0000 
  0x000002613482c4bc: 483b 9f30 | 0100 0075 | 0d48 8387 | 3801 0000 | 01e9 4a00 | 0000 4883 | bf20 0100 | 0000 7517 
  0x000002613482c4dc: 4889 9f20 | 0100 0048 | c787 2801 | 0000 0100 | 0000 e929 | 0000 0048 | 83bf 3001 | 0000 0075 
  0x000002613482c4fc: 1748 899f | 3001 0000 | 48c7 8738 | 0100 0001 | 0000 00e9 | 0800 0000 | 4883 8718 | 0100 0001 
  0x000002613482c51c: ;   {metadata('java/lang/invoke/DirectMethodHandle$Constructor')}
  0x000002613482c51c: 48bb 98be | 2549 6102 | 0000 8b72 | 0849 ba00 | 0000 4961 | 0200 0049 | 03f2 483b | de0f 859f 
  0x000002613482c53c: 0200 00e9 | 0000 0000 | 4c8b c245 

  0x000002613482c548: ;   {oop(a 'jdk/internal/misc/Unsafe'{0x0000000084232de8})}
  0x000002613482c548: 8b40 2848 | bee8 2d23 | 8400 0000 | 0048 8bfe 

  0x000002613482c558: ;   {metadata(method data for {method} {0x00000261491d6440} 'allocateInstance' '(Ljava/lang/Object;)Ljava/lang/Object;' in 'java/lang/invoke/DirectMethodHandle')}
  0x000002613482c558: 48bb 78bd | 7d8a 6102 | 0000 4883 | 8348 0100 | 0001 4889 | 5424 3048 | 8bd6 0f1f 

  0x000002613482c574: ;   {optimized virtual_call}
  0x000002613482c574: 4400 00e8 

  0x000002613482c578: ; ImmutableOopMap {[48]=Oop }
                      ;*invokevirtual allocateInstance {reexecute=0 rethrow=0 return_oop=0}
                      ; - java.lang.invoke.DirectMethodHandle::allocateInstance@12 (line 500)
                      ; - java.lang.invoke.DirectMethodHandle$Holder::newInvokeSpecial@1
  0x000002613482c578: 341e 9a07 

  0x000002613482c57c: ;   {other}
  0x000002613482c57c: 0f1f 8400 | 7403 0000 

  0x000002613482c584: ;   {metadata(method data for {method} {0x00000261491e4c00} 'newInvokeSpecial' '(Ljava/lang/Object;)Ljava/lang/Object;' in 'java/lang/invoke/DirectMethodHandle$Holder')}
  0x000002613482c584: 48ba 3003 | 748a 6102 | 0000 488d | 9238 0100 | 0048 85c0 | 750a f602 | 0175 05f0 | 4883 0a01 
  0x000002613482c5a4: ;   {metadata(method data for {method} {0x00000261491e4c00} 'newInvokeSpecial' '(Ljava/lang/Object;)Ljava/lang/Object;' in 'java/lang/invoke/DirectMethodHandle$Holder')}
  0x000002613482c5a4: 48ba 3003 | 748a 6102 | 0000 488d | 9258 0100 | 004c 8b44 | 2430 4d85 | c075 0ef6 | 4208 0175 
  0x000002613482c5c4: 34f0 4883 | 4a08 01eb | 2c41 8b70 | 0849 ba00 | 0000 4961 | 0200 0049 | 03f2 4c8b | d648 3372 
  0x000002613482c5e4: 0848 f7c6 | fcff ffff | 740b 40f6 | c602 7505 | 4883 4a08 

  0x000002613482c5f8: ;   {metadata(method data for {method} {0x00000261491e4c00} 'newInvokeSpecial' '(Ljava/lang/Object;)Ljava/lang/Object;' in 'java/lang/invoke/DirectMethodHandle$Holder')}
  0x000002613482c5f8: 0248 ba30 | 0374 8a61 | 0200 0048 | 8382 4801 

  0x000002613482c608: ;   {metadata(method data for {method} {0x00000261491d6ee8} 'constructorMethod' '(Ljava/lang/Object;)Ljava/lang/Object;' in 'java/lang/invoke/DirectMethodHandle')}
  0x000002613482c608: 0000 0148 | ba30 bf7d | 8a61 0200 | 008b b2cc | 0000 0083 | c602 89b2 | cc00 0000 | 81e6 feff 
  0x000002613482c628: 1f00 85f6 | 0f84 ba01 | 0000 4d85 

  0x000002613482c634: ;   {metadata(method data for {method} {0x00000261491d6ee8} 'constructorMethod' '(Ljava/lang/Object;)Ljava/lang/Object;' in 'java/lang/invoke/DirectMethodHandle')}
  0x000002613482c634: c048 be30 | bf7d 8a61 | 0200 0075 | 0c80 8e11 | 0100 0001 | e9b0 0000 | 0041 8b78 | 0849 ba00 
  0x000002613482c654: 0000 4961 | 0200 0049 | 03fa 483b | be20 0100 | 0075 0d48 | 8386 2801 | 0000 01e9 | 6000 0000 
  0x000002613482c674: 483b be30 | 0100 0075 | 0d48 8386 | 3801 0000 | 01e9 4a00 | 0000 4883 | be20 0100 | 0000 7517 
  0x000002613482c694: 4889 be20 | 0100 0048 | c786 2801 | 0000 0100 | 0000 e929 | 0000 0048 | 83be 3001 | 0000 0075 
  0x000002613482c6b4: 1748 89be | 3001 0000 | 48c7 8638 | 0100 0001 | 0000 00e9 | 0800 0000 | 4883 8618 | 0100 0001 
  0x000002613482c6d4: ;   {metadata('java/lang/invoke/DirectMethodHandle$Constructor')}
  0x000002613482c6d4: 48bf 98be | 2549 6102 | 0000 418b | 5008 49ba | 0000 0049 | 6102 0000 | 4903 d248 | 3bfa 0f85 
  0x000002613482c6f4: 1501 0000 | e900 0000 | 0049 8bd0 

  0x000002613482c700: ; implicit exception: dispatches to 0x000002613482c816
  0x000002613482c700: 448b 4224 

  0x000002613482c704: ;   {metadata(method data for {method} {0x00000261491e4c00} 'newInvokeSpecial' '(Ljava/lang/Object;)Ljava/lang/Object;' in 'java/lang/invoke/DirectMethodHandle$Holder')}
  0x000002613482c704: 48ba 3003 | 748a 6102 | 0000 488d | 9268 0100 | 004d 85c0 | 750a f602 | 0175 05f0 | 4883 0a01 
  0x000002613482c724: ;   {metadata(method data for {method} {0x00000261491e4c00} 'newInvokeSpecial' '(Ljava/lang/Object;)Ljava/lang/Object;' in 'java/lang/invoke/DirectMethodHandle$Holder')}
  0x000002613482c724: 48ba 3003 | 748a 6102 | 0000 488d | 92b8 0100 | 0048 85c0 | 750c f642 | 0801 7506 | f048 834a 
  0x000002613482c744: 0801 4d85 | c075 0cf6 | 4218 0175 | 06f0 4883 

  0x000002613482c754: ;   {metadata(method data for {method} {0x00000261491e4c00} 'newInvokeSpecial' '(Ljava/lang/Object;)Ljava/lang/Object;' in 'java/lang/invoke/DirectMethodHandle$Holder')}
  0x000002613482c754: 4a18 0148 | ba30 0374 | 8a61 0200 | 0048 8382 | a801 0000 | 0148 8bd0 | 4889 4424 | 3866 0f1f 
  0x000002613482c774: ;   {static_call}
  0x000002613482c774: 4400 00e8 

  0x000002613482c778: ; ImmutableOopMap {[56]=Oop }
                      ;*invokestatic linkToSpecial {reexecute=0 rethrow=0 return_oop=0}
                      ; - java.lang.invoke.DirectMethodHandle$Holder::newInvokeSpecial@15
  0x000002613482c778: 8498 9607 

  0x000002613482c77c: ;   {other}
  0x000002613482c77c: 0f1f 8400 | 7405 0001 | 488b 4424 | 3848 83c4 

  0x000002613482c78c: ;   {poll_return}
  0x000002613482c78c: 505d 493b | a748 0400 | 000f 8780 | 0000 00c3 

  0x000002613482c79c: ;   {metadata({method} {0x00000261491e4c00} 'newInvokeSpecial' '(Ljava/lang/Object;)Ljava/lang/Object;' in 'java/lang/invoke/DirectMethodHandle$Holder')}
  0x000002613482c79c: 49ba f84b | 1e49 6102 | 0000 4c89 | 5424 0848 | c704 24ff 

  0x000002613482c7b0: ;   {runtime_call counter_overflow Runtime1 stub}
  0x000002613482c7b0: ffff ffe8 

  0x000002613482c7b4: ; ImmutableOopMap {rdx=Oop }
                      ;*synchronization entry
                      ; - java.lang.invoke.DirectMethodHandle$Holder::newInvokeSpecial@-1
  0x000002613482c7b4: 28e7 4f07 | e933 fcff 

  0x000002613482c7bc: ;   {metadata({method} {0x00000261491d6440} 'allocateInstance' '(Ljava/lang/Object;)Ljava/lang/Object;' in 'java/lang/invoke/DirectMethodHandle')}
  0x000002613482c7bc: ff49 ba38 | 641d 4961 | 0200 004c | 8954 2408 | 48c7 0424 | ffff ffff 

  0x000002613482c7d4: ;   {runtime_call counter_overflow Runtime1 stub}
  0x000002613482c7d4: e807 e74f 

  0x000002613482c7d8: ; ImmutableOopMap {rdx=Oop }
                      ;*synchronization entry
                      ; - java.lang.invoke.DirectMethodHandle::allocateInstance@-1 (line 499)
                      ; - java.lang.invoke.DirectMethodHandle$Holder::newInvokeSpecial@1
  0x000002613482c7d8: 07e9 9dfc | ffff 4889 

  0x000002613482c7e0: ;   {runtime_call throw_class_cast_exception Runtime1 stub}
  0x000002613482c7e0: 1424 e8f9 

  0x000002613482c7e4: ; ImmutableOopMap {rdx=Oop }
                      ;*checkcast {reexecute=0 rethrow=0 return_oop=0}
                      ; - java.lang.invoke.DirectMethodHandle::allocateInstance@1 (line 499)
                      ; - java.lang.invoke.DirectMethodHandle$Holder::newInvokeSpecial@1
                      ;   {runtime_call throw_null_pointer_exception Runtime1 stub}
  0x000002613482c7e4: ad4f 07e8 

  0x000002613482c7e8: ; ImmutableOopMap {rdx=Oop }
                      ;*getfield instanceClass {reexecute=1 rethrow=0 return_oop=0}
                      ; - (reexecute) java.lang.invoke.DirectMethodHandle::allocateInstance@9 (line 500)
                      ; - java.lang.invoke.DirectMethodHandle$Holder::newInvokeSpecial@1
  0x000002613482c7e8: f485 4f07 

  0x000002613482c7ec: ;   {metadata({method} {0x00000261491d6ee8} 'constructorMethod' '(Ljava/lang/Object;)Ljava/lang/Object;' in 'java/lang/invoke/DirectMethodHandle')}
  0x000002613482c7ec: 49ba e06e | 1d49 6102 | 0000 4c89 | 5424 0848 | c704 24ff 

  0x000002613482c800: ;   {runtime_call counter_overflow Runtime1 stub}
  0x000002613482c800: ffff ffe8 

  0x000002613482c804: ; ImmutableOopMap {rax=Oop r8=Oop }
                      ;*synchronization entry
                      ; - java.lang.invoke.DirectMethodHandle::constructorMethod@-1 (line 493)
                      ; - java.lang.invoke.DirectMethodHandle$Holder::newInvokeSpecial@6
  0x000002613482c804: d8e6 4f07 | e925 feff | ff4c 8904 

  0x000002613482c810: ;   {runtime_call throw_class_cast_exception Runtime1 stub}
  0x000002613482c810: 24e8 caad 

  0x000002613482c814: ; ImmutableOopMap {rax=Oop }
                      ;*checkcast {reexecute=0 rethrow=0 return_oop=0}
                      ; - java.lang.invoke.DirectMethodHandle::constructorMethod@1 (line 493)
                      ; - java.lang.invoke.DirectMethodHandle$Holder::newInvokeSpecial@6
                      ;   {runtime_call throw_null_pointer_exception Runtime1 stub}
  0x000002613482c814: 4f07 e8c5 

  0x000002613482c818: ; ImmutableOopMap {rax=Oop }
                      ;*getfield initMethod {reexecute=1 rethrow=0 return_oop=0}
                      ; - (reexecute) java.lang.invoke.DirectMethodHandle::constructorMethod@6 (line 494)
                      ; - java.lang.invoke.DirectMethodHandle$Holder::newInvokeSpecial@6
                      ;   {internal_word}
  0x000002613482c818: 854f 0749 | ba8e c782 | 3461 0200 | 004d 8997 | 6004 0000 

  0x000002613482c82c: ;   {runtime_call SafepointBlob}
  0x000002613482c82c: e9af 9f42 | 0749 8b87 | 0005 0000 | 49c7 8700 | 0500 0000 | 0000 0049 | c787 0805 | 0000 0000 
  0x000002613482c84c: 0000 4883 

  0x000002613482c850: ;   {runtime_call unwind_exception Runtime1 stub}
  0x000002613482c850: c450 5de9 | 8876 4f07 
[Stub Code]
  0x000002613482c858: ;   {no_reloc}
  0x000002613482c858: 48bb 0000 | 0000 0000 

  0x000002613482c860: ;   {runtime_call nmethod}
  0x000002613482c860: 0000 e9fb 

  0x000002613482c864: ;   {static_stub}
  0x000002613482c864: ffff ff48 | bb00 0000 | 0000 0000 

  0x000002613482c870: ;   {runtime_call nmethod}
  0x000002613482c870: 00e9 fbff 

  0x000002613482c874: ;   {runtime_call handle_exception_from_callee Runtime1 stub}
  0x000002613482c874: ffff e865 

  0x000002613482c878: ;   {external_word}
  0x000002613482c878: a74f 0748 | b920 d5c5 | b4fa 7f00 | 0048 83e4 

  0x000002613482c888: ;   {runtime_call}
  0x000002613482c888: f048 b860 | 4a8c b4fa | 7f00 00ff 

  0x000002613482c894: ;   {section_word}
  0x000002613482c894: d0f4 49ba | 96c8 8234 | 6102 0000 

  0x000002613482c8a0: ;   {runtime_call DeoptimizationBlob}
  0x000002613482c8a0: 4152 e959 

  0x000002613482c8a4: ;   {section_word}
  0x000002613482c8a4: b342 0749 | baa7 c882 | 3461 0200 

  0x000002613482c8b0: ;   {runtime_call DeoptimizationBlob}
  0x000002613482c8b0: 0041 52e9 | 48b3 4207 
[/MachCode]


---------------  P R O C E S S  ---------------

Threads class SMR info:
_java_thread_list=0x000002618e6c9580, length=18, elements={
0x0000026129d52380, 0x000002614818c770, 0x000002614818d490, 0x000002614818e1b0,
0x0000026148190180, 0x0000026148190be0, 0x0000026148191640, 0x00000261481923d0,
0x00000261483f8050, 0x00000261484ae0a0, 0x00000261486b81e0, 0x00000261487b9c90,
0x0000026148901d00, 0x000002618e9c5150, 0x000002618e4a4260, 0x000002618e7dcd30,
0x000002618e7de0e0, 0x000002618e7e0840
}

Java Threads: ( => current thread )
=>0x0000026129d52380 JavaThread "main"                              [_thread_in_vm, id=11576, stack(0x00000082ef500000,0x00000082ef600000) (1024K)]
  0x000002614818c770 JavaThread "Reference Handler"          daemon [_thread_blocked, id=4984, stack(0x00000082efd00000,0x00000082efe00000) (1024K)]
  0x000002614818d490 JavaThread "Finalizer"                  daemon [_thread_blocked, id=15600, stack(0x00000082efe00000,0x00000082eff00000) (1024K)]
  0x000002614818e1b0 JavaThread "Signal Dispatcher"          daemon [_thread_blocked, id=7972, stack(0x00000082eff00000,0x00000082f0000000) (1024K)]
  0x0000026148190180 JavaThread "Attach Listener"            daemon [_thread_blocked, id=3388, stack(0x00000082f0000000,0x00000082f0100000) (1024K)]
  0x0000026148190be0 JavaThread "Service Thread"             daemon [_thread_blocked, id=9792, stack(0x00000082f0100000,0x00000082f0200000) (1024K)]
  0x0000026148191640 JavaThread "Monitor Deflation Thread"   daemon [_thread_blocked, id=13640, stack(0x00000082f0200000,0x00000082f0300000) (1024K)]
  0x00000261481923d0 JavaThread "C2 CompilerThread0"         daemon [_thread_in_native, id=15484, stack(0x00000082f0300000,0x00000082f0400000) (1024K)]
  0x00000261483f8050 JavaThread "C1 CompilerThread0"         daemon [_thread_blocked, id=13712, stack(0x00000082f0400000,0x00000082f0500000) (1024K)]
  0x00000261484ae0a0 JavaThread "Common-Cleaner"             daemon [_thread_blocked, id=11652, stack(0x00000082f0500000,0x00000082f0600000) (1024K)]
  0x00000261486b81e0 JavaThread "Monitor Ctrl-Break"         daemon [_thread_in_native, id=16028, stack(0x00000082f0600000,0x00000082f0700000) (1024K)]
  0x00000261487b9c90 JavaThread "Notification Thread"        daemon [_thread_blocked, id=13760, stack(0x00000082f0700000,0x00000082f0800000) (1024K)]
  0x0000026148901d00 JavaThread "C2 CompilerThread1"         daemon [_thread_blocked, id=9692, stack(0x00000082f0800000,0x00000082f0900000) (1024K)]
  0x000002618e9c5150 JavaThread "mysql-cj-abandoned-connection-cleanup" daemon [_thread_blocked, id=14824, stack(0x00000082f0c00000,0x00000082f0d00000) (1024K)]
  0x000002618e4a4260 JavaThread "RMI TCP Accept-0"           daemon [_thread_in_native, id=2628, stack(0x00000082f0d00000,0x00000082f0e00000) (1024K)]
  0x000002618e7dcd30 JavaThread "RMI TCP Connection(1)-192.168.43.68" daemon [_thread_in_native, id=5408, stack(0x00000082f0e00000,0x00000082f0f00000) (1024K)]
  0x000002618e7de0e0 JavaThread "RMI Scheduler(0)"           daemon [_thread_blocked, id=13048, stack(0x00000082f0f00000,0x00000082f1000000) (1024K)]
  0x000002618e7e0840 JavaThread "JMX server connection timeout 29" daemon [_thread_blocked, id=13208, stack(0x00000082f1000000,0x00000082f1100000) (1024K)]
Total: 18

Other Threads:
  0x0000026148170fa0 VMThread "VM Thread"                           [id=2568, stack(0x00000082efc00000,0x00000082efd00000) (1024K)]
  0x0000026148161de0 WatcherThread "VM Periodic Task Thread"        [id=16044, stack(0x00000082efb00000,0x00000082efc00000) (1024K)]
  0x000002612c009560 WorkerThread "GC Thread#0"                     [id=9696, stack(0x00000082ef600000,0x00000082ef700000) (1024K)]
  0x0000026148ef8120 WorkerThread "GC Thread#1"                     [id=12484, stack(0x00000082f0900000,0x00000082f0a00000) (1024K)]
  0x000002618e3cd580 WorkerThread "GC Thread#2"                     [id=12552, stack(0x00000082f0a00000,0x00000082f0b00000) (1024K)]
  0x000002618e3cd930 WorkerThread "GC Thread#3"                     [id=13800, stack(0x00000082f0b00000,0x00000082f0c00000) (1024K)]
  0x000002612c01ec80 ConcurrentGCThread "G1 Main Marker"            [id=10716, stack(0x00000082ef700000,0x00000082ef800000) (1024K)]
  0x000002612c020460 WorkerThread "G1 Conc#0"                       [id=3832, stack(0x00000082ef800000,0x00000082ef900000) (1024K)]
  0x000002612c05e5e0 ConcurrentGCThread "G1 Refine#0"               [id=3944, stack(0x00000082ef900000,0x00000082efa00000) (1024K)]
  0x0000026148036f30 ConcurrentGCThread "G1 Service"                [id=4768, stack(0x00000082efa00000,0x00000082efb00000) (1024K)]
Total: 10

Threads with active compile tasks:
C2 CompilerThread0  1338 1740 % !   4       java.util.concurrent.ConcurrentHashMap::transfer @ 96 (849 bytes)
Total: 1

VM state: not at safepoint (normal execution)

VM Mutex/Monitor currently owned by a thread:  ([mutex/lock_event])
[0x00007ffab4f01890] Metaspace_lock - owner thread: 0x0000026129d52380

Heap address: 0x0000000084000000, size: 1984 MB, Compressed Oops mode: 32-bit

CDS archive(s) mapped at: [0x0000026149000000-0x0000026149d70000-0x0000026149d70000), size 14090240, SharedBaseAddress: 0x0000026149000000, ArchiveRelocationMode: 1.
Compressed class space mapped at: 0x000002614a000000-0x000002618a000000, reserved size: 1073741824
Narrow klass base: 0x0000026149000000, Narrow klass shift: 0, Narrow klass range: 0x41000000

GC Precious Log:
 CardTable entry size: 512
 Card Set container configuration: InlinePtr #cards 5 size 8 Array Of Cards #cards 10 size 36 Howl #buckets 4 coarsen threshold 1843 Howl Bitmap #cards 512 size 80 coarsen threshold 460 Card regions per heap region 1 cards per card region 2048
 CPUs: 4 total, 4 available
 Memory: 7933M
 Large Page Support: Disabled
 NUMA Support: Disabled
 Compressed Oops: Enabled (32-bit)
 Heap Region Size: 1M
 Heap Min Capacity: 8M
 Heap Initial Capacity: 124M
 Heap Max Capacity: 1984M
 Pre-touch: Disabled
 Parallel Workers: 4
 Concurrent Workers: 1
 Concurrent Refinement Workers: 4
 Periodic GC: Disabled

Heap:
 garbage-first heap   total reserved 2031616K, committed 126976K, used 10814K [0x0000000084000000, 0x0000000100000000)
  region size 1024K, 9 young (9216K), 2 survivors (2048K)
 Metaspace       used 14561K, committed 14784K, reserved 1114112K
  class space    used 1566K, committed 1664K, reserved 1048576K

Heap Regions: E=young(eden), S=young(survivor), O=old, HS=humongous(starts), HC=humongous(continues), CS=collection set, F=free, TAMS=top-at-mark-start, PB=parsable bottom
|   0|0x0000000084000000, 0x0000000084100000, 0x0000000084100000|100%|HS|  |TAMS 0x0000000084000000| PB 0x0000000084000000| Complete |  0
|   1|0x0000000084100000, 0x0000000084200000, 0x0000000084200000|100%| O|  |TAMS 0x0000000084100000| PB 0x0000000084100000| Untracked |  0
|   2|0x0000000084200000, 0x0000000084300000, 0x0000000084300000|100%| O|  |TAMS 0x0000000084200000| PB 0x0000000084200000| Untracked |  0
|   3|0x0000000084300000, 0x0000000084400000, 0x0000000084400000|100%| O|  |TAMS 0x0000000084300000| PB 0x0000000084300000| Untracked |  0
|   4|0x0000000084400000, 0x0000000084434dc0, 0x0000000084500000| 20%| O|  |TAMS 0x0000000084400000| PB 0x0000000084400000| Untracked |  0
|   5|0x0000000084500000, 0x0000000084500000, 0x0000000084600000|  0%| F|  |TAMS 0x0000000084500000| PB 0x0000000084500000| Untracked |  0
|   6|0x0000000084600000, 0x0000000084600000, 0x0000000084700000|  0%| F|  |TAMS 0x0000000084600000| PB 0x0000000084600000| Untracked |  0
|   7|0x0000000084700000, 0x0000000084700000, 0x0000000084800000|  0%| F|  |TAMS 0x0000000084700000| PB 0x0000000084700000| Untracked |  0
|   8|0x0000000084800000, 0x0000000084800000, 0x0000000084900000|  0%| F|  |TAMS 0x0000000084800000| PB 0x0000000084800000| Untracked |  0
|   9|0x0000000084900000, 0x0000000084900000, 0x0000000084a00000|  0%| F|  |TAMS 0x0000000084900000| PB 0x0000000084900000| Untracked |  0
|  10|0x0000000084a00000, 0x0000000084a00000, 0x0000000084b00000|  0%| F|  |TAMS 0x0000000084a00000| PB 0x0000000084a00000| Untracked |  0
|  11|0x0000000084b00000, 0x0000000084b00000, 0x0000000084c00000|  0%| F|  |TAMS 0x0000000084b00000| PB 0x0000000084b00000| Untracked |  0
|  12|0x0000000084c00000, 0x0000000084c00000, 0x0000000084d00000|  0%| F|  |TAMS 0x0000000084c00000| PB 0x0000000084c00000| Untracked |  0
|  13|0x0000000084d00000, 0x0000000084d00000, 0x0000000084e00000|  0%| F|  |TAMS 0x0000000084d00000| PB 0x0000000084d00000| Untracked |  0
|  14|0x0000000084e00000, 0x0000000084e00000, 0x0000000084f00000|  0%| F|  |TAMS 0x0000000084e00000| PB 0x0000000084e00000| Untracked |  0
|  15|0x0000000084f00000, 0x0000000084f00000, 0x0000000085000000|  0%| F|  |TAMS 0x0000000084f00000| PB 0x0000000084f00000| Untracked |  0
|  16|0x0000000085000000, 0x0000000085000000, 0x0000000085100000|  0%| F|  |TAMS 0x0000000085000000| PB 0x0000000085000000| Untracked |  0
|  17|0x0000000085100000, 0x0000000085100000, 0x0000000085200000|  0%| F|  |TAMS 0x0000000085100000| PB 0x0000000085100000| Untracked |  0
|  18|0x0000000085200000, 0x0000000085200000, 0x0000000085300000|  0%| F|  |TAMS 0x0000000085200000| PB 0x0000000085200000| Untracked |  0
|  19|0x0000000085300000, 0x0000000085300000, 0x0000000085400000|  0%| F|  |TAMS 0x0000000085300000| PB 0x0000000085300000| Untracked |  0
|  20|0x0000000085400000, 0x0000000085400000, 0x0000000085500000|  0%| F|  |TAMS 0x0000000085400000| PB 0x0000000085400000| Untracked |  0
|  21|0x0000000085500000, 0x0000000085500000, 0x0000000085600000|  0%| F|  |TAMS 0x0000000085500000| PB 0x0000000085500000| Untracked |  0
|  22|0x0000000085600000, 0x0000000085600000, 0x0000000085700000|  0%| F|  |TAMS 0x0000000085600000| PB 0x0000000085600000| Untracked |  0
|  23|0x0000000085700000, 0x0000000085700000, 0x0000000085800000|  0%| F|  |TAMS 0x0000000085700000| PB 0x0000000085700000| Untracked |  0
|  24|0x0000000085800000, 0x0000000085800000, 0x0000000085900000|  0%| F|  |TAMS 0x0000000085800000| PB 0x0000000085800000| Untracked |  0
|  25|0x0000000085900000, 0x0000000085900000, 0x0000000085a00000|  0%| F|  |TAMS 0x0000000085900000| PB 0x0000000085900000| Untracked |  0
|  26|0x0000000085a00000, 0x0000000085a00000, 0x0000000085b00000|  0%| F|  |TAMS 0x0000000085a00000| PB 0x0000000085a00000| Untracked |  0
|  27|0x0000000085b00000, 0x0000000085b00000, 0x0000000085c00000|  0%| F|  |TAMS 0x0000000085b00000| PB 0x0000000085b00000| Untracked |  0
|  28|0x0000000085c00000, 0x0000000085c00000, 0x0000000085d00000|  0%| F|  |TAMS 0x0000000085c00000| PB 0x0000000085c00000| Untracked |  0
|  29|0x0000000085d00000, 0x0000000085d00000, 0x0000000085e00000|  0%| F|  |TAMS 0x0000000085d00000| PB 0x0000000085d00000| Untracked |  0
|  30|0x0000000085e00000, 0x0000000085e00000, 0x0000000085f00000|  0%| F|  |TAMS 0x0000000085e00000| PB 0x0000000085e00000| Untracked |  0
|  31|0x0000000085f00000, 0x0000000085f00000, 0x0000000086000000|  0%| F|  |TAMS 0x0000000085f00000| PB 0x0000000085f00000| Untracked |  0
|  32|0x0000000086000000, 0x0000000086000000, 0x0000000086100000|  0%| F|  |TAMS 0x0000000086000000| PB 0x0000000086000000| Untracked |  0
|  33|0x0000000086100000, 0x0000000086100000, 0x0000000086200000|  0%| F|  |TAMS 0x0000000086100000| PB 0x0000000086100000| Untracked |  0
|  34|0x0000000086200000, 0x0000000086200000, 0x0000000086300000|  0%| F|  |TAMS 0x0000000086200000| PB 0x0000000086200000| Untracked |  0
|  35|0x0000000086300000, 0x0000000086300000, 0x0000000086400000|  0%| F|  |TAMS 0x0000000086300000| PB 0x0000000086300000| Untracked |  0
|  36|0x0000000086400000, 0x0000000086400000, 0x0000000086500000|  0%| F|  |TAMS 0x0000000086400000| PB 0x0000000086400000| Untracked |  0
|  37|0x0000000086500000, 0x0000000086500000, 0x0000000086600000|  0%| F|  |TAMS 0x0000000086500000| PB 0x0000000086500000| Untracked |  0
|  38|0x0000000086600000, 0x0000000086600000, 0x0000000086700000|  0%| F|  |TAMS 0x0000000086600000| PB 0x0000000086600000| Untracked |  0
|  39|0x0000000086700000, 0x0000000086700000, 0x0000000086800000|  0%| F|  |TAMS 0x0000000086700000| PB 0x0000000086700000| Untracked |  0
|  40|0x0000000086800000, 0x0000000086800000, 0x0000000086900000|  0%| F|  |TAMS 0x0000000086800000| PB 0x0000000086800000| Untracked |  0
|  41|0x0000000086900000, 0x0000000086900000, 0x0000000086a00000|  0%| F|  |TAMS 0x0000000086900000| PB 0x0000000086900000| Untracked |  0
|  42|0x0000000086a00000, 0x0000000086a00000, 0x0000000086b00000|  0%| F|  |TAMS 0x0000000086a00000| PB 0x0000000086a00000| Untracked |  0
|  43|0x0000000086b00000, 0x0000000086b00000, 0x0000000086c00000|  0%| F|  |TAMS 0x0000000086b00000| PB 0x0000000086b00000| Untracked |  0
|  44|0x0000000086c00000, 0x0000000086c00000, 0x0000000086d00000|  0%| F|  |TAMS 0x0000000086c00000| PB 0x0000000086c00000| Untracked |  0
|  45|0x0000000086d00000, 0x0000000086d00000, 0x0000000086e00000|  0%| F|  |TAMS 0x0000000086d00000| PB 0x0000000086d00000| Untracked |  0
|  46|0x0000000086e00000, 0x0000000086e00000, 0x0000000086f00000|  0%| F|  |TAMS 0x0000000086e00000| PB 0x0000000086e00000| Untracked |  0
|  47|0x0000000086f00000, 0x0000000086f00000, 0x0000000087000000|  0%| F|  |TAMS 0x0000000086f00000| PB 0x0000000086f00000| Untracked |  0
|  48|0x0000000087000000, 0x0000000087000000, 0x0000000087100000|  0%| F|  |TAMS 0x0000000087000000| PB 0x0000000087000000| Untracked |  0
|  49|0x0000000087100000, 0x0000000087100000, 0x0000000087200000|  0%| F|  |TAMS 0x0000000087100000| PB 0x0000000087100000| Untracked |  0
|  50|0x0000000087200000, 0x0000000087200000, 0x0000000087300000|  0%| F|  |TAMS 0x0000000087200000| PB 0x0000000087200000| Untracked |  0
|  51|0x0000000087300000, 0x0000000087300000, 0x0000000087400000|  0%| F|  |TAMS 0x0000000087300000| PB 0x0000000087300000| Untracked |  0
|  52|0x0000000087400000, 0x0000000087400000, 0x0000000087500000|  0%| F|  |TAMS 0x0000000087400000| PB 0x0000000087400000| Untracked |  0
|  53|0x0000000087500000, 0x0000000087500000, 0x0000000087600000|  0%| F|  |TAMS 0x0000000087500000| PB 0x0000000087500000| Untracked |  0
|  54|0x0000000087600000, 0x0000000087600000, 0x0000000087700000|  0%| F|  |TAMS 0x0000000087600000| PB 0x0000000087600000| Untracked |  0
|  55|0x0000000087700000, 0x0000000087700000, 0x0000000087800000|  0%| F|  |TAMS 0x0000000087700000| PB 0x0000000087700000| Untracked |  0
|  56|0x0000000087800000, 0x0000000087800000, 0x0000000087900000|  0%| F|  |TAMS 0x0000000087800000| PB 0x0000000087800000| Untracked |  0
|  57|0x0000000087900000, 0x0000000087900000, 0x0000000087a00000|  0%| F|  |TAMS 0x0000000087900000| PB 0x0000000087900000| Untracked |  0
|  58|0x0000000087a00000, 0x0000000087a00000, 0x0000000087b00000|  0%| F|  |TAMS 0x0000000087a00000| PB 0x0000000087a00000| Untracked |  0
|  59|0x0000000087b00000, 0x0000000087b00000, 0x0000000087c00000|  0%| F|  |TAMS 0x0000000087b00000| PB 0x0000000087b00000| Untracked |  0
|  60|0x0000000087c00000, 0x0000000087c00000, 0x0000000087d00000|  0%| F|  |TAMS 0x0000000087c00000| PB 0x0000000087c00000| Untracked |  0
|  61|0x0000000087d00000, 0x0000000087d00000, 0x0000000087e00000|  0%| F|  |TAMS 0x0000000087d00000| PB 0x0000000087d00000| Untracked |  0
|  62|0x0000000087e00000, 0x0000000087e00000, 0x0000000087f00000|  0%| F|  |TAMS 0x0000000087e00000| PB 0x0000000087e00000| Untracked |  0
|  63|0x0000000087f00000, 0x0000000087f00000, 0x0000000088000000|  0%| F|  |TAMS 0x0000000087f00000| PB 0x0000000087f00000| Untracked |  0
|  64|0x0000000088000000, 0x0000000088000000, 0x0000000088100000|  0%| F|  |TAMS 0x0000000088000000| PB 0x0000000088000000| Untracked |  0
|  65|0x0000000088100000, 0x0000000088100000, 0x0000000088200000|  0%| F|  |TAMS 0x0000000088100000| PB 0x0000000088100000| Untracked |  0
|  66|0x0000000088200000, 0x0000000088200000, 0x0000000088300000|  0%| F|  |TAMS 0x0000000088200000| PB 0x0000000088200000| Untracked |  0
|  67|0x0000000088300000, 0x0000000088300000, 0x0000000088400000|  0%| F|  |TAMS 0x0000000088300000| PB 0x0000000088300000| Untracked |  0
|  68|0x0000000088400000, 0x0000000088400000, 0x0000000088500000|  0%| F|  |TAMS 0x0000000088400000| PB 0x0000000088400000| Untracked |  0
|  69|0x0000000088500000, 0x0000000088500000, 0x0000000088600000|  0%| F|  |TAMS 0x0000000088500000| PB 0x0000000088500000| Untracked |  0
|  70|0x0000000088600000, 0x0000000088600000, 0x0000000088700000|  0%| F|  |TAMS 0x0000000088600000| PB 0x0000000088600000| Untracked |  0
|  71|0x0000000088700000, 0x0000000088700000, 0x0000000088800000|  0%| F|  |TAMS 0x0000000088700000| PB 0x0000000088700000| Untracked |  0
|  72|0x0000000088800000, 0x0000000088800000, 0x0000000088900000|  0%| F|  |TAMS 0x0000000088800000| PB 0x0000000088800000| Untracked |  0
|  73|0x0000000088900000, 0x0000000088900000, 0x0000000088a00000|  0%| F|  |TAMS 0x0000000088900000| PB 0x0000000088900000| Untracked |  0
|  74|0x0000000088a00000, 0x0000000088a00000, 0x0000000088b00000|  0%| F|  |TAMS 0x0000000088a00000| PB 0x0000000088a00000| Untracked |  0
|  75|0x0000000088b00000, 0x0000000088b00000, 0x0000000088c00000|  0%| F|  |TAMS 0x0000000088b00000| PB 0x0000000088b00000| Untracked |  0
|  76|0x0000000088c00000, 0x0000000088c00000, 0x0000000088d00000|  0%| F|  |TAMS 0x0000000088c00000| PB 0x0000000088c00000| Untracked |  0
|  77|0x0000000088d00000, 0x0000000088d00000, 0x0000000088e00000|  0%| F|  |TAMS 0x0000000088d00000| PB 0x0000000088d00000| Untracked |  0
|  78|0x0000000088e00000, 0x0000000088e00000, 0x0000000088f00000|  0%| F|  |TAMS 0x0000000088e00000| PB 0x0000000088e00000| Untracked |  0
|  79|0x0000000088f00000, 0x0000000088f00000, 0x0000000089000000|  0%| F|  |TAMS 0x0000000088f00000| PB 0x0000000088f00000| Untracked |  0
|  80|0x0000000089000000, 0x0000000089000000, 0x0000000089100000|  0%| F|  |TAMS 0x0000000089000000| PB 0x0000000089000000| Untracked |  0
|  81|0x0000000089100000, 0x0000000089100000, 0x0000000089200000|  0%| F|  |TAMS 0x0000000089100000| PB 0x0000000089100000| Untracked |  0
|  82|0x0000000089200000, 0x0000000089200000, 0x0000000089300000|  0%| F|  |TAMS 0x0000000089200000| PB 0x0000000089200000| Untracked |  0
|  83|0x0000000089300000, 0x0000000089300000, 0x0000000089400000|  0%| F|  |TAMS 0x0000000089300000| PB 0x0000000089300000| Untracked |  0
|  84|0x0000000089400000, 0x0000000089400000, 0x0000000089500000|  0%| F|  |TAMS 0x0000000089400000| PB 0x0000000089400000| Untracked |  0
|  85|0x0000000089500000, 0x0000000089500000, 0x0000000089600000|  0%| F|  |TAMS 0x0000000089500000| PB 0x0000000089500000| Untracked |  0
|  86|0x0000000089600000, 0x0000000089600000, 0x0000000089700000|  0%| F|  |TAMS 0x0000000089600000| PB 0x0000000089600000| Untracked |  0
|  87|0x0000000089700000, 0x0000000089700000, 0x0000000089800000|  0%| F|  |TAMS 0x0000000089700000| PB 0x0000000089700000| Untracked |  0
|  88|0x0000000089800000, 0x0000000089800000, 0x0000000089900000|  0%| F|  |TAMS 0x0000000089800000| PB 0x0000000089800000| Untracked |  0
|  89|0x0000000089900000, 0x0000000089900000, 0x0000000089a00000|  0%| F|  |TAMS 0x0000000089900000| PB 0x0000000089900000| Untracked |  0
|  90|0x0000000089a00000, 0x0000000089a00000, 0x0000000089b00000|  0%| F|  |TAMS 0x0000000089a00000| PB 0x0000000089a00000| Untracked |  0
|  91|0x0000000089b00000, 0x0000000089b00000, 0x0000000089c00000|  0%| F|  |TAMS 0x0000000089b00000| PB 0x0000000089b00000| Untracked |  0
|  92|0x0000000089c00000, 0x0000000089c00000, 0x0000000089d00000|  0%| F|  |TAMS 0x0000000089c00000| PB 0x0000000089c00000| Untracked |  0
|  93|0x0000000089d00000, 0x0000000089d00000, 0x0000000089e00000|  0%| F|  |TAMS 0x0000000089d00000| PB 0x0000000089d00000| Untracked |  0
|  94|0x0000000089e00000, 0x0000000089e00000, 0x0000000089f00000|  0%| F|  |TAMS 0x0000000089e00000| PB 0x0000000089e00000| Untracked |  0
|  95|0x0000000089f00000, 0x0000000089f00000, 0x000000008a000000|  0%| F|  |TAMS 0x0000000089f00000| PB 0x0000000089f00000| Untracked |  0
|  96|0x000000008a000000, 0x000000008a000000, 0x000000008a100000|  0%| F|  |TAMS 0x000000008a000000| PB 0x000000008a000000| Untracked |  0
|  97|0x000000008a100000, 0x000000008a100000, 0x000000008a200000|  0%| F|  |TAMS 0x000000008a100000| PB 0x000000008a100000| Untracked |  0
|  98|0x000000008a200000, 0x000000008a200000, 0x000000008a300000|  0%| F|  |TAMS 0x000000008a200000| PB 0x000000008a200000| Untracked |  0
|  99|0x000000008a300000, 0x000000008a300000, 0x000000008a400000|  0%| F|  |TAMS 0x000000008a300000| PB 0x000000008a300000| Untracked |  0
| 100|0x000000008a400000, 0x000000008a400000, 0x000000008a500000|  0%| F|  |TAMS 0x000000008a400000| PB 0x000000008a400000| Untracked |  0
| 101|0x000000008a500000, 0x000000008a500000, 0x000000008a600000|  0%| F|  |TAMS 0x000000008a500000| PB 0x000000008a500000| Untracked |  0
| 102|0x000000008a600000, 0x000000008a600000, 0x000000008a700000|  0%| F|  |TAMS 0x000000008a600000| PB 0x000000008a600000| Untracked |  0
| 103|0x000000008a700000, 0x000000008a700000, 0x000000008a800000|  0%| F|  |TAMS 0x000000008a700000| PB 0x000000008a700000| Untracked |  0
| 104|0x000000008a800000, 0x000000008a800000, 0x000000008a900000|  0%| F|  |TAMS 0x000000008a800000| PB 0x000000008a800000| Untracked |  0
| 105|0x000000008a900000, 0x000000008a900000, 0x000000008aa00000|  0%| F|  |TAMS 0x000000008a900000| PB 0x000000008a900000| Untracked |  0
| 106|0x000000008aa00000, 0x000000008aa00000, 0x000000008ab00000|  0%| F|  |TAMS 0x000000008aa00000| PB 0x000000008aa00000| Untracked |  0
| 107|0x000000008ab00000, 0x000000008ab5adc8, 0x000000008ac00000| 35%| S|CS|TAMS 0x000000008ab00000| PB 0x000000008ab00000| Complete |  0
| 108|0x000000008ac00000, 0x000000008ac00000, 0x000000008ad00000|  0%| F|  |TAMS 0x000000008ac00000| PB 0x000000008ac00000| Untracked |  0
| 109|0x000000008ad00000, 0x000000008ad00000, 0x000000008ae00000|  0%| F|  |TAMS 0x000000008ad00000| PB 0x000000008ad00000| Untracked |  0
| 110|0x000000008ae00000, 0x000000008af00000, 0x000000008af00000|100%| S|CS|TAMS 0x000000008ae00000| PB 0x000000008ae00000| Complete |  0
| 111|0x000000008af00000, 0x000000008af00000, 0x000000008b000000|  0%| F|  |TAMS 0x000000008af00000| PB 0x000000008af00000| Untracked |  0
| 112|0x000000008b000000, 0x000000008b000000, 0x000000008b100000|  0%| F|  |TAMS 0x000000008b000000| PB 0x000000008b000000| Untracked |  0
| 113|0x000000008b100000, 0x000000008b100000, 0x000000008b200000|  0%| F|  |TAMS 0x000000008b100000| PB 0x000000008b100000| Untracked |  0
| 114|0x000000008b200000, 0x000000008b200000, 0x000000008b300000|  0%| F|  |TAMS 0x000000008b200000| PB 0x000000008b200000| Untracked |  0
| 115|0x000000008b300000, 0x000000008b300000, 0x000000008b400000|  0%| F|  |TAMS 0x000000008b300000| PB 0x000000008b300000| Untracked |  0
| 116|0x000000008b400000, 0x000000008b400000, 0x000000008b500000|  0%| F|  |TAMS 0x000000008b400000| PB 0x000000008b400000| Untracked |  0
| 117|0x000000008b500000, 0x000000008b505c28, 0x000000008b600000|  2%| E|  |TAMS 0x000000008b500000| PB 0x000000008b500000| Complete |  0
| 118|0x000000008b600000, 0x000000008b700000, 0x000000008b700000|100%| E|CS|TAMS 0x000000008b600000| PB 0x000000008b600000| Complete |  0
| 119|0x000000008b700000, 0x000000008b800000, 0x000000008b800000|100%| E|CS|TAMS 0x000000008b700000| PB 0x000000008b700000| Complete |  0
| 120|0x000000008b800000, 0x000000008b900000, 0x000000008b900000|100%| E|  |TAMS 0x000000008b800000| PB 0x000000008b800000| Complete |  0
| 121|0x000000008b900000, 0x000000008ba00000, 0x000000008ba00000|100%| E|CS|TAMS 0x000000008b900000| PB 0x000000008b900000| Complete |  0
| 122|0x000000008ba00000, 0x000000008bb00000, 0x000000008bb00000|100%| E|CS|TAMS 0x000000008ba00000| PB 0x000000008ba00000| Complete |  0
| 123|0x000000008bb00000, 0x000000008bc00000, 0x000000008bc00000|100%| E|CS|TAMS 0x000000008bb00000| PB 0x000000008bb00000| Complete |  0

Card table byte_map: [0x0000026143ab0000,0x0000026143e90000] _byte_map_base: 0x0000026143690000

Marking Bits: (CMBitMap*) 0x000002612c00ab90
 Bits: [0x0000026143e90000, 0x0000026145d90000)

Polling page: 0x000002612b730000

Metaspace:

Usage:
  Non-class:     12.69 MB used.
      Class:      1.53 MB used.
       Both:     14.22 MB used.

Virtual space:
  Non-class space:       64.00 MB reserved,      12.81 MB ( 20%) committed,  1 nodes.
      Class space:        1.00 GB reserved,       1.62 MB ( <1%) committed,  1 nodes.
             Both:        1.06 GB reserved,      14.44 MB (  1%) committed. 

Chunk freelists:
   Non-Class:  2.58 MB
       Class:  14.19 MB
        Both:  16.77 MB

MaxMetaspaceSize: unlimited
CompressedClassSpaceSize: 1.00 GB
Initial GC threshold: 21.00 MB
Current GC threshold: 21.00 MB
CDS: on
 - commit_granule_bytes: 65536.
 - commit_granule_words: 8192.
 - virtual_space_node_default_size: 8388608.
 - enlarge_chunks_in_place: 1.
 - use_allocation_guard: 0.


Internal statistics:

num_allocs_failed_limit: 0.
num_arena_births: 254.
num_arena_deaths: 0.
num_vsnodes_births: 2.
num_vsnodes_deaths: 0.
num_space_committed: 231.
num_space_uncommitted: 0.
num_chunks_returned_to_freelist: 0.
num_chunks_taken_from_freelist: 483.
num_chunk_merges: 0.
num_chunk_splits: 264.
num_chunks_enlarged: 112.
num_inconsistent_stats: 0.

CodeHeap 'non-profiled nmethods': size=120064Kb used=560Kb max_used=560Kb free=119503Kb
 bounds [0x000002613c190000, 0x000002613c400000, 0x00000261436d0000]
CodeHeap 'profiled nmethods': size=120000Kb used=2325Kb max_used=2325Kb free=117674Kb
 bounds [0x00000261346d0000, 0x0000026134940000, 0x000002613bc00000]
CodeHeap 'non-nmethods': size=5696Kb used=1600Kb max_used=1616Kb free=4095Kb
 bounds [0x000002613bc00000, 0x000002613be70000, 0x000002613c190000]
CodeCache: size=245760Kb, used=4485Kb, max_used=4501Kb, free=241272Kb
 total_blobs=2309, nmethods=1744, adapters=470, full_count=0
Compilation: enabled, stopped_count=0, restarted_count=0

Compilation events (20 events):
Event: 1.093 Thread 0x00000261483f8050 1736       3       java.security.Provider::checkInitialized (16 bytes)
Event: 1.093 Thread 0x00000261483f8050 nmethod 1736 0x0000026134911108 code [0x0000026134911240, 0x0000026134911458]
Event: 1.094 Thread 0x00000261483f8050 1737       3       java.security.Provider$Service::<init> (200 bytes)
Event: 1.095 Thread 0x00000261481923d0 1740 % !   4       java.util.concurrent.ConcurrentHashMap::transfer @ 96 (849 bytes)
Event: 1.095 Thread 0x0000026148901d00 1741       4       java.lang.StringLatin1::toUpperCase (219 bytes)
Event: 1.096 Thread 0x00000261483f8050 nmethod 1737 0x0000026134911488 code [0x0000026134911780, 0x00000261349130d0]
Event: 1.096 Thread 0x00000261483f8050 1739       3       java.util.Collections$EmptyList::iterator (4 bytes)
Event: 1.096 Thread 0x00000261483f8050 nmethod 1739 0x0000026134913188 code [0x00000261349132a0, 0x0000026134913410]
Event: 1.096 Thread 0x00000261483f8050 1738       3       java.security.Provider::getEngineName (49 bytes)
Event: 1.096 Thread 0x00000261483f8050 nmethod 1738 0x0000026134913488 code [0x0000026134913620, 0x0000026134913e18]
Event: 1.097 Thread 0x00000261483f8050 1742       3       java.util.ImmutableCollections$List12::<init> (21 bytes)
Event: 1.097 Thread 0x00000261483f8050 nmethod 1742 0x0000026134913e88 code [0x0000026134914000, 0x00000261349145e0]
Event: 1.098 Thread 0x00000261483f8050 1743       3       java.lang.StringBuilder::append (10 bytes)
Event: 1.098 Thread 0x00000261483f8050 nmethod 1743 0x0000026134914688 code [0x00000261349147a0, 0x00000261349148f0]
Event: 1.100 Thread 0x00000261483f8050 1745       3       jdk.internal.misc.CarrierThreadLocal::get (10 bytes)
Event: 1.100 Thread 0x00000261483f8050 nmethod 1745 0x0000026134914988 code [0x0000026134914ac0, 0x0000026134914d80]
Event: 1.100 Thread 0x00000261483f8050 1746       3       java.lang.System$2::getCarrierThreadLocal (5 bytes)
Event: 1.100 Thread 0x00000261483f8050 nmethod 1746 0x0000026134914e08 code [0x0000026134914f40, 0x0000026134915198]
Event: 1.100 Thread 0x00000261483f8050 1747       3       java.lang.ThreadLocal::getCarrierThreadLocal (29 bytes)
Event: 1.100 Thread 0x00000261483f8050 nmethod 1747 0x0000026134915208 code [0x0000026134915320, 0x0000026134915488]

GC Heap History (4 events):
Event: 0.536 GC heap before
{Heap before GC invocations=0 (full 0):
 garbage-first heap   total reserved 2031616K, committed 126976K, used 14336K [0x0000000084000000, 0x0000000100000000)
  region size 1024K, 14 young (14336K), 0 survivors (0K)
 Metaspace       used 7679K, committed 7872K, reserved 1114112K
  class space    used 814K, committed 896K, reserved 1048576K
}
Event: 0.542 GC heap after
{Heap after GC invocations=1 (full 0):
 garbage-first heap   total reserved 2031616K, committed 126976K, used 4192K [0x0000000084000000, 0x0000000100000000)
  region size 1024K, 2 young (2048K), 2 survivors (2048K)
 Metaspace       used 7679K, committed 7872K, reserved 1114112K
  class space    used 814K, committed 896K, reserved 1048576K
}
Event: 0.905 GC heap before
{Heap before GC invocations=1 (full 0):
 garbage-first heap   total reserved 2031616K, committed 126976K, used 16480K [0x0000000084000000, 0x0000000100000000)
  region size 1024K, 15 young (15360K), 2 survivors (2048K)
 Metaspace       used 12413K, committed 12672K, reserved 1114112K
  class space    used 1355K, committed 1472K, reserved 1048576K
}
Event: 0.912 GC heap after
{Heap after GC invocations=2 (full 0):
 garbage-first heap   total reserved 2031616K, committed 126976K, used 5694K [0x0000000084000000, 0x0000000100000000)
  region size 1024K, 2 young (2048K), 2 survivors (2048K)
 Metaspace       used 12413K, committed 12672K, reserved 1114112K
  class space    used 1355K, committed 1472K, reserved 1048576K
}

Dll operation events (12 events):
Event: 0.037 Loaded shared library C:\Users\User\.jdks\openjdk-23\bin\java.dll
Event: 0.041 Loaded shared library C:\Users\User\.jdks\openjdk-23\bin\zip.dll
Event: 0.091 Loaded shared library C:\Users\User\.jdks\openjdk-23\bin\jsvml.dll
Event: 0.165 Loaded shared library C:\Users\User\.jdks\openjdk-23\bin\instrument.dll
Event: 0.170 Loaded shared library C:\Users\User\.jdks\openjdk-23\bin\net.dll
Event: 0.174 Loaded shared library C:\Users\User\.jdks\openjdk-23\bin\nio.dll
Event: 0.187 Loaded shared library C:\Users\User\.jdks\openjdk-23\bin\zip.dll
Event: 0.238 Loaded shared library C:\Users\User\.jdks\openjdk-23\bin\extnet.dll
Event: 0.274 Loaded shared library C:\Users\User\.jdks\openjdk-23\bin\jimage.dll
Event: 0.286 Loaded shared library C:\Users\User\.jdks\openjdk-23\bin\verify.dll
Event: 0.362 Loaded shared library C:\Users\User\.jdks\openjdk-23\bin\management.dll
Event: 0.379 Loaded shared library C:\Users\User\.jdks\openjdk-23\bin\management_ext.dll

Deoptimization events (20 events):
Event: 1.004 Thread 0x0000026129d52380 Uncommon trap: trap_request=0xffffff45 fr.pc=0x000002613c1e9274 relative=0x0000000000000254
Event: 1.005 Thread 0x0000026129d52380 Uncommon trap: reason=unstable_if action=reinterpret pc=0x000002613c1e9274 method=java.lang.StringLatin1.compareToCI([B[B)I @ 68 c2
Event: 1.005 Thread 0x0000026129d52380 DEOPT PACKING pc=0x000002613c1e9274 sp=0x00000082ef5fc070
Event: 1.005 Thread 0x0000026129d52380 DEOPT UNPACKING pc=0x000002613bc57982 sp=0x00000082ef5fbfe8 mode 2
Event: 1.048 Thread 0x0000026129d52380 Uncommon trap: trap_request=0xffffffde fr.pc=0x000002613c1f2ebc relative=0x0000000000000d3c
Event: 1.048 Thread 0x0000026129d52380 Uncommon trap: reason=class_check action=maybe_recompile pc=0x000002613c1f2ebc method=java.util.HashMap.putVal(ILjava/lang/Object;Ljava/lang/Object;ZZ)Ljava/lang/Object; @ 203 c2
Event: 1.048 Thread 0x0000026129d52380 DEOPT PACKING pc=0x000002613c1f2ebc sp=0x00000082ef5fce60
Event: 1.048 Thread 0x0000026129d52380 DEOPT UNPACKING pc=0x000002613bc57982 sp=0x00000082ef5fcda8 mode 2
Event: 1.049 Thread 0x0000026129d52380 Uncommon trap: trap_request=0xffffffde fr.pc=0x000002613c1f2ebc relative=0x0000000000000d3c
Event: 1.049 Thread 0x0000026129d52380 Uncommon trap: reason=class_check action=maybe_recompile pc=0x000002613c1f2ebc method=java.util.HashMap.putVal(ILjava/lang/Object;Ljava/lang/Object;ZZ)Ljava/lang/Object; @ 203 c2
Event: 1.049 Thread 0x0000026129d52380 DEOPT PACKING pc=0x000002613c1f2ebc sp=0x00000082ef5fce60
Event: 1.049 Thread 0x0000026129d52380 DEOPT UNPACKING pc=0x000002613bc57982 sp=0x00000082ef5fcda8 mode 2
Event: 1.049 Thread 0x0000026129d52380 Uncommon trap: trap_request=0xffffffde fr.pc=0x000002613c1f2ebc relative=0x0000000000000d3c
Event: 1.049 Thread 0x0000026129d52380 Uncommon trap: reason=class_check action=maybe_recompile pc=0x000002613c1f2ebc method=java.util.HashMap.putVal(ILjava/lang/Object;Ljava/lang/Object;ZZ)Ljava/lang/Object; @ 203 c2
Event: 1.049 Thread 0x0000026129d52380 DEOPT PACKING pc=0x000002613c1f2ebc sp=0x00000082ef5fce60
Event: 1.049 Thread 0x0000026129d52380 DEOPT UNPACKING pc=0x000002613bc57982 sp=0x00000082ef5fcda8 mode 2
Event: 1.081 Thread 0x0000026129d52380 Uncommon trap: trap_request=0xffffff45 fr.pc=0x000002613c1fb03c relative=0x00000000000000bc
Event: 1.081 Thread 0x0000026129d52380 Uncommon trap: reason=unstable_if action=reinterpret pc=0x000002613c1fb03c method=java.lang.ref.SoftReference.get()Ljava/lang/Object; @ 6 c2
Event: 1.081 Thread 0x0000026129d52380 DEOPT PACKING pc=0x000002613c1fb03c sp=0x00000082ef5fc280
Event: 1.081 Thread 0x0000026129d52380 DEOPT UNPACKING pc=0x000002613bc57982 sp=0x00000082ef5fc238 mode 2

Classes loaded (20 events):
Event: 1.098 Loading class java/nio/file/AccessMode done
Event: 1.098 Loading class sun/nio/fs/WindowsFileSystemProvider$1
Event: 1.098 Loading class sun/nio/fs/WindowsFileSystemProvider$1 done
Event: 1.098 Loading class sun/nio/fs/WindowsException
Event: 1.098 Loading class sun/nio/fs/WindowsException done
Event: 1.099 Loading class sun/nio/fs/Globs
Event: 1.099 Loading class sun/nio/fs/Globs done
Event: 1.099 Loading class java/util/regex/Pattern$SliceU
Event: 1.099 Loading class java/util/regex/Pattern$SliceU done
Event: 1.099 Loading class sun/nio/fs/WindowsFileSystem$2
Event: 1.099 Loading class java/nio/file/PathMatcher
Event: 1.099 Loading class java/nio/file/PathMatcher done
Event: 1.099 Loading class sun/nio/fs/WindowsFileSystem$2 done
Event: 1.099 Loading class java/nio/file/Files$1
Event: 1.099 Loading class java/nio/file/Files$1 done
Event: 1.100 Loading class javax/crypto/CryptoPermissions
Event: 1.101 Loading class javax/crypto/CryptoPermissions done
Event: 1.101 Loading class javax/crypto/CryptoPolicyParser
Event: 1.101 Loading class javax/crypto/CryptoPolicyParser done
Event: 1.101 Loading class java/io/StreamTokenizer

Classes unloaded (0 events):
No events

Classes redefined (1 events):
Event: 0.260 Thread 0x0000026148170fa0 redefined class name=java.lang.Throwable, count=1

Internal exceptions (20 events):
Event: 0.484 Thread 0x0000026148190180 Exception <a 'java/lang/NoSuchMethodError'{0x000000008b1cf0b8}: 'int java.lang.invoke.DirectMethodHandle$Holder.invokeSpecial(java.lang.Object, java.lang.Object, java.lang.Object)'> (0x000000008b1cf0b8) 
thrown [s\open\src\hotspot\share\interpreter\linkResolver.cpp, line 796]
Event: 0.488 Thread 0x0000026129d52380 Exception <a 'java/lang/NoSuchMethodError'{0x000000008b0f7fc0}: 'java.lang.Object java.lang.invoke.DirectMethodHandle$Holder.invokeInterface(java.lang.Object, java.lang.Object)'> (0x000000008b0f7fc0) 
thrown [s\open\src\hotspot\share\interpreter\linkResolver.cpp, line 796]
Event: 0.489 Thread 0x0000026129d52380 Exception <a 'java/lang/IncompatibleClassChangeError'{0x000000008b0fb520}: Found class java.lang.Object, but interface was expected> (0x000000008b0fb520) 
thrown [s\open\src\hotspot\share\interpreter\linkResolver.cpp, line 863]
Event: 0.549 Thread 0x0000026148190180 Exception <a 'java/lang/NoSuchMethodError'{0x000000008bb99530}: 'java.lang.Object java.lang.invoke.DirectMethodHandle$Holder.invokeStaticInit(java.lang.Object, java.lang.Object, java.lang.Object)'> (0x000000008bb99530) 
thrown [s\open\src\hotspot\share\interpreter\linkResolver.cpp, line 796]
Event: 0.566 Thread 0x0000026129d52380 Exception <a 'java/lang/NoSuchMethodError'{0x000000008bacc9d0}: 'long java.lang.invoke.DirectMethodHandle$Holder.invokeSpecial(java.lang.Object, java.lang.Object)'> (0x000000008bacc9d0) 
thrown [s\open\src\hotspot\share\interpreter\linkResolver.cpp, line 796]
Event: 0.567 Thread 0x0000026129d52380 Exception <a 'java/lang/NoSuchMethodError'{0x000000008bacfe30}: 'long java.lang.invoke.Invokers$Holder.invokeExact_MT(java.lang.Object, java.lang.Object)'> (0x000000008bacfe30) 
thrown [s\open\src\hotspot\share\interpreter\linkResolver.cpp, line 796]
Event: 0.717 Thread 0x0000026148190180 Exception <a 'java/lang/NoSuchMethodError'{0x000000008b5b58e8}: 'java.lang.Object java.lang.invoke.DirectMethodHandle$Holder.invokeStaticInit(java.lang.Object, int, int, int, int)'> (0x000000008b5b58e8) 
thrown [s\open\src\hotspot\share\interpreter\linkResolver.cpp, line 796]
Event: 0.764 Thread 0x0000026148190180 Exception <a 'java/lang/NoSuchMethodError'{0x000000008b4d3620}: 'java.lang.Object java.lang.invoke.DirectMethodHandle$Holder.invokeStaticInit(java.lang.Object, java.lang.Object, int, int, int, int)'> (0x000000008b4d3620) 
thrown [s\open\src\hotspot\share\interpreter\linkResolver.cpp, line 796]
Event: 0.785 Thread 0x0000026148190180 Exception <a 'java/lang/ClassNotFoundException'{0x000000008b30c830}: javax/management/remote/rmi/RMIServerImpl_Skel> (0x000000008b30c830) 
thrown [s\open\src\hotspot\share\classfile\systemDictionary.cpp, line 313]
Event: 0.822 Thread 0x0000026129d52380 Exception <a 'java/lang/NoSuchMethodError'{0x000000008b2346a8}: 'java.lang.Object java.lang.invoke.DirectMethodHandle$Holder.invokeVirtual(java.lang.Object, java.lang.Object, java.lang.Object)'> (0x000000008b2346a8) 
thrown [s\open\src\hotspot\share\interpreter\linkResolver.cpp, line 796]
Event: 0.846 Thread 0x000002618e7dcd30 Exception <a 'java/lang/NoSuchMethodError'{0x000000008b1acb70}: static [B.<clinit>()V> (0x000000008b1acb70) 
thrown [s\open\src\hotspot\share\prims\jni.cpp, line 1111]
Event: 0.848 Thread 0x000002618e7dcd30 Exception <a 'java/lang/NoSuchMethodError'{0x000000008b1b1790}: 'java.lang.Object java.lang.invoke.DirectMethodHandle$Holder.invokeInterface(java.lang.Object, java.lang.Object, java.lang.Object)'> (0x000000008b1b1790) 
thrown [s\open\src\hotspot\share\interpreter\linkResolver.cpp, line 796]
Event: 0.862 Thread 0x000002618e7dcd30 Exception <a 'java/lang/ClassNotFoundException'{0x000000008b063910}: javax/management/remote/rmi/RMIConnectionImpl_Skel> (0x000000008b063910) 
thrown [s\open\src\hotspot\share\classfile\systemDictionary.cpp, line 313]
Event: 0.883 Thread 0x000002618e7dcd30 Exception <a 'java/lang/NoSuchMethodError'{0x000000008af13790}: 'int java.lang.invoke.DelegatingMethodHandle$Holder.reinvoke_L(java.lang.Object, java.lang.Object, java.lang.Object, java.lang.Object, java.lang.Object)'> (0x000000008af13790) 
thrown [s\open\src\hotspot\share\interpreter\linkResolver.cpp, line 796]
Event: 0.896 Thread 0x000002618e7e0840 Exception <a 'java/lang/NoSuchMethodError'{0x000000008af795b8}: 'java.lang.Object java.lang.invoke.Invokers$Holder.linkToTargetMethod(java.lang.Object, long, java.lang.Object)'> (0x000000008af795b8) 
thrown [s\open\src\hotspot\share\interpreter\linkResolver.cpp, line 796]
Event: 0.899 Thread 0x000002618e7dcd30 Exception <a 'java/lang/NoSuchMethodError'{0x000000008af30b90}: 'java.lang.Object java.lang.invoke.DirectMethodHandle$Holder.invokeInterface(java.lang.Object, java.lang.Object, java.lang.Object, java.lang.Object, java.lang.Object)'> (0x000000008af30b90) 
thrown [s\open\src\hotspot\share\interpreter\linkResolver.cpp, line 796]
Event: 0.904 Thread 0x000002618e7dcd30 Exception <a 'java/lang/NoSuchMethodError'{0x000000008aff9990}: 'double java.lang.invoke.DirectMethodHandle$Holder.invokeInterface(java.lang.Object, java.lang.Object)'> (0x000000008aff9990) 
thrown [s\open\src\hotspot\share\interpreter\linkResolver.cpp, line 796]
Event: 0.914 Thread 0x000002618e7dcd30 Exception <a 'java/lang/NoSuchMethodError'{0x000000008bb01870}: 'double java.lang.invoke.DelegatingMethodHandle$Holder.reinvoke_L(java.lang.Object, java.lang.Object)'> (0x000000008bb01870) 
thrown [s\open\src\hotspot\share\interpreter\linkResolver.cpp, line 796]
Event: 0.997 Thread 0x0000026129d52380 Exception <a 'java/lang/NoSuchMethodError'{0x000000008b8428b8}: 'void java.lang.invoke.DirectMethodHandle$Holder.invokeStaticInit(java.lang.Object, java.lang.Object)'> (0x000000008b8428b8) 
thrown [s\open\src\hotspot\share\interpreter\linkResolver.cpp, line 796]
Event: 1.099 Thread 0x0000026129d52380 Exception <a 'sun/nio/fs/WindowsException'{0x000000008b6f4aa0}> (0x000000008b6f4aa0) 
thrown [s\open\src\hotspot\share\prims\jni.cpp, line 520]

VM Operations (20 events):
Event: 0.675 Executing VM operation: HandshakeAllThreads (Deoptimize)
Event: 0.676 Executing VM operation: HandshakeAllThreads (Deoptimize) done
Event: 0.688 Executing VM operation: HandshakeAllThreads (Deoptimize)
Event: 0.688 Executing VM operation: HandshakeAllThreads (Deoptimize) done
Event: 0.697 Executing VM operation: HandshakeAllThreads (Deoptimize)
Event: 0.697 Executing VM operation: HandshakeAllThreads (Deoptimize) done
Event: 0.698 Executing VM operation: HandshakeAllThreads (Deoptimize)
Event: 0.698 Executing VM operation: HandshakeAllThreads (Deoptimize) done
Event: 0.814 Executing VM operation: HandshakeAllThreads (Deoptimize)
Event: 0.814 Executing VM operation: HandshakeAllThreads (Deoptimize) done
Event: 0.861 Executing VM operation: HandshakeAllThreads (Deoptimize)
Event: 0.861 Executing VM operation: HandshakeAllThreads (Deoptimize) done
Event: 0.905 Executing VM operation: G1CollectForAllocation (G1 Evacuation Pause)
Event: 0.913 Executing VM operation: G1CollectForAllocation (G1 Evacuation Pause) done
Event: 1.011 Executing VM operation: HandshakeAllThreads (Deoptimize)
Event: 1.011 Executing VM operation: HandshakeAllThreads (Deoptimize) done
Event: 1.068 Executing VM operation: HandshakeAllThreads (Deoptimize)
Event: 1.068 Executing VM operation: HandshakeAllThreads (Deoptimize) done
Event: 1.099 Executing VM operation: HandshakeAllThreads (Deoptimize)
Event: 1.099 Executing VM operation: HandshakeAllThreads (Deoptimize) done

Memory protections (0 events):
No events

Nmethod flushes (0 events):
No events

Events (18 events):
Event: 0.059 Thread 0x0000026129d52380 Thread added: 0x0000026129d52380
Event: 0.084 Thread 0x0000026129d52380 Thread added: 0x000002614818c770
Event: 0.084 Thread 0x0000026129d52380 Thread added: 0x000002614818d490
Event: 0.084 Thread 0x0000026129d52380 Thread added: 0x000002614818e1b0
Event: 0.084 Thread 0x0000026129d52380 Thread added: 0x0000026148190180
Event: 0.084 Thread 0x0000026129d52380 Thread added: 0x0000026148190be0
Event: 0.084 Thread 0x0000026129d52380 Thread added: 0x0000026148191640
Event: 0.085 Thread 0x0000026129d52380 Thread added: 0x00000261481923d0
Event: 0.087 Thread 0x0000026129d52380 Thread added: 0x00000261483f8050
Event: 0.137 Thread 0x0000026129d52380 Thread added: 0x00000261484ae0a0
Event: 0.201 Thread 0x0000026129d52380 Thread added: 0x00000261486b81e0
Event: 0.268 Thread 0x0000026129d52380 Thread added: 0x00000261487b9c90
Event: 0.320 Thread 0x00000261483f8050 Thread added: 0x0000026148901d00
Event: 0.674 Thread 0x0000026129d52380 Thread added: 0x000002618e9c5150
Event: 0.796 Thread 0x0000026148190180 Thread added: 0x000002618e4a4260
Event: 0.810 Thread 0x000002618e4a4260 Thread added: 0x000002618e7dcd30
Event: 0.844 Thread 0x000002618e7dcd30 Thread added: 0x000002618e7de0e0
Event: 0.858 Thread 0x000002618e7dcd30 Thread added: 0x000002618e7e0840


Dynamic libraries:
0x00007ff743d50000 - 0x00007ff743d5e000 	C:\Users\User\.jdks\openjdk-23\bin\java.exe
0x00007ffb18f50000 - 0x00007ffb19148000 	C:\Windows\SYSTEM32\ntdll.dll
0x00007ffb17a30000 - 0x00007ffb17aef000 	C:\Windows\System32\KERNEL32.DLL
0x00007ffb16c80000 - 0x00007ffb16f52000 	C:\Windows\System32\KERNELBASE.dll
0x00007ffb16a80000 - 0x00007ffb16b80000 	C:\Windows\System32\ucrtbase.dll
0x00007ffb0e780000 - 0x00007ffb0e79b000 	C:\Users\User\.jdks\openjdk-23\bin\VCRUNTIME140.dll
0x00007ffb0e760000 - 0x00007ffb0e777000 	C:\Users\User\.jdks\openjdk-23\bin\jli.dll
0x00007ffb18c30000 - 0x00007ffb18dd1000 	C:\Windows\System32\USER32.dll
0x00007ffb16830000 - 0x00007ffb16852000 	C:\Windows\System32\win32u.dll
0x00007ffb17970000 - 0x00007ffb1799b000 	C:\Windows\System32\GDI32.dll
0x00007ffb16970000 - 0x00007ffb16a7f000 	C:\Windows\System32\gdi32full.dll
0x00007ffb16860000 - 0x00007ffb168fd000 	C:\Windows\System32\msvcp_win.dll
0x00007ffafd2e0000 - 0x00007ffafd57a000 	C:\Windows\WinSxS\amd64_microsoft.windows.common-controls_6595b64144ccf1df_6.0.19041.1110_none_60b5254171f9507e\COMCTL32.dll
0x00007ffb17540000 - 0x00007ffb175de000 	C:\Windows\System32\msvcrt.dll
0x00007ffb17360000 - 0x00007ffb17392000 	C:\Windows\System32\IMM32.DLL
0x0000000071100000 - 0x000000007110c000 	C:\Program Files (x86)\360\Total Security\safemon\SafeWrapper.dll
0x00007ffb18260000 - 0x00007ffb1830e000 	C:\Windows\System32\ADVAPI32.dll
0x00007ffb18960000 - 0x00007ffb189fc000 	C:\Windows\System32\sechost.dll
0x00007ffb18830000 - 0x00007ffb18955000 	C:\Windows\System32\RPCRT4.dll
0x00007ffab9c00000 - 0x00007ffab9cac000 	C:\Program Files (x86)\360\Total Security\safemon\libzdtp64.dll
0x00007ffb17b00000 - 0x00007ffb18245000 	C:\Windows\System32\SHELL32.dll
0x00007ffb174e0000 - 0x00007ffb17535000 	C:\Windows\System32\SHLWAPI.dll
0x00007ffb160f0000 - 0x00007ffb160fa000 	C:\Windows\SYSTEM32\VERSION.dll
0x00007ffb0e750000 - 0x00007ffb0e75c000 	C:\Users\User\.jdks\openjdk-23\bin\vcruntime140_1.dll
0x00007ffb08eb0000 - 0x00007ffb08f3e000 	C:\Users\User\.jdks\openjdk-23\bin\msvcp140.dll
0x00007ffab4290000 - 0x00007ffab4fdf000 	C:\Users\User\.jdks\openjdk-23\bin\server\jvm.dll
0x00007ffb18bc0000 - 0x00007ffb18c2b000 	C:\Windows\System32\WS2_32.dll
0x00007ffb164b0000 - 0x00007ffb164fb000 	C:\Windows\SYSTEM32\POWRPROF.dll
0x00007ffafe8c0000 - 0x00007ffafe8e7000 	C:\Windows\SYSTEM32\WINMM.dll
0x00007ffb16490000 - 0x00007ffb164a2000 	C:\Windows\SYSTEM32\UMPDC.dll
0x00007ffb14e20000 - 0x00007ffb14e32000 	C:\Windows\SYSTEM32\kernel.appcore.dll
0x00007ffb0e740000 - 0x00007ffb0e74a000 	C:\Users\User\.jdks\openjdk-23\bin\jimage.dll
0x00007ffb10a80000 - 0x00007ffb10c64000 	C:\Windows\SYSTEM32\DBGHELP.DLL
0x00007ffaf9c50000 - 0x00007ffaf9c85000 	C:\Windows\SYSTEM32\dbgcore.DLL
0x00007ffb167a0000 - 0x00007ffb16822000 	C:\Windows\System32\bcryptPrimitives.dll
0x00007ffb0e730000 - 0x00007ffb0e73f000 	C:\Users\User\.jdks\openjdk-23\bin\instrument.dll
0x00007ffb0e6b0000 - 0x00007ffb0e6ce000 	C:\Users\User\.jdks\openjdk-23\bin\java.dll
0x00007ffb18de0000 - 0x00007ffb18f0a000 	C:\Windows\System32\ole32.dll
0x00007ffb17000000 - 0x00007ffb17355000 	C:\Windows\System32\combase.dll
0x00007ffb0e690000 - 0x00007ffb0e6a7000 	C:\Users\User\.jdks\openjdk-23\bin\zip.dll
0x00007ffb14640000 - 0x00007ffb14dd2000 	C:\Windows\SYSTEM32\windows.storage.dll
0x00007ffb15f50000 - 0x00007ffb15f80000 	C:\Windows\SYSTEM32\Wldp.dll
0x00007ffb18310000 - 0x00007ffb183bd000 	C:\Windows\System32\SHCORE.dll
0x00007ffb16580000 - 0x00007ffb1659f000 	C:\Windows\SYSTEM32\profapi.dll
0x00007ffaf2080000 - 0x00007ffaf2157000 	C:\Users\User\.jdks\openjdk-23\bin\jsvml.dll
0x00007ffb0e680000 - 0x00007ffb0e690000 	C:\Users\User\.jdks\openjdk-23\bin\net.dll
0x00007ffb15cb0000 - 0x00007ffb15d1a000 	C:\Windows\system32\mswsock.dll
0x00007ffb08e90000 - 0x00007ffb08ea6000 	C:\Users\User\.jdks\openjdk-23\bin\nio.dll
0x00007ffb0e670000 - 0x00007ffb0e679000 	C:\Users\User\.jdks\openjdk-23\bin\extnet.dll
0x00007ffb08e70000 - 0x00007ffb08e80000 	C:\Users\User\.jdks\openjdk-23\bin\verify.dll
0x00007ffb159e0000 - 0x00007ffb15aab000 	C:\Windows\SYSTEM32\DNSAPI.dll
0x00007ffb159a0000 - 0x00007ffb159db000 	C:\Windows\SYSTEM32\IPHLPAPI.DLL
0x00007ffb16f90000 - 0x00007ffb16f98000 	C:\Windows\System32\NSI.dll
0x00007ffaffce0000 - 0x00007ffaffcea000 	C:\Windows\System32\rasadhlp.dll
0x00007ffaffee0000 - 0x00007ffafff60000 	C:\Windows\System32\fwpuclnt.dll
0x00007ffb16f60000 - 0x00007ffb16f87000 	C:\Windows\System32\bcrypt.dll
0x00007ffb08e60000 - 0x00007ffb08e6a000 	C:\Users\User\.jdks\openjdk-23\bin\management.dll
0x00007ffb002a0000 - 0x00007ffb002ab000 	C:\Users\User\.jdks\openjdk-23\bin\management_ext.dll
0x00007ffb18250000 - 0x00007ffb18258000 	C:\Windows\System32\PSAPI.DLL
0x00007ffb15ea0000 - 0x00007ffb15eb8000 	C:\Windows\SYSTEM32\CRYPTSP.dll
0x00007ffb155d0000 - 0x00007ffb15604000 	C:\Windows\system32\rsaenh.dll
0x00007ffb16540000 - 0x00007ffb1656e000 	C:\Windows\SYSTEM32\USERENV.dll
0x00007ffb15ec0000 - 0x00007ffb15ecc000 	C:\Windows\SYSTEM32\CRYPTBASE.dll
0x00007ffaf2d90000 - 0x00007ffaf2da7000 	C:\Windows\system32\napinsp.dll
0x00007ffaf2d70000 - 0x00007ffaf2d8b000 	C:\Windows\system32\pnrpnsp.dll
0x00007ffb0db80000 - 0x00007ffb0db95000 	C:\Windows\system32\wshbth.dll
0x00007ffb0e4c0000 - 0x00007ffb0e4dd000 	C:\Windows\system32\NLAapi.dll
0x00007ffaf2d50000 - 0x00007ffaf2d62000 	C:\Windows\System32\winrnr.dll
0x00007ffadd910000 - 0x00007ffadd959000 	C:\Windows\SYSTEM32\pdh.dll

dbghelp: loaded successfully - version: 4.0.5 - missing functions: none
symbol engine: initialized successfully - sym options: 0x614 - pdb path: .;C:\Users\User\.jdks\openjdk-23\bin;C:\Windows\SYSTEM32;C:\Windows\WinSxS\amd64_microsoft.windows.common-controls_6595b64144ccf1df_6.0.19041.1110_none_60b5254171f9507e;C:\Program Files (x86)\360\Total Security\safemon;C:\Users\User\.jdks\openjdk-23\bin\server

VM Arguments:
jvm_args: -ea -Didea.test.cyclic.buffer.size=1048576 -javaagent:C:\Program Files\JetBrains\IntelliJ IDEA 2024.3.4.1\lib\idea_rt.jar=52331 -javaagent:C:\Users\User\AppData\Local\JetBrains\IntelliJIdea2024.3\captureAgent\debugger-agent.jar -Dkotlinx.coroutines.debug.enable.creation.stack.trace=false -Ddebugger.agent.enable.coroutines=true -Dkotlinx.coroutines.debug.enable.flows.stack.trace=true -Dkotlinx.coroutines.debug.enable.mutable.state.flows.stack.trace=true -Dfile.encoding=UTF-8 -Dsun.stdout.encoding=UTF-8 -Dsun.stderr.encoding=UTF-8 
java_command: com.intellij.rt.junit.JUnitStarter -ideVersion5 -junit4 UserServiceTest
java_class_path (initial): C:\Program Files\JetBrains\IntelliJ IDEA 2024.3.4.1\lib\idea_rt.jar;C:\Program Files\JetBrains\IntelliJ IDEA 2024.3.4.1\plugins\junit\lib\junit5-rt.jar;C:\Program Files\JetBrains\IntelliJ IDEA 2024.3.4.1\plugins\junit\lib\junit-rt.jar;D:\Pre-project\ 1.1.4\target\test-classes;D:\Pre-project\ 1.1.4\target\classes;C:\Users\User\.m2\repository\junit\junit\4.13.2\junit-4.13.2.jar;C:\Users\User\.m2\repository\org\hamcrest\hamcrest-core\1.3\hamcrest-core-1.3.jar;C:\Users\User\.m2\repository\mysql\mysql-connector-java\8.0.25\mysql-connector-java-8.0.25.jar;C:\Users\User\.m2\repository\com\google\protobuf\protobuf-java\3.11.4\protobuf-java-3.11.4.jar;C:\Users\User\.m2\repository\org\hibernate\javax\persistence\hibernate-jpa-2.1-api\1.0.2.Final\hibernate-jpa-2.1-api-1.0.2.Final.jar;C:\Users\User\.m2\repository\org\hibernate\hibernate-core\5.6.3.Final\hibernate-core-5.6.3.Final.jar;C:\Users\User\.m2\repository\org\jboss\logging\jboss-logging\3.4.2.Final\jboss-logging-3.4.2.Final.jar;C:\Users\User\.m2\repository\javax\persistence\javax.persistence-api\2.2\javax.persistence-api-2.2.jar;C:\Users\User\.m2\repository\net\bytebuddy\byte-buddy\1.11.20\byte-buddy-1.11.20.jar;C:\Users\User\.m2\repository\antlr\antlr\2.7.7\antlr-2.7.7.jar;C:\Users\User\.m2\repository\org\jboss\spec\javax\transaction\jboss-transaction-api_1.2_spec\1.1.1.Final\jboss-transaction-api_1.2_spec-1.1.1.Final.jar;C:\Users\User\.m2\repository\org\jboss\jandex\2.2.3.Final\jandex-2.2.3.Final.jar;C:\Users\User\.m2\repository\com\fasterxml\classmate\1.5.1\classmate-1.5.1.jar;C:\Users\User\.m2\repository\javax\activation\javax.activation-api\1.2.0\javax.activation-api-1.2.0.jar;C:\Users\User\.m2\repository\org\hibernate\common\hibernate-commons-annotations\5.1.2.Final\hibernate-commons-annotations-5.1.2.Final.jar;C:\Users\User\.m2\repository\javax\xml\bind\jaxb-api\2.3.1\jaxb-api-2.3.1.jar;C:\Users\User\.m2\repository\org\glassfish\jaxb\jaxb-runtime\2.3.1\jaxb-runtime-2.3.1.jar;C:\Users\User\.m2\repository\org\glassfish\jaxb\txw2\2.3.1\txw2-2.3.1.jar;C:\Users\User\.m2\repository\com\sun\istack\istack-commons-runtime\3.0.7\istack-commons-runtime-3.0.7.jar;C:\Users\User\.m2\repository\org\jvnet\staxex\stax-ex\1.8\stax-ex-1.8.jar;C:\Users\User\.m2\repository\com\sun\xml\fastinfoset\FastInfoset\1.2.15\FastInfoset-1.2.15.jar
Launcher Type: SUN_STANDARD

[Global flags]
     intx CICompilerCount                          = 3                                         {product} {ergonomic}
     uint ConcGCThreads                            = 1                                         {product} {ergonomic}
     uint G1ConcRefinementThreads                  = 4                                         {product} {ergonomic}
   size_t G1HeapRegionSize                         = 1048576                                   {product} {ergonomic}
   size_t InitialHeapSize                          = 130023424                                 {product} {ergonomic}
   size_t MarkStackSize                            = 4194304                                   {product} {ergonomic}
   size_t MarkStackSizeMax                         = 536870912                                 {product} {ergonomic}
   size_t MaxHeapSize                              = 2080374784                                {product} {ergonomic}
   size_t MaxNewSize                               = 1247805440                                {product} {ergonomic}
   size_t MinHeapDeltaBytes                        = 1048576                                   {product} {ergonomic}
   size_t MinHeapSize                              = 8388608                                   {product} {ergonomic}
    uintx NonNMethodCodeHeapSize                   = 5832704                                {pd product} {ergonomic}
    uintx NonProfiledCodeHeapSize                  = 122945536                              {pd product} {ergonomic}
    uintx ProfiledCodeHeapSize                     = 122880000                              {pd product} {ergonomic}
    uintx ReservedCodeCacheSize                    = 251658240                              {pd product} {ergonomic}
     bool SegmentedCodeCache                       = true                                      {product} {ergonomic}
   size_t SoftMaxHeapSize                          = 2080374784                             {manageable} {ergonomic}
     bool UseCompressedOops                        = true                           {product lp64_product} {ergonomic}
     bool UseG1GC                                  = true                                      {product} {ergonomic}
     bool UseLargePagesIndividualAllocation        = false                                  {pd product} {ergonomic}

Logging:
Log output configuration:
 #0: stdout all=warning uptime,level,tags foldmultilines=false
 #1: stderr all=off uptime,level,tags foldmultilines=false

Environment Variables:
JAVA_HOME=C:\JAVA\jdk-23.0.1
PATH=C:\Program Files (x86)\Common Files\Intel\Shared Files\cpp\bin\Intel64;C:\Windows\system32;C:\Windows;C:\Windows\System32\Wbem;C:\Windows\System32\WindowsPowerShell\v1.0\;C:\Windows\System32\OpenSSH\;C:\Program Files\WireGuard\;C:\Users\User\Desktop\matlabfolder\runtime\win64;C:\Users\User\Desktop\matlabfolder\bin;C:\JAVA\jdk-23.0.1\bin;C:\Program Files\dotnet\;C:\Program Files\Git\cmd;C:\JAVA\apache-maven-3.9.9\bin;C:\Users\User\AppData\Local\Microsoft\WindowsApps;C:\JAVA\jdk-23.0.1\bin;;C:\Program Files\JetBrains\IntelliJ IDEA Community Edition 2024.3\bin;;C:\Users\User\.dotnet\tools
USERNAME=User
OS=Windows_NT
PROCESSOR_IDENTIFIER=Intel64 Family 6 Model 126 Stepping 5, GenuineIntel
TMP=C:\Users\User\AppData\Local\Temp
TEMP=C:\Users\User\AppData\Local\Temp




Periodic native trim disabled

---------------  S Y S T E M  ---------------

OS:
 Windows 10 , 64 bit Build 19041 (10.0.19041.2546)
OS uptime: 0 days 0:37 hours

CPU: total 4 (initial active 4) (2 cores per cpu, 2 threads per core) family 6 model 126 stepping 5 microcode 0xa0, cx8, cmov, fxsr, ht, mmx, 3dnowpref, sse, sse2, sse3, ssse3, sse4.1, sse4.2, popcnt, lzcnt, tsc, tscinvbit, avx, avx2, aes, erms, clmul, bmi1, bmi2, adx, avx512f, avx512dq, avx512cd, avx512bw, avx512vl, sha, fma, vzeroupper, avx512_vpopcntdq, avx512_vpclmulqdq, avx512_vaes, avx512_vnni, clflush, clflushopt, avx512_vbmi2, avx512_vbmi, rdtscp, rdpid, fsrm, gfni, avx512_bitalg, f16c, pku, avx512_ifma
Processor Information for the first 4 processors :
  Max Mhz: 1190, Current Mhz: 1190, Mhz Limit: 1190

Memory: 4k page, system-wide physical 7933M (863M free)
TotalPageFile size 9981M (AvailPageFile size 228M)
current process WorkingSet (physical memory assigned to process): 105M, peak: 105M
current process commit charge ("private bytes"): 239M, peak: 240M

vm_info: OpenJDK 64-Bit Server VM (23+37-2369) for windows-amd64 JRE (23+37-2369), built on 2024-08-20T16:01:23Z with MS VC++ 17.6 (VS2022)

END.
