#
# There is insufficient memory for the Java Runtime Environment to continue.
# Native memory allocation (malloc) failed to allocate 323216 bytes. Error detail: Chunk::new
# Possible reasons:
#   The system is out of physical RAM or swap space
#   This process is running with CompressedOops enabled, and the Java Heap may be blocking the growth of the native heap
# Possible solutions:
#   Reduce memory load on the system
#   Increase physical memory or swap space
#   Check if swap backing store is full
#   Decrease Java heap size (-Xmx/-Xms)
#   Decrease number of Java threads
#   Decrease Java thread stack sizes (-Xss)
#   Set larger code cache with -XX:ReservedCodeCacheSize=
#   JVM is running with Unscaled Compressed Oops mode in which the Java heap is
#     placed in the first 4GB address space. The Java Heap base address is the
#     maximum limit for the native heap growth. Please use -XX:HeapBaseMinAddress
#     to set the Java Heap base and to place the Java Heap above 4GB virtual address.
# This output file may be truncated or incomplete.
#
#  Out of Memory Error (arena.cpp:149), pid=9496, tid=1236
#
# JRE version: OpenJDK Runtime Environment (23.0+37) (build 23+37-2369)
# Java VM: OpenJDK 64-Bit Server VM (23+37-2369, mixed mode, sharing, tiered, compressed oops, compressed class ptrs, g1 gc, windows-amd64)
# No core dump will be written. Minidumps are not enabled by default on client versions of Windows
#

---------------  S U M M A R Y ------------

Command Line: -ea -Didea.test.cyclic.buffer.size=1048576 -javaagent:C:\Program Files\JetBrains\IntelliJ IDEA 2024.3.4.1\lib\idea_rt.jar=54789 -javaagent:C:\Users\User\AppData\Local\JetBrains\IntelliJIdea2024.3\captureAgent\debugger-agent.jar -Dkotlinx.coroutines.debug.enable.creation.stack.trace=false -Ddebugger.agent.enable.coroutines=true -Dkotlinx.coroutines.debug.enable.flows.stack.trace=true -Dkotlinx.coroutines.debug.enable.mutable.state.flows.stack.trace=true -Dfile.encoding=UTF-8 -Dsun.stdout.encoding=UTF-8 -Dsun.stderr.encoding=UTF-8 com.intellij.rt.junit.JUnitStarter -ideVersion5 -junit4 UserServiceTest

Host: Intel(R) Core(TM) i3-1005G1 CPU @ 1.20GHz, 4 cores, 7G,  Windows 10 , 64 bit Build 19041 (10.0.19041.2546)
Time: Tue Mar 11 12:26:00 2025 RTZ 2 (s 10 , 64 bit Build 19041 (10.0.19041.2546) elapsed time: 0.996351 seconds (0d 0h 0m 0s)

---------------  T H R E A D  ---------------

Current thread (0x000002aaf89ffe20):  JavaThread "C2 CompilerThread0" daemon [_thread_in_native, id=1236, stack(0x000000bc43e00000,0x000000bc43f00000) (1024K)]


Current CompileTask:
C2:996 1743 % !   4       java.util.concurrent.ConcurrentHashMap::transfer @ 96 (849 bytes)

Stack: [0x000000bc43e00000,0x000000bc43f00000]
Native frames: (J=compiled Java code, j=interpreted, Vv=VM code, C=native code)
V  [jvm.dll+0x6e08a9]  (no source info available)
V  [jvm.dll+0x87da63]  (no source info available)
V  [jvm.dll+0x87feee]  (no source info available)
V  [jvm.dll+0x8805c3]  (no source info available)
V  [jvm.dll+0x27aee6]  (no source info available)
V  [jvm.dll+0xbc06f]  (no source info available)
V  [jvm.dll+0xbc2cb]  (no source info available)
V  [jvm.dll+0x3b3a62]  (no source info available)
V  [jvm.dll+0x38a42b]  (no source info available)
V  [jvm.dll+0x38989a]  (no source info available)
V  [jvm.dll+0x244aa1]  (no source info available)
V  [jvm.dll+0x243dff]  (no source info available)
V  [jvm.dll+0x1c33a0]  (no source info available)
V  [jvm.dll+0x253cf1]  (no source info available)
V  [jvm.dll+0x251faa]  (no source info available)
V  [jvm.dll+0x3ee036]  (no source info available)
V  [jvm.dll+0x824f1b]  (no source info available)
V  [jvm.dll+0x6df055]  (no source info available)
C  [ucrtbase.dll+0x21bb2]  (no source info available)
C  [KERNEL32.DLL+0x17614]  (no source info available)
C  [ntdll.dll+0x526a1]  (no source info available)

Lock stack of current Java thread (top to bottom):


---------------  P R O C E S S  ---------------

Threads class SMR info:
_java_thread_list=0x000002aac67eba40, length=18, elements={
0x000002aadc727110, 0x000002aaf89dde10, 0x000002aaf89deb30, 0x000002aaf89dfad0,
0x000002aaf89e16a0, 0x000002aaf89e2100, 0x000002aaf89e6b70, 0x000002aaf89ffe20,
0x000002aaf8a20cf0, 0x000002aac512b1b0, 0x000002aac52c7f20, 0x000002aac532f510,
0x000002aac5705ed0, 0x000002aac5f650e0, 0x000002aac64c57e0, 0x000002aac682b8d0,
0x000002aac6828ae0, 0x000002aac682a520
}

Java Threads: ( => current thread )
  0x000002aadc727110 JavaThread "main"                              [_thread_in_vm, id=4544, stack(0x000000bc43000000,0x000000bc43100000) (1024K)]
  0x000002aaf89dde10 JavaThread "Reference Handler"          daemon [_thread_blocked, id=12932, stack(0x000000bc43800000,0x000000bc43900000) (1024K)]
  0x000002aaf89deb30 JavaThread "Finalizer"                  daemon [_thread_blocked, id=7984, stack(0x000000bc43900000,0x000000bc43a00000) (1024K)]
  0x000002aaf89dfad0 JavaThread "Signal Dispatcher"          daemon [_thread_blocked, id=316, stack(0x000000bc43a00000,0x000000bc43b00000) (1024K)]
  0x000002aaf89e16a0 JavaThread "Attach Listener"            daemon [_thread_blocked, id=4120, stack(0x000000bc43b00000,0x000000bc43c00000) (1024K)]
  0x000002aaf89e2100 JavaThread "Service Thread"             daemon [_thread_blocked, id=13112, stack(0x000000bc43c00000,0x000000bc43d00000) (1024K)]
  0x000002aaf89e6b70 JavaThread "Monitor Deflation Thread"   daemon [_thread_blocked, id=524, stack(0x000000bc43d00000,0x000000bc43e00000) (1024K)]
=>0x000002aaf89ffe20 JavaThread "C2 CompilerThread0"         daemon [_thread_in_native, id=1236, stack(0x000000bc43e00000,0x000000bc43f00000) (1024K)]
  0x000002aaf8a20cf0 JavaThread "C1 CompilerThread0"         daemon [_thread_blocked, id=10552, stack(0x000000bc43f00000,0x000000bc44000000) (1024K)]
  0x000002aac512b1b0 JavaThread "Common-Cleaner"             daemon [_thread_blocked, id=2972, stack(0x000000bc44000000,0x000000bc44100000) (1024K)]
  0x000002aac52c7f20 JavaThread "Monitor Ctrl-Break"         daemon [_thread_in_native, id=11792, stack(0x000000bc44100000,0x000000bc44200000) (1024K)]
  0x000002aac532f510 JavaThread "Notification Thread"        daemon [_thread_blocked, id=2524, stack(0x000000bc44200000,0x000000bc44300000) (1024K)]
  0x000002aac5705ed0 JavaThread "C2 CompilerThread1"         daemon [_thread_blocked, id=14232, stack(0x000000bc44300000,0x000000bc44400000) (1024K)]
  0x000002aac5f650e0 JavaThread "mysql-cj-abandoned-connection-cleanup" daemon [_thread_blocked, id=14168, stack(0x000000bc44700000,0x000000bc44800000) (1024K)]
  0x000002aac64c57e0 JavaThread "RMI TCP Accept-0"           daemon [_thread_in_native, id=12936, stack(0x000000bc44800000,0x000000bc44900000) (1024K)]
  0x000002aac682b8d0 JavaThread "RMI TCP Connection(1)-192.168.43.68" daemon [_thread_in_native, id=10324, stack(0x000000bc44900000,0x000000bc44a00000) (1024K)]
  0x000002aac6828ae0 JavaThread "RMI Scheduler(0)"           daemon [_thread_blocked, id=6324, stack(0x000000bc44a00000,0x000000bc44b00000) (1024K)]
  0x000002aac682a520 JavaThread "JMX server connection timeout 29" daemon [_thread_blocked, id=9376, stack(0x000000bc44b00000,0x000000bc44c00000) (1024K)]
Total: 18

Other Threads:
  0x000002aaf89c3570 VMThread "VM Thread"                           [id=11056, stack(0x000000bc43700000,0x000000bc43800000) (1024K)]
  0x000002aaf89b4700 WatcherThread "VM Periodic Task Thread"        [id=8876, stack(0x000000bc43600000,0x000000bc43700000) (1024K)]
  0x000002aadc77e4d0 WorkerThread "GC Thread#0"                     [id=7488, stack(0x000000bc43100000,0x000000bc43200000) (1024K)]
  0x000002aac5b8dab0 WorkerThread "GC Thread#1"                     [id=6244, stack(0x000000bc44400000,0x000000bc44500000) (1024K)]
  0x000002aac5bb7640 WorkerThread "GC Thread#2"                     [id=13916, stack(0x000000bc44500000,0x000000bc44600000) (1024K)]
  0x000002aac5bb79f0 WorkerThread "GC Thread#3"                     [id=8580, stack(0x000000bc44600000,0x000000bc44700000) (1024K)]
  0x000002aadc793bf0 ConcurrentGCThread "G1 Main Marker"            [id=14140, stack(0x000000bc43200000,0x000000bc43300000) (1024K)]
  0x000002aadc795180 WorkerThread "G1 Conc#0"                       [id=2000, stack(0x000000bc43300000,0x000000bc43400000) (1024K)]
  0x000002aaf8884180 ConcurrentGCThread "G1 Refine#0"               [id=14312, stack(0x000000bc43400000,0x000000bc43500000) (1024K)]
  0x000002aaf8884b10 ConcurrentGCThread "G1 Service"                [id=1404, stack(0x000000bc43500000,0x000000bc43600000) (1024K)]
Total: 10

Threads with active compile tasks:
C2 CompilerThread0  1018 1743 % !   4       java.util.concurrent.ConcurrentHashMap::transfer @ 96 (849 bytes)
Total: 1

VM state: not at safepoint (normal execution)

VM Mutex/Monitor currently owned by a thread:  ([mutex/lock_event])
[0x00007ffc3ff11890] Metaspace_lock - owner thread: 0x000002aadc727110

Heap address: 0x0000000084000000, size: 1984 MB, Compressed Oops mode: 32-bit

CDS archive(s) mapped at: [0x000002aa80000000-0x000002aa80d70000-0x000002aa80d70000), size 14090240, SharedBaseAddress: 0x000002aa80000000, ArchiveRelocationMode: 1.
Compressed class space mapped at: 0x000002aa81000000-0x000002aac1000000, reserved size: 1073741824
Narrow klass base: 0x000002aa80000000, Narrow klass shift: 0, Narrow klass range: 0x41000000

GC Precious Log:
 CardTable entry size: 512
 Card Set container configuration: InlinePtr #cards 5 size 8 Array Of Cards #cards 10 size 36 Howl #buckets 4 coarsen threshold 1843 Howl Bitmap #cards 512 size 80 coarsen threshold 460 Card regions per heap region 1 cards per card region 2048
 CPUs: 4 total, 4 available
 Memory: 7933M
 Large Page Support: Disabled
 NUMA Support: Disabled
 Compressed Oops: Enabled (32-bit)
 Heap Region Size: 1M
 Heap Min Capacity: 8M
 Heap Initial Capacity: 124M
 Heap Max Capacity: 1984M
 Pre-touch: Disabled
 Parallel Workers: 4
 Concurrent Workers: 1
 Concurrent Refinement Workers: 4
 Periodic GC: Disabled

Heap:
 garbage-first heap   total reserved 2031616K, committed 126976K, used 10751K [0x0000000084000000, 0x0000000100000000)
  region size 1024K, 9 young (9216K), 2 survivors (2048K)
 Metaspace       used 14757K, committed 15040K, reserved 1114112K
  class space    used 1597K, committed 1728K, reserved 1048576K

Heap Regions: E=young(eden), S=young(survivor), O=old, HS=humongous(starts), HC=humongous(continues), CS=collection set, F=free, TAMS=top-at-mark-start, PB=parsable bottom
|   0|0x0000000084000000, 0x0000000084100000, 0x0000000084100000|100%|HS|  |TAMS 0x0000000084000000| PB 0x0000000084000000| Complete |  0
|   1|0x0000000084100000, 0x0000000084200000, 0x0000000084200000|100%| O|  |TAMS 0x0000000084100000| PB 0x0000000084100000| Untracked |  0
|   2|0x0000000084200000, 0x0000000084300000, 0x0000000084300000|100%| O|  |TAMS 0x0000000084200000| PB 0x0000000084200000| Untracked |  0
|   3|0x0000000084300000, 0x0000000084400000, 0x0000000084400000|100%| O|  |TAMS 0x0000000084300000| PB 0x0000000084300000| Untracked |  0
|   4|0x0000000084400000, 0x000000008441ab30, 0x0000000084500000| 10%| O|  |TAMS 0x0000000084400000| PB 0x0000000084400000| Untracked |  0
|   5|0x0000000084500000, 0x0000000084500000, 0x0000000084600000|  0%| F|  |TAMS 0x0000000084500000| PB 0x0000000084500000| Untracked |  0
|   6|0x0000000084600000, 0x0000000084600000, 0x0000000084700000|  0%| F|  |TAMS 0x0000000084600000| PB 0x0000000084600000| Untracked |  0
|   7|0x0000000084700000, 0x0000000084700000, 0x0000000084800000|  0%| F|  |TAMS 0x0000000084700000| PB 0x0000000084700000| Untracked |  0
|   8|0x0000000084800000, 0x0000000084800000, 0x0000000084900000|  0%| F|  |TAMS 0x0000000084800000| PB 0x0000000084800000| Untracked |  0
|   9|0x0000000084900000, 0x0000000084900000, 0x0000000084a00000|  0%| F|  |TAMS 0x0000000084900000| PB 0x0000000084900000| Untracked |  0
|  10|0x0000000084a00000, 0x0000000084a00000, 0x0000000084b00000|  0%| F|  |TAMS 0x0000000084a00000| PB 0x0000000084a00000| Untracked |  0
|  11|0x0000000084b00000, 0x0000000084b00000, 0x0000000084c00000|  0%| F|  |TAMS 0x0000000084b00000| PB 0x0000000084b00000| Untracked |  0
|  12|0x0000000084c00000, 0x0000000084c00000, 0x0000000084d00000|  0%| F|  |TAMS 0x0000000084c00000| PB 0x0000000084c00000| Untracked |  0
|  13|0x0000000084d00000, 0x0000000084d00000, 0x0000000084e00000|  0%| F|  |TAMS 0x0000000084d00000| PB 0x0000000084d00000| Untracked |  0
|  14|0x0000000084e00000, 0x0000000084e00000, 0x0000000084f00000|  0%| F|  |TAMS 0x0000000084e00000| PB 0x0000000084e00000| Untracked |  0
|  15|0x0000000084f00000, 0x0000000084f00000, 0x0000000085000000|  0%| F|  |TAMS 0x0000000084f00000| PB 0x0000000084f00000| Untracked |  0
|  16|0x0000000085000000, 0x0000000085000000, 0x0000000085100000|  0%| F|  |TAMS 0x0000000085000000| PB 0x0000000085000000| Untracked |  0
|  17|0x0000000085100000, 0x0000000085100000, 0x0000000085200000|  0%| F|  |TAMS 0x0000000085100000| PB 0x0000000085100000| Untracked |  0
|  18|0x0000000085200000, 0x0000000085200000, 0x0000000085300000|  0%| F|  |TAMS 0x0000000085200000| PB 0x0000000085200000| Untracked |  0
|  19|0x0000000085300000, 0x0000000085300000, 0x0000000085400000|  0%| F|  |TAMS 0x0000000085300000| PB 0x0000000085300000| Untracked |  0
|  20|0x0000000085400000, 0x0000000085400000, 0x0000000085500000|  0%| F|  |TAMS 0x0000000085400000| PB 0x0000000085400000| Untracked |  0
|  21|0x0000000085500000, 0x0000000085500000, 0x0000000085600000|  0%| F|  |TAMS 0x0000000085500000| PB 0x0000000085500000| Untracked |  0
|  22|0x0000000085600000, 0x0000000085600000, 0x0000000085700000|  0%| F|  |TAMS 0x0000000085600000| PB 0x0000000085600000| Untracked |  0
|  23|0x0000000085700000, 0x0000000085700000, 0x0000000085800000|  0%| F|  |TAMS 0x0000000085700000| PB 0x0000000085700000| Untracked |  0
|  24|0x0000000085800000, 0x0000000085800000, 0x0000000085900000|  0%| F|  |TAMS 0x0000000085800000| PB 0x0000000085800000| Untracked |  0
|  25|0x0000000085900000, 0x0000000085900000, 0x0000000085a00000|  0%| F|  |TAMS 0x0000000085900000| PB 0x0000000085900000| Untracked |  0
|  26|0x0000000085a00000, 0x0000000085a00000, 0x0000000085b00000|  0%| F|  |TAMS 0x0000000085a00000| PB 0x0000000085a00000| Untracked |  0
|  27|0x0000000085b00000, 0x0000000085b00000, 0x0000000085c00000|  0%| F|  |TAMS 0x0000000085b00000| PB 0x0000000085b00000| Untracked |  0
|  28|0x0000000085c00000, 0x0000000085c00000, 0x0000000085d00000|  0%| F|  |TAMS 0x0000000085c00000| PB 0x0000000085c00000| Untracked |  0
|  29|0x0000000085d00000, 0x0000000085d00000, 0x0000000085e00000|  0%| F|  |TAMS 0x0000000085d00000| PB 0x0000000085d00000| Untracked |  0
|  30|0x0000000085e00000, 0x0000000085e00000, 0x0000000085f00000|  0%| F|  |TAMS 0x0000000085e00000| PB 0x0000000085e00000| Untracked |  0
|  31|0x0000000085f00000, 0x0000000085f00000, 0x0000000086000000|  0%| F|  |TAMS 0x0000000085f00000| PB 0x0000000085f00000| Untracked |  0
|  32|0x0000000086000000, 0x0000000086000000, 0x0000000086100000|  0%| F|  |TAMS 0x0000000086000000| PB 0x0000000086000000| Untracked |  0
|  33|0x0000000086100000, 0x0000000086100000, 0x0000000086200000|  0%| F|  |TAMS 0x0000000086100000| PB 0x0000000086100000| Untracked |  0
|  34|0x0000000086200000, 0x0000000086200000, 0x0000000086300000|  0%| F|  |TAMS 0x0000000086200000| PB 0x0000000086200000| Untracked |  0
|  35|0x0000000086300000, 0x0000000086300000, 0x0000000086400000|  0%| F|  |TAMS 0x0000000086300000| PB 0x0000000086300000| Untracked |  0
|  36|0x0000000086400000, 0x0000000086400000, 0x0000000086500000|  0%| F|  |TAMS 0x0000000086400000| PB 0x0000000086400000| Untracked |  0
|  37|0x0000000086500000, 0x0000000086500000, 0x0000000086600000|  0%| F|  |TAMS 0x0000000086500000| PB 0x0000000086500000| Untracked |  0
|  38|0x0000000086600000, 0x0000000086600000, 0x0000000086700000|  0%| F|  |TAMS 0x0000000086600000| PB 0x0000000086600000| Untracked |  0
|  39|0x0000000086700000, 0x0000000086700000, 0x0000000086800000|  0%| F|  |TAMS 0x0000000086700000| PB 0x0000000086700000| Untracked |  0
|  40|0x0000000086800000, 0x0000000086800000, 0x0000000086900000|  0%| F|  |TAMS 0x0000000086800000| PB 0x0000000086800000| Untracked |  0
|  41|0x0000000086900000, 0x0000000086900000, 0x0000000086a00000|  0%| F|  |TAMS 0x0000000086900000| PB 0x0000000086900000| Untracked |  0
|  42|0x0000000086a00000, 0x0000000086a00000, 0x0000000086b00000|  0%| F|  |TAMS 0x0000000086a00000| PB 0x0000000086a00000| Untracked |  0
|  43|0x0000000086b00000, 0x0000000086b00000, 0x0000000086c00000|  0%| F|  |TAMS 0x0000000086b00000| PB 0x0000000086b00000| Untracked |  0
|  44|0x0000000086c00000, 0x0000000086c00000, 0x0000000086d00000|  0%| F|  |TAMS 0x0000000086c00000| PB 0x0000000086c00000| Untracked |  0
|  45|0x0000000086d00000, 0x0000000086d00000, 0x0000000086e00000|  0%| F|  |TAMS 0x0000000086d00000| PB 0x0000000086d00000| Untracked |  0
|  46|0x0000000086e00000, 0x0000000086e00000, 0x0000000086f00000|  0%| F|  |TAMS 0x0000000086e00000| PB 0x0000000086e00000| Untracked |  0
|  47|0x0000000086f00000, 0x0000000086f00000, 0x0000000087000000|  0%| F|  |TAMS 0x0000000086f00000| PB 0x0000000086f00000| Untracked |  0
|  48|0x0000000087000000, 0x0000000087000000, 0x0000000087100000|  0%| F|  |TAMS 0x0000000087000000| PB 0x0000000087000000| Untracked |  0
|  49|0x0000000087100000, 0x0000000087100000, 0x0000000087200000|  0%| F|  |TAMS 0x0000000087100000| PB 0x0000000087100000| Untracked |  0
|  50|0x0000000087200000, 0x0000000087200000, 0x0000000087300000|  0%| F|  |TAMS 0x0000000087200000| PB 0x0000000087200000| Untracked |  0
|  51|0x0000000087300000, 0x0000000087300000, 0x0000000087400000|  0%| F|  |TAMS 0x0000000087300000| PB 0x0000000087300000| Untracked |  0
|  52|0x0000000087400000, 0x0000000087400000, 0x0000000087500000|  0%| F|  |TAMS 0x0000000087400000| PB 0x0000000087400000| Untracked |  0
|  53|0x0000000087500000, 0x0000000087500000, 0x0000000087600000|  0%| F|  |TAMS 0x0000000087500000| PB 0x0000000087500000| Untracked |  0
|  54|0x0000000087600000, 0x0000000087600000, 0x0000000087700000|  0%| F|  |TAMS 0x0000000087600000| PB 0x0000000087600000| Untracked |  0
|  55|0x0000000087700000, 0x0000000087700000, 0x0000000087800000|  0%| F|  |TAMS 0x0000000087700000| PB 0x0000000087700000| Untracked |  0
|  56|0x0000000087800000, 0x0000000087800000, 0x0000000087900000|  0%| F|  |TAMS 0x0000000087800000| PB 0x0000000087800000| Untracked |  0
|  57|0x0000000087900000, 0x0000000087900000, 0x0000000087a00000|  0%| F|  |TAMS 0x0000000087900000| PB 0x0000000087900000| Untracked |  0
|  58|0x0000000087a00000, 0x0000000087a00000, 0x0000000087b00000|  0%| F|  |TAMS 0x0000000087a00000| PB 0x0000000087a00000| Untracked |  0
|  59|0x0000000087b00000, 0x0000000087b00000, 0x0000000087c00000|  0%| F|  |TAMS 0x0000000087b00000| PB 0x0000000087b00000| Untracked |  0
|  60|0x0000000087c00000, 0x0000000087c00000, 0x0000000087d00000|  0%| F|  |TAMS 0x0000000087c00000| PB 0x0000000087c00000| Untracked |  0
|  61|0x0000000087d00000, 0x0000000087d00000, 0x0000000087e00000|  0%| F|  |TAMS 0x0000000087d00000| PB 0x0000000087d00000| Untracked |  0
|  62|0x0000000087e00000, 0x0000000087e00000, 0x0000000087f00000|  0%| F|  |TAMS 0x0000000087e00000| PB 0x0000000087e00000| Untracked |  0
|  63|0x0000000087f00000, 0x0000000087f00000, 0x0000000088000000|  0%| F|  |TAMS 0x0000000087f00000| PB 0x0000000087f00000| Untracked |  0
|  64|0x0000000088000000, 0x0000000088000000, 0x0000000088100000|  0%| F|  |TAMS 0x0000000088000000| PB 0x0000000088000000| Untracked |  0
|  65|0x0000000088100000, 0x0000000088100000, 0x0000000088200000|  0%| F|  |TAMS 0x0000000088100000| PB 0x0000000088100000| Untracked |  0
|  66|0x0000000088200000, 0x0000000088200000, 0x0000000088300000|  0%| F|  |TAMS 0x0000000088200000| PB 0x0000000088200000| Untracked |  0
|  67|0x0000000088300000, 0x0000000088300000, 0x0000000088400000|  0%| F|  |TAMS 0x0000000088300000| PB 0x0000000088300000| Untracked |  0
|  68|0x0000000088400000, 0x0000000088400000, 0x0000000088500000|  0%| F|  |TAMS 0x0000000088400000| PB 0x0000000088400000| Untracked |  0
|  69|0x0000000088500000, 0x0000000088500000, 0x0000000088600000|  0%| F|  |TAMS 0x0000000088500000| PB 0x0000000088500000| Untracked |  0
|  70|0x0000000088600000, 0x0000000088600000, 0x0000000088700000|  0%| F|  |TAMS 0x0000000088600000| PB 0x0000000088600000| Untracked |  0
|  71|0x0000000088700000, 0x0000000088700000, 0x0000000088800000|  0%| F|  |TAMS 0x0000000088700000| PB 0x0000000088700000| Untracked |  0
|  72|0x0000000088800000, 0x0000000088800000, 0x0000000088900000|  0%| F|  |TAMS 0x0000000088800000| PB 0x0000000088800000| Untracked |  0
|  73|0x0000000088900000, 0x0000000088900000, 0x0000000088a00000|  0%| F|  |TAMS 0x0000000088900000| PB 0x0000000088900000| Untracked |  0
|  74|0x0000000088a00000, 0x0000000088a00000, 0x0000000088b00000|  0%| F|  |TAMS 0x0000000088a00000| PB 0x0000000088a00000| Untracked |  0
|  75|0x0000000088b00000, 0x0000000088b00000, 0x0000000088c00000|  0%| F|  |TAMS 0x0000000088b00000| PB 0x0000000088b00000| Untracked |  0
|  76|0x0000000088c00000, 0x0000000088c00000, 0x0000000088d00000|  0%| F|  |TAMS 0x0000000088c00000| PB 0x0000000088c00000| Untracked |  0
|  77|0x0000000088d00000, 0x0000000088d00000, 0x0000000088e00000|  0%| F|  |TAMS 0x0000000088d00000| PB 0x0000000088d00000| Untracked |  0
|  78|0x0000000088e00000, 0x0000000088e00000, 0x0000000088f00000|  0%| F|  |TAMS 0x0000000088e00000| PB 0x0000000088e00000| Untracked |  0
|  79|0x0000000088f00000, 0x0000000088f00000, 0x0000000089000000|  0%| F|  |TAMS 0x0000000088f00000| PB 0x0000000088f00000| Untracked |  0
|  80|0x0000000089000000, 0x0000000089000000, 0x0000000089100000|  0%| F|  |TAMS 0x0000000089000000| PB 0x0000000089000000| Untracked |  0
|  81|0x0000000089100000, 0x0000000089100000, 0x0000000089200000|  0%| F|  |TAMS 0x0000000089100000| PB 0x0000000089100000| Untracked |  0
|  82|0x0000000089200000, 0x0000000089200000, 0x0000000089300000|  0%| F|  |TAMS 0x0000000089200000| PB 0x0000000089200000| Untracked |  0
|  83|0x0000000089300000, 0x0000000089300000, 0x0000000089400000|  0%| F|  |TAMS 0x0000000089300000| PB 0x0000000089300000| Untracked |  0
|  84|0x0000000089400000, 0x0000000089400000, 0x0000000089500000|  0%| F|  |TAMS 0x0000000089400000| PB 0x0000000089400000| Untracked |  0
|  85|0x0000000089500000, 0x0000000089500000, 0x0000000089600000|  0%| F|  |TAMS 0x0000000089500000| PB 0x0000000089500000| Untracked |  0
|  86|0x0000000089600000, 0x0000000089600000, 0x0000000089700000|  0%| F|  |TAMS 0x0000000089600000| PB 0x0000000089600000| Untracked |  0
|  87|0x0000000089700000, 0x0000000089700000, 0x0000000089800000|  0%| F|  |TAMS 0x0000000089700000| PB 0x0000000089700000| Untracked |  0
|  88|0x0000000089800000, 0x0000000089800000, 0x0000000089900000|  0%| F|  |TAMS 0x0000000089800000| PB 0x0000000089800000| Untracked |  0
|  89|0x0000000089900000, 0x0000000089900000, 0x0000000089a00000|  0%| F|  |TAMS 0x0000000089900000| PB 0x0000000089900000| Untracked |  0
|  90|0x0000000089a00000, 0x0000000089a00000, 0x0000000089b00000|  0%| F|  |TAMS 0x0000000089a00000| PB 0x0000000089a00000| Untracked |  0
|  91|0x0000000089b00000, 0x0000000089b00000, 0x0000000089c00000|  0%| F|  |TAMS 0x0000000089b00000| PB 0x0000000089b00000| Untracked |  0
|  92|0x0000000089c00000, 0x0000000089c00000, 0x0000000089d00000|  0%| F|  |TAMS 0x0000000089c00000| PB 0x0000000089c00000| Untracked |  0
|  93|0x0000000089d00000, 0x0000000089d00000, 0x0000000089e00000|  0%| F|  |TAMS 0x0000000089d00000| PB 0x0000000089d00000| Untracked |  0
|  94|0x0000000089e00000, 0x0000000089e00000, 0x0000000089f00000|  0%| F|  |TAMS 0x0000000089e00000| PB 0x0000000089e00000| Untracked |  0
|  95|0x0000000089f00000, 0x0000000089f00000, 0x000000008a000000|  0%| F|  |TAMS 0x0000000089f00000| PB 0x0000000089f00000| Untracked |  0
|  96|0x000000008a000000, 0x000000008a000000, 0x000000008a100000|  0%| F|  |TAMS 0x000000008a000000| PB 0x000000008a000000| Untracked |  0
|  97|0x000000008a100000, 0x000000008a100000, 0x000000008a200000|  0%| F|  |TAMS 0x000000008a100000| PB 0x000000008a100000| Untracked |  0
|  98|0x000000008a200000, 0x000000008a200000, 0x000000008a300000|  0%| F|  |TAMS 0x000000008a200000| PB 0x000000008a200000| Untracked |  0
|  99|0x000000008a300000, 0x000000008a300000, 0x000000008a400000|  0%| F|  |TAMS 0x000000008a300000| PB 0x000000008a300000| Untracked |  0
| 100|0x000000008a400000, 0x000000008a400000, 0x000000008a500000|  0%| F|  |TAMS 0x000000008a400000| PB 0x000000008a400000| Untracked |  0
| 101|0x000000008a500000, 0x000000008a500000, 0x000000008a600000|  0%| F|  |TAMS 0x000000008a500000| PB 0x000000008a500000| Untracked |  0
| 102|0x000000008a600000, 0x000000008a600000, 0x000000008a700000|  0%| F|  |TAMS 0x000000008a600000| PB 0x000000008a600000| Untracked |  0
| 103|0x000000008a700000, 0x000000008a700000, 0x000000008a800000|  0%| F|  |TAMS 0x000000008a700000| PB 0x000000008a700000| Untracked |  0
| 104|0x000000008a800000, 0x000000008a800000, 0x000000008a900000|  0%| F|  |TAMS 0x000000008a800000| PB 0x000000008a800000| Untracked |  0
| 105|0x000000008a900000, 0x000000008a900000, 0x000000008aa00000|  0%| F|  |TAMS 0x000000008a900000| PB 0x000000008a900000| Untracked |  0
| 106|0x000000008aa00000, 0x000000008aa00000, 0x000000008ab00000|  0%| F|  |TAMS 0x000000008aa00000| PB 0x000000008aa00000| Untracked |  0
| 107|0x000000008ab00000, 0x000000008ab651c0, 0x000000008ac00000| 39%| S|CS|TAMS 0x000000008ab00000| PB 0x000000008ab00000| Complete |  0
| 108|0x000000008ac00000, 0x000000008ac00000, 0x000000008ad00000|  0%| F|  |TAMS 0x000000008ac00000| PB 0x000000008ac00000| Untracked |  0
| 109|0x000000008ad00000, 0x000000008ad00000, 0x000000008ae00000|  0%| F|  |TAMS 0x000000008ad00000| PB 0x000000008ad00000| Untracked |  0
| 110|0x000000008ae00000, 0x000000008af00000, 0x000000008af00000|100%| S|CS|TAMS 0x000000008ae00000| PB 0x000000008ae00000| Complete |  0
| 111|0x000000008af00000, 0x000000008af00000, 0x000000008b000000|  0%| F|  |TAMS 0x000000008af00000| PB 0x000000008af00000| Untracked |  0
| 112|0x000000008b000000, 0x000000008b000000, 0x000000008b100000|  0%| F|  |TAMS 0x000000008b000000| PB 0x000000008b000000| Untracked |  0
| 113|0x000000008b100000, 0x000000008b100000, 0x000000008b200000|  0%| F|  |TAMS 0x000000008b100000| PB 0x000000008b100000| Untracked |  0
| 114|0x000000008b200000, 0x000000008b200000, 0x000000008b300000|  0%| F|  |TAMS 0x000000008b200000| PB 0x000000008b200000| Untracked |  0
| 115|0x000000008b300000, 0x000000008b300000, 0x000000008b400000|  0%| F|  |TAMS 0x000000008b300000| PB 0x000000008b300000| Untracked |  0
| 116|0x000000008b400000, 0x000000008b400000, 0x000000008b500000|  0%| F|  |TAMS 0x000000008b400000| PB 0x000000008b400000| Untracked |  0
| 117|0x000000008b500000, 0x000000008b52b2f8, 0x000000008b600000| 16%| E|  |TAMS 0x000000008b500000| PB 0x000000008b500000| Complete |  0
| 118|0x000000008b600000, 0x000000008b700000, 0x000000008b700000|100%| E|CS|TAMS 0x000000008b600000| PB 0x000000008b600000| Complete |  0
| 119|0x000000008b700000, 0x000000008b800000, 0x000000008b800000|100%| E|CS|TAMS 0x000000008b700000| PB 0x000000008b700000| Complete |  0
| 120|0x000000008b800000, 0x000000008b900000, 0x000000008b900000|100%| E|CS|TAMS 0x000000008b800000| PB 0x000000008b800000| Complete |  0
| 121|0x000000008b900000, 0x000000008ba00000, 0x000000008ba00000|100%| E|CS|TAMS 0x000000008b900000| PB 0x000000008b900000| Complete |  0
| 122|0x000000008ba00000, 0x000000008bb00000, 0x000000008bb00000|100%| E|  |TAMS 0x000000008ba00000| PB 0x000000008ba00000| Complete |  0
| 123|0x000000008bb00000, 0x000000008bc00000, 0x000000008bc00000|100%| E|CS|TAMS 0x000000008bb00000| PB 0x000000008bb00000| Complete |  0

Card table byte_map: [0x000002aaf4220000,0x000002aaf4600000] _byte_map_base: 0x000002aaf3e00000

Marking Bits: (CMBitMap*) 0x000002aadc77fb00
 Bits: [0x000002aaf4600000, 0x000002aaf6500000)

Polling page: 0x000002aada3b0000

Metaspace:

Usage:
  Non-class:     12.85 MB used.
      Class:      1.56 MB used.
       Both:     14.41 MB used.

Virtual space:
  Non-class space:       64.00 MB reserved,      13.00 MB ( 20%) committed,  1 nodes.
      Class space:        1.00 GB reserved,       1.69 MB ( <1%) committed,  1 nodes.
             Both:        1.06 GB reserved,      14.69 MB (  1%) committed. 

Chunk freelists:
   Non-Class:  2.80 MB
       Class:  14.14 MB
        Both:  16.94 MB

MaxMetaspaceSize: unlimited
CompressedClassSpaceSize: 1.00 GB
Initial GC threshold: 21.00 MB
Current GC threshold: 21.00 MB
CDS: on
 - commit_granule_bytes: 65536.
 - commit_granule_words: 8192.
 - virtual_space_node_default_size: 8388608.
 - enlarge_chunks_in_place: 1.
 - use_allocation_guard: 0.


Internal statistics:

num_allocs_failed_limit: 0.
num_arena_births: 254.
num_arena_deaths: 0.
num_vsnodes_births: 2.
num_vsnodes_deaths: 0.
num_space_committed: 235.
num_space_uncommitted: 0.
num_chunks_returned_to_freelist: 0.
num_chunks_taken_from_freelist: 450.
num_chunk_merges: 0.
num_chunk_splits: 262.
num_chunks_enlarged: 141.
num_inconsistent_stats: 0.

CodeHeap 'non-profiled nmethods': size=120064Kb used=566Kb max_used=566Kb free=119497Kb
 bounds [0x000002aaec900000, 0x000002aaecb70000, 0x000002aaf3e40000]
CodeHeap 'profiled nmethods': size=120000Kb used=2265Kb max_used=2265Kb free=117734Kb
 bounds [0x000002aae4e40000, 0x000002aae50b0000, 0x000002aaec370000]
CodeHeap 'non-nmethods': size=5696Kb used=1602Kb max_used=1613Kb free=4093Kb
 bounds [0x000002aaec370000, 0x000002aaec5e0000, 0x000002aaec900000]
CodeCache: size=245760Kb, used=4433Kb, max_used=4444Kb, free=241324Kb
 total_blobs=2323, nmethods=1755, adapters=474, full_count=0
Compilation: enabled, stopped_count=0, restarted_count=0

Compilation events (20 events):
Event: 0.971 Thread 0x000002aaf8a20cf0 1742       3       java.util.Collections::emptyList (4 bytes)
Event: 0.971 Thread 0x000002aaf8a20cf0 nmethod 1742 0x000002aae5071208 code [0x000002aae5071320, 0x000002aae5071418]
Event: 0.971 Thread 0x000002aaf8a20cf0 1741       3       java.security.Provider::getEngineName (49 bytes)
Event: 0.971 Thread 0x000002aaf8a20cf0 nmethod 1741 0x000002aae5071508 code [0x000002aae50716a0, 0x000002aae5071e98]
Event: 0.971 Thread 0x000002aaf8a20cf0 1745       3       java.util.ImmutableCollections$List12::<init> (21 bytes)
Event: 0.972 Thread 0x000002aaf8a20cf0 nmethod 1745 0x000002aae5071f08 code [0x000002aae5072080, 0x000002aae5072660]
Event: 0.973 Thread 0x000002aaf8a20cf0 1746       3       jdk.internal.misc.CarrierThreadLocal::get (10 bytes)
Event: 0.973 Thread 0x000002aaf8a20cf0 nmethod 1746 0x000002aae5072708 code [0x000002aae5072840, 0x000002aae5072b00]
Event: 0.973 Thread 0x000002aaf8a20cf0 1747       3       java.lang.Character::codePointAt (51 bytes)
Event: 0.974 Thread 0x000002aaf8a20cf0 nmethod 1747 0x000002aae5072b88 code [0x000002aae5072d00, 0x000002aae5073328]
Event: 0.976 Thread 0x000002aaf8a20cf0 1748       3       java.io.BufferedReader::ensureOpen (18 bytes)
Event: 0.977 Thread 0x000002aaf8a20cf0 nmethod 1748 0x000002aae5073388 code [0x000002aae50734c0, 0x000002aae50736c8]
Event: 0.977 Thread 0x000002aaf8a20cf0 1749       3       java.io.StreamTokenizer::read (38 bytes)
Event: 0.977 Thread 0x000002aaf8a20cf0 nmethod 1749 0x000002aae5073708 code [0x000002aae5073860, 0x000002aae5073c58]
Event: 0.980 Thread 0x000002aaf8a20cf0 1750       3       java.security.Provider::checkInitialized (16 bytes)
Event: 0.980 Thread 0x000002aaf8a20cf0 nmethod 1750 0x000002aae5073c88 code [0x000002aae5073dc0, 0x000002aae5073fd8]
Event: 0.983 Thread 0x000002aaf8a20cf0 1751       3       java.lang.invoke.MemberName::isCallerSensitive (8 bytes)
Event: 0.984 Thread 0x000002aaf8a20cf0 nmethod 1751 0x000002aae5074008 code [0x000002aae5074120, 0x000002aae50742e8]
Event: 0.984 Thread 0x000002aaf8a20cf0 1752       3       java.lang.invoke.MethodHandles$Lookup::getDirectConstructorCommon (69 bytes)
Event: 0.984 Thread 0x000002aaf8a20cf0 nmethod 1752 0x000002aae5074308 code [0x000002aae50744a0, 0x000002aae50749e0]

GC Heap History (4 events):
Event: 0.488 GC heap before
{Heap before GC invocations=0 (full 0):
 garbage-first heap   total reserved 2031616K, committed 126976K, used 15360K [0x0000000084000000, 0x0000000100000000)
  region size 1024K, 14 young (14336K), 0 survivors (0K)
 Metaspace       used 7918K, committed 8128K, reserved 1114112K
  class space    used 842K, committed 960K, reserved 1048576K
}
Event: 0.495 GC heap after
{Heap after GC invocations=1 (full 0):
 garbage-first heap   total reserved 2031616K, committed 126976K, used 4224K [0x0000000084000000, 0x0000000100000000)
  region size 1024K, 2 young (2048K), 2 survivors (2048K)
 Metaspace       used 7918K, committed 8128K, reserved 1114112K
  class space    used 842K, committed 960K, reserved 1048576K
}
Event: 0.814 GC heap before
{Heap before GC invocations=1 (full 0):
 garbage-first heap   total reserved 2031616K, committed 126976K, used 16512K [0x0000000084000000, 0x0000000100000000)
  region size 1024K, 15 young (15360K), 2 survivors (2048K)
 Metaspace       used 12451K, committed 12800K, reserved 1114112K
  class space    used 1357K, committed 1536K, reserved 1048576K
}
Event: 0.820 GC heap after
{Heap after GC invocations=2 (full 0):
 garbage-first heap   total reserved 2031616K, committed 126976K, used 5631K [0x0000000084000000, 0x0000000100000000)
  region size 1024K, 2 young (2048K), 2 survivors (2048K)
 Metaspace       used 12451K, committed 12800K, reserved 1114112K
  class space    used 1357K, committed 1536K, reserved 1048576K
}

Dll operation events (12 events):
Event: 0.024 Loaded shared library C:\Users\User\.jdks\openjdk-23\bin\java.dll
Event: 0.025 Loaded shared library C:\Users\User\.jdks\openjdk-23\bin\zip.dll
Event: 0.060 Loaded shared library C:\Users\User\.jdks\openjdk-23\bin\jsvml.dll
Event: 0.124 Loaded shared library C:\Users\User\.jdks\openjdk-23\bin\instrument.dll
Event: 0.132 Loaded shared library C:\Users\User\.jdks\openjdk-23\bin\net.dll
Event: 0.134 Loaded shared library C:\Users\User\.jdks\openjdk-23\bin\nio.dll
Event: 0.142 Loaded shared library C:\Users\User\.jdks\openjdk-23\bin\zip.dll
Event: 0.174 Loaded shared library C:\Users\User\.jdks\openjdk-23\bin\extnet.dll
Event: 0.200 Loaded shared library C:\Users\User\.jdks\openjdk-23\bin\verify.dll
Event: 0.298 Loaded shared library C:\Users\User\.jdks\openjdk-23\bin\jimage.dll
Event: 0.379 Loaded shared library C:\Users\User\.jdks\openjdk-23\bin\management.dll
Event: 0.394 Loaded shared library C:\Users\User\.jdks\openjdk-23\bin\management_ext.dll

Deoptimization events (20 events):
Event: 0.899 Thread 0x000002aadc727110 Uncommon trap: trap_request=0xffffff45 fr.pc=0x000002aaec95c920 relative=0x00000000000002e0
Event: 0.899 Thread 0x000002aadc727110 Uncommon trap: reason=unstable_if action=reinterpret pc=0x000002aaec95c920 method=java.lang.StringLatin1.compareToCI([B[B)I @ 68 c2
Event: 0.899 Thread 0x000002aadc727110 DEOPT PACKING pc=0x000002aaec95c920 sp=0x000000bc430fbf00
Event: 0.899 Thread 0x000002aadc727110 DEOPT UNPACKING pc=0x000002aaec3c7982 sp=0x000000bc430fbd80 mode 2
Event: 0.899 Thread 0x000002aadc727110 Uncommon trap: trap_request=0xffffff45 fr.pc=0x000002aaec95a5e8 relative=0x0000000000000248
Event: 0.899 Thread 0x000002aadc727110 Uncommon trap: reason=unstable_if action=reinterpret pc=0x000002aaec95a5e8 method=java.lang.StringLatin1.compareToCI([B[B)I @ 68 c2
Event: 0.899 Thread 0x000002aadc727110 DEOPT PACKING pc=0x000002aaec95a5e8 sp=0x000000bc430fbe20
Event: 0.899 Thread 0x000002aadc727110 DEOPT UNPACKING pc=0x000002aaec3c7982 sp=0x000000bc430fbd98 mode 2
Event: 0.957 Thread 0x000002aadc727110 Uncommon trap: trap_request=0xffffff45 fr.pc=0x000002aaec96e83c relative=0x00000000000000bc
Event: 0.957 Thread 0x000002aadc727110 Uncommon trap: reason=unstable_if action=reinterpret pc=0x000002aaec96e83c method=java.lang.ref.SoftReference.get()Ljava/lang/Object; @ 6 c2
Event: 0.957 Thread 0x000002aadc727110 DEOPT PACKING pc=0x000002aaec96e83c sp=0x000000bc430fbfd0
Event: 0.957 Thread 0x000002aadc727110 DEOPT UNPACKING pc=0x000002aaec3c7982 sp=0x000000bc430fbf88 mode 2
Event: 0.975 Thread 0x000002aadc727110 Uncommon trap: trap_request=0xffffff45 fr.pc=0x000002aaec983508 relative=0x0000000000000288
Event: 0.975 Thread 0x000002aadc727110 Uncommon trap: reason=unstable_if action=reinterpret pc=0x000002aaec983508 method=java.lang.CharacterDataLatin1.equalsIgnoreCase(BB)Z @ 54 c2
Event: 0.975 Thread 0x000002aadc727110 DEOPT PACKING pc=0x000002aaec983508 sp=0x000000bc430fa420
Event: 0.975 Thread 0x000002aadc727110 DEOPT UNPACKING pc=0x000002aaec3c7982 sp=0x000000bc430fa318 mode 2
Event: 0.975 Thread 0x000002aadc727110 Uncommon trap: trap_request=0xffffff45 fr.pc=0x000002aaec956680 relative=0x0000000000000080
Event: 0.975 Thread 0x000002aadc727110 Uncommon trap: reason=unstable_if action=reinterpret pc=0x000002aaec956680 method=java.lang.CharacterDataLatin1.equalsIgnoreCase(BB)Z @ 54 c2
Event: 0.975 Thread 0x000002aadc727110 DEOPT PACKING pc=0x000002aaec956680 sp=0x000000bc430fa300
Event: 0.975 Thread 0x000002aadc727110 DEOPT UNPACKING pc=0x000002aaec3c7982 sp=0x000000bc430fa290 mode 2

Classes loaded (20 events):
Event: 0.982 Loading class com/sun/crypto/provider/FeedbackCipher
Event: 0.982 Loading class com/sun/crypto/provider/FeedbackCipher done
Event: 0.982 Loading class com/sun/crypto/provider/ElectronicCodeBook done
Event: 0.982 Loading class com/sun/crypto/provider/PKCS5Padding
Event: 0.982 Loading class com/sun/crypto/provider/Padding
Event: 0.982 Loading class com/sun/crypto/provider/Padding done
Event: 0.982 Loading class com/sun/crypto/provider/PKCS5Padding done
Event: 0.982 Loading class com/sun/crypto/provider/CipherBlockChaining
Event: 0.982 Loading class com/sun/crypto/provider/CipherBlockChaining done
Event: 0.983 Loading class sun/security/ssl/SSLCipher$T11BlockReadCipherGenerator
Event: 0.983 Loading class sun/security/ssl/SSLCipher$T11BlockReadCipherGenerator done
Event: 0.983 Loading class sun/security/ssl/SSLCipher$T11BlockWriteCipherGenerator
Event: 0.983 Loading class sun/security/ssl/SSLCipher$T11BlockWriteCipherGenerator done
Event: 0.983 Loading class javax/crypto/JceSecurityManager
Event: 0.983 Loading class javax/crypto/JceSecurityManager done
Event: 0.984 Loading class java/util/Vector$1
Event: 0.984 Loading class java/util/Vector$1 done
Event: 0.984 Loading class com/sun/crypto/provider/DESedeCipher
Event: 0.984 Loading class com/sun/crypto/provider/DESedeCipher done
Event: 0.985 Loading class com/sun/crypto/provider/DESedeCrypt

Classes unloaded (0 events):
No events

Classes redefined (1 events):
Event: 0.187 Thread 0x000002aaf89c3570 redefined class name=java.lang.Throwable, count=1

Internal exceptions (20 events):
Event: 0.400 Thread 0x000002aaf89e16a0 Exception <a 'java/lang/NoSuchMethodError'{0x000000008b1a9e08}: 'int java.lang.invoke.DirectMethodHandle$Holder.invokeInterface(java.lang.Object, java.lang.Object)'> (0x000000008b1a9e08) 
thrown [s\open\src\hotspot\share\interpreter\linkResolver.cpp, line 796]
Event: 0.400 Thread 0x000002aaf89e16a0 Exception <a 'java/lang/IncompatibleClassChangeError'{0x000000008b1ad050}: Found class java.lang.Object, but interface was expected> (0x000000008b1ad050) 
thrown [s\open\src\hotspot\share\interpreter\linkResolver.cpp, line 863]
Event: 0.447 Thread 0x000002aaf89e16a0 Exception <a 'java/lang/NoSuchMethodError'{0x000000008af752d0}: 'int java.lang.invoke.DirectMethodHandle$Holder.invokeSpecial(java.lang.Object, java.lang.Object, java.lang.Object)'> (0x000000008af752d0) 
thrown [s\open\src\hotspot\share\interpreter\linkResolver.cpp, line 796]
Event: 0.463 Thread 0x000002aadc727110 Exception <a 'java/lang/NoSuchMethodError'{0x000000008afbb3c0}: 'long java.lang.invoke.DirectMethodHandle$Holder.invokeSpecial(java.lang.Object, java.lang.Object)'> (0x000000008afbb3c0) 
thrown [s\open\src\hotspot\share\interpreter\linkResolver.cpp, line 796]
Event: 0.464 Thread 0x000002aadc727110 Exception <a 'java/lang/NoSuchMethodError'{0x000000008afbe820}: 'long java.lang.invoke.Invokers$Holder.invokeExact_MT(java.lang.Object, java.lang.Object)'> (0x000000008afbe820) 
thrown [s\open\src\hotspot\share\interpreter\linkResolver.cpp, line 796]
Event: 0.512 Thread 0x000002aaf89e16a0 Exception <a 'java/lang/NoSuchMethodError'{0x000000008ba57110}: 'java.lang.Object java.lang.invoke.DirectMethodHandle$Holder.invokeStaticInit(java.lang.Object, java.lang.Object, java.lang.Object)'> (0x000000008ba57110) 
thrown [s\open\src\hotspot\share\interpreter\linkResolver.cpp, line 796]
Event: 0.679 Thread 0x000002aaf89e16a0 Exception <a 'java/lang/NoSuchMethodError'{0x000000008b5fb1c8}: 'java.lang.Object java.lang.invoke.DirectMethodHandle$Holder.invokeStaticInit(java.lang.Object, int, int, int, int)'> (0x000000008b5fb1c8) 
thrown [s\open\src\hotspot\share\interpreter\linkResolver.cpp, line 796]
Event: 0.708 Thread 0x000002aaf89e16a0 Exception <a 'java/lang/NoSuchMethodError'{0x000000008b3047a0}: 'java.lang.Object java.lang.invoke.DirectMethodHandle$Holder.invokeStaticInit(java.lang.Object, java.lang.Object, int, int, int, int)'> (0x000000008b3047a0) 
thrown [s\open\src\hotspot\share\interpreter\linkResolver.cpp, line 796]
Event: 0.721 Thread 0x000002aadc727110 Exception <a 'java/lang/NoSuchMethodError'{0x000000008b44ddf8}: 'java.lang.Object java.lang.invoke.DirectMethodHandle$Holder.invokeVirtual(java.lang.Object, java.lang.Object, java.lang.Object)'> (0x000000008b44ddf8) 
thrown [s\open\src\hotspot\share\interpreter\linkResolver.cpp, line 796]
Event: 0.726 Thread 0x000002aaf89e16a0 Exception <a 'java/lang/ClassNotFoundException'{0x000000008b344de8}: javax/management/remote/rmi/RMIServerImpl_Skel> (0x000000008b344de8) 
thrown [s\open\src\hotspot\share\classfile\systemDictionary.cpp, line 313]
Event: 0.778 Thread 0x000002aac682b8d0 Exception <a 'java/lang/NoSuchMethodError'{0x000000008b007168}: static [B.<clinit>()V> (0x000000008b007168) 
thrown [s\open\src\hotspot\share\prims\jni.cpp, line 1111]
Event: 0.780 Thread 0x000002aac682b8d0 Exception <a 'java/lang/NoSuchMethodError'{0x000000008b00bd88}: 'java.lang.Object java.lang.invoke.DirectMethodHandle$Holder.invokeInterface(java.lang.Object, java.lang.Object, java.lang.Object)'> (0x000000008b00bd88) 
thrown [s\open\src\hotspot\share\interpreter\linkResolver.cpp, line 796]
Event: 0.792 Thread 0x000002aac682b8d0 Exception <a 'java/lang/ClassNotFoundException'{0x000000008b0be318}: javax/management/remote/rmi/RMIConnectionImpl_Skel> (0x000000008b0be318) 
thrown [s\open\src\hotspot\share\classfile\systemDictionary.cpp, line 313]
Event: 0.801 Thread 0x000002aac682a520 Exception <a 'java/lang/NoSuchMethodError'{0x000000008af3daa8}: 'java.lang.Object java.lang.invoke.Invokers$Holder.linkToTargetMethod(java.lang.Object, long, java.lang.Object)'> (0x000000008af3daa8) 
thrown [s\open\src\hotspot\share\interpreter\linkResolver.cpp, line 796]
Event: 0.808 Thread 0x000002aac682b8d0 Exception <a 'java/lang/NoSuchMethodError'{0x000000008af5fd78}: 'int java.lang.invoke.DelegatingMethodHandle$Holder.reinvoke_L(java.lang.Object, java.lang.Object, java.lang.Object, java.lang.Object, java.lang.Object)'> (0x000000008af5fd78) 
thrown [s\open\src\hotspot\share\interpreter\linkResolver.cpp, line 796]
Event: 0.813 Thread 0x000002aac682b8d0 Exception <a 'java/lang/NoSuchMethodError'{0x000000008afeaf28}: 'java.lang.Object java.lang.invoke.DirectMethodHandle$Holder.invokeInterface(java.lang.Object, java.lang.Object, java.lang.Object, java.lang.Object, java.lang.Object)'> (0x000000008afeaf28) 
thrown [s\open\src\hotspot\share\interpreter\linkResolver.cpp, line 796]
Event: 0.825 Thread 0x000002aac682b8d0 Exception <a 'java/lang/NoSuchMethodError'{0x000000008bba5490}: 'double java.lang.invoke.DirectMethodHandle$Holder.invokeInterface(java.lang.Object, java.lang.Object)'> (0x000000008bba5490) 
thrown [s\open\src\hotspot\share\interpreter\linkResolver.cpp, line 796]
Event: 0.826 Thread 0x000002aac682b8d0 Exception <a 'java/lang/NoSuchMethodError'{0x000000008bbd60f0}: 'double java.lang.invoke.DelegatingMethodHandle$Holder.reinvoke_L(java.lang.Object, java.lang.Object)'> (0x000000008bbd60f0) 
thrown [s\open\src\hotspot\share\interpreter\linkResolver.cpp, line 796]
Event: 0.892 Thread 0x000002aadc727110 Exception <a 'java/lang/NoSuchMethodError'{0x000000008b9ee1b8}: 'void java.lang.invoke.DirectMethodHandle$Holder.invokeStaticInit(java.lang.Object, java.lang.Object)'> (0x000000008b9ee1b8) 
thrown [s\open\src\hotspot\share\interpreter\linkResolver.cpp, line 796]
Event: 0.972 Thread 0x000002aadc727110 Exception <a 'sun/nio/fs/WindowsException'{0x000000008b6a1108}> (0x000000008b6a1108) 
thrown [s\open\src\hotspot\share\prims\jni.cpp, line 520]

VM Operations (20 events):
Event: 0.530 Executing VM operation: HandshakeAllThreads (Deoptimize)
Event: 0.530 Executing VM operation: HandshakeAllThreads (Deoptimize) done
Event: 0.624 Executing VM operation: HandshakeAllThreads (Deoptimize)
Event: 0.624 Executing VM operation: HandshakeAllThreads (Deoptimize) done
Event: 0.633 Executing VM operation: HandshakeAllThreads (Deoptimize)
Event: 0.633 Executing VM operation: HandshakeAllThreads (Deoptimize) done
Event: 0.685 Executing VM operation: HandshakeAllThreads (Deoptimize)
Event: 0.685 Executing VM operation: HandshakeAllThreads (Deoptimize) done
Event: 0.789 Executing VM operation: HandshakeAllThreads (Deoptimize)
Event: 0.790 Executing VM operation: HandshakeAllThreads (Deoptimize) done
Event: 0.814 Executing VM operation: G1CollectForAllocation (G1 Evacuation Pause)
Event: 0.820 Executing VM operation: G1CollectForAllocation (G1 Evacuation Pause) done
Event: 0.903 Executing VM operation: HandshakeAllThreads (Deoptimize)
Event: 0.903 Executing VM operation: HandshakeAllThreads (Deoptimize) done
Event: 0.945 Executing VM operation: HandshakeAllThreads (Deoptimize)
Event: 0.945 Executing VM operation: HandshakeAllThreads (Deoptimize) done
Event: 0.973 Executing VM operation: HandshakeAllThreads (Deoptimize)
Event: 0.973 Executing VM operation: HandshakeAllThreads (Deoptimize) done
Event: 0.978 Executing VM operation: HandshakeAllThreads (Deoptimize)
Event: 0.978 Executing VM operation: HandshakeAllThreads (Deoptimize) done

Memory protections (0 events):
No events

Nmethod flushes (0 events):
No events

Events (18 events):
Event: 0.042 Thread 0x000002aadc727110 Thread added: 0x000002aadc727110
Event: 0.057 Thread 0x000002aadc727110 Thread added: 0x000002aaf89dde10
Event: 0.057 Thread 0x000002aadc727110 Thread added: 0x000002aaf89deb30
Event: 0.058 Thread 0x000002aadc727110 Thread added: 0x000002aaf89dfad0
Event: 0.058 Thread 0x000002aadc727110 Thread added: 0x000002aaf89e16a0
Event: 0.058 Thread 0x000002aadc727110 Thread added: 0x000002aaf89e2100
Event: 0.058 Thread 0x000002aadc727110 Thread added: 0x000002aaf89e6b70
Event: 0.058 Thread 0x000002aadc727110 Thread added: 0x000002aaf89ffe20
Event: 0.058 Thread 0x000002aadc727110 Thread added: 0x000002aaf8a20cf0
Event: 0.095 Thread 0x000002aadc727110 Thread added: 0x000002aac512b1b0
Event: 0.154 Thread 0x000002aadc727110 Thread added: 0x000002aac52c7f20
Event: 0.190 Thread 0x000002aadc727110 Thread added: 0x000002aac532f510
Event: 0.339 Thread 0x000002aaf8a20cf0 Thread added: 0x000002aac5705ed0
Event: 0.518 Thread 0x000002aadc727110 Thread added: 0x000002aac5f650e0
Event: 0.737 Thread 0x000002aaf89e16a0 Thread added: 0x000002aac64c57e0
Event: 0.748 Thread 0x000002aac64c57e0 Thread added: 0x000002aac682b8d0
Event: 0.776 Thread 0x000002aac682b8d0 Thread added: 0x000002aac6828ae0
Event: 0.787 Thread 0x000002aac682b8d0 Thread added: 0x000002aac682a520


Dynamic libraries:
0x00007ff72ac80000 - 0x00007ff72ac8e000 	C:\Users\User\.jdks\openjdk-23\bin\java.exe
0x00007ffcb7650000 - 0x00007ffcb7848000 	C:\Windows\SYSTEM32\ntdll.dll
0x00007ffcb6f80000 - 0x00007ffcb703f000 	C:\Windows\System32\KERNEL32.DLL
0x00007ffcb5080000 - 0x00007ffcb5352000 	C:\Windows\System32\KERNELBASE.dll
0x00007ffcb4f80000 - 0x00007ffcb5080000 	C:\Windows\System32\ucrtbase.dll
0x00007ffcacdf0000 - 0x00007ffcace0b000 	C:\Users\User\.jdks\openjdk-23\bin\VCRUNTIME140.dll
0x00007ffcace10000 - 0x00007ffcace27000 	C:\Users\User\.jdks\openjdk-23\bin\jli.dll
0x00007ffcb5800000 - 0x00007ffcb59a1000 	C:\Windows\System32\USER32.dll
0x00007ffcb5510000 - 0x00007ffcb5532000 	C:\Windows\System32\win32u.dll
0x00007ffcb6af0000 - 0x00007ffcb6b1b000 	C:\Windows\System32\GDI32.dll
0x00007ffc9ea10000 - 0x00007ffc9ecaa000 	C:\Windows\WinSxS\amd64_microsoft.windows.common-controls_6595b64144ccf1df_6.0.19041.1110_none_60b5254171f9507e\COMCTL32.dll
0x00007ffcb5760000 - 0x00007ffcb57fe000 	C:\Windows\System32\msvcrt.dll
0x00007ffcb5360000 - 0x00007ffcb546f000 	C:\Windows\System32\gdi32full.dll
0x00007ffcb5540000 - 0x00007ffcb55dd000 	C:\Windows\System32\msvcp_win.dll
0x00007ffcb5af0000 - 0x00007ffcb5b22000 	C:\Windows\System32\IMM32.DLL
0x0000000061860000 - 0x000000006186c000 	C:\Program Files (x86)\360\Total Security\safemon\SafeWrapper.dll
0x00007ffcb5a40000 - 0x00007ffcb5aee000 	C:\Windows\System32\ADVAPI32.dll
0x00007ffcb6990000 - 0x00007ffcb6a2c000 	C:\Windows\System32\sechost.dll
0x00007ffcb5ef0000 - 0x00007ffcb6015000 	C:\Windows\System32\RPCRT4.dll
0x00007ffc81be0000 - 0x00007ffc81c8c000 	C:\Program Files (x86)\360\Total Security\safemon\libzdtp64.dll
0x00007ffcb6020000 - 0x00007ffcb6765000 	C:\Windows\System32\SHELL32.dll
0x00007ffcb5b30000 - 0x00007ffcb5b85000 	C:\Windows\System32\SHLWAPI.dll
0x00007ffcb47f0000 - 0x00007ffcb47fa000 	C:\Windows\SYSTEM32\VERSION.dll
0x00007ffcacde0000 - 0x00007ffcacdec000 	C:\Users\User\.jdks\openjdk-23\bin\vcruntime140_1.dll
0x00007ffca8d90000 - 0x00007ffca8e1e000 	C:\Users\User\.jdks\openjdk-23\bin\msvcp140.dll
0x00007ffc3f2a0000 - 0x00007ffc3ffef000 	C:\Users\User\.jdks\openjdk-23\bin\server\jvm.dll
0x00007ffcb7040000 - 0x00007ffcb70ab000 	C:\Windows\System32\WS2_32.dll
0x00007ffc9c4b0000 - 0x00007ffc9c4d7000 	C:\Windows\SYSTEM32\WINMM.dll
0x00007ffcb4bb0000 - 0x00007ffcb4bfb000 	C:\Windows\SYSTEM32\POWRPROF.dll
0x00007ffcb4b90000 - 0x00007ffcb4ba2000 	C:\Windows\SYSTEM32\UMPDC.dll
0x00007ffcb3520000 - 0x00007ffcb3532000 	C:\Windows\SYSTEM32\kernel.appcore.dll
0x00007ffcacdd0000 - 0x00007ffcacdda000 	C:\Users\User\.jdks\openjdk-23\bin\jimage.dll
0x00007ffcaf180000 - 0x00007ffcaf364000 	C:\Windows\SYSTEM32\DBGHELP.DLL
0x00007ffc97590000 - 0x00007ffc975c5000 	C:\Windows\SYSTEM32\dbgcore.DLL
0x00007ffcb4d40000 - 0x00007ffcb4dc2000 	C:\Windows\System32\bcryptPrimitives.dll
0x00007ffcabcc0000 - 0x00007ffcabccf000 	C:\Users\User\.jdks\openjdk-23\bin\instrument.dll
0x00007ffcaace0000 - 0x00007ffcaacfe000 	C:\Users\User\.jdks\openjdk-23\bin\java.dll
0x00007ffcb67d0000 - 0x00007ffcb68fa000 	C:\Windows\System32\ole32.dll
0x00007ffcb5b90000 - 0x00007ffcb5ee5000 	C:\Windows\System32\combase.dll
0x00007ffcaac60000 - 0x00007ffcaac77000 	C:\Users\User\.jdks\openjdk-23\bin\zip.dll
0x00007ffcb2a30000 - 0x00007ffcb31c2000 	C:\Windows\SYSTEM32\windows.storage.dll
0x00007ffcb4650000 - 0x00007ffcb4680000 	C:\Windows\SYSTEM32\Wldp.dll
0x00007ffcb6cd0000 - 0x00007ffcb6d7d000 	C:\Windows\System32\SHCORE.dll
0x00007ffcb4c80000 - 0x00007ffcb4c9f000 	C:\Windows\SYSTEM32\profapi.dll
0x00007ffca8cb0000 - 0x00007ffca8d87000 	C:\Users\User\.jdks\openjdk-23\bin\jsvml.dll
0x00007ffcaaca0000 - 0x00007ffcaacb0000 	C:\Users\User\.jdks\openjdk-23\bin\net.dll
0x00007ffcb43b0000 - 0x00007ffcb441a000 	C:\Windows\system32\mswsock.dll
0x00007ffcaac80000 - 0x00007ffcaac96000 	C:\Users\User\.jdks\openjdk-23\bin\nio.dll
0x00007ffcaac50000 - 0x00007ffcaac59000 	C:\Users\User\.jdks\openjdk-23\bin\extnet.dll
0x00007ffcaabb0000 - 0x00007ffcaabc0000 	C:\Users\User\.jdks\openjdk-23\bin\verify.dll
0x00007ffcb40e0000 - 0x00007ffcb41ab000 	C:\Windows\SYSTEM32\DNSAPI.dll
0x00007ffcb40a0000 - 0x00007ffcb40db000 	C:\Windows\SYSTEM32\IPHLPAPI.DLL
0x00007ffcb6ae0000 - 0x00007ffcb6ae8000 	C:\Windows\System32\NSI.dll
0x00007ffc9ea00000 - 0x00007ffc9ea0a000 	C:\Windows\System32\rasadhlp.dll
0x00007ffc9e6a0000 - 0x00007ffc9e720000 	C:\Windows\System32\fwpuclnt.dll
0x00007ffcb54e0000 - 0x00007ffcb5507000 	C:\Windows\System32\bcrypt.dll
0x00007ffcaa790000 - 0x00007ffcaa79a000 	C:\Users\User\.jdks\openjdk-23\bin\management.dll
0x00007ffcaa780000 - 0x00007ffcaa78b000 	C:\Users\User\.jdks\openjdk-23\bin\management_ext.dll
0x00007ffcb7600000 - 0x00007ffcb7608000 	C:\Windows\System32\PSAPI.DLL
0x00007ffcb45a0000 - 0x00007ffcb45b8000 	C:\Windows\SYSTEM32\CRYPTSP.dll
0x00007ffcb3cd0000 - 0x00007ffcb3d04000 	C:\Windows\system32\rsaenh.dll
0x00007ffcb4c40000 - 0x00007ffcb4c6e000 	C:\Windows\SYSTEM32\USERENV.dll
0x00007ffcb45c0000 - 0x00007ffcb45cc000 	C:\Windows\SYSTEM32\CRYPTBASE.dll
0x00007ffc90870000 - 0x00007ffc90887000 	C:\Windows\system32\napinsp.dll
0x00007ffc90850000 - 0x00007ffc9086b000 	C:\Windows\system32\pnrpnsp.dll
0x00007ffcabc30000 - 0x00007ffcabc45000 	C:\Windows\system32\wshbth.dll
0x00007ffcacbb0000 - 0x00007ffcacbcd000 	C:\Windows\system32\NLAapi.dll
0x00007ffc90830000 - 0x00007ffc90842000 	C:\Windows\System32\winrnr.dll
0x00007ffc7dd00000 - 0x00007ffc7dd49000 	C:\Windows\SYSTEM32\pdh.dll

dbghelp: loaded successfully - version: 4.0.5 - missing functions: none
symbol engine: initialized successfully - sym options: 0x614 - pdb path: .;C:\Users\User\.jdks\openjdk-23\bin;C:\Windows\SYSTEM32;C:\Windows\WinSxS\amd64_microsoft.windows.common-controls_6595b64144ccf1df_6.0.19041.1110_none_60b5254171f9507e;C:\Program Files (x86)\360\Total Security\safemon;C:\Users\User\.jdks\openjdk-23\bin\server

VM Arguments:
jvm_args: -ea -Didea.test.cyclic.buffer.size=1048576 -javaagent:C:\Program Files\JetBrains\IntelliJ IDEA 2024.3.4.1\lib\idea_rt.jar=54789 -javaagent:C:\Users\User\AppData\Local\JetBrains\IntelliJIdea2024.3\captureAgent\debugger-agent.jar -Dkotlinx.coroutines.debug.enable.creation.stack.trace=false -Ddebugger.agent.enable.coroutines=true -Dkotlinx.coroutines.debug.enable.flows.stack.trace=true -Dkotlinx.coroutines.debug.enable.mutable.state.flows.stack.trace=true -Dfile.encoding=UTF-8 -Dsun.stdout.encoding=UTF-8 -Dsun.stderr.encoding=UTF-8 
java_command: com.intellij.rt.junit.JUnitStarter -ideVersion5 -junit4 UserServiceTest
java_class_path (initial): C:\Program Files\JetBrains\IntelliJ IDEA 2024.3.4.1\lib\idea_rt.jar;C:\Program Files\JetBrains\IntelliJ IDEA 2024.3.4.1\plugins\junit\lib\junit5-rt.jar;C:\Program Files\JetBrains\IntelliJ IDEA 2024.3.4.1\plugins\junit\lib\junit-rt.jar;D:\Pre-project\ 1.1.4\target\test-classes;D:\Pre-project\ 1.1.4\target\classes;C:\Users\User\.m2\repository\junit\junit\4.13.2\junit-4.13.2.jar;C:\Users\User\.m2\repository\org\hamcrest\hamcrest-core\1.3\hamcrest-core-1.3.jar;C:\Users\User\.m2\repository\mysql\mysql-connector-java\8.0.25\mysql-connector-java-8.0.25.jar;C:\Users\User\.m2\repository\com\google\protobuf\protobuf-java\3.11.4\protobuf-java-3.11.4.jar;C:\Users\User\.m2\repository\org\hibernate\javax\persistence\hibernate-jpa-2.1-api\1.0.2.Final\hibernate-jpa-2.1-api-1.0.2.Final.jar;C:\Users\User\.m2\repository\org\hibernate\hibernate-core\5.6.3.Final\hibernate-core-5.6.3.Final.jar;C:\Users\User\.m2\repository\org\jboss\logging\jboss-logging\3.4.2.Final\jboss-logging-3.4.2.Final.jar;C:\Users\User\.m2\repository\javax\persistence\javax.persistence-api\2.2\javax.persistence-api-2.2.jar;C:\Users\User\.m2\repository\net\bytebuddy\byte-buddy\1.11.20\byte-buddy-1.11.20.jar;C:\Users\User\.m2\repository\antlr\antlr\2.7.7\antlr-2.7.7.jar;C:\Users\User\.m2\repository\org\jboss\spec\javax\transaction\jboss-transaction-api_1.2_spec\1.1.1.Final\jboss-transaction-api_1.2_spec-1.1.1.Final.jar;C:\Users\User\.m2\repository\org\jboss\jandex\2.2.3.Final\jandex-2.2.3.Final.jar;C:\Users\User\.m2\repository\com\fasterxml\classmate\1.5.1\classmate-1.5.1.jar;C:\Users\User\.m2\repository\javax\activation\javax.activation-api\1.2.0\javax.activation-api-1.2.0.jar;C:\Users\User\.m2\repository\org\hibernate\common\hibernate-commons-annotations\5.1.2.Final\hibernate-commons-annotations-5.1.2.Final.jar;C:\Users\User\.m2\repository\javax\xml\bind\jaxb-api\2.3.1\jaxb-api-2.3.1.jar;C:\Users\User\.m2\repository\org\glassfish\jaxb\jaxb-runtime\2.3.1\jaxb-runtime-2.3.1.jar;C:\Users\User\.m2\repository\org\glassfish\jaxb\txw2\2.3.1\txw2-2.3.1.jar;C:\Users\User\.m2\repository\com\sun\istack\istack-commons-runtime\3.0.7\istack-commons-runtime-3.0.7.jar;C:\Users\User\.m2\repository\org\jvnet\staxex\stax-ex\1.8\stax-ex-1.8.jar;C:\Users\User\.m2\repository\com\sun\xml\fastinfoset\FastInfoset\1.2.15\FastInfoset-1.2.15.jar
Launcher Type: SUN_STANDARD

[Global flags]
     intx CICompilerCount                          = 3                                         {product} {ergonomic}
     uint ConcGCThreads                            = 1                                         {product} {ergonomic}
     uint G1ConcRefinementThreads                  = 4                                         {product} {ergonomic}
   size_t G1HeapRegionSize                         = 1048576                                   {product} {ergonomic}
   size_t InitialHeapSize                          = 130023424                                 {product} {ergonomic}
   size_t MarkStackSize                            = 4194304                                   {product} {ergonomic}
   size_t MarkStackSizeMax                         = 536870912                                 {product} {ergonomic}
   size_t MaxHeapSize                              = 2080374784                                {product} {ergonomic}
   size_t MaxNewSize                               = 1247805440                                {product} {ergonomic}
   size_t MinHeapDeltaBytes                        = 1048576                                   {product} {ergonomic}
   size_t MinHeapSize                              = 8388608                                   {product} {ergonomic}
    uintx NonNMethodCodeHeapSize                   = 5832704                                {pd product} {ergonomic}
    uintx NonProfiledCodeHeapSize                  = 122945536                              {pd product} {ergonomic}
    uintx ProfiledCodeHeapSize                     = 122880000                              {pd product} {ergonomic}
    uintx ReservedCodeCacheSize                    = 251658240                              {pd product} {ergonomic}
     bool SegmentedCodeCache                       = true                                      {product} {ergonomic}
   size_t SoftMaxHeapSize                          = 2080374784                             {manageable} {ergonomic}
     bool UseCompressedOops                        = true                           {product lp64_product} {ergonomic}
     bool UseG1GC                                  = true                                      {product} {ergonomic}
     bool UseLargePagesIndividualAllocation        = false                                  {pd product} {ergonomic}

Logging:
Log output configuration:
 #0: stdout all=warning uptime,level,tags foldmultilines=false
 #1: stderr all=off uptime,level,tags foldmultilines=false

Environment Variables:
JAVA_HOME=C:\JAVA\jdk-23.0.1
PATH=C:\Program Files (x86)\Common Files\Intel\Shared Files\cpp\bin\Intel64;C:\Windows\system32;C:\Windows;C:\Windows\System32\Wbem;C:\Windows\System32\WindowsPowerShell\v1.0\;C:\Windows\System32\OpenSSH\;C:\Program Files\WireGuard\;C:\Users\User\Desktop\matlabfolder\runtime\win64;C:\Users\User\Desktop\matlabfolder\bin;C:\JAVA\jdk-23.0.1\bin;C:\Program Files\dotnet\;C:\Program Files\Git\cmd;C:\JAVA\apache-maven-3.9.9\bin;C:\Users\User\AppData\Local\Microsoft\WindowsApps;C:\JAVA\jdk-23.0.1\bin;;C:\Program Files\JetBrains\IntelliJ IDEA Community Edition 2024.3\bin;;C:\Users\User\.dotnet\tools
USERNAME=User
OS=Windows_NT
PROCESSOR_IDENTIFIER=Intel64 Family 6 Model 126 Stepping 5, GenuineIntel
TMP=C:\Users\User\AppData\Local\Temp
TEMP=C:\Users\User\AppData\Local\Temp




Periodic native trim disabled

---------------  S Y S T E M  ---------------

OS:
 Windows 10 , 64 bit Build 19041 (10.0.19041.2546)
OS uptime: 0 days 12:36 hours

CPU: total 4 (initial active 4) (2 cores per cpu, 2 threads per core) family 6 model 126 stepping 5 microcode 0xa0, cx8, cmov, fxsr, ht, mmx, 3dnowpref, sse, sse2, sse3, ssse3, sse4.1, sse4.2, popcnt, lzcnt, tsc, tscinvbit, avx, avx2, aes, erms, clmul, bmi1, bmi2, adx, avx512f, avx512dq, avx512cd, avx512bw, avx512vl, sha, fma, vzeroupper, avx512_vpopcntdq, avx512_vpclmulqdq, avx512_vaes, avx512_vnni, clflush, clflushopt, avx512_vbmi2, avx512_vbmi, rdtscp, rdpid, fsrm, gfni, avx512_bitalg, f16c, pku, avx512_ifma
Processor Information for the first 4 processors :
  Max Mhz: 1190, Current Mhz: 1190, Mhz Limit: 1190

Memory: 4k page, system-wide physical 7933M (913M free)
TotalPageFile size 9981M (AvailPageFile size 5M)
current process WorkingSet (physical memory assigned to process): 102M, peak: 102M
current process commit charge ("private bytes"): 236M, peak: 237M

vm_info: OpenJDK 64-Bit Server VM (23+37-2369) for windows-amd64 JRE (23+37-2369), built on 2024-08-20T16:01:23Z with MS VC++ 17.6 (VS2022)

END.
