#
# There is insufficient memory for the Java Runtime Environment to continue.
# Native memory allocation (malloc) failed to allocate 32744 bytes. Error detail: Chunk::new
# Possible reasons:
#   The system is out of physical RAM or swap space
#   This process is running with CompressedOops enabled, and the Java Heap may be blocking the growth of the native heap
# Possible solutions:
#   Reduce memory load on the system
#   Increase physical memory or swap space
#   Check if swap backing store is full
#   Decrease Java heap size (-Xmx/-Xms)
#   Decrease number of Java threads
#   Decrease Java thread stack sizes (-Xss)
#   Set larger code cache with -XX:ReservedCodeCacheSize=
#   JVM is running with Unscaled Compressed Oops mode in which the Java heap is
#     placed in the first 4GB address space. The Java Heap base address is the
#     maximum limit for the native heap growth. Please use -XX:HeapBaseMinAddress
#     to set the Java Heap base and to place the Java Heap above 4GB virtual address.
# This output file may be truncated or incomplete.
#
#  Out of Memory Error (arena.cpp:149), pid=16112, tid=17304
#
# JRE version: OpenJDK Runtime Environment (23.0.2+7) (build 23.0.2+7-58)
# Java VM: OpenJDK 64-Bit Server VM (23.0.2+7-58, mixed mode, sharing, tiered, compressed oops, compressed class ptrs, g1 gc, windows-amd64)
# No core dump will be written. Minidumps are not enabled by default on client versions of Windows
#

---------------  S U M M A R Y ------------

Command Line: -ea -Didea.test.cyclic.buffer.size=1048576 -javaagent:C:\Program Files\JetBrains\IntelliJ IDEA 2024.3.4.1\lib\idea_rt.jar=65414 -javaagent:C:\Users\User\AppData\Local\JetBrains\IntelliJIdea2024.3\captureAgent\debugger-agent.jar -Dkotlinx.coroutines.debug.enable.creation.stack.trace=false -Ddebugger.agent.enable.coroutines=true -Dkotlinx.coroutines.debug.enable.flows.stack.trace=true -Dkotlinx.coroutines.debug.enable.mutable.state.flows.stack.trace=true -Dfile.encoding=UTF-8 -Dsun.stdout.encoding=UTF-8 -Dsun.stderr.encoding=UTF-8 com.intellij.rt.junit.JUnitStarter -ideVersion5 -junit4 UserServiceTest

Host: Intel(R) Core(TM) i3-1005G1 CPU @ 1.20GHz, 4 cores, 7G,  Windows 10 , 64 bit Build 19041 (10.0.19041.2546)
Time: Thu Mar 20 19:05:29 2025 RTZ 2 (s 10 , 64 bit Build 19041 (10.0.19041.2546) elapsed time: 0.638124 seconds (0d 0h 0m 0s)

---------------  T H R E A D  ---------------

Current thread (0x000001cac76c0ff0):  JavaThread "C2 CompilerThread1" daemon [_thread_in_native, id=17304, stack(0x0000005843d00000,0x0000005843e00000) (1024K)]


Current CompileTask:
C2:638 1065       4       java.lang.Character::toLowerCase (6 bytes)

Stack: [0x0000005843d00000,0x0000005843e00000]
Native frames: (J=compiled Java code, j=interpreted, Vv=VM code, C=native code)
V  [jvm.dll+0x6e0b99]  (no source info available)
V  [jvm.dll+0x87e2b3]  (no source info available)
V  [jvm.dll+0x88073e]  (no source info available)
V  [jvm.dll+0x880e13]  (no source info available)
V  [jvm.dll+0x27b006]  (no source info available)
V  [jvm.dll+0xbc06f]  (no source info available)
V  [jvm.dll+0xbc2cb]  (no source info available)
V  [jvm.dll+0x2f61a0]  (no source info available)
V  [jvm.dll+0x69fa78]  (no source info available)
V  [jvm.dll+0x69f5d0]  (no source info available)
V  [jvm.dll+0x1f0ced]  (no source info available)
V  [jvm.dll+0x39c068]  (no source info available)
V  [jvm.dll+0x3a289e]  (no source info available)
V  [jvm.dll+0x6f4b3c]  (no source info available)
V  [jvm.dll+0x6f6369]  (no source info available)
V  [jvm.dll+0x6f9c60]  (no source info available)
V  [jvm.dll+0x6f1fdf]  (no source info available)
V  [jvm.dll+0x6f1417]  (no source info available)
V  [jvm.dll+0x6ef5e5]  (no source info available)
V  [jvm.dll+0x1c655c]  (no source info available)
V  [jvm.dll+0x2edc7f]  (no source info available)
V  [jvm.dll+0x6f9c87]  (no source info available)
V  [jvm.dll+0x6f1fdf]  (no source info available)
V  [jvm.dll+0x6f1417]  (no source info available)
V  [jvm.dll+0x6ef5e5]  (no source info available)
V  [jvm.dll+0x1c655c]  (no source info available)
V  [jvm.dll+0x2edc7f]  (no source info available)
V  [jvm.dll+0x6f9c87]  (no source info available)
V  [jvm.dll+0x6f1fdf]  (no source info available)
V  [jvm.dll+0x6f1417]  (no source info available)
V  [jvm.dll+0x6ef5e5]  (no source info available)
V  [jvm.dll+0x1c655c]  (no source info available)
V  [jvm.dll+0x243abc]  (no source info available)
V  [jvm.dll+0x1c34b0]  (no source info available)
V  [jvm.dll+0x253df1]  (no source info available)
V  [jvm.dll+0x2520aa]  (no source info available)
V  [jvm.dll+0x3ee226]  (no source info available)
V  [jvm.dll+0x8254cb]  (no source info available)
V  [jvm.dll+0x6df345]  (no source info available)
C  [ucrtbase.dll+0x21bb2]  (no source info available)
C  [KERNEL32.DLL+0x17614]  (no source info available)
C  [ntdll.dll+0x526a1]  (no source info available)

Lock stack of current Java thread (top to bottom):


---------------  P R O C E S S  ---------------

Threads class SMR info:
_java_thread_list=0x000001cac77ecff0, length=13, elements={
0x000001cae3271720, 0x000001caff8ff7b0, 0x000001caff900770, 0x000001caff903090,
0x000001caff905a70, 0x000001caff906770, 0x000001caff907e30, 0x000001caff90c9c0,
0x000001caff91b0c0, 0x000001cac70dc960, 0x000001cac71c9660, 0x000001cac7302930,
0x000001cac76c0ff0
}

Java Threads: ( => current thread )
  0x000001cae3271720 JavaThread "main"                              [_thread_in_vm, id=16060, stack(0x0000005842a00000,0x0000005842b00000) (1024K)]
  0x000001caff8ff7b0 JavaThread "Reference Handler"          daemon [_thread_blocked, id=5396, stack(0x0000005843200000,0x0000005843300000) (1024K)]
  0x000001caff900770 JavaThread "Finalizer"                  daemon [_thread_blocked, id=9128, stack(0x0000005843300000,0x0000005843400000) (1024K)]
  0x000001caff903090 JavaThread "Signal Dispatcher"          daemon [_thread_blocked, id=12512, stack(0x0000005843400000,0x0000005843500000) (1024K)]
  0x000001caff905a70 JavaThread "Attach Listener"            daemon [_thread_in_vm, id=16444, stack(0x0000005843500000,0x0000005843600000) (1024K)]
  0x000001caff906770 JavaThread "Service Thread"             daemon [_thread_blocked, id=11624, stack(0x0000005843600000,0x0000005843700000) (1024K)]
  0x000001caff907e30 JavaThread "Monitor Deflation Thread"   daemon [_thread_blocked, id=5940, stack(0x0000005843700000,0x0000005843800000) (1024K)]
  0x000001caff90c9c0 JavaThread "C2 CompilerThread0"         daemon [_thread_in_native, id=16276, stack(0x0000005843800000,0x0000005843900000) (1024K)]
  0x000001caff91b0c0 JavaThread "C1 CompilerThread0"         daemon [_thread_in_vm, id=2412, stack(0x0000005843900000,0x0000005843a00000) (1024K)]
  0x000001cac70dc960 JavaThread "Common-Cleaner"             daemon [_thread_blocked, id=17148, stack(0x0000005843a00000,0x0000005843b00000) (1024K)]
  0x000001cac71c9660 JavaThread "Monitor Ctrl-Break"         daemon [_thread_in_native, id=14396, stack(0x0000005843b00000,0x0000005843c00000) (1024K)]
  0x000001cac7302930 JavaThread "Notification Thread"        daemon [_thread_blocked, id=15164, stack(0x0000005843c00000,0x0000005843d00000) (1024K)]
=>0x000001cac76c0ff0 JavaThread "C2 CompilerThread1"         daemon [_thread_in_native, id=17304, stack(0x0000005843d00000,0x0000005843e00000) (1024K)]
Total: 13

Other Threads:
  0x000001caff8e6ce0 VMThread "VM Thread"                           [id=2688, stack(0x0000005843100000,0x0000005843200000) (1024K)]
  0x000001caff8d66a0 WatcherThread "VM Periodic Task Thread"        [id=17380, stack(0x0000005843000000,0x0000005843100000) (1024K)]
  0x000001cae5596590 WorkerThread "GC Thread#0"                     [id=11688, stack(0x0000005842b00000,0x0000005842c00000) (1024K)]
  0x000001cac7b20520 WorkerThread "GC Thread#1"                     [id=15492, stack(0x0000005843e00000,0x0000005843f00000) (1024K)]
  0x000001cac7c09a80 WorkerThread "GC Thread#2"                     [id=13080, stack(0x0000005843f00000,0x0000005844000000) (1024K)]
  0x000001cac7b13bf0 WorkerThread "GC Thread#3"                     [id=10608, stack(0x0000005844000000,0x0000005844100000) (1024K)]
  0x000001cae55abbf0 ConcurrentGCThread "G1 Main Marker"            [id=14288, stack(0x0000005842c00000,0x0000005842d00000) (1024K)]
  0x000001cae55ac8c0 WorkerThread "G1 Conc#0"                       [id=10864, stack(0x0000005842d00000,0x0000005842e00000) (1024K)]
  0x000001caff7a61a0 ConcurrentGCThread "G1 Refine#0"               [id=14668, stack(0x0000005842e00000,0x0000005842f00000) (1024K)]
  0x000001caff7a6de0 ConcurrentGCThread "G1 Service"                [id=11484, stack(0x0000005842f00000,0x0000005843000000) (1024K)]
Total: 10

Threads with active compile tasks:
C2 CompilerThread0  794 1050       4       java.util.HashMap::put (13 bytes)
C1 CompilerThread0  794 1078   !   3       java.lang.String::<init> (880 bytes)
C2 CompilerThread1  794 1065       4       java.lang.Character::toLowerCase (6 bytes)
Total: 3

VM state: not at safepoint (normal execution)

VM Mutex/Monitor currently owned by a thread:  ([mutex/lock_event])
[0x00007ffbc91e2888] Metaspace_lock - owner thread: 0x000001caff905a70

OutOfMemory and StackOverflow Exception counts:
StackOverflowErrors=1
LinkageErrors=12

Heap address: 0x0000000084000000, size: 1984 MB, Compressed Oops mode: 32-bit

CDS archive(s) mapped at: [0x000001ca82000000-0x000001ca82d70000-0x000001ca82d70000), size 14090240, SharedBaseAddress: 0x000001ca82000000, ArchiveRelocationMode: 1.
Compressed class space mapped at: 0x000001ca83000000-0x000001cac3000000, reserved size: 1073741824
Narrow klass base: 0x000001ca82000000, Narrow klass shift: 0, Narrow klass range: 0x41000000

GC Precious Log:
 CardTable entry size: 512
 Card Set container configuration: InlinePtr #cards 5 size 8 Array Of Cards #cards 10 size 36 Howl #buckets 4 coarsen threshold 1843 Howl Bitmap #cards 512 size 80 coarsen threshold 460 Card regions per heap region 1 cards per card region 2048
 CPUs: 4 total, 4 available
 Memory: 7933M
 Large Page Support: Disabled
 NUMA Support: Disabled
 Compressed Oops: Enabled (32-bit)
 Heap Region Size: 1M
 Heap Min Capacity: 8M
 Heap Initial Capacity: 124M
 Heap Max Capacity: 1984M
 Pre-touch: Disabled
 Parallel Workers: 4
 Concurrent Workers: 1
 Concurrent Refinement Workers: 4
 Periodic GC: Disabled

Heap:
 garbage-first heap   total reserved 2031616K, committed 126976K, used 5312K [0x0000000084000000, 0x0000000100000000)
  region size 1024K, 4 young (4096K), 2 survivors (2048K)
 Metaspace       used 8274K, committed 8448K, reserved 1114112K
  class space    used 880K, committed 960K, reserved 1048576K

Heap Regions: E=young(eden), S=young(survivor), O=old, HS=humongous(starts), HC=humongous(continues), CS=collection set, F=free, TAMS=top-at-mark-start, PB=parsable bottom
|   0|0x0000000084000000, 0x0000000084100000, 0x0000000084100000|100%|HS|  |TAMS 0x0000000084000000| PB 0x0000000084000000| Complete |  0
|   1|0x0000000084100000, 0x0000000084200000, 0x0000000084200000|100%| O|  |TAMS 0x0000000084100000| PB 0x0000000084100000| Untracked |  0
|   2|0x0000000084200000, 0x0000000084230000, 0x0000000084300000| 18%| O|  |TAMS 0x0000000084200000| PB 0x0000000084200000| Untracked |  0
|   3|0x0000000084300000, 0x0000000084300000, 0x0000000084400000|  0%| F|  |TAMS 0x0000000084300000| PB 0x0000000084300000| Untracked |  0
|   4|0x0000000084400000, 0x0000000084400000, 0x0000000084500000|  0%| F|  |TAMS 0x0000000084400000| PB 0x0000000084400000| Untracked |  0
|   5|0x0000000084500000, 0x0000000084500000, 0x0000000084600000|  0%| F|  |TAMS 0x0000000084500000| PB 0x0000000084500000| Untracked |  0
|   6|0x0000000084600000, 0x0000000084600000, 0x0000000084700000|  0%| F|  |TAMS 0x0000000084600000| PB 0x0000000084600000| Untracked |  0
|   7|0x0000000084700000, 0x0000000084700000, 0x0000000084800000|  0%| F|  |TAMS 0x0000000084700000| PB 0x0000000084700000| Untracked |  0
|   8|0x0000000084800000, 0x0000000084800000, 0x0000000084900000|  0%| F|  |TAMS 0x0000000084800000| PB 0x0000000084800000| Untracked |  0
|   9|0x0000000084900000, 0x0000000084900000, 0x0000000084a00000|  0%| F|  |TAMS 0x0000000084900000| PB 0x0000000084900000| Untracked |  0
|  10|0x0000000084a00000, 0x0000000084a00000, 0x0000000084b00000|  0%| F|  |TAMS 0x0000000084a00000| PB 0x0000000084a00000| Untracked |  0
|  11|0x0000000084b00000, 0x0000000084b00000, 0x0000000084c00000|  0%| F|  |TAMS 0x0000000084b00000| PB 0x0000000084b00000| Untracked |  0
|  12|0x0000000084c00000, 0x0000000084c00000, 0x0000000084d00000|  0%| F|  |TAMS 0x0000000084c00000| PB 0x0000000084c00000| Untracked |  0
|  13|0x0000000084d00000, 0x0000000084d00000, 0x0000000084e00000|  0%| F|  |TAMS 0x0000000084d00000| PB 0x0000000084d00000| Untracked |  0
|  14|0x0000000084e00000, 0x0000000084e00000, 0x0000000084f00000|  0%| F|  |TAMS 0x0000000084e00000| PB 0x0000000084e00000| Untracked |  0
|  15|0x0000000084f00000, 0x0000000084f00000, 0x0000000085000000|  0%| F|  |TAMS 0x0000000084f00000| PB 0x0000000084f00000| Untracked |  0
|  16|0x0000000085000000, 0x0000000085000000, 0x0000000085100000|  0%| F|  |TAMS 0x0000000085000000| PB 0x0000000085000000| Untracked |  0
|  17|0x0000000085100000, 0x0000000085100000, 0x0000000085200000|  0%| F|  |TAMS 0x0000000085100000| PB 0x0000000085100000| Untracked |  0
|  18|0x0000000085200000, 0x0000000085200000, 0x0000000085300000|  0%| F|  |TAMS 0x0000000085200000| PB 0x0000000085200000| Untracked |  0
|  19|0x0000000085300000, 0x0000000085300000, 0x0000000085400000|  0%| F|  |TAMS 0x0000000085300000| PB 0x0000000085300000| Untracked |  0
|  20|0x0000000085400000, 0x0000000085400000, 0x0000000085500000|  0%| F|  |TAMS 0x0000000085400000| PB 0x0000000085400000| Untracked |  0
|  21|0x0000000085500000, 0x0000000085500000, 0x0000000085600000|  0%| F|  |TAMS 0x0000000085500000| PB 0x0000000085500000| Untracked |  0
|  22|0x0000000085600000, 0x0000000085600000, 0x0000000085700000|  0%| F|  |TAMS 0x0000000085600000| PB 0x0000000085600000| Untracked |  0
|  23|0x0000000085700000, 0x0000000085700000, 0x0000000085800000|  0%| F|  |TAMS 0x0000000085700000| PB 0x0000000085700000| Untracked |  0
|  24|0x0000000085800000, 0x0000000085800000, 0x0000000085900000|  0%| F|  |TAMS 0x0000000085800000| PB 0x0000000085800000| Untracked |  0
|  25|0x0000000085900000, 0x0000000085900000, 0x0000000085a00000|  0%| F|  |TAMS 0x0000000085900000| PB 0x0000000085900000| Untracked |  0
|  26|0x0000000085a00000, 0x0000000085a00000, 0x0000000085b00000|  0%| F|  |TAMS 0x0000000085a00000| PB 0x0000000085a00000| Untracked |  0
|  27|0x0000000085b00000, 0x0000000085b00000, 0x0000000085c00000|  0%| F|  |TAMS 0x0000000085b00000| PB 0x0000000085b00000| Untracked |  0
|  28|0x0000000085c00000, 0x0000000085c00000, 0x0000000085d00000|  0%| F|  |TAMS 0x0000000085c00000| PB 0x0000000085c00000| Untracked |  0
|  29|0x0000000085d00000, 0x0000000085d00000, 0x0000000085e00000|  0%| F|  |TAMS 0x0000000085d00000| PB 0x0000000085d00000| Untracked |  0
|  30|0x0000000085e00000, 0x0000000085e00000, 0x0000000085f00000|  0%| F|  |TAMS 0x0000000085e00000| PB 0x0000000085e00000| Untracked |  0
|  31|0x0000000085f00000, 0x0000000085f00000, 0x0000000086000000|  0%| F|  |TAMS 0x0000000085f00000| PB 0x0000000085f00000| Untracked |  0
|  32|0x0000000086000000, 0x0000000086000000, 0x0000000086100000|  0%| F|  |TAMS 0x0000000086000000| PB 0x0000000086000000| Untracked |  0
|  33|0x0000000086100000, 0x0000000086100000, 0x0000000086200000|  0%| F|  |TAMS 0x0000000086100000| PB 0x0000000086100000| Untracked |  0
|  34|0x0000000086200000, 0x0000000086200000, 0x0000000086300000|  0%| F|  |TAMS 0x0000000086200000| PB 0x0000000086200000| Untracked |  0
|  35|0x0000000086300000, 0x0000000086300000, 0x0000000086400000|  0%| F|  |TAMS 0x0000000086300000| PB 0x0000000086300000| Untracked |  0
|  36|0x0000000086400000, 0x0000000086400000, 0x0000000086500000|  0%| F|  |TAMS 0x0000000086400000| PB 0x0000000086400000| Untracked |  0
|  37|0x0000000086500000, 0x0000000086500000, 0x0000000086600000|  0%| F|  |TAMS 0x0000000086500000| PB 0x0000000086500000| Untracked |  0
|  38|0x0000000086600000, 0x0000000086600000, 0x0000000086700000|  0%| F|  |TAMS 0x0000000086600000| PB 0x0000000086600000| Untracked |  0
|  39|0x0000000086700000, 0x0000000086700000, 0x0000000086800000|  0%| F|  |TAMS 0x0000000086700000| PB 0x0000000086700000| Untracked |  0
|  40|0x0000000086800000, 0x0000000086800000, 0x0000000086900000|  0%| F|  |TAMS 0x0000000086800000| PB 0x0000000086800000| Untracked |  0
|  41|0x0000000086900000, 0x0000000086900000, 0x0000000086a00000|  0%| F|  |TAMS 0x0000000086900000| PB 0x0000000086900000| Untracked |  0
|  42|0x0000000086a00000, 0x0000000086a00000, 0x0000000086b00000|  0%| F|  |TAMS 0x0000000086a00000| PB 0x0000000086a00000| Untracked |  0
|  43|0x0000000086b00000, 0x0000000086b00000, 0x0000000086c00000|  0%| F|  |TAMS 0x0000000086b00000| PB 0x0000000086b00000| Untracked |  0
|  44|0x0000000086c00000, 0x0000000086c00000, 0x0000000086d00000|  0%| F|  |TAMS 0x0000000086c00000| PB 0x0000000086c00000| Untracked |  0
|  45|0x0000000086d00000, 0x0000000086d00000, 0x0000000086e00000|  0%| F|  |TAMS 0x0000000086d00000| PB 0x0000000086d00000| Untracked |  0
|  46|0x0000000086e00000, 0x0000000086e00000, 0x0000000086f00000|  0%| F|  |TAMS 0x0000000086e00000| PB 0x0000000086e00000| Untracked |  0
|  47|0x0000000086f00000, 0x0000000086f00000, 0x0000000087000000|  0%| F|  |TAMS 0x0000000086f00000| PB 0x0000000086f00000| Untracked |  0
|  48|0x0000000087000000, 0x0000000087000000, 0x0000000087100000|  0%| F|  |TAMS 0x0000000087000000| PB 0x0000000087000000| Untracked |  0
|  49|0x0000000087100000, 0x0000000087100000, 0x0000000087200000|  0%| F|  |TAMS 0x0000000087100000| PB 0x0000000087100000| Untracked |  0
|  50|0x0000000087200000, 0x0000000087200000, 0x0000000087300000|  0%| F|  |TAMS 0x0000000087200000| PB 0x0000000087200000| Untracked |  0
|  51|0x0000000087300000, 0x0000000087300000, 0x0000000087400000|  0%| F|  |TAMS 0x0000000087300000| PB 0x0000000087300000| Untracked |  0
|  52|0x0000000087400000, 0x0000000087400000, 0x0000000087500000|  0%| F|  |TAMS 0x0000000087400000| PB 0x0000000087400000| Untracked |  0
|  53|0x0000000087500000, 0x0000000087500000, 0x0000000087600000|  0%| F|  |TAMS 0x0000000087500000| PB 0x0000000087500000| Untracked |  0
|  54|0x0000000087600000, 0x0000000087600000, 0x0000000087700000|  0%| F|  |TAMS 0x0000000087600000| PB 0x0000000087600000| Untracked |  0
|  55|0x0000000087700000, 0x0000000087700000, 0x0000000087800000|  0%| F|  |TAMS 0x0000000087700000| PB 0x0000000087700000| Untracked |  0
|  56|0x0000000087800000, 0x0000000087800000, 0x0000000087900000|  0%| F|  |TAMS 0x0000000087800000| PB 0x0000000087800000| Untracked |  0
|  57|0x0000000087900000, 0x0000000087900000, 0x0000000087a00000|  0%| F|  |TAMS 0x0000000087900000| PB 0x0000000087900000| Untracked |  0
|  58|0x0000000087a00000, 0x0000000087a00000, 0x0000000087b00000|  0%| F|  |TAMS 0x0000000087a00000| PB 0x0000000087a00000| Untracked |  0
|  59|0x0000000087b00000, 0x0000000087b00000, 0x0000000087c00000|  0%| F|  |TAMS 0x0000000087b00000| PB 0x0000000087b00000| Untracked |  0
|  60|0x0000000087c00000, 0x0000000087c00000, 0x0000000087d00000|  0%| F|  |TAMS 0x0000000087c00000| PB 0x0000000087c00000| Untracked |  0
|  61|0x0000000087d00000, 0x0000000087d00000, 0x0000000087e00000|  0%| F|  |TAMS 0x0000000087d00000| PB 0x0000000087d00000| Untracked |  0
|  62|0x0000000087e00000, 0x0000000087e00000, 0x0000000087f00000|  0%| F|  |TAMS 0x0000000087e00000| PB 0x0000000087e00000| Untracked |  0
|  63|0x0000000087f00000, 0x0000000087f00000, 0x0000000088000000|  0%| F|  |TAMS 0x0000000087f00000| PB 0x0000000087f00000| Untracked |  0
|  64|0x0000000088000000, 0x0000000088000000, 0x0000000088100000|  0%| F|  |TAMS 0x0000000088000000| PB 0x0000000088000000| Untracked |  0
|  65|0x0000000088100000, 0x0000000088100000, 0x0000000088200000|  0%| F|  |TAMS 0x0000000088100000| PB 0x0000000088100000| Untracked |  0
|  66|0x0000000088200000, 0x0000000088200000, 0x0000000088300000|  0%| F|  |TAMS 0x0000000088200000| PB 0x0000000088200000| Untracked |  0
|  67|0x0000000088300000, 0x0000000088300000, 0x0000000088400000|  0%| F|  |TAMS 0x0000000088300000| PB 0x0000000088300000| Untracked |  0
|  68|0x0000000088400000, 0x0000000088400000, 0x0000000088500000|  0%| F|  |TAMS 0x0000000088400000| PB 0x0000000088400000| Untracked |  0
|  69|0x0000000088500000, 0x0000000088500000, 0x0000000088600000|  0%| F|  |TAMS 0x0000000088500000| PB 0x0000000088500000| Untracked |  0
|  70|0x0000000088600000, 0x0000000088600000, 0x0000000088700000|  0%| F|  |TAMS 0x0000000088600000| PB 0x0000000088600000| Untracked |  0
|  71|0x0000000088700000, 0x0000000088700000, 0x0000000088800000|  0%| F|  |TAMS 0x0000000088700000| PB 0x0000000088700000| Untracked |  0
|  72|0x0000000088800000, 0x0000000088800000, 0x0000000088900000|  0%| F|  |TAMS 0x0000000088800000| PB 0x0000000088800000| Untracked |  0
|  73|0x0000000088900000, 0x0000000088900000, 0x0000000088a00000|  0%| F|  |TAMS 0x0000000088900000| PB 0x0000000088900000| Untracked |  0
|  74|0x0000000088a00000, 0x0000000088a00000, 0x0000000088b00000|  0%| F|  |TAMS 0x0000000088a00000| PB 0x0000000088a00000| Untracked |  0
|  75|0x0000000088b00000, 0x0000000088b00000, 0x0000000088c00000|  0%| F|  |TAMS 0x0000000088b00000| PB 0x0000000088b00000| Untracked |  0
|  76|0x0000000088c00000, 0x0000000088c00000, 0x0000000088d00000|  0%| F|  |TAMS 0x0000000088c00000| PB 0x0000000088c00000| Untracked |  0
|  77|0x0000000088d00000, 0x0000000088d00000, 0x0000000088e00000|  0%| F|  |TAMS 0x0000000088d00000| PB 0x0000000088d00000| Untracked |  0
|  78|0x0000000088e00000, 0x0000000088e00000, 0x0000000088f00000|  0%| F|  |TAMS 0x0000000088e00000| PB 0x0000000088e00000| Untracked |  0
|  79|0x0000000088f00000, 0x0000000088f00000, 0x0000000089000000|  0%| F|  |TAMS 0x0000000088f00000| PB 0x0000000088f00000| Untracked |  0
|  80|0x0000000089000000, 0x0000000089000000, 0x0000000089100000|  0%| F|  |TAMS 0x0000000089000000| PB 0x0000000089000000| Untracked |  0
|  81|0x0000000089100000, 0x0000000089100000, 0x0000000089200000|  0%| F|  |TAMS 0x0000000089100000| PB 0x0000000089100000| Untracked |  0
|  82|0x0000000089200000, 0x0000000089200000, 0x0000000089300000|  0%| F|  |TAMS 0x0000000089200000| PB 0x0000000089200000| Untracked |  0
|  83|0x0000000089300000, 0x0000000089300000, 0x0000000089400000|  0%| F|  |TAMS 0x0000000089300000| PB 0x0000000089300000| Untracked |  0
|  84|0x0000000089400000, 0x0000000089400000, 0x0000000089500000|  0%| F|  |TAMS 0x0000000089400000| PB 0x0000000089400000| Untracked |  0
|  85|0x0000000089500000, 0x0000000089500000, 0x0000000089600000|  0%| F|  |TAMS 0x0000000089500000| PB 0x0000000089500000| Untracked |  0
|  86|0x0000000089600000, 0x0000000089600000, 0x0000000089700000|  0%| F|  |TAMS 0x0000000089600000| PB 0x0000000089600000| Untracked |  0
|  87|0x0000000089700000, 0x0000000089700000, 0x0000000089800000|  0%| F|  |TAMS 0x0000000089700000| PB 0x0000000089700000| Untracked |  0
|  88|0x0000000089800000, 0x0000000089800000, 0x0000000089900000|  0%| F|  |TAMS 0x0000000089800000| PB 0x0000000089800000| Untracked |  0
|  89|0x0000000089900000, 0x0000000089900000, 0x0000000089a00000|  0%| F|  |TAMS 0x0000000089900000| PB 0x0000000089900000| Untracked |  0
|  90|0x0000000089a00000, 0x0000000089a00000, 0x0000000089b00000|  0%| F|  |TAMS 0x0000000089a00000| PB 0x0000000089a00000| Untracked |  0
|  91|0x0000000089b00000, 0x0000000089b00000, 0x0000000089c00000|  0%| F|  |TAMS 0x0000000089b00000| PB 0x0000000089b00000| Untracked |  0
|  92|0x0000000089c00000, 0x0000000089c00000, 0x0000000089d00000|  0%| F|  |TAMS 0x0000000089c00000| PB 0x0000000089c00000| Untracked |  0
|  93|0x0000000089d00000, 0x0000000089d00000, 0x0000000089e00000|  0%| F|  |TAMS 0x0000000089d00000| PB 0x0000000089d00000| Untracked |  0
|  94|0x0000000089e00000, 0x0000000089e00000, 0x0000000089f00000|  0%| F|  |TAMS 0x0000000089e00000| PB 0x0000000089e00000| Untracked |  0
|  95|0x0000000089f00000, 0x0000000089f00000, 0x000000008a000000|  0%| F|  |TAMS 0x0000000089f00000| PB 0x0000000089f00000| Untracked |  0
|  96|0x000000008a000000, 0x000000008a000000, 0x000000008a100000|  0%| F|  |TAMS 0x000000008a000000| PB 0x000000008a000000| Untracked |  0
|  97|0x000000008a100000, 0x000000008a100000, 0x000000008a200000|  0%| F|  |TAMS 0x000000008a100000| PB 0x000000008a100000| Untracked |  0
|  98|0x000000008a200000, 0x000000008a200000, 0x000000008a300000|  0%| F|  |TAMS 0x000000008a200000| PB 0x000000008a200000| Untracked |  0
|  99|0x000000008a300000, 0x000000008a300000, 0x000000008a400000|  0%| F|  |TAMS 0x000000008a300000| PB 0x000000008a300000| Untracked |  0
| 100|0x000000008a400000, 0x000000008a400000, 0x000000008a500000|  0%| F|  |TAMS 0x000000008a400000| PB 0x000000008a400000| Untracked |  0
| 101|0x000000008a500000, 0x000000008a500000, 0x000000008a600000|  0%| F|  |TAMS 0x000000008a500000| PB 0x000000008a500000| Untracked |  0
| 102|0x000000008a600000, 0x000000008a600000, 0x000000008a700000|  0%| F|  |TAMS 0x000000008a600000| PB 0x000000008a600000| Untracked |  0
| 103|0x000000008a700000, 0x000000008a700000, 0x000000008a800000|  0%| F|  |TAMS 0x000000008a700000| PB 0x000000008a700000| Untracked |  0
| 104|0x000000008a800000, 0x000000008a800000, 0x000000008a900000|  0%| F|  |TAMS 0x000000008a800000| PB 0x000000008a800000| Untracked |  0
| 105|0x000000008a900000, 0x000000008a900000, 0x000000008aa00000|  0%| F|  |TAMS 0x000000008a900000| PB 0x000000008a900000| Untracked |  0
| 106|0x000000008aa00000, 0x000000008aa00000, 0x000000008ab00000|  0%| F|  |TAMS 0x000000008aa00000| PB 0x000000008aa00000| Untracked |  0
| 107|0x000000008ab00000, 0x000000008ab00000, 0x000000008ac00000|  0%| F|  |TAMS 0x000000008ab00000| PB 0x000000008ab00000| Untracked |  0
| 108|0x000000008ac00000, 0x000000008ad00000, 0x000000008ad00000|100%| S|CS|TAMS 0x000000008ac00000| PB 0x000000008ac00000| Complete |  0
| 109|0x000000008ad00000, 0x000000008ae00000, 0x000000008ae00000|100%| S|CS|TAMS 0x000000008ad00000| PB 0x000000008ad00000| Complete |  0
| 110|0x000000008ae00000, 0x000000008ae00000, 0x000000008af00000|  0%| F|  |TAMS 0x000000008ae00000| PB 0x000000008ae00000| Untracked |  0
| 111|0x000000008af00000, 0x000000008af00000, 0x000000008b000000|  0%| F|  |TAMS 0x000000008af00000| PB 0x000000008af00000| Untracked |  0
| 112|0x000000008b000000, 0x000000008b000000, 0x000000008b100000|  0%| F|  |TAMS 0x000000008b000000| PB 0x000000008b000000| Untracked |  0
| 113|0x000000008b100000, 0x000000008b100000, 0x000000008b200000|  0%| F|  |TAMS 0x000000008b100000| PB 0x000000008b100000| Untracked |  0
| 114|0x000000008b200000, 0x000000008b200000, 0x000000008b300000|  0%| F|  |TAMS 0x000000008b200000| PB 0x000000008b200000| Untracked |  0
| 115|0x000000008b300000, 0x000000008b300000, 0x000000008b400000|  0%| F|  |TAMS 0x000000008b300000| PB 0x000000008b300000| Untracked |  0
| 116|0x000000008b400000, 0x000000008b400000, 0x000000008b500000|  0%| F|  |TAMS 0x000000008b400000| PB 0x000000008b400000| Untracked |  0
| 117|0x000000008b500000, 0x000000008b500000, 0x000000008b600000|  0%| F|  |TAMS 0x000000008b500000| PB 0x000000008b500000| Untracked |  0
| 118|0x000000008b600000, 0x000000008b600000, 0x000000008b700000|  0%| F|  |TAMS 0x000000008b600000| PB 0x000000008b600000| Untracked |  0
| 119|0x000000008b700000, 0x000000008b700000, 0x000000008b800000|  0%| F|  |TAMS 0x000000008b700000| PB 0x000000008b700000| Untracked |  0
| 120|0x000000008b800000, 0x000000008b800000, 0x000000008b900000|  0%| F|  |TAMS 0x000000008b800000| PB 0x000000008b800000| Untracked |  0
| 121|0x000000008b900000, 0x000000008b900000, 0x000000008ba00000|  0%| F|  |TAMS 0x000000008b900000| PB 0x000000008b900000| Untracked |  0
| 122|0x000000008ba00000, 0x000000008ba56be8, 0x000000008bb00000| 33%| E|  |TAMS 0x000000008ba00000| PB 0x000000008ba00000| Complete |  0
| 123|0x000000008bb00000, 0x000000008bc00000, 0x000000008bc00000|100%| E|CS|TAMS 0x000000008bb00000| PB 0x000000008bb00000| Complete |  0

Card table byte_map: [0x000001cafd040000,0x000001cafd420000] _byte_map_base: 0x000001cafcc20000

Marking Bits: (CMBitMap*) 0x000001cae5597cb0
 Bits: [0x000001cafd420000, 0x000001caff320000)

Polling page: 0x000001cae3380000

Metaspace:

Usage:
  Non-class:      7.22 MB used.
      Class:    880.63 KB used.
       Both:      8.08 MB used.

Virtual space:
  Non-class space:       64.00 MB reserved,       7.31 MB ( 11%) committed,  1 nodes.
      Class space:        1.00 GB reserved,     960.00 KB ( <1%) committed,  1 nodes.
             Both:        1.06 GB reserved,       8.25 MB ( <1%) committed. 

Chunk freelists:
   Non-Class:  8.36 MB
       Class:  15.06 MB
        Both:  23.42 MB

MaxMetaspaceSize: unlimited
CompressedClassSpaceSize: 1.00 GB
Initial GC threshold: 21.00 MB
Current GC threshold: 21.00 MB
CDS: on
 - commit_granule_bytes: 65536.
 - commit_granule_words: 8192.
 - virtual_space_node_default_size: 8388608.
 - enlarge_chunks_in_place: 1.
 - use_allocation_guard: 0.


Internal statistics:

num_allocs_failed_limit: 0.
num_arena_births: 110.
num_arena_deaths: 0.
num_vsnodes_births: 2.
num_vsnodes_deaths: 0.
num_space_committed: 132.
num_space_uncommitted: 0.
num_chunks_returned_to_freelist: 0.
num_chunks_taken_from_freelist: 156.
num_chunk_merges: 0.
num_chunk_splits: 100.
num_chunks_enlarged: 62.
num_inconsistent_stats: 0.

CodeHeap 'non-profiled nmethods': size=120064Kb used=310Kb max_used=310Kb free=119753Kb
 bounds [0x000001caf5720000, 0x000001caf5990000, 0x000001cafcc60000]
CodeHeap 'profiled nmethods': size=120000Kb used=1270Kb max_used=1270Kb free=118729Kb
 bounds [0x000001caedc60000, 0x000001caeded0000, 0x000001caf5190000]
CodeHeap 'non-nmethods': size=5696Kb used=1494Kb max_used=1498Kb free=4202Kb
 bounds [0x000001caf5190000, 0x000001caf5400000, 0x000001caf5720000]
CodeCache: size=245760Kb, used=3074Kb, max_used=3078Kb, free=242684Kb
 total_blobs=1562, nmethods=1072, adapters=396, full_count=0
Compilation: enabled, stopped_count=0, restarted_count=0

Compilation events (20 events):
Event: 0.601 Thread 0x000001caff91b0c0 nmethod 1040 0x000001caedd83088 code [0x000001caedd831c0, 0x000001caedd83458]
Event: 0.603 Thread 0x000001caff91b0c0 1041   !   3       java.net.URL::set (114 bytes)
Event: 0.604 Thread 0x000001caff91b0c0 nmethod 1041 0x000001caedd83488 code [0x000001caedd83660, 0x000001caedd841b0]
Event: 0.604 Thread 0x000001caff91b0c0 1042       1       java.util.jar.Manifest::getEntries (5 bytes)
Event: 0.604 Thread 0x000001cac76c0ff0 1043       4       java.util.zip.ZipUtils::CENSIZ (9 bytes)
Event: 0.604 Thread 0x000001caff91b0c0 nmethod 1042 0x000001caf576aa08 code [0x000001caf576ab20, 0x000001caf576abe8]
Event: 0.605 Thread 0x000001caff91b0c0 1044       3       sun.net.www.protocol.file.Handler::parseURL (18 bytes)
Event: 0.606 Thread 0x000001caff91b0c0 nmethod 1044 0x000001caedd84208 code [0x000001caedd84340, 0x000001caedd84500]
Event: 0.606 Thread 0x000001caff91b0c0 1045       3       java.net.URLStreamHandler::parseURL (1124 bytes)
Event: 0.606 Thread 0x000001cac76c0ff0 nmethod 1043 0x000001caf576ad08 code [0x000001caf576ae00, 0x000001caf576af10]
Event: 0.607 Thread 0x000001caff90c9c0 1050       4       java.util.HashMap::put (13 bytes)
Event: 0.611 Thread 0x000001cac76c0ff0 1052       4       java.lang.StringLatin1::getChar (9 bytes)
Event: 0.612 Thread 0x000001cac76c0ff0 nmethod 1052 0x000001caf576b008 code [0x000001caf576b100, 0x000001caf576b1a8]
Event: 0.616 Thread 0x000001cac76c0ff0 1054       4       java.lang.CharacterData::of (136 bytes)
Event: 0.616 Thread 0x000001cac76c0ff0 nmethod 1054 0x000001caf576b308 code [0x000001caf576b400, 0x000001caf576b498]
Event: 0.624 Thread 0x000001cac76c0ff0 1057       4       java.lang.CharacterDataLatin1::isWhitespace (23 bytes)
Event: 0.626 Thread 0x000001cac76c0ff0 nmethod 1057 0x000001caf576b988 code [0x000001caf576ba80, 0x000001caf576bb40]
Event: 0.626 Thread 0x000001cac76c0ff0 1060       4       java.lang.Character::isWhitespace (5 bytes)
Event: 0.627 Thread 0x000001cac76c0ff0 nmethod 1060 0x000001caf576bc88 code [0x000001caf576bd80, 0x000001caf576be58]
Event: 0.635 Thread 0x000001cac76c0ff0 1065       4       java.lang.Character::toLowerCase (6 bytes)

GC Heap History (2 events):
Event: 0.617 GC heap before
{Heap before GC invocations=0 (full 0):
 garbage-first heap   total reserved 2031616K, committed 126976K, used 15360K [0x0000000084000000, 0x0000000100000000)
  region size 1024K, 14 young (14336K), 0 survivors (0K)
 Metaspace       used 7974K, committed 8128K, reserved 1114112K
  class space    used 843K, committed 896K, reserved 1048576K
}
Event: 0.624 GC heap after
{Heap after GC invocations=1 (full 0):
 garbage-first heap   total reserved 2031616K, committed 126976K, used 4288K [0x0000000084000000, 0x0000000100000000)
  region size 1024K, 2 young (2048K), 2 survivors (2048K)
 Metaspace       used 7974K, committed 8128K, reserved 1114112K
  class space    used 843K, committed 896K, reserved 1048576K
}

Dll operation events (12 events):
Event: 0.014 Loaded shared library C:\Users\User\.jdks\openjdk-23.0.2\bin\java.dll
Event: 0.017 Loaded shared library C:\Users\User\.jdks\openjdk-23.0.2\bin\zip.dll
Event: 0.053 Loaded shared library C:\Users\User\.jdks\openjdk-23.0.2\bin\jsvml.dll
Event: 0.112 Loaded shared library C:\Users\User\.jdks\openjdk-23.0.2\bin\instrument.dll
Event: 0.116 Loaded shared library C:\Users\User\.jdks\openjdk-23.0.2\bin\net.dll
Event: 0.119 Loaded shared library C:\Users\User\.jdks\openjdk-23.0.2\bin\nio.dll
Event: 0.125 Loaded shared library C:\Users\User\.jdks\openjdk-23.0.2\bin\zip.dll
Event: 0.171 Loaded shared library C:\Users\User\.jdks\openjdk-23.0.2\bin\extnet.dll
Event: 0.202 Loaded shared library C:\Users\User\.jdks\openjdk-23.0.2\bin\verify.dll
Event: 0.328 Loaded shared library C:\Users\User\.jdks\openjdk-23.0.2\bin\jimage.dll
Event: 0.435 Loaded shared library C:\Users\User\.jdks\openjdk-23.0.2\bin\management.dll
Event: 0.461 Loaded shared library C:\Users\User\.jdks\openjdk-23.0.2\bin\management_ext.dll

Deoptimization events (20 events):
Event: 0.422 Thread 0x000001cae3271720 Uncommon trap: trap_request=0xffffffde fr.pc=0x000001caf572f334 relative=0x00000000000004f4
Event: 0.422 Thread 0x000001cae3271720 Uncommon trap: reason=class_check action=maybe_recompile pc=0x000001caf572f334 method=java.util.HashMap.putVal(ILjava/lang/Object;Ljava/lang/Object;ZZ)Ljava/lang/Object; @ 253 c2
Event: 0.422 Thread 0x000001cae3271720 DEOPT PACKING pc=0x000001caf572f334 sp=0x0000005842afe6f0
Event: 0.422 Thread 0x000001cae3271720 DEOPT UNPACKING pc=0x000001caf51e7982 sp=0x0000005842afe6b0 mode 2
Event: 0.468 Thread 0x000001caff905a70 Uncommon trap: trap_request=0xffffff45 fr.pc=0x000001caf572f8b4 relative=0x0000000000000a74
Event: 0.468 Thread 0x000001caff905a70 Uncommon trap: reason=unstable_if action=reinterpret pc=0x000001caf572f8b4 method=java.util.HashMap.putVal(ILjava/lang/Object;Ljava/lang/Object;ZZ)Ljava/lang/Object; @ 181 c2
Event: 0.468 Thread 0x000001caff905a70 DEOPT PACKING pc=0x000001caf572f8b4 sp=0x00000058435fe5d0
Event: 0.468 Thread 0x000001caff905a70 DEOPT UNPACKING pc=0x000001caf51e7982 sp=0x00000058435fe590 mode 2
Event: 0.528 Thread 0x000001caff905a70 Uncommon trap: trap_request=0xffffffde fr.pc=0x000001caf574cca8 relative=0x0000000000000268
Event: 0.528 Thread 0x000001caff905a70 Uncommon trap: reason=class_check action=maybe_recompile pc=0x000001caf574cca8 method=java.util.HashMap.getNode(Ljava/lang/Object;)Ljava/util/HashMap$Node; @ 63 c2
Event: 0.528 Thread 0x000001caff905a70 DEOPT PACKING pc=0x000001caf574cca8 sp=0x00000058435fdd30
Event: 0.528 Thread 0x000001caff905a70 DEOPT UNPACKING pc=0x000001caf51e7982 sp=0x00000058435fdc98 mode 2
Event: 0.529 Thread 0x000001caff905a70 Uncommon trap: trap_request=0xffffffde fr.pc=0x000001caf574cca8 relative=0x0000000000000268
Event: 0.529 Thread 0x000001caff905a70 Uncommon trap: reason=class_check action=maybe_recompile pc=0x000001caf574cca8 method=java.util.HashMap.getNode(Ljava/lang/Object;)Ljava/util/HashMap$Node; @ 63 c2
Event: 0.529 Thread 0x000001caff905a70 DEOPT PACKING pc=0x000001caf574cca8 sp=0x00000058435fdb30
Event: 0.529 Thread 0x000001caff905a70 DEOPT UNPACKING pc=0x000001caf51e7982 sp=0x00000058435fda98 mode 2
Event: 0.531 Thread 0x000001caff905a70 Uncommon trap: trap_request=0xffffffde fr.pc=0x000001caf574cca8 relative=0x0000000000000268
Event: 0.531 Thread 0x000001caff905a70 Uncommon trap: reason=class_check action=maybe_recompile pc=0x000001caf574cca8 method=java.util.HashMap.getNode(Ljava/lang/Object;)Ljava/util/HashMap$Node; @ 63 c2
Event: 0.531 Thread 0x000001caff905a70 DEOPT PACKING pc=0x000001caf574cca8 sp=0x00000058435fd970
Event: 0.531 Thread 0x000001caff905a70 DEOPT UNPACKING pc=0x000001caf51e7982 sp=0x00000058435fd8d8 mode 2

Classes loaded (20 events):
Event: 0.607 Loading class jdk/internal/access/JavaUtilCollectionAccess done
Event: 0.607 Loading class java/util/ImmutableCollections$Access$1 done
Event: 0.608 Loading class java/util/stream/SpinedBuffer
Event: 0.609 Loading class java/util/stream/SpinedBuffer done
Event: 0.609 Loading class java/util/stream/Nodes$SpinedNodeBuilder
Event: 0.609 Loading class java/util/stream/Nodes$SpinedNodeBuilder done
Event: 0.609 Loading class jdk/jfr/internal/query/ViewPrinter
Event: 0.610 Loading class jdk/jfr/internal/query/ViewPrinter done
Event: 0.610 Loading class jdk/jfr/internal/util/Columnizer
Event: 0.610 Loading class jdk/jfr/internal/util/Columnizer done
Event: 0.610 Loading class jdk/jfr/internal/query/ViewFile
Event: 0.610 Loading class jdk/jfr/internal/query/ViewFile done
Event: 0.611 Loading class jdk/jfr/internal/util/Tokenizer
Event: 0.612 Loading class jdk/jfr/internal/util/Tokenizer done
Event: 0.612 Loading class jdk/jfr/internal/query/ViewFile$ViewConfiguration
Event: 0.612 Loading class jdk/jfr/internal/query/ViewFile$ViewConfiguration done
Event: 0.625 Loading class jdk/jfr/internal/util/Columnizer$Column
Event: 0.625 Loading class jdk/jfr/internal/util/Columnizer$Column done
Event: 0.636 Loading class org/junit/runners/ParentRunner$ClassRuleCollector
Event: 0.636 Loading class org/junit/runners/ParentRunner$ClassRuleCollector done

Classes unloaded (0 events):
No events

Classes redefined (1 events):
Event: 0.186 Thread 0x000001caff8e6ce0 redefined class name=java.lang.Throwable, count=1

Internal exceptions (12 events):
Event: 0.130 Thread 0x000001cae3271720 Exception <a 'java/lang/NoSuchMethodError'{0x000000008b93a240}: 'java.lang.Object java.lang.invoke.Invokers$Holder.invokeExact_MT(java.lang.Object, java.lang.Object, java.lang.Object, java.lang.Object, java.lang.Object)'> (0x000000008b93a240) 
thrown [s\open\src\hotspot\share\interpreter\linkResolver.cpp, line 796]
Event: 0.176 Thread 0x000001cac71c9660 Exception <a 'java/lang/NoSuchMethodError'{0x000000008b9896a8}: 'void java.lang.invoke.DirectMethodHandle$Holder.invokeStatic(java.lang.Object, java.lang.Object)'> (0x000000008b9896a8) 
thrown [s\open\src\hotspot\share\interpreter\linkResolver.cpp, line 796]
Event: 0.212 Thread 0x000001cae3271720 Exception <a 'java/io/FileNotFoundException'{0x000000008b8cfe70}> (0x000000008b8cfe70) 
thrown [s\open\src\hotspot\share\prims\jni.cpp, line 520]
Event: 0.351 Thread 0x000001cae3271720 Exception <a 'java/lang/NoSuchMethodError'{0x000000008b469128}: 'void java.lang.invoke.DirectMethodHandle$Holder.invokeSpecial(java.lang.Object, java.lang.Object, java.lang.Object)'> (0x000000008b469128) 
thrown [s\open\src\hotspot\share\interpreter\linkResolver.cpp, line 796]
Event: 0.354 Thread 0x000001cae3271720 Exception <a 'java/lang/NoSuchMethodError'{0x000000008b474b58}: 'void java.lang.invoke.DirectMethodHandle$Holder.invokeStatic(java.lang.Object, int, java.lang.Object)'> (0x000000008b474b58) 
thrown [s\open\src\hotspot\share\interpreter\linkResolver.cpp, line 796]
Event: 0.408 Thread 0x000001cae3271720 Exception <a 'java/lang/NoSuchMethodError'{0x000000008b374218}: 'java.lang.Object java.lang.invoke.DirectMethodHandle$Holder.invokeInterface(java.lang.Object, java.lang.Object)'> (0x000000008b374218) 
thrown [s\open\src\hotspot\share\interpreter\linkResolver.cpp, line 796]
Event: 0.409 Thread 0x000001cae3271720 Exception <a 'java/lang/IncompatibleClassChangeError'{0x000000008b377778}: Found class java.lang.Object, but interface was expected> (0x000000008b377778) 
thrown [s\open\src\hotspot\share\interpreter\linkResolver.cpp, line 863]
Event: 0.470 Thread 0x000001caff905a70 Exception <a 'java/lang/NoSuchMethodError'{0x000000008b0221b8}: 'int java.lang.invoke.DirectMethodHandle$Holder.invokeInterface(java.lang.Object, java.lang.Object)'> (0x000000008b0221b8) 
thrown [s\open\src\hotspot\share\interpreter\linkResolver.cpp, line 796]
Event: 0.470 Thread 0x000001caff905a70 Exception <a 'java/lang/IncompatibleClassChangeError'{0x000000008b025400}: Found class java.lang.Object, but interface was expected> (0x000000008b025400) 
thrown [s\open\src\hotspot\share\interpreter\linkResolver.cpp, line 863]
Event: 0.550 Thread 0x000001caff905a70 Exception <a 'java/lang/NoSuchMethodError'{0x000000008af84cc8}: 'int java.lang.invoke.DirectMethodHandle$Holder.invokeSpecial(java.lang.Object, java.lang.Object, java.lang.Object)'> (0x000000008af84cc8) 
thrown [s\open\src\hotspot\share\interpreter\linkResolver.cpp, line 796]
Event: 0.589 Thread 0x000001cae3271720 Exception <a 'java/lang/NoSuchMethodError'{0x000000008ae57610}: 'long java.lang.invoke.DirectMethodHandle$Holder.invokeSpecial(java.lang.Object, java.lang.Object)'> (0x000000008ae57610) 
thrown [s\open\src\hotspot\share\interpreter\linkResolver.cpp, line 796]
Event: 0.590 Thread 0x000001cae3271720 Exception <a 'java/lang/NoSuchMethodError'{0x000000008ae5aa70}: 'long java.lang.invoke.Invokers$Holder.invokeExact_MT(java.lang.Object, java.lang.Object)'> (0x000000008ae5aa70) 
thrown [s\open\src\hotspot\share\interpreter\linkResolver.cpp, line 796]

VM Operations (14 events):
Event: 0.093 Executing VM operation: HandshakeAllThreads (Deoptimize)
Event: 0.093 Executing VM operation: HandshakeAllThreads (Deoptimize) done
Event: 0.186 Executing VM operation: RedefineClasses
Event: 0.188 Executing VM operation: RedefineClasses done
Event: 0.352 Executing VM operation: HandshakeAllThreads (Deoptimize)
Event: 0.352 Executing VM operation: HandshakeAllThreads (Deoptimize) done
Event: 0.450 Executing VM operation: HandshakeAllThreads (Deoptimize)
Event: 0.450 Executing VM operation: HandshakeAllThreads (Deoptimize) done
Event: 0.450 Executing VM operation: HandshakeAllThreads (Deoptimize)
Event: 0.450 Executing VM operation: HandshakeAllThreads (Deoptimize) done
Event: 0.483 Executing VM operation: HandshakeAllThreads (Deoptimize)
Event: 0.483 Executing VM operation: HandshakeAllThreads (Deoptimize) done
Event: 0.616 Executing VM operation: G1CollectForAllocation (G1 Evacuation Pause)
Event: 0.624 Executing VM operation: G1CollectForAllocation (G1 Evacuation Pause) done

Memory protections (0 events):
No events

Nmethod flushes (0 events):
No events

Events (13 events):
Event: 0.035 Thread 0x000001cae3271720 Thread added: 0x000001cae3271720
Event: 0.050 Thread 0x000001cae3271720 Thread added: 0x000001caff8ff7b0
Event: 0.050 Thread 0x000001cae3271720 Thread added: 0x000001caff900770
Event: 0.050 Thread 0x000001cae3271720 Thread added: 0x000001caff903090
Event: 0.051 Thread 0x000001cae3271720 Thread added: 0x000001caff905a70
Event: 0.051 Thread 0x000001cae3271720 Thread added: 0x000001caff906770
Event: 0.051 Thread 0x000001cae3271720 Thread added: 0x000001caff907e30
Event: 0.051 Thread 0x000001cae3271720 Thread added: 0x000001caff90c9c0
Event: 0.051 Thread 0x000001cae3271720 Thread added: 0x000001caff91b0c0
Event: 0.085 Thread 0x000001cae3271720 Thread added: 0x000001cac70dc960
Event: 0.133 Thread 0x000001cae3271720 Thread added: 0x000001cac71c9660
Event: 0.190 Thread 0x000001cae3271720 Thread added: 0x000001cac7302930
Event: 0.381 Thread 0x000001caff91b0c0 Thread added: 0x000001cac76c0ff0


Dynamic libraries:
0x00007ff7e3fe0000 - 0x00007ff7e3fee000 	C:\Users\User\.jdks\openjdk-23.0.2\bin\java.exe
0x00007ffc41610000 - 0x00007ffc41808000 	C:\Windows\SYSTEM32\ntdll.dll
0x00007ffc40f50000 - 0x00007ffc4100f000 	C:\Windows\System32\KERNEL32.DLL
0x00007ffc3f1b0000 - 0x00007ffc3f482000 	C:\Windows\System32\KERNELBASE.dll
0x00007ffc3ed70000 - 0x00007ffc3ee70000 	C:\Windows\System32\ucrtbase.dll
0x00007ffc352b0000 - 0x00007ffc352c7000 	C:\Users\User\.jdks\openjdk-23.0.2\bin\jli.dll
0x00007ffc35290000 - 0x00007ffc352ab000 	C:\Users\User\.jdks\openjdk-23.0.2\bin\VCRUNTIME140.dll
0x00007ffc3fd80000 - 0x00007ffc3ff21000 	C:\Windows\System32\USER32.dll
0x00007ffc3f620000 - 0x00007ffc3f642000 	C:\Windows\System32\win32u.dll
0x00007ffc40eb0000 - 0x00007ffc40edb000 	C:\Windows\System32\GDI32.dll
0x00007ffc3ee70000 - 0x00007ffc3ef7f000 	C:\Windows\System32\gdi32full.dll
0x00007ffc28100000 - 0x00007ffc2839a000 	C:\Windows\WinSxS\amd64_microsoft.windows.common-controls_6595b64144ccf1df_6.0.19041.1110_none_60b5254171f9507e\COMCTL32.dll
0x00007ffc3ef80000 - 0x00007ffc3f01d000 	C:\Windows\System32\msvcp_win.dll
0x00007ffc3fa60000 - 0x00007ffc3fafe000 	C:\Windows\System32\msvcrt.dll
0x00007ffc3fca0000 - 0x00007ffc3fcd2000 	C:\Windows\System32\IMM32.DLL
0x000000006e200000 - 0x000000006e20c000 	C:\Program Files (x86)\360\Total Security\safemon\SafeWrapper.dll
0x00007ffc3fb10000 - 0x00007ffc3fbbe000 	C:\Windows\System32\ADVAPI32.dll
0x00007ffc3fce0000 - 0x00007ffc3fd7c000 	C:\Windows\System32\sechost.dll
0x00007ffc40cf0000 - 0x00007ffc40e15000 	C:\Windows\System32\RPCRT4.dll
0x00007ffc19d50000 - 0x00007ffc19dfc000 	C:\Program Files (x86)\360\Total Security\safemon\libzdtp64.dll
0x00007ffc40110000 - 0x00007ffc40855000 	C:\Windows\System32\SHELL32.dll
0x00007ffc41570000 - 0x00007ffc415c5000 	C:\Windows\System32\SHLWAPI.dll
0x00007ffc3e7b0000 - 0x00007ffc3e7ba000 	C:\Windows\SYSTEM32\VERSION.dll
0x00007ffc35350000 - 0x00007ffc3535c000 	C:\Users\User\.jdks\openjdk-23.0.2\bin\vcruntime140_1.dll
0x00007ffc32620000 - 0x00007ffc326ae000 	C:\Users\User\.jdks\openjdk-23.0.2\bin\msvcp140.dll
0x00007ffbc8570000 - 0x00007ffbc92c0000 	C:\Users\User\.jdks\openjdk-23.0.2\bin\server\jvm.dll
0x00007ffc40c80000 - 0x00007ffc40ceb000 	C:\Windows\System32\WS2_32.dll
0x00007ffc3eb70000 - 0x00007ffc3ebbb000 	C:\Windows\SYSTEM32\POWRPROF.dll
0x00007ffc262c0000 - 0x00007ffc262e7000 	C:\Windows\SYSTEM32\WINMM.dll
0x00007ffc3eb50000 - 0x00007ffc3eb62000 	C:\Windows\SYSTEM32\UMPDC.dll
0x00007ffc3d530000 - 0x00007ffc3d542000 	C:\Windows\SYSTEM32\kernel.appcore.dll
0x00007ffc35280000 - 0x00007ffc3528a000 	C:\Users\User\.jdks\openjdk-23.0.2\bin\jimage.dll
0x00007ffc39110000 - 0x00007ffc392f4000 	C:\Windows\SYSTEM32\DBGHELP.DLL
0x00007ffc21670000 - 0x00007ffc216a5000 	C:\Windows\SYSTEM32\dbgcore.DLL
0x00007ffc3f490000 - 0x00007ffc3f512000 	C:\Windows\System32\bcryptPrimitives.dll
0x00007ffc32c00000 - 0x00007ffc32c0f000 	C:\Users\User\.jdks\openjdk-23.0.2\bin\instrument.dll
0x00007ffc32be0000 - 0x00007ffc32bfe000 	C:\Users\User\.jdks\openjdk-23.0.2\bin\java.dll
0x00007ffc3f8b0000 - 0x00007ffc3f9da000 	C:\Windows\System32\ole32.dll
0x00007ffc40920000 - 0x00007ffc40c75000 	C:\Windows\System32\combase.dll
0x00007ffc32960000 - 0x00007ffc32977000 	C:\Users\User\.jdks\openjdk-23.0.2\bin\zip.dll
0x00007ffc3c9f0000 - 0x00007ffc3d182000 	C:\Windows\SYSTEM32\windows.storage.dll
0x00007ffc3e610000 - 0x00007ffc3e640000 	C:\Windows\SYSTEM32\Wldp.dll
0x00007ffc40860000 - 0x00007ffc4090d000 	C:\Windows\System32\SHCORE.dll
0x00007ffc3ec40000 - 0x00007ffc3ec5f000 	C:\Windows\SYSTEM32\profapi.dll
0x00007ffc06d70000 - 0x00007ffc06e47000 	C:\Users\User\.jdks\openjdk-23.0.2\bin\jsvml.dll
0x00007ffc32950000 - 0x00007ffc32960000 	C:\Users\User\.jdks\openjdk-23.0.2\bin\net.dll
0x00007ffc3e370000 - 0x00007ffc3e3da000 	C:\Windows\system32\mswsock.dll
0x00007ffc32930000 - 0x00007ffc32946000 	C:\Users\User\.jdks\openjdk-23.0.2\bin\nio.dll
0x00007ffc32890000 - 0x00007ffc32899000 	C:\Users\User\.jdks\openjdk-23.0.2\bin\extnet.dll
0x00007ffc32880000 - 0x00007ffc32890000 	C:\Users\User\.jdks\openjdk-23.0.2\bin\verify.dll
0x00007ffc3e0a0000 - 0x00007ffc3e16b000 	C:\Windows\SYSTEM32\DNSAPI.dll
0x00007ffc3e060000 - 0x00007ffc3e09b000 	C:\Windows\SYSTEM32\IPHLPAPI.DLL
0x00007ffc3fb00000 - 0x00007ffc3fb08000 	C:\Windows\System32\NSI.dll
0x00007ffc30450000 - 0x00007ffc3045a000 	C:\Windows\System32\rasadhlp.dll
0x00007ffc28b00000 - 0x00007ffc28b80000 	C:\Windows\System32\fwpuclnt.dll
0x00007ffc3f180000 - 0x00007ffc3f1a7000 	C:\Windows\System32\bcrypt.dll
0x00007ffc32870000 - 0x00007ffc3287a000 	C:\Users\User\.jdks\openjdk-23.0.2\bin\management.dll
0x00007ffc32860000 - 0x00007ffc3286b000 	C:\Users\User\.jdks\openjdk-23.0.2\bin\management_ext.dll
0x00007ffc40ee0000 - 0x00007ffc40ee8000 	C:\Windows\System32\PSAPI.DLL

dbghelp: loaded successfully - version: 4.0.5 - missing functions: none
symbol engine: initialized successfully - sym options: 0x614 - pdb path: .;C:\Users\User\.jdks\openjdk-23.0.2\bin;C:\Windows\SYSTEM32;C:\Windows\WinSxS\amd64_microsoft.windows.common-controls_6595b64144ccf1df_6.0.19041.1110_none_60b5254171f9507e;C:\Program Files (x86)\360\Total Security\safemon;C:\Users\User\.jdks\openjdk-23.0.2\bin\server

VM Arguments:
jvm_args: -ea -Didea.test.cyclic.buffer.size=1048576 -javaagent:C:\Program Files\JetBrains\IntelliJ IDEA 2024.3.4.1\lib\idea_rt.jar=65414 -javaagent:C:\Users\User\AppData\Local\JetBrains\IntelliJIdea2024.3\captureAgent\debugger-agent.jar -Dkotlinx.coroutines.debug.enable.creation.stack.trace=false -Ddebugger.agent.enable.coroutines=true -Dkotlinx.coroutines.debug.enable.flows.stack.trace=true -Dkotlinx.coroutines.debug.enable.mutable.state.flows.stack.trace=true -Dfile.encoding=UTF-8 -Dsun.stdout.encoding=UTF-8 -Dsun.stderr.encoding=UTF-8 
java_command: com.intellij.rt.junit.JUnitStarter -ideVersion5 -junit4 UserServiceTest
java_class_path (initial): C:\Program Files\JetBrains\IntelliJ IDEA 2024.3.4.1\lib\idea_rt.jar;C:\Program Files\JetBrains\IntelliJ IDEA 2024.3.4.1\plugins\junit\lib\junit5-rt.jar;C:\Program Files\JetBrains\IntelliJ IDEA 2024.3.4.1\plugins\junit\lib\junit-rt.jar;D:\Pre-project\1.1.5\target\test-classes;D:\Pre-project\1.1.5\target\classes;C:\Users\User\.m2\repository\junit\junit\4.13.1\junit-4.13.1.jar;C:\Users\User\.m2\repository\org\hamcrest\hamcrest-core\1.3\hamcrest-core-1.3.jar;C:\Users\User\.m2\repository\mysql\mysql-connector-java\8.0.25\mysql-connector-java-8.0.25.jar;C:\Users\User\.m2\repository\com\google\protobuf\protobuf-java\3.11.4\protobuf-java-3.11.4.jar;C:\Users\User\.m2\repository\org\hibernate\javax\persistence\hibernate-jpa-2.1-api\1.0.2.Final\hibernate-jpa-2.1-api-1.0.2.Final.jar;C:\Users\User\.m2\repository\org\hibernate\hibernate-core\5.6.3.Final\hibernate-core-5.6.3.Final.jar;C:\Users\User\.m2\repository\org\jboss\logging\jboss-logging\3.4.2.Final\jboss-logging-3.4.2.Final.jar;C:\Users\User\.m2\repository\javax\persistence\javax.persistence-api\2.2\javax.persistence-api-2.2.jar;C:\Users\User\.m2\repository\net\bytebuddy\byte-buddy\1.11.20\byte-buddy-1.11.20.jar;C:\Users\User\.m2\repository\antlr\antlr\2.7.7\antlr-2.7.7.jar;C:\Users\User\.m2\repository\org\jboss\spec\javax\transaction\jboss-transaction-api_1.2_spec\1.1.1.Final\jboss-transaction-api_1.2_spec-1.1.1.Final.jar;C:\Users\User\.m2\repository\org\jboss\jandex\2.2.3.Final\jandex-2.2.3.Final.jar;C:\Users\User\.m2\repository\com\fasterxml\classmate\1.5.1\classmate-1.5.1.jar;C:\Users\User\.m2\repository\javax\activation\javax.activation-api\1.2.0\javax.activation-api-1.2.0.jar;C:\Users\User\.m2\repository\org\hibernate\common\hibernate-commons-annotations\5.1.2.Final\hibernate-commons-annotations-5.1.2.Final.jar;C:\Users\User\.m2\repository\javax\xml\bind\jaxb-api\2.3.1\jaxb-api-2.3.1.jar;C:\Users\User\.m2\repository\org\glassfish\jaxb\jaxb-runtime\2.3.1\jaxb-runtime-2.3.1.jar;C:\Users\User\.m2\repository\org\glassfish\jaxb\txw2\2.3.1\txw2-2.3.1.jar;C:\Users\User\.m2\repository\com\sun\istack\istack-commons-runtime\3.0.7\istack-commons-runtime-3.0.7.jar;C:\Users\User\.m2\repository\org\jvnet\staxex\stax-ex\1.8\stax-ex-1.8.jar;C:\Users\User\.m2\repository\com\sun\xml\fastinfoset\FastInfoset\1.2.15\FastInfoset-1.2.15.jar
Launcher Type: SUN_STANDARD

[Global flags]
     intx CICompilerCount                          = 3                                         {product} {ergonomic}
     uint ConcGCThreads                            = 1                                         {product} {ergonomic}
     uint G1ConcRefinementThreads                  = 4                                         {product} {ergonomic}
   size_t G1HeapRegionSize                         = 1048576                                   {product} {ergonomic}
   size_t InitialHeapSize                          = 130023424                                 {product} {ergonomic}
   size_t MarkStackSize                            = 4194304                                   {product} {ergonomic}
   size_t MarkStackSizeMax                         = 536870912                                 {product} {ergonomic}
   size_t MaxHeapSize                              = 2080374784                                {product} {ergonomic}
   size_t MaxNewSize                               = 1247805440                                {product} {ergonomic}
   size_t MinHeapDeltaBytes                        = 1048576                                   {product} {ergonomic}
   size_t MinHeapSize                              = 8388608                                   {product} {ergonomic}
    uintx NonNMethodCodeHeapSize                   = 5832704                                {pd product} {ergonomic}
    uintx NonProfiledCodeHeapSize                  = 122945536                              {pd product} {ergonomic}
    uintx ProfiledCodeHeapSize                     = 122880000                              {pd product} {ergonomic}
    uintx ReservedCodeCacheSize                    = 251658240                              {pd product} {ergonomic}
     bool SegmentedCodeCache                       = true                                      {product} {ergonomic}
   size_t SoftMaxHeapSize                          = 2080374784                             {manageable} {ergonomic}
     bool UseCompressedOops                        = true                           {product lp64_product} {ergonomic}
     bool UseG1GC                                  = true                                      {product} {ergonomic}
     bool UseLargePagesIndividualAllocation        = false                                  {pd product} {ergonomic}

Logging:
Log output configuration:
 #0: stdout all=warning uptime,level,tags foldmultilines=false
 #1: stderr all=off uptime,level,tags foldmultilines=false

Environment Variables:
JAVA_HOME=C:\JAVA\jdk-23.0.1
PATH=C:\Program Files (x86)\Common Files\Intel\Shared Files\cpp\bin\Intel64;C:\Windows\system32;C:\Windows;C:\Windows\System32\Wbem;C:\Windows\System32\WindowsPowerShell\v1.0\;C:\Windows\System32\OpenSSH\;C:\Program Files\WireGuard\;C:\Users\User\Desktop\matlabfolder\runtime\win64;C:\Users\User\Desktop\matlabfolder\bin;C:\JAVA\jdk-23.0.1\bin;C:\Program Files\dotnet\;C:\Program Files\Git\cmd;C:\JAVA\apache-maven-3.9.9\bin;C:\Users\User\AppData\Local\Microsoft\WindowsApps;C:\JAVA\jdk-23.0.1\bin;;C:\Program Files\JetBrains\IntelliJ IDEA Community Edition 2024.3\bin;;C:\Users\User\.dotnet\tools
USERNAME=User
OS=Windows_NT
PROCESSOR_IDENTIFIER=Intel64 Family 6 Model 126 Stepping 5, GenuineIntel
TMP=C:\Users\User\AppData\Local\Temp
TEMP=C:\Users\User\AppData\Local\Temp




Periodic native trim disabled

---------------  S Y S T E M  ---------------

OS:
 Windows 10 , 64 bit Build 19041 (10.0.19041.2546)
OS uptime: 2 days 0:53 hours

CPU: total 4 (initial active 4) (2 cores per cpu, 2 threads per core) family 6 model 126 stepping 5 microcode 0xa0, cx8, cmov, fxsr, ht, mmx, 3dnowpref, sse, sse2, sse3, ssse3, sse4.1, sse4.2, popcnt, lzcnt, tsc, tscinvbit, avx, avx2, aes, erms, clmul, bmi1, bmi2, adx, avx512f, avx512dq, avx512cd, avx512bw, avx512vl, sha, fma, vzeroupper, avx512_vpopcntdq, avx512_vpclmulqdq, avx512_vaes, avx512_vnni, clflush, clflushopt, avx512_vbmi2, avx512_vbmi, rdtscp, rdpid, fsrm, gfni, avx512_bitalg, f16c, pku, avx512_ifma
Processor Information for the first 4 processors :
  Max Mhz: 1190, Current Mhz: 1190, Mhz Limit: 1190

Memory: 4k page, system-wide physical 7933M (498M free)
TotalPageFile size 9981M (AvailPageFile size 0M)
current process WorkingSet (physical memory assigned to process): 83M, peak: 83M
current process commit charge ("private bytes"): 222M, peak: 222M

vm_info: OpenJDK 64-Bit Server VM (23.0.2+7-58) for windows-amd64 JRE (23.0.2+7-58), built on 2024-11-29T09:34:55Z with MS VC++ 17.6 (VS2022)

END.
