#
# There is insufficient memory for the Java Runtime Environment to continue.
# Native memory allocation (malloc) failed to allocate 32744 bytes. Error detail: Chunk::new
# Possible reasons:
#   The system is out of physical RAM or swap space
#   This process is running with CompressedOops enabled, and the Java Heap may be blocking the growth of the native heap
# Possible solutions:
#   Reduce memory load on the system
#   Increase physical memory or swap space
#   Check if swap backing store is full
#   Decrease Java heap size (-Xmx/-Xms)
#   Decrease number of Java threads
#   Decrease Java thread stack sizes (-Xss)
#   Set larger code cache with -XX:ReservedCodeCacheSize=
#   JVM is running with Unscaled Compressed Oops mode in which the Java heap is
#     placed in the first 4GB address space. The Java Heap base address is the
#     maximum limit for the native heap growth. Please use -XX:HeapBaseMinAddress
#     to set the Java Heap base and to place the Java Heap above 4GB virtual address.
# This output file may be truncated or incomplete.
#
#  Out of Memory Error (arena.cpp:149), pid=4460, tid=17364
#
# JRE version: OpenJDK Runtime Environment (23.0+37) (build 23+37-2369)
# Java VM: OpenJDK 64-Bit Server VM (23+37-2369, mixed mode, sharing, tiered, compressed oops, compressed class ptrs, g1 gc, windows-amd64)
# No core dump will be written. Minidumps are not enabled by default on client versions of Windows
#

---------------  S U M M A R Y ------------

Command Line: -ea -Didea.test.cyclic.buffer.size=1048576 -javaagent:C:\Program Files\JetBrains\IntelliJ IDEA 2024.3.4.1\lib\idea_rt.jar=56430 -javaagent:C:\Users\User\AppData\Local\JetBrains\IntelliJIdea2024.3\captureAgent\debugger-agent.jar -Dkotlinx.coroutines.debug.enable.creation.stack.trace=false -Ddebugger.agent.enable.coroutines=true -Dkotlinx.coroutines.debug.enable.flows.stack.trace=true -Dkotlinx.coroutines.debug.enable.mutable.state.flows.stack.trace=true -Dfile.encoding=UTF-8 -Dsun.stdout.encoding=UTF-8 -Dsun.stderr.encoding=UTF-8 com.intellij.rt.junit.JUnitStarter -ideVersion5 -junit4 UserServiceTest

Host: Intel(R) Core(TM) i3-1005G1 CPU @ 1.20GHz, 4 cores, 7G,  Windows 10 , 64 bit Build 19041 (10.0.19041.2546)
Time: Thu Mar 13 21:21:00 2025 RTZ 2 (s 10 , 64 bit Build 19041 (10.0.19041.2546) elapsed time: 0.537893 seconds (0d 0h 0m 0s)

---------------  T H R E A D  ---------------

Current thread (0x0000026ab7f127d0):  JavaThread "C1 CompilerThread0" daemon [_thread_in_native, id=17364, stack(0x00000075a7000000,0x00000075a7100000) (1024K)]


Current CompileTask:
C1:537 1176       3       jdk.jfr.internal.jfc.model.XmlSetting::getControl (7 bytes)

Stack: [0x00000075a7000000,0x00000075a7100000]
Native frames: (J=compiled Java code, j=interpreted, Vv=VM code, C=native code)
V  [jvm.dll+0x6e08a9]  (no source info available)
V  [jvm.dll+0x87da63]  (no source info available)
V  [jvm.dll+0x87feee]  (no source info available)
V  [jvm.dll+0x8805c3]  (no source info available)
V  [jvm.dll+0x27aee6]  (no source info available)
V  [jvm.dll+0xbc06f]  (no source info available)
V  [jvm.dll+0xbc2cb]  (no source info available)
V  [jvm.dll+0x1965bf]  (no source info available)
V  [jvm.dll+0x1955be]  (no source info available)
V  [jvm.dll+0x150a72]  (no source info available)
V  [jvm.dll+0x15022f]  (no source info available)
V  [jvm.dll+0x1504db]  (no source info available)
V  [jvm.dll+0x14f8a8]  (no source info available)
V  [jvm.dll+0x1516ed]  (no source info available)
V  [jvm.dll+0x253cf1]  (no source info available)
V  [jvm.dll+0x251faa]  (no source info available)
V  [jvm.dll+0x3ee036]  (no source info available)
V  [jvm.dll+0x824f1b]  (no source info available)
V  [jvm.dll+0x6df055]  (no source info available)
C  [ucrtbase.dll+0x21bb2]  (no source info available)
C  [KERNEL32.DLL+0x17614]  (no source info available)
C  [ntdll.dll+0x526a1]  (no source info available)

Lock stack of current Java thread (top to bottom):


---------------  P R O C E S S  ---------------

Threads class SMR info:
_java_thread_list=0x0000026afdbe7e50, length=14, elements={
0x0000026a998a1cc0, 0x0000026ab7ed88e0, 0x0000026ab7ed9600, 0x0000026ab7eda5a0,
0x0000026ab7edc170, 0x0000026ab7edcbd0, 0x0000026ab7edd630, 0x0000026ab7ef1900,
0x0000026ab7f127d0, 0x0000026afd0f5ad0, 0x0000026afd29fb50, 0x0000026afd3a8ce0,
0x0000026afd4f4300, 0x0000026afd862f30
}

Java Threads: ( => current thread )
  0x0000026a998a1cc0 JavaThread "main"                              [_thread_in_vm, id=15968, stack(0x00000075a6100000,0x00000075a6200000) (1024K)]
  0x0000026ab7ed88e0 JavaThread "Reference Handler"          daemon [_thread_blocked, id=16456, stack(0x00000075a6900000,0x00000075a6a00000) (1024K)]
  0x0000026ab7ed9600 JavaThread "Finalizer"                  daemon [_thread_blocked, id=16604, stack(0x00000075a6a00000,0x00000075a6b00000) (1024K)]
  0x0000026ab7eda5a0 JavaThread "Signal Dispatcher"          daemon [_thread_blocked, id=12396, stack(0x00000075a6b00000,0x00000075a6c00000) (1024K)]
  0x0000026ab7edc170 JavaThread "Attach Listener"            daemon [_thread_in_vm, id=1576, stack(0x00000075a6c00000,0x00000075a6d00000) (1024K)]
  0x0000026ab7edcbd0 JavaThread "Service Thread"             daemon [_thread_blocked, id=7588, stack(0x00000075a6d00000,0x00000075a6e00000) (1024K)]
  0x0000026ab7edd630 JavaThread "Monitor Deflation Thread"   daemon [_thread_blocked, id=16684, stack(0x00000075a6e00000,0x00000075a6f00000) (1024K)]
  0x0000026ab7ef1900 JavaThread "C2 CompilerThread0"         daemon [_thread_in_native, id=7804, stack(0x00000075a6f00000,0x00000075a7000000) (1024K)]
=>0x0000026ab7f127d0 JavaThread "C1 CompilerThread0"         daemon [_thread_in_native, id=17364, stack(0x00000075a7000000,0x00000075a7100000) (1024K)]
  0x0000026afd0f5ad0 JavaThread "Common-Cleaner"             daemon [_thread_blocked, id=15560, stack(0x00000075a7100000,0x00000075a7200000) (1024K)]
  0x0000026afd29fb50 JavaThread "Monitor Ctrl-Break"         daemon [_thread_in_native, id=17392, stack(0x00000075a7200000,0x00000075a7300000) (1024K)]
  0x0000026afd3a8ce0 JavaThread "Notification Thread"        daemon [_thread_blocked, id=16108, stack(0x00000075a7300000,0x00000075a7400000) (1024K)]
  0x0000026afd4f4300 JavaThread "C2 CompilerThread1"         daemon [_thread_blocked, id=17340, stack(0x00000075a7400000,0x00000075a7500000) (1024K)]
  0x0000026afd862f30 JavaThread "mysql-cj-abandoned-connection-cleanup" daemon [_thread_in_vm, id=5064, stack(0x00000075a7800000,0x00000075a7900000) (1024K)]
Total: 14

Other Threads:
  0x0000026ab7ebf7b0 VMThread "VM Thread"                           [id=16416, stack(0x00000075a6800000,0x00000075a6900000) (1024K)]
  0x0000026ab7eaf550 WatcherThread "VM Periodic Task Thread"        [id=17208, stack(0x00000075a6700000,0x00000075a6800000) (1024K)]
  0x0000026a9bb572f0 WorkerThread "GC Thread#0"                     [id=15716, stack(0x00000075a6200000,0x00000075a6300000) (1024K)]
  0x0000026afda1c790 WorkerThread "GC Thread#1"                     [id=3580, stack(0x00000075a7500000,0x00000075a7600000) (1024K)]
  0x0000026afdad3260 WorkerThread "GC Thread#2"                     [id=9028, stack(0x00000075a7600000,0x00000075a7700000) (1024K)]
  0x0000026afdaeef50 WorkerThread "GC Thread#3"                     [id=17220, stack(0x00000075a7700000,0x00000075a7800000) (1024K)]
  0x0000026a9bb6ba00 ConcurrentGCThread "G1 Main Marker"            [id=17260, stack(0x00000075a6300000,0x00000075a6400000) (1024K)]
  0x0000026a9bb6dfa0 WorkerThread "G1 Conc#0"                       [id=12628, stack(0x00000075a6400000,0x00000075a6500000) (1024K)]
  0x0000026a9bbae9c0 ConcurrentGCThread "G1 Refine#0"               [id=13576, stack(0x00000075a6500000,0x00000075a6600000) (1024K)]
  0x0000026ab7d7d940 ConcurrentGCThread "G1 Service"                [id=17316, stack(0x00000075a6600000,0x00000075a6700000) (1024K)]
Total: 10

Threads with active compile tasks:
C2 CompilerThread0  565 1153       4       jdk.internal.util.xml.impl.Parser::step (891 bytes)
C1 CompilerThread0  565 1176       3       jdk.jfr.internal.jfc.model.XmlSetting::getControl (7 bytes)
Total: 2

VM state: not at safepoint (normal execution)

VM Mutex/Monitor currently owned by a thread:  ([mutex/lock_event])
[0x00007ffa94d61890] Metaspace_lock - owner thread: 0x0000026a998a1cc0

Heap address: 0x0000000084000000, size: 1984 MB, Compressed Oops mode: 32-bit

CDS archive(s) mapped at: [0x0000026ab8000000-0x0000026ab8d70000-0x0000026ab8d70000), size 14090240, SharedBaseAddress: 0x0000026ab8000000, ArchiveRelocationMode: 1.
Compressed class space mapped at: 0x0000026ab9000000-0x0000026af9000000, reserved size: 1073741824
Narrow klass base: 0x0000026ab8000000, Narrow klass shift: 0, Narrow klass range: 0x41000000

GC Precious Log:
 CardTable entry size: 512
 Card Set container configuration: InlinePtr #cards 5 size 8 Array Of Cards #cards 10 size 36 Howl #buckets 4 coarsen threshold 1843 Howl Bitmap #cards 512 size 80 coarsen threshold 460 Card regions per heap region 1 cards per card region 2048
 CPUs: 4 total, 4 available
 Memory: 7933M
 Large Page Support: Disabled
 NUMA Support: Disabled
 Compressed Oops: Enabled (32-bit)
 Heap Region Size: 1M
 Heap Min Capacity: 8M
 Heap Initial Capacity: 124M
 Heap Max Capacity: 1984M
 Pre-touch: Disabled
 Parallel Workers: 4
 Concurrent Workers: 1
 Concurrent Refinement Workers: 4
 Periodic GC: Disabled

Heap:
 garbage-first heap   total reserved 2031616K, committed 126976K, used 8384K [0x0000000084000000, 0x0000000100000000)
  region size 1024K, 7 young (7168K), 2 survivors (2048K)
 Metaspace       used 8965K, committed 9152K, reserved 1114112K
  class space    used 949K, committed 1024K, reserved 1048576K

Heap Regions: E=young(eden), S=young(survivor), O=old, HS=humongous(starts), HC=humongous(continues), CS=collection set, F=free, TAMS=top-at-mark-start, PB=parsable bottom
|   0|0x0000000084000000, 0x0000000084100000, 0x0000000084100000|100%|HS|  |TAMS 0x0000000084000000| PB 0x0000000084000000| Complete |  0
|   1|0x0000000084100000, 0x0000000084200000, 0x0000000084200000|100%| O|  |TAMS 0x0000000084100000| PB 0x0000000084100000| Untracked |  0
|   2|0x0000000084200000, 0x0000000084230000, 0x0000000084300000| 18%| O|  |TAMS 0x0000000084200000| PB 0x0000000084200000| Untracked |  0
|   3|0x0000000084300000, 0x0000000084300000, 0x0000000084400000|  0%| F|  |TAMS 0x0000000084300000| PB 0x0000000084300000| Untracked |  0
|   4|0x0000000084400000, 0x0000000084400000, 0x0000000084500000|  0%| F|  |TAMS 0x0000000084400000| PB 0x0000000084400000| Untracked |  0
|   5|0x0000000084500000, 0x0000000084500000, 0x0000000084600000|  0%| F|  |TAMS 0x0000000084500000| PB 0x0000000084500000| Untracked |  0
|   6|0x0000000084600000, 0x0000000084600000, 0x0000000084700000|  0%| F|  |TAMS 0x0000000084600000| PB 0x0000000084600000| Untracked |  0
|   7|0x0000000084700000, 0x0000000084700000, 0x0000000084800000|  0%| F|  |TAMS 0x0000000084700000| PB 0x0000000084700000| Untracked |  0
|   8|0x0000000084800000, 0x0000000084800000, 0x0000000084900000|  0%| F|  |TAMS 0x0000000084800000| PB 0x0000000084800000| Untracked |  0
|   9|0x0000000084900000, 0x0000000084900000, 0x0000000084a00000|  0%| F|  |TAMS 0x0000000084900000| PB 0x0000000084900000| Untracked |  0
|  10|0x0000000084a00000, 0x0000000084a00000, 0x0000000084b00000|  0%| F|  |TAMS 0x0000000084a00000| PB 0x0000000084a00000| Untracked |  0
|  11|0x0000000084b00000, 0x0000000084b00000, 0x0000000084c00000|  0%| F|  |TAMS 0x0000000084b00000| PB 0x0000000084b00000| Untracked |  0
|  12|0x0000000084c00000, 0x0000000084c00000, 0x0000000084d00000|  0%| F|  |TAMS 0x0000000084c00000| PB 0x0000000084c00000| Untracked |  0
|  13|0x0000000084d00000, 0x0000000084d00000, 0x0000000084e00000|  0%| F|  |TAMS 0x0000000084d00000| PB 0x0000000084d00000| Untracked |  0
|  14|0x0000000084e00000, 0x0000000084e00000, 0x0000000084f00000|  0%| F|  |TAMS 0x0000000084e00000| PB 0x0000000084e00000| Untracked |  0
|  15|0x0000000084f00000, 0x0000000084f00000, 0x0000000085000000|  0%| F|  |TAMS 0x0000000084f00000| PB 0x0000000084f00000| Untracked |  0
|  16|0x0000000085000000, 0x0000000085000000, 0x0000000085100000|  0%| F|  |TAMS 0x0000000085000000| PB 0x0000000085000000| Untracked |  0
|  17|0x0000000085100000, 0x0000000085100000, 0x0000000085200000|  0%| F|  |TAMS 0x0000000085100000| PB 0x0000000085100000| Untracked |  0
|  18|0x0000000085200000, 0x0000000085200000, 0x0000000085300000|  0%| F|  |TAMS 0x0000000085200000| PB 0x0000000085200000| Untracked |  0
|  19|0x0000000085300000, 0x0000000085300000, 0x0000000085400000|  0%| F|  |TAMS 0x0000000085300000| PB 0x0000000085300000| Untracked |  0
|  20|0x0000000085400000, 0x0000000085400000, 0x0000000085500000|  0%| F|  |TAMS 0x0000000085400000| PB 0x0000000085400000| Untracked |  0
|  21|0x0000000085500000, 0x0000000085500000, 0x0000000085600000|  0%| F|  |TAMS 0x0000000085500000| PB 0x0000000085500000| Untracked |  0
|  22|0x0000000085600000, 0x0000000085600000, 0x0000000085700000|  0%| F|  |TAMS 0x0000000085600000| PB 0x0000000085600000| Untracked |  0
|  23|0x0000000085700000, 0x0000000085700000, 0x0000000085800000|  0%| F|  |TAMS 0x0000000085700000| PB 0x0000000085700000| Untracked |  0
|  24|0x0000000085800000, 0x0000000085800000, 0x0000000085900000|  0%| F|  |TAMS 0x0000000085800000| PB 0x0000000085800000| Untracked |  0
|  25|0x0000000085900000, 0x0000000085900000, 0x0000000085a00000|  0%| F|  |TAMS 0x0000000085900000| PB 0x0000000085900000| Untracked |  0
|  26|0x0000000085a00000, 0x0000000085a00000, 0x0000000085b00000|  0%| F|  |TAMS 0x0000000085a00000| PB 0x0000000085a00000| Untracked |  0
|  27|0x0000000085b00000, 0x0000000085b00000, 0x0000000085c00000|  0%| F|  |TAMS 0x0000000085b00000| PB 0x0000000085b00000| Untracked |  0
|  28|0x0000000085c00000, 0x0000000085c00000, 0x0000000085d00000|  0%| F|  |TAMS 0x0000000085c00000| PB 0x0000000085c00000| Untracked |  0
|  29|0x0000000085d00000, 0x0000000085d00000, 0x0000000085e00000|  0%| F|  |TAMS 0x0000000085d00000| PB 0x0000000085d00000| Untracked |  0
|  30|0x0000000085e00000, 0x0000000085e00000, 0x0000000085f00000|  0%| F|  |TAMS 0x0000000085e00000| PB 0x0000000085e00000| Untracked |  0
|  31|0x0000000085f00000, 0x0000000085f00000, 0x0000000086000000|  0%| F|  |TAMS 0x0000000085f00000| PB 0x0000000085f00000| Untracked |  0
|  32|0x0000000086000000, 0x0000000086000000, 0x0000000086100000|  0%| F|  |TAMS 0x0000000086000000| PB 0x0000000086000000| Untracked |  0
|  33|0x0000000086100000, 0x0000000086100000, 0x0000000086200000|  0%| F|  |TAMS 0x0000000086100000| PB 0x0000000086100000| Untracked |  0
|  34|0x0000000086200000, 0x0000000086200000, 0x0000000086300000|  0%| F|  |TAMS 0x0000000086200000| PB 0x0000000086200000| Untracked |  0
|  35|0x0000000086300000, 0x0000000086300000, 0x0000000086400000|  0%| F|  |TAMS 0x0000000086300000| PB 0x0000000086300000| Untracked |  0
|  36|0x0000000086400000, 0x0000000086400000, 0x0000000086500000|  0%| F|  |TAMS 0x0000000086400000| PB 0x0000000086400000| Untracked |  0
|  37|0x0000000086500000, 0x0000000086500000, 0x0000000086600000|  0%| F|  |TAMS 0x0000000086500000| PB 0x0000000086500000| Untracked |  0
|  38|0x0000000086600000, 0x0000000086600000, 0x0000000086700000|  0%| F|  |TAMS 0x0000000086600000| PB 0x0000000086600000| Untracked |  0
|  39|0x0000000086700000, 0x0000000086700000, 0x0000000086800000|  0%| F|  |TAMS 0x0000000086700000| PB 0x0000000086700000| Untracked |  0
|  40|0x0000000086800000, 0x0000000086800000, 0x0000000086900000|  0%| F|  |TAMS 0x0000000086800000| PB 0x0000000086800000| Untracked |  0
|  41|0x0000000086900000, 0x0000000086900000, 0x0000000086a00000|  0%| F|  |TAMS 0x0000000086900000| PB 0x0000000086900000| Untracked |  0
|  42|0x0000000086a00000, 0x0000000086a00000, 0x0000000086b00000|  0%| F|  |TAMS 0x0000000086a00000| PB 0x0000000086a00000| Untracked |  0
|  43|0x0000000086b00000, 0x0000000086b00000, 0x0000000086c00000|  0%| F|  |TAMS 0x0000000086b00000| PB 0x0000000086b00000| Untracked |  0
|  44|0x0000000086c00000, 0x0000000086c00000, 0x0000000086d00000|  0%| F|  |TAMS 0x0000000086c00000| PB 0x0000000086c00000| Untracked |  0
|  45|0x0000000086d00000, 0x0000000086d00000, 0x0000000086e00000|  0%| F|  |TAMS 0x0000000086d00000| PB 0x0000000086d00000| Untracked |  0
|  46|0x0000000086e00000, 0x0000000086e00000, 0x0000000086f00000|  0%| F|  |TAMS 0x0000000086e00000| PB 0x0000000086e00000| Untracked |  0
|  47|0x0000000086f00000, 0x0000000086f00000, 0x0000000087000000|  0%| F|  |TAMS 0x0000000086f00000| PB 0x0000000086f00000| Untracked |  0
|  48|0x0000000087000000, 0x0000000087000000, 0x0000000087100000|  0%| F|  |TAMS 0x0000000087000000| PB 0x0000000087000000| Untracked |  0
|  49|0x0000000087100000, 0x0000000087100000, 0x0000000087200000|  0%| F|  |TAMS 0x0000000087100000| PB 0x0000000087100000| Untracked |  0
|  50|0x0000000087200000, 0x0000000087200000, 0x0000000087300000|  0%| F|  |TAMS 0x0000000087200000| PB 0x0000000087200000| Untracked |  0
|  51|0x0000000087300000, 0x0000000087300000, 0x0000000087400000|  0%| F|  |TAMS 0x0000000087300000| PB 0x0000000087300000| Untracked |  0
|  52|0x0000000087400000, 0x0000000087400000, 0x0000000087500000|  0%| F|  |TAMS 0x0000000087400000| PB 0x0000000087400000| Untracked |  0
|  53|0x0000000087500000, 0x0000000087500000, 0x0000000087600000|  0%| F|  |TAMS 0x0000000087500000| PB 0x0000000087500000| Untracked |  0
|  54|0x0000000087600000, 0x0000000087600000, 0x0000000087700000|  0%| F|  |TAMS 0x0000000087600000| PB 0x0000000087600000| Untracked |  0
|  55|0x0000000087700000, 0x0000000087700000, 0x0000000087800000|  0%| F|  |TAMS 0x0000000087700000| PB 0x0000000087700000| Untracked |  0
|  56|0x0000000087800000, 0x0000000087800000, 0x0000000087900000|  0%| F|  |TAMS 0x0000000087800000| PB 0x0000000087800000| Untracked |  0
|  57|0x0000000087900000, 0x0000000087900000, 0x0000000087a00000|  0%| F|  |TAMS 0x0000000087900000| PB 0x0000000087900000| Untracked |  0
|  58|0x0000000087a00000, 0x0000000087a00000, 0x0000000087b00000|  0%| F|  |TAMS 0x0000000087a00000| PB 0x0000000087a00000| Untracked |  0
|  59|0x0000000087b00000, 0x0000000087b00000, 0x0000000087c00000|  0%| F|  |TAMS 0x0000000087b00000| PB 0x0000000087b00000| Untracked |  0
|  60|0x0000000087c00000, 0x0000000087c00000, 0x0000000087d00000|  0%| F|  |TAMS 0x0000000087c00000| PB 0x0000000087c00000| Untracked |  0
|  61|0x0000000087d00000, 0x0000000087d00000, 0x0000000087e00000|  0%| F|  |TAMS 0x0000000087d00000| PB 0x0000000087d00000| Untracked |  0
|  62|0x0000000087e00000, 0x0000000087e00000, 0x0000000087f00000|  0%| F|  |TAMS 0x0000000087e00000| PB 0x0000000087e00000| Untracked |  0
|  63|0x0000000087f00000, 0x0000000087f00000, 0x0000000088000000|  0%| F|  |TAMS 0x0000000087f00000| PB 0x0000000087f00000| Untracked |  0
|  64|0x0000000088000000, 0x0000000088000000, 0x0000000088100000|  0%| F|  |TAMS 0x0000000088000000| PB 0x0000000088000000| Untracked |  0
|  65|0x0000000088100000, 0x0000000088100000, 0x0000000088200000|  0%| F|  |TAMS 0x0000000088100000| PB 0x0000000088100000| Untracked |  0
|  66|0x0000000088200000, 0x0000000088200000, 0x0000000088300000|  0%| F|  |TAMS 0x0000000088200000| PB 0x0000000088200000| Untracked |  0
|  67|0x0000000088300000, 0x0000000088300000, 0x0000000088400000|  0%| F|  |TAMS 0x0000000088300000| PB 0x0000000088300000| Untracked |  0
|  68|0x0000000088400000, 0x0000000088400000, 0x0000000088500000|  0%| F|  |TAMS 0x0000000088400000| PB 0x0000000088400000| Untracked |  0
|  69|0x0000000088500000, 0x0000000088500000, 0x0000000088600000|  0%| F|  |TAMS 0x0000000088500000| PB 0x0000000088500000| Untracked |  0
|  70|0x0000000088600000, 0x0000000088600000, 0x0000000088700000|  0%| F|  |TAMS 0x0000000088600000| PB 0x0000000088600000| Untracked |  0
|  71|0x0000000088700000, 0x0000000088700000, 0x0000000088800000|  0%| F|  |TAMS 0x0000000088700000| PB 0x0000000088700000| Untracked |  0
|  72|0x0000000088800000, 0x0000000088800000, 0x0000000088900000|  0%| F|  |TAMS 0x0000000088800000| PB 0x0000000088800000| Untracked |  0
|  73|0x0000000088900000, 0x0000000088900000, 0x0000000088a00000|  0%| F|  |TAMS 0x0000000088900000| PB 0x0000000088900000| Untracked |  0
|  74|0x0000000088a00000, 0x0000000088a00000, 0x0000000088b00000|  0%| F|  |TAMS 0x0000000088a00000| PB 0x0000000088a00000| Untracked |  0
|  75|0x0000000088b00000, 0x0000000088b00000, 0x0000000088c00000|  0%| F|  |TAMS 0x0000000088b00000| PB 0x0000000088b00000| Untracked |  0
|  76|0x0000000088c00000, 0x0000000088c00000, 0x0000000088d00000|  0%| F|  |TAMS 0x0000000088c00000| PB 0x0000000088c00000| Untracked |  0
|  77|0x0000000088d00000, 0x0000000088d00000, 0x0000000088e00000|  0%| F|  |TAMS 0x0000000088d00000| PB 0x0000000088d00000| Untracked |  0
|  78|0x0000000088e00000, 0x0000000088e00000, 0x0000000088f00000|  0%| F|  |TAMS 0x0000000088e00000| PB 0x0000000088e00000| Untracked |  0
|  79|0x0000000088f00000, 0x0000000088f00000, 0x0000000089000000|  0%| F|  |TAMS 0x0000000088f00000| PB 0x0000000088f00000| Untracked |  0
|  80|0x0000000089000000, 0x0000000089000000, 0x0000000089100000|  0%| F|  |TAMS 0x0000000089000000| PB 0x0000000089000000| Untracked |  0
|  81|0x0000000089100000, 0x0000000089100000, 0x0000000089200000|  0%| F|  |TAMS 0x0000000089100000| PB 0x0000000089100000| Untracked |  0
|  82|0x0000000089200000, 0x0000000089200000, 0x0000000089300000|  0%| F|  |TAMS 0x0000000089200000| PB 0x0000000089200000| Untracked |  0
|  83|0x0000000089300000, 0x0000000089300000, 0x0000000089400000|  0%| F|  |TAMS 0x0000000089300000| PB 0x0000000089300000| Untracked |  0
|  84|0x0000000089400000, 0x0000000089400000, 0x0000000089500000|  0%| F|  |TAMS 0x0000000089400000| PB 0x0000000089400000| Untracked |  0
|  85|0x0000000089500000, 0x0000000089500000, 0x0000000089600000|  0%| F|  |TAMS 0x0000000089500000| PB 0x0000000089500000| Untracked |  0
|  86|0x0000000089600000, 0x0000000089600000, 0x0000000089700000|  0%| F|  |TAMS 0x0000000089600000| PB 0x0000000089600000| Untracked |  0
|  87|0x0000000089700000, 0x0000000089700000, 0x0000000089800000|  0%| F|  |TAMS 0x0000000089700000| PB 0x0000000089700000| Untracked |  0
|  88|0x0000000089800000, 0x0000000089800000, 0x0000000089900000|  0%| F|  |TAMS 0x0000000089800000| PB 0x0000000089800000| Untracked |  0
|  89|0x0000000089900000, 0x0000000089900000, 0x0000000089a00000|  0%| F|  |TAMS 0x0000000089900000| PB 0x0000000089900000| Untracked |  0
|  90|0x0000000089a00000, 0x0000000089a00000, 0x0000000089b00000|  0%| F|  |TAMS 0x0000000089a00000| PB 0x0000000089a00000| Untracked |  0
|  91|0x0000000089b00000, 0x0000000089b00000, 0x0000000089c00000|  0%| F|  |TAMS 0x0000000089b00000| PB 0x0000000089b00000| Untracked |  0
|  92|0x0000000089c00000, 0x0000000089c00000, 0x0000000089d00000|  0%| F|  |TAMS 0x0000000089c00000| PB 0x0000000089c00000| Untracked |  0
|  93|0x0000000089d00000, 0x0000000089d00000, 0x0000000089e00000|  0%| F|  |TAMS 0x0000000089d00000| PB 0x0000000089d00000| Untracked |  0
|  94|0x0000000089e00000, 0x0000000089e00000, 0x0000000089f00000|  0%| F|  |TAMS 0x0000000089e00000| PB 0x0000000089e00000| Untracked |  0
|  95|0x0000000089f00000, 0x0000000089f00000, 0x000000008a000000|  0%| F|  |TAMS 0x0000000089f00000| PB 0x0000000089f00000| Untracked |  0
|  96|0x000000008a000000, 0x000000008a000000, 0x000000008a100000|  0%| F|  |TAMS 0x000000008a000000| PB 0x000000008a000000| Untracked |  0
|  97|0x000000008a100000, 0x000000008a100000, 0x000000008a200000|  0%| F|  |TAMS 0x000000008a100000| PB 0x000000008a100000| Untracked |  0
|  98|0x000000008a200000, 0x000000008a200000, 0x000000008a300000|  0%| F|  |TAMS 0x000000008a200000| PB 0x000000008a200000| Untracked |  0
|  99|0x000000008a300000, 0x000000008a300000, 0x000000008a400000|  0%| F|  |TAMS 0x000000008a300000| PB 0x000000008a300000| Untracked |  0
| 100|0x000000008a400000, 0x000000008a400000, 0x000000008a500000|  0%| F|  |TAMS 0x000000008a400000| PB 0x000000008a400000| Untracked |  0
| 101|0x000000008a500000, 0x000000008a500000, 0x000000008a600000|  0%| F|  |TAMS 0x000000008a500000| PB 0x000000008a500000| Untracked |  0
| 102|0x000000008a600000, 0x000000008a600000, 0x000000008a700000|  0%| F|  |TAMS 0x000000008a600000| PB 0x000000008a600000| Untracked |  0
| 103|0x000000008a700000, 0x000000008a700000, 0x000000008a800000|  0%| F|  |TAMS 0x000000008a700000| PB 0x000000008a700000| Untracked |  0
| 104|0x000000008a800000, 0x000000008a800000, 0x000000008a900000|  0%| F|  |TAMS 0x000000008a800000| PB 0x000000008a800000| Untracked |  0
| 105|0x000000008a900000, 0x000000008a900000, 0x000000008aa00000|  0%| F|  |TAMS 0x000000008a900000| PB 0x000000008a900000| Untracked |  0
| 106|0x000000008aa00000, 0x000000008aa00000, 0x000000008ab00000|  0%| F|  |TAMS 0x000000008aa00000| PB 0x000000008aa00000| Untracked |  0
| 107|0x000000008ab00000, 0x000000008ab00000, 0x000000008ac00000|  0%| F|  |TAMS 0x000000008ab00000| PB 0x000000008ab00000| Untracked |  0
| 108|0x000000008ac00000, 0x000000008ad00000, 0x000000008ad00000|100%| S|CS|TAMS 0x000000008ac00000| PB 0x000000008ac00000| Complete |  0
| 109|0x000000008ad00000, 0x000000008ae00000, 0x000000008ae00000|100%| S|CS|TAMS 0x000000008ad00000| PB 0x000000008ad00000| Complete |  0
| 110|0x000000008ae00000, 0x000000008ae00000, 0x000000008af00000|  0%| F|  |TAMS 0x000000008ae00000| PB 0x000000008ae00000| Untracked |  0
| 111|0x000000008af00000, 0x000000008af00000, 0x000000008b000000|  0%| F|  |TAMS 0x000000008af00000| PB 0x000000008af00000| Untracked |  0
| 112|0x000000008b000000, 0x000000008b000000, 0x000000008b100000|  0%| F|  |TAMS 0x000000008b000000| PB 0x000000008b000000| Untracked |  0
| 113|0x000000008b100000, 0x000000008b100000, 0x000000008b200000|  0%| F|  |TAMS 0x000000008b100000| PB 0x000000008b100000| Untracked |  0
| 114|0x000000008b200000, 0x000000008b200000, 0x000000008b300000|  0%| F|  |TAMS 0x000000008b200000| PB 0x000000008b200000| Untracked |  0
| 115|0x000000008b300000, 0x000000008b300000, 0x000000008b400000|  0%| F|  |TAMS 0x000000008b300000| PB 0x000000008b300000| Untracked |  0
| 116|0x000000008b400000, 0x000000008b400000, 0x000000008b500000|  0%| F|  |TAMS 0x000000008b400000| PB 0x000000008b400000| Untracked |  0
| 117|0x000000008b500000, 0x000000008b500000, 0x000000008b600000|  0%| F|  |TAMS 0x000000008b500000| PB 0x000000008b500000| Untracked |  0
| 118|0x000000008b600000, 0x000000008b600000, 0x000000008b700000|  0%| F|  |TAMS 0x000000008b600000| PB 0x000000008b600000| Untracked |  0
| 119|0x000000008b700000, 0x000000008b7b5410, 0x000000008b800000| 70%| E|  |TAMS 0x000000008b700000| PB 0x000000008b700000| Complete |  1
| 120|0x000000008b800000, 0x000000008b900000, 0x000000008b900000|100%| E|CS|TAMS 0x000000008b800000| PB 0x000000008b800000| Complete |  0
| 121|0x000000008b900000, 0x000000008ba00000, 0x000000008ba00000|100%| E|CS|TAMS 0x000000008b900000| PB 0x000000008b900000| Complete |  0
| 122|0x000000008ba00000, 0x000000008bb00000, 0x000000008bb00000|100%| E|CS|TAMS 0x000000008ba00000| PB 0x000000008ba00000| Complete |  0
| 123|0x000000008bb00000, 0x000000008bc00000, 0x000000008bc00000|100%| E|CS|TAMS 0x000000008bb00000| PB 0x000000008bb00000| Complete |  0

Card table byte_map: [0x0000026ab3600000,0x0000026ab39e0000] _byte_map_base: 0x0000026ab31e0000

Marking Bits: (CMBitMap*) 0x0000026a9bb57910
 Bits: [0x0000026ab39e0000, 0x0000026ab58e0000)

Polling page: 0x0000026a9b290000

Metaspace:

Usage:
  Non-class:      7.83 MB used.
      Class:    949.37 KB used.
       Both:      8.76 MB used.

Virtual space:
  Non-class space:       64.00 MB reserved,       7.94 MB ( 12%) committed,  1 nodes.
      Class space:        1.00 GB reserved,       1.00 MB ( <1%) committed,  1 nodes.
             Both:        1.06 GB reserved,       8.94 MB ( <1%) committed. 

Chunk freelists:
   Non-Class:  7.98 MB
       Class:  15.03 MB
        Both:  23.01 MB

MaxMetaspaceSize: unlimited
CompressedClassSpaceSize: 1.00 GB
Initial GC threshold: 21.00 MB
Current GC threshold: 21.00 MB
CDS: on
 - commit_granule_bytes: 65536.
 - commit_granule_words: 8192.
 - virtual_space_node_default_size: 8388608.
 - enlarge_chunks_in_place: 1.
 - use_allocation_guard: 0.


Internal statistics:

num_allocs_failed_limit: 0.
num_arena_births: 118.
num_arena_deaths: 0.
num_vsnodes_births: 2.
num_vsnodes_deaths: 0.
num_space_committed: 143.
num_space_uncommitted: 0.
num_chunks_returned_to_freelist: 0.
num_chunks_taken_from_freelist: 192.
num_chunk_merges: 0.
num_chunk_splits: 109.
num_chunks_enlarged: 63.
num_inconsistent_stats: 0.

CodeHeap 'non-profiled nmethods': size=120064Kb used=356Kb max_used=356Kb free=119707Kb
 bounds [0x0000026aabce0000, 0x0000026aabf50000, 0x0000026ab3220000]
CodeHeap 'profiled nmethods': size=120000Kb used=1375Kb max_used=1375Kb free=118624Kb
 bounds [0x0000026aa4220000, 0x0000026aa4490000, 0x0000026aab750000]
CodeHeap 'non-nmethods': size=5696Kb used=1498Kb max_used=1515Kb free=4197Kb
 bounds [0x0000026aab750000, 0x0000026aab9c0000, 0x0000026aabce0000]
CodeCache: size=245760Kb, used=3229Kb, max_used=3246Kb, free=242528Kb
 total_blobs=1665, nmethods=1172, adapters=399, full_count=0
Compilation: enabled, stopped_count=0, restarted_count=0

Compilation events (20 events):
Event: 0.523 Thread 0x0000026ab7f127d0 nmethod 1164 0x0000026aa4373508 code [0x0000026aa4373640, 0x0000026aa4373870]
Event: 0.523 Thread 0x0000026ab7f127d0 1166       3       jdk.jfr.internal.jfc.model.XmlElement::validateChildConstraints (38 bytes)
Event: 0.523 Thread 0x0000026ab7f127d0 nmethod 1166 0x0000026aa4373888 code [0x0000026aa4373a00, 0x0000026aa4373fd8]
Event: 0.523 Thread 0x0000026ab7f127d0 1168       3       jdk.jfr.internal.jfc.model.XmlElement::validateAttributes (78 bytes)
Event: 0.524 Thread 0x0000026ab7f127d0 nmethod 1168 0x0000026aa4374008 code [0x0000026aa4374240, 0x0000026aa4374e88]
Event: 0.524 Thread 0x0000026ab7f127d0 1169       3       jdk.jfr.internal.jfc.model.XmlElement::validateChildren (37 bytes)
Event: 0.524 Thread 0x0000026ab7f127d0 nmethod 1169 0x0000026aa4374f08 code [0x0000026aa43750a0, 0x0000026aa43757a8]
Event: 0.524 Thread 0x0000026ab7f127d0 1167       3       jdk.jfr.internal.jfc.model.XmlElement::validate (13 bytes)
Event: 0.524 Thread 0x0000026ab7f127d0 nmethod 1167 0x0000026aa4375808 code [0x0000026aa4375940, 0x0000026aa4375c20]
Event: 0.524 Thread 0x0000026ab7f127d0 1170       3       java.util.List::of (4 bytes)
Event: 0.524 Thread 0x0000026ab7f127d0 nmethod 1170 0x0000026aa4375c88 code [0x0000026aa4375da0, 0x0000026aa4375e98]
Event: 0.524 Thread 0x0000026ab7f127d0 1165       3       jdk.jfr.internal.jfc.model.XmlSetting::attributes (6 bytes)
Event: 0.524 Thread 0x0000026ab7f127d0 nmethod 1165 0x0000026aa4375f88 code [0x0000026aa43760e0, 0x0000026aa43765d0]
Event: 0.524 Thread 0x0000026ab7f127d0 1173       3       jdk.jfr.internal.jfc.model.XmlElement::elements (64 bytes)
Event: 0.525 Thread 0x0000026ab7f127d0 nmethod 1173 0x0000026aa4376688 code [0x0000026aa4376860, 0x0000026aa43773d0]
Event: 0.525 Thread 0x0000026ab7f127d0 1174       3       java.util.Optional::isPresent (13 bytes)
Event: 0.525 Thread 0x0000026ab7f127d0 nmethod 1174 0x0000026aa4377488 code [0x0000026aa43775a0, 0x0000026aa4377700]
Event: 0.525 Thread 0x0000026ab7f127d0 1175       3       jdk.jfr.internal.jfc.model.XmlElement::optional (17 bytes)
Event: 0.525 Thread 0x0000026ab7f127d0 nmethod 1175 0x0000026aa4377788 code [0x0000026aa43778e0, 0x0000026aa4377da0]
Event: 0.525 Thread 0x0000026ab7f127d0 1176       3       jdk.jfr.internal.jfc.model.XmlSetting::getControl (7 bytes)

GC Heap History (2 events):
Event: 0.448 GC heap before
{Heap before GC invocations=0 (full 0):
 garbage-first heap   total reserved 2031616K, committed 126976K, used 14336K [0x0000000084000000, 0x0000000100000000)
  region size 1024K, 14 young (14336K), 0 survivors (0K)
 Metaspace       used 7547K, committed 7744K, reserved 1114112K
  class space    used 808K, committed 896K, reserved 1048576K
}
Event: 0.454 GC heap after
{Heap after GC invocations=1 (full 0):
 garbage-first heap   total reserved 2031616K, committed 126976K, used 4288K [0x0000000084000000, 0x0000000100000000)
  region size 1024K, 2 young (2048K), 2 survivors (2048K)
 Metaspace       used 7547K, committed 7744K, reserved 1114112K
  class space    used 808K, committed 896K, reserved 1048576K
}

Dll operation events (12 events):
Event: 0.014 Loaded shared library C:\Users\User\.jdks\openjdk-23\bin\java.dll
Event: 0.015 Loaded shared library C:\Users\User\.jdks\openjdk-23\bin\zip.dll
Event: 0.048 Loaded shared library C:\Users\User\.jdks\openjdk-23\bin\jsvml.dll
Event: 0.105 Loaded shared library C:\Users\User\.jdks\openjdk-23\bin\instrument.dll
Event: 0.113 Loaded shared library C:\Users\User\.jdks\openjdk-23\bin\net.dll
Event: 0.116 Loaded shared library C:\Users\User\.jdks\openjdk-23\bin\nio.dll
Event: 0.121 Loaded shared library C:\Users\User\.jdks\openjdk-23\bin\zip.dll
Event: 0.147 Loaded shared library C:\Users\User\.jdks\openjdk-23\bin\extnet.dll
Event: 0.176 Loaded shared library C:\Users\User\.jdks\openjdk-23\bin\verify.dll
Event: 0.187 Loaded shared library C:\Users\User\.jdks\openjdk-23\bin\jimage.dll
Event: 0.273 Loaded shared library C:\Users\User\.jdks\openjdk-23\bin\management.dll
Event: 0.291 Loaded shared library C:\Users\User\.jdks\openjdk-23\bin\management_ext.dll

Deoptimization events (20 events):
Event: 0.437 Thread 0x0000026ab7edc170 DEOPT PACKING pc=0x0000026aa4258f58 sp=0x00000075a6cfd460
Event: 0.437 Thread 0x0000026ab7edc170 DEOPT UNPACKING pc=0x0000026aab7a84c2 sp=0x00000075a6cfc938 mode 0
Event: 0.460 Thread 0x0000026ab7edc170 Uncommon trap: trap_request=0xffffff45 fr.pc=0x0000026aabd0a560 relative=0x0000000000000060
Event: 0.460 Thread 0x0000026ab7edc170 Uncommon trap: reason=unstable_if action=reinterpret pc=0x0000026aabd0a560 method=java.io.WinNTFileSystem.isSlash(C)Z @ 9 c2
Event: 0.460 Thread 0x0000026ab7edc170 DEOPT PACKING pc=0x0000026aabd0a560 sp=0x00000075a6cfc650
Event: 0.460 Thread 0x0000026ab7edc170 DEOPT UNPACKING pc=0x0000026aab7a7982 sp=0x00000075a6cfc5d8 mode 2
Event: 0.513 Thread 0x0000026ab7edc170 Uncommon trap: trap_request=0xffffff45 fr.pc=0x0000026aabd33dcc relative=0x00000000000000ac
Event: 0.513 Thread 0x0000026ab7edc170 Uncommon trap: reason=unstable_if action=reinterpret pc=0x0000026aabd33dcc method=jdk.internal.util.xml.impl.Parser.bappend(CC)V @ 1 c2
Event: 0.513 Thread 0x0000026ab7edc170 DEOPT PACKING pc=0x0000026aabd33dcc sp=0x00000075a6cfd1f0
Event: 0.513 Thread 0x0000026ab7edc170 DEOPT UNPACKING pc=0x0000026aab7a7982 sp=0x00000075a6cfd178 mode 2
Event: 0.513 Thread 0x0000026ab7edc170 Uncommon trap: trap_request=0xffffff45 fr.pc=0x0000026aabd32c64 relative=0x0000000000000064
Event: 0.513 Thread 0x0000026ab7edc170 Uncommon trap: reason=unstable_if action=reinterpret pc=0x0000026aabd32c64 method=jdk.internal.util.xml.impl.Parser.ensureCapacity(I)V @ 40 c2
Event: 0.513 Thread 0x0000026ab7edc170 DEOPT PACKING pc=0x0000026aabd32c64 sp=0x00000075a6cfd1f0
Event: 0.513 Thread 0x0000026ab7edc170 DEOPT UNPACKING pc=0x0000026aab7a7982 sp=0x00000075a6cfd168 mode 2
Event: 0.514 Thread 0x0000026ab7edc170 DEOPT PACKING pc=0x0000026aa428d13f sp=0x00000075a6cfcf30
Event: 0.514 Thread 0x0000026ab7edc170 DEOPT UNPACKING pc=0x0000026aab7a84c2 sp=0x00000075a6cfc3a8 mode 0
Event: 0.516 Thread 0x0000026ab7edc170 DEOPT PACKING pc=0x0000026aa428d13f sp=0x00000075a6cfd090
Event: 0.516 Thread 0x0000026ab7edc170 DEOPT UNPACKING pc=0x0000026aab7a84c2 sp=0x00000075a6cfc508 mode 0
Event: 0.518 Thread 0x0000026ab7edc170 DEOPT PACKING pc=0x0000026aa428d13f sp=0x00000075a6cfd090
Event: 0.518 Thread 0x0000026ab7edc170 DEOPT UNPACKING pc=0x0000026aab7a84c2 sp=0x00000075a6cfc508 mode 0

Classes loaded (20 events):
Event: 0.504 Loading class jdk/jfr/internal/jfc/model/XmlFlag done
Event: 0.504 Loading class jdk/jfr/internal/jfc/model/XmlOption
Event: 0.504 Loading class jdk/jfr/internal/jfc/model/XmlOption done
Event: 0.505 Loading class jdk/jfr/internal/jfc/model/XmlOr
Event: 0.505 Loading class jdk/jfr/internal/jfc/model/XmlOr done
Event: 0.505 Loading class jdk/jfr/internal/jfc/model/XmlAnd
Event: 0.505 Loading class jdk/jfr/internal/jfc/model/XmlAnd done
Event: 0.505 Loading class jdk/jfr/internal/jfc/model/XmlTest
Event: 0.505 Loading class jdk/jfr/internal/jfc/model/XmlTest done
Event: 0.505 Loading class jdk/jfr/internal/jfc/model/XmlNot
Event: 0.505 Loading class jdk/jfr/internal/jfc/model/XmlNot done
Event: 0.509 Loading class jm/task/core/jdbc/util/Util
Event: 0.509 Loading class jm/task/core/jdbc/util/Util done
Event: 0.511 Loading class com/mysql/cj/jdbc/Driver
Event: 0.511 Loading class com/mysql/cj/jdbc/Driver done
Event: 0.513 Loading class com/mysql/cj/jdbc/NonRegisteringDriver
Event: 0.513 Loading class com/mysql/cj/jdbc/NonRegisteringDriver done
Event: 0.514 Loading class com/mysql/cj/exceptions/UnsupportedConnectionStringException
Event: 0.514 Loading class com/mysql/cj/exceptions/UnsupportedConnectionStringException done
Event: 0.525 Loading class jdk/jfr/internal/util/Utils

Classes unloaded (0 events):
No events

Classes redefined (1 events):
Event: 0.158 Thread 0x0000026ab7ebf7b0 redefined class name=java.lang.Throwable, count=1

Internal exceptions (13 events):
Event: 0.129 Thread 0x0000026a998a1cc0 Exception <a 'java/lang/NoSuchMethodError'{0x000000008b93ca38}: 'java.lang.Object java.lang.invoke.Invokers$Holder.invokeExact_MT(java.lang.Object, java.lang.Object, java.lang.Object, java.lang.Object, java.lang.Object)'> (0x000000008b93ca38) 
thrown [s\open\src\hotspot\share\interpreter\linkResolver.cpp, line 796]
Event: 0.149 Thread 0x0000026afd29fb50 Exception <a 'java/lang/NoSuchMethodError'{0x000000008b9d5680}: 'void java.lang.invoke.DirectMethodHandle$Holder.invokeStatic(java.lang.Object, java.lang.Object)'> (0x000000008b9d5680) 
thrown [s\open\src\hotspot\share\interpreter\linkResolver.cpp, line 796]
Event: 0.188 Thread 0x0000026a998a1cc0 Exception <a 'java/io/FileNotFoundException'{0x000000008b73ed90}> (0x000000008b73ed90) 
thrown [s\open\src\hotspot\share\prims\jni.cpp, line 520]
Event: 0.298 Thread 0x0000026ab7edc170 Exception <a 'java/lang/NoSuchMethodError'{0x000000008b3c7680}: 'int java.lang.invoke.DirectMethodHandle$Holder.invokeInterface(java.lang.Object, java.lang.Object)'> (0x000000008b3c7680) 
thrown [s\open\src\hotspot\share\interpreter\linkResolver.cpp, line 796]
Event: 0.299 Thread 0x0000026ab7edc170 Exception <a 'java/lang/IncompatibleClassChangeError'{0x000000008b3ca8c8}: Found class java.lang.Object, but interface was expected> (0x000000008b3ca8c8) 
thrown [s\open\src\hotspot\share\interpreter\linkResolver.cpp, line 863]
Event: 0.365 Thread 0x0000026a998a1cc0 Exception <a 'java/lang/NoSuchMethodError'{0x000000008b007068}: 'void java.lang.invoke.DirectMethodHandle$Holder.invokeSpecial(java.lang.Object, java.lang.Object, java.lang.Object)'> (0x000000008b007068) 
thrown [s\open\src\hotspot\share\interpreter\linkResolver.cpp, line 796]
Event: 0.368 Thread 0x0000026a998a1cc0 Exception <a 'java/lang/NoSuchMethodError'{0x000000008b012a68}: 'void java.lang.invoke.DirectMethodHandle$Holder.invokeStatic(java.lang.Object, int, java.lang.Object)'> (0x000000008b012a68) 
thrown [s\open\src\hotspot\share\interpreter\linkResolver.cpp, line 796]
Event: 0.395 Thread 0x0000026ab7edc170 Exception <a 'java/lang/NoSuchMethodError'{0x000000008b0a2d80}: 'int java.lang.invoke.DirectMethodHandle$Holder.invokeSpecial(java.lang.Object, java.lang.Object, java.lang.Object)'> (0x000000008b0a2d80) 
thrown [s\open\src\hotspot\share\interpreter\linkResolver.cpp, line 796]
Event: 0.401 Thread 0x0000026a998a1cc0 Exception <a 'java/lang/NoSuchMethodError'{0x000000008b0789a0}: 'java.lang.Object java.lang.invoke.DirectMethodHandle$Holder.invokeInterface(java.lang.Object, java.lang.Object)'> (0x000000008b0789a0) 
thrown [s\open\src\hotspot\share\interpreter\linkResolver.cpp, line 796]
Event: 0.401 Thread 0x0000026a998a1cc0 Exception <a 'java/lang/IncompatibleClassChangeError'{0x000000008b07bf00}: Found class java.lang.Object, but interface was expected> (0x000000008b07bf00) 
thrown [s\open\src\hotspot\share\interpreter\linkResolver.cpp, line 863]
Event: 0.459 Thread 0x0000026ab7edc170 Exception <a 'java/lang/NoSuchMethodError'{0x000000008bb20ab8}: 'java.lang.Object java.lang.invoke.DirectMethodHandle$Holder.invokeStaticInit(java.lang.Object, java.lang.Object, java.lang.Object)'> (0x000000008bb20ab8) 
thrown [s\open\src\hotspot\share\interpreter\linkResolver.cpp, line 796]
Event: 0.476 Thread 0x0000026a998a1cc0 Exception <a 'java/lang/NoSuchMethodError'{0x000000008ba91b18}: 'long java.lang.invoke.DirectMethodHandle$Holder.invokeSpecial(java.lang.Object, java.lang.Object)'> (0x000000008ba91b18) 
thrown [s\open\src\hotspot\share\interpreter\linkResolver.cpp, line 796]
Event: 0.476 Thread 0x0000026a998a1cc0 Exception <a 'java/lang/NoSuchMethodError'{0x000000008ba94f78}: 'long java.lang.invoke.Invokers$Holder.invokeExact_MT(java.lang.Object, java.lang.Object)'> (0x000000008ba94f78) 
thrown [s\open\src\hotspot\share\interpreter\linkResolver.cpp, line 796]

VM Operations (10 events):
Event: 0.085 Executing VM operation: HandshakeAllThreads (Deoptimize)
Event: 0.085 Executing VM operation: HandshakeAllThreads (Deoptimize) done
Event: 0.157 Executing VM operation: RedefineClasses
Event: 0.159 Executing VM operation: RedefineClasses done
Event: 0.207 Executing VM operation: HandshakeAllThreads (Deoptimize)
Event: 0.207 Executing VM operation: HandshakeAllThreads (Deoptimize) done
Event: 0.280 Executing VM operation: HandshakeAllThreads (Deoptimize)
Event: 0.280 Executing VM operation: HandshakeAllThreads (Deoptimize) done
Event: 0.448 Executing VM operation: G1CollectForAllocation (G1 Evacuation Pause)
Event: 0.454 Executing VM operation: G1CollectForAllocation (G1 Evacuation Pause) done

Memory protections (0 events):
No events

Nmethod flushes (0 events):
No events

Events (13 events):
Event: 0.030 Thread 0x0000026a998a1cc0 Thread added: 0x0000026a998a1cc0
Event: 0.045 Thread 0x0000026a998a1cc0 Thread added: 0x0000026ab7ed88e0
Event: 0.046 Thread 0x0000026a998a1cc0 Thread added: 0x0000026ab7ed9600
Event: 0.046 Thread 0x0000026a998a1cc0 Thread added: 0x0000026ab7eda5a0
Event: 0.046 Thread 0x0000026a998a1cc0 Thread added: 0x0000026ab7edc170
Event: 0.046 Thread 0x0000026a998a1cc0 Thread added: 0x0000026ab7edcbd0
Event: 0.046 Thread 0x0000026a998a1cc0 Thread added: 0x0000026ab7edd630
Event: 0.046 Thread 0x0000026a998a1cc0 Thread added: 0x0000026ab7ef1900
Event: 0.046 Thread 0x0000026a998a1cc0 Thread added: 0x0000026ab7f127d0
Event: 0.076 Thread 0x0000026a998a1cc0 Thread added: 0x0000026afd0f5ad0
Event: 0.132 Thread 0x0000026a998a1cc0 Thread added: 0x0000026afd29fb50
Event: 0.162 Thread 0x0000026a998a1cc0 Thread added: 0x0000026afd3a8ce0
Event: 0.234 Thread 0x0000026ab7f127d0 Thread added: 0x0000026afd4f4300


Dynamic libraries:
0x00007ff743d50000 - 0x00007ff743d5e000 	C:\Users\User\.jdks\openjdk-23\bin\java.exe
0x00007ffb18f50000 - 0x00007ffb19148000 	C:\Windows\SYSTEM32\ntdll.dll
0x00007ffb17a30000 - 0x00007ffb17aef000 	C:\Windows\System32\KERNEL32.DLL
0x00007ffb16c80000 - 0x00007ffb16f52000 	C:\Windows\System32\KERNELBASE.dll
0x00007ffb16a80000 - 0x00007ffb16b80000 	C:\Windows\System32\ucrtbase.dll
0x00007ffb0e6b0000 - 0x00007ffb0e6cb000 	C:\Users\User\.jdks\openjdk-23\bin\VCRUNTIME140.dll
0x00007ffb0e690000 - 0x00007ffb0e6a7000 	C:\Users\User\.jdks\openjdk-23\bin\jli.dll
0x00007ffb18c30000 - 0x00007ffb18dd1000 	C:\Windows\System32\USER32.dll
0x00007ffb16830000 - 0x00007ffb16852000 	C:\Windows\System32\win32u.dll
0x00007ffb17970000 - 0x00007ffb1799b000 	C:\Windows\System32\GDI32.dll
0x00007ffb16970000 - 0x00007ffb16a7f000 	C:\Windows\System32\gdi32full.dll
0x00007ffb16860000 - 0x00007ffb168fd000 	C:\Windows\System32\msvcp_win.dll
0x00007ffafd2e0000 - 0x00007ffafd57a000 	C:\Windows\WinSxS\amd64_microsoft.windows.common-controls_6595b64144ccf1df_6.0.19041.1110_none_60b5254171f9507e\COMCTL32.dll
0x00007ffb17540000 - 0x00007ffb175de000 	C:\Windows\System32\msvcrt.dll
0x00007ffb17360000 - 0x00007ffb17392000 	C:\Windows\System32\IMM32.DLL
0x0000000071100000 - 0x000000007110c000 	C:\Program Files (x86)\360\Total Security\safemon\SafeWrapper.dll
0x00007ffb18260000 - 0x00007ffb1830e000 	C:\Windows\System32\ADVAPI32.dll
0x00007ffb18960000 - 0x00007ffb189fc000 	C:\Windows\System32\sechost.dll
0x00007ffb18830000 - 0x00007ffb18955000 	C:\Windows\System32\RPCRT4.dll
0x00007ffab9c00000 - 0x00007ffab9cac000 	C:\Program Files (x86)\360\Total Security\safemon\libzdtp64.dll
0x00007ffb17b00000 - 0x00007ffb18245000 	C:\Windows\System32\SHELL32.dll
0x00007ffb174e0000 - 0x00007ffb17535000 	C:\Windows\System32\SHLWAPI.dll
0x00007ffb160f0000 - 0x00007ffb160fa000 	C:\Windows\SYSTEM32\VERSION.dll
0x00007ffb0e740000 - 0x00007ffb0e74c000 	C:\Users\User\.jdks\openjdk-23\bin\vcruntime140_1.dll
0x00007ffaf4c70000 - 0x00007ffaf4cfe000 	C:\Users\User\.jdks\openjdk-23\bin\msvcp140.dll
0x00007ffa940f0000 - 0x00007ffa94e3f000 	C:\Users\User\.jdks\openjdk-23\bin\server\jvm.dll
0x00007ffb18bc0000 - 0x00007ffb18c2b000 	C:\Windows\System32\WS2_32.dll
0x00007ffb164b0000 - 0x00007ffb164fb000 	C:\Windows\SYSTEM32\POWRPROF.dll
0x00007ffafe8c0000 - 0x00007ffafe8e7000 	C:\Windows\SYSTEM32\WINMM.dll
0x00007ffb16490000 - 0x00007ffb164a2000 	C:\Windows\SYSTEM32\UMPDC.dll
0x00007ffb14e20000 - 0x00007ffb14e32000 	C:\Windows\SYSTEM32\kernel.appcore.dll
0x00007ffb0e680000 - 0x00007ffb0e68a000 	C:\Users\User\.jdks\openjdk-23\bin\jimage.dll
0x00007ffb10a80000 - 0x00007ffb10c64000 	C:\Windows\SYSTEM32\DBGHELP.DLL
0x00007ffaf9c50000 - 0x00007ffaf9c85000 	C:\Windows\SYSTEM32\dbgcore.DLL
0x00007ffb167a0000 - 0x00007ffb16822000 	C:\Windows\System32\bcryptPrimitives.dll
0x00007ffb0e670000 - 0x00007ffb0e67f000 	C:\Users\User\.jdks\openjdk-23\bin\instrument.dll
0x00007ffafe780000 - 0x00007ffafe79e000 	C:\Users\User\.jdks\openjdk-23\bin\java.dll
0x00007ffb18de0000 - 0x00007ffb18f0a000 	C:\Windows\System32\ole32.dll
0x00007ffb17000000 - 0x00007ffb17355000 	C:\Windows\System32\combase.dll
0x00007ffaf4c50000 - 0x00007ffaf4c67000 	C:\Users\User\.jdks\openjdk-23\bin\zip.dll
0x00007ffb14640000 - 0x00007ffb14dd2000 	C:\Windows\SYSTEM32\windows.storage.dll
0x00007ffb15f50000 - 0x00007ffb15f80000 	C:\Windows\SYSTEM32\Wldp.dll
0x00007ffb18310000 - 0x00007ffb183bd000 	C:\Windows\System32\SHCORE.dll
0x00007ffb16580000 - 0x00007ffb1659f000 	C:\Windows\SYSTEM32\profapi.dll
0x00007ffab4d40000 - 0x00007ffab4e17000 	C:\Users\User\.jdks\openjdk-23\bin\jsvml.dll
0x00007ffb08e80000 - 0x00007ffb08e90000 	C:\Users\User\.jdks\openjdk-23\bin\net.dll
0x00007ffb15cb0000 - 0x00007ffb15d1a000 	C:\Windows\system32\mswsock.dll
0x00007ffaf4c30000 - 0x00007ffaf4c46000 	C:\Users\User\.jdks\openjdk-23\bin\nio.dll
0x00007ffaf84c0000 - 0x00007ffaf84c9000 	C:\Users\User\.jdks\openjdk-23\bin\extnet.dll
0x00007ffaf7c30000 - 0x00007ffaf7c40000 	C:\Users\User\.jdks\openjdk-23\bin\verify.dll
0x00007ffb159e0000 - 0x00007ffb15aab000 	C:\Windows\SYSTEM32\DNSAPI.dll
0x00007ffb159a0000 - 0x00007ffb159db000 	C:\Windows\SYSTEM32\IPHLPAPI.DLL
0x00007ffb16f90000 - 0x00007ffb16f98000 	C:\Windows\System32\NSI.dll
0x00007ffaffce0000 - 0x00007ffaffcea000 	C:\Windows\System32\rasadhlp.dll
0x00007ffaffee0000 - 0x00007ffafff60000 	C:\Windows\System32\fwpuclnt.dll
0x00007ffb16f60000 - 0x00007ffb16f87000 	C:\Windows\System32\bcrypt.dll
0x00007ffaf4c20000 - 0x00007ffaf4c2a000 	C:\Users\User\.jdks\openjdk-23\bin\management.dll
0x00007ffaf1710000 - 0x00007ffaf171b000 	C:\Users\User\.jdks\openjdk-23\bin\management_ext.dll
0x00007ffb18250000 - 0x00007ffb18258000 	C:\Windows\System32\PSAPI.DLL

dbghelp: loaded successfully - version: 4.0.5 - missing functions: none
symbol engine: initialized successfully - sym options: 0x614 - pdb path: .;C:\Users\User\.jdks\openjdk-23\bin;C:\Windows\SYSTEM32;C:\Windows\WinSxS\amd64_microsoft.windows.common-controls_6595b64144ccf1df_6.0.19041.1110_none_60b5254171f9507e;C:\Program Files (x86)\360\Total Security\safemon;C:\Users\User\.jdks\openjdk-23\bin\server

VM Arguments:
jvm_args: -ea -Didea.test.cyclic.buffer.size=1048576 -javaagent:C:\Program Files\JetBrains\IntelliJ IDEA 2024.3.4.1\lib\idea_rt.jar=56430 -javaagent:C:\Users\User\AppData\Local\JetBrains\IntelliJIdea2024.3\captureAgent\debugger-agent.jar -Dkotlinx.coroutines.debug.enable.creation.stack.trace=false -Ddebugger.agent.enable.coroutines=true -Dkotlinx.coroutines.debug.enable.flows.stack.trace=true -Dkotlinx.coroutines.debug.enable.mutable.state.flows.stack.trace=true -Dfile.encoding=UTF-8 -Dsun.stdout.encoding=UTF-8 -Dsun.stderr.encoding=UTF-8 
java_command: com.intellij.rt.junit.JUnitStarter -ideVersion5 -junit4 UserServiceTest
java_class_path (initial): C:\Program Files\JetBrains\IntelliJ IDEA 2024.3.4.1\lib\idea_rt.jar;C:\Program Files\JetBrains\IntelliJ IDEA 2024.3.4.1\plugins\junit\lib\junit5-rt.jar;C:\Program Files\JetBrains\IntelliJ IDEA 2024.3.4.1\plugins\junit\lib\junit-rt.jar;D:\Pre-project\задача 1.1.4\target\test-classes;D:\Pre-project\задача 1.1.4\target\classes;C:\Users\User\.m2\repository\junit\junit\4.13.2\junit-4.13.2.jar;C:\Users\User\.m2\repository\org\hamcrest\hamcrest-core\1.3\hamcrest-core-1.3.jar;C:\Users\User\.m2\repository\mysql\mysql-connector-java\8.0.25\mysql-connector-java-8.0.25.jar;C:\Users\User\.m2\repository\com\google\protobuf\protobuf-java\3.11.4\protobuf-java-3.11.4.jar;C:\Users\User\.m2\repository\org\hibernate\javax\persistence\hibernate-jpa-2.1-api\1.0.2.Final\hibernate-jpa-2.1-api-1.0.2.Final.jar;C:\Users\User\.m2\repository\org\hibernate\hibernate-core\5.6.3.Final\hibernate-core-5.6.3.Final.jar;C:\Users\User\.m2\repository\org\jboss\logging\jboss-logging\3.4.2.Final\jboss-logging-3.4.2.Final.jar;C:\Users\User\.m2\repository\javax\persistence\javax.persistence-api\2.2\javax.persistence-api-2.2.jar;C:\Users\User\.m2\repository\net\bytebuddy\byte-buddy\1.11.20\byte-buddy-1.11.20.jar;C:\Users\User\.m2\repository\antlr\antlr\2.7.7\antlr-2.7.7.jar;C:\Users\User\.m2\repository\org\jboss\spec\javax\transaction\jboss-transaction-api_1.2_spec\1.1.1.Final\jboss-transaction-api_1.2_spec-1.1.1.Final.jar;C:\Users\User\.m2\repository\org\jboss\jandex\2.2.3.Final\jandex-2.2.3.Final.jar;C:\Users\User\.m2\repository\com\fasterxml\classmate\1.5.1\classmate-1.5.1.jar;C:\Users\User\.m2\repository\javax\activation\javax.activation-api\1.2.0\javax.activation-api-1.2.0.jar;C:\Users\User\.m2\repository\org\hibernate\common\hibernate-commons-annotations\5.1.2.Final\hibernate-commons-annotations-5.1.2.Final.jar;C:\Users\User\.m2\repository\javax\xml\bind\jaxb-api\2.3.1\jaxb-api-2.3.1.jar;C:\Users\User\.m2\repository\org\glassfish\jaxb\jaxb-runtime\2.3.1\jaxb-runtime-2.3.1.jar;C:\Users\User\.m2\repository\org\glassfish\jaxb\txw2\2.3.1\txw2-2.3.1.jar;C:\Users\User\.m2\repository\com\sun\istack\istack-commons-runtime\3.0.7\istack-commons-runtime-3.0.7.jar;C:\Users\User\.m2\repository\org\jvnet\staxex\stax-ex\1.8\stax-ex-1.8.jar;C:\Users\User\.m2\repository\com\sun\xml\fastinfoset\FastInfoset\1.2.15\FastInfoset-1.2.15.jar
Launcher Type: SUN_STANDARD

[Global flags]
     intx CICompilerCount                          = 3                                         {product} {ergonomic}
     uint ConcGCThreads                            = 1                                         {product} {ergonomic}
     uint G1ConcRefinementThreads                  = 4                                         {product} {ergonomic}
   size_t G1HeapRegionSize                         = 1048576                                   {product} {ergonomic}
   size_t InitialHeapSize                          = 130023424                                 {product} {ergonomic}
   size_t MarkStackSize                            = 4194304                                   {product} {ergonomic}
   size_t MarkStackSizeMax                         = 536870912                                 {product} {ergonomic}
   size_t MaxHeapSize                              = 2080374784                                {product} {ergonomic}
   size_t MaxNewSize                               = 1247805440                                {product} {ergonomic}
   size_t MinHeapDeltaBytes                        = 1048576                                   {product} {ergonomic}
   size_t MinHeapSize                              = 8388608                                   {product} {ergonomic}
    uintx NonNMethodCodeHeapSize                   = 5832704                                {pd product} {ergonomic}
    uintx NonProfiledCodeHeapSize                  = 122945536                              {pd product} {ergonomic}
    uintx ProfiledCodeHeapSize                     = 122880000                              {pd product} {ergonomic}
    uintx ReservedCodeCacheSize                    = 251658240                              {pd product} {ergonomic}
     bool SegmentedCodeCache                       = true                                      {product} {ergonomic}
   size_t SoftMaxHeapSize                          = 2080374784                             {manageable} {ergonomic}
     bool UseCompressedOops                        = true                           {product lp64_product} {ergonomic}
     bool UseG1GC                                  = true                                      {product} {ergonomic}
     bool UseLargePagesIndividualAllocation        = false                                  {pd product} {ergonomic}

Logging:
Log output configuration:
 #0: stdout all=warning uptime,level,tags foldmultilines=false
 #1: stderr all=off uptime,level,tags foldmultilines=false

Environment Variables:
JAVA_HOME=C:\JAVA\jdk-23.0.1
PATH=C:\Program Files (x86)\Common Files\Intel\Shared Files\cpp\bin\Intel64;C:\Windows\system32;C:\Windows;C:\Windows\System32\Wbem;C:\Windows\System32\WindowsPowerShell\v1.0\;C:\Windows\System32\OpenSSH\;C:\Program Files\WireGuard\;C:\Users\User\Desktop\matlabfolder\runtime\win64;C:\Users\User\Desktop\matlabfolder\bin;C:\JAVA\jdk-23.0.1\bin;C:\Program Files\dotnet\;C:\Program Files\Git\cmd;C:\JAVA\apache-maven-3.9.9\bin;C:\Users\User\AppData\Local\Microsoft\WindowsApps;C:\JAVA\jdk-23.0.1\bin;;C:\Program Files\JetBrains\IntelliJ IDEA Community Edition 2024.3\bin;;C:\Users\User\.dotnet\tools
USERNAME=User
OS=Windows_NT
PROCESSOR_IDENTIFIER=Intel64 Family 6 Model 126 Stepping 5, GenuineIntel
TMP=C:\Users\User\AppData\Local\Temp
TEMP=C:\Users\User\AppData\Local\Temp




Periodic native trim disabled

---------------  S Y S T E M  ---------------

OS:
 Windows 10 , 64 bit Build 19041 (10.0.19041.2546)
OS uptime: 0 days 1:29 hours

CPU: total 4 (initial active 4) (2 cores per cpu, 2 threads per core) family 6 model 126 stepping 5 microcode 0xa0, cx8, cmov, fxsr, ht, mmx, 3dnowpref, sse, sse2, sse3, ssse3, sse4.1, sse4.2, popcnt, lzcnt, tsc, tscinvbit, avx, avx2, aes, erms, clmul, bmi1, bmi2, adx, avx512f, avx512dq, avx512cd, avx512bw, avx512vl, sha, fma, vzeroupper, avx512_vpopcntdq, avx512_vpclmulqdq, avx512_vaes, avx512_vnni, clflush, clflushopt, avx512_vbmi2, avx512_vbmi, rdtscp, rdpid, fsrm, gfni, avx512_bitalg, f16c, pku, avx512_ifma
Processor Information for the first 4 processors :
  Max Mhz: 1190, Current Mhz: 1190, Mhz Limit: 1190

Memory: 4k page, system-wide physical 7933M (960M free)
TotalPageFile size 9981M (AvailPageFile size 3M)
current process WorkingSet (physical memory assigned to process): 80M, peak: 80M
current process commit charge ("private bytes"): 220M, peak: 220M

vm_info: OpenJDK 64-Bit Server VM (23+37-2369) for windows-amd64 JRE (23+37-2369), built on 2024-08-20T16:01:23Z with MS VC++ 17.6 (VS2022)

END.
