#
# There is insufficient memory for the Java Runtime Environment to continue.
# Native memory allocation (malloc) failed to allocate 262160 bytes. Error detail: Chunk::new
# Possible reasons:
#   The system is out of physical RAM or swap space
#   This process is running with CompressedOops enabled, and the Java Heap may be blocking the growth of the native heap
# Possible solutions:
#   Reduce memory load on the system
#   Increase physical memory or swap space
#   Check if swap backing store is full
#   Decrease Java heap size (-Xmx/-Xms)
#   Decrease number of Java threads
#   Decrease Java thread stack sizes (-Xss)
#   Set larger code cache with -XX:ReservedCodeCacheSize=
#   JVM is running with Unscaled Compressed Oops mode in which the Java heap is
#     placed in the first 4GB address space. The Java Heap base address is the
#     maximum limit for the native heap growth. Please use -XX:HeapBaseMinAddress
#     to set the Java Heap base and to place the Java Heap above 4GB virtual address.
# This output file may be truncated or incomplete.
#
#  Out of Memory Error (arena.cpp:149), pid=752, tid=11884
#
# JRE version: OpenJDK Runtime Environment (23.0+37) (build 23+37-2369)
# Java VM: OpenJDK 64-Bit Server VM (23+37-2369, mixed mode, sharing, tiered, compressed oops, compressed class ptrs, g1 gc, windows-amd64)
# No core dump will be written. Minidumps are not enabled by default on client versions of Windows
#

---------------  S U M M A R Y ------------

Command Line: -ea -Didea.test.cyclic.buffer.size=1048576 -javaagent:C:\Program Files\JetBrains\IntelliJ IDEA 2024.3.4.1\lib\idea_rt.jar=54088 -javaagent:C:\Users\User\AppData\Local\JetBrains\IntelliJIdea2024.3\captureAgent\debugger-agent.jar -Dkotlinx.coroutines.debug.enable.creation.stack.trace=false -Ddebugger.agent.enable.coroutines=true -Dkotlinx.coroutines.debug.enable.flows.stack.trace=true -Dkotlinx.coroutines.debug.enable.mutable.state.flows.stack.trace=true -Dfile.encoding=UTF-8 -Dsun.stdout.encoding=UTF-8 -Dsun.stderr.encoding=UTF-8 com.intellij.rt.junit.JUnitStarter -ideVersion5 -junit4 UserServiceTest

Host: Intel(R) Core(TM) i3-1005G1 CPU @ 1.20GHz, 4 cores, 7G,  Windows 10 , 64 bit Build 19041 (10.0.19041.2546)
Time: Tue Mar 11 12:17:20 2025 RTZ 2 (s 10 , 64 bit Build 19041 (10.0.19041.2546) elapsed time: 1.246670 seconds (0d 0h 0m 1s)

---------------  T H R E A D  ---------------

Current thread (0x0000012af1481620):  JavaThread "C2 CompilerThread0" daemon [_thread_in_native, id=11884, stack(0x00000016a2300000,0x00000016a2400000) (1024K)]


Current CompileTask:
C2:1246 1940       4       sun.security.ec.ECOperations::setDouble (463 bytes)

Stack: [0x00000016a2300000,0x00000016a2400000]
Native frames: (J=compiled Java code, j=interpreted, Vv=VM code, C=native code)
V  [jvm.dll+0x6e08a9]  (no source info available)
V  [jvm.dll+0x87da63]  (no source info available)
V  [jvm.dll+0x87feee]  (no source info available)
V  [jvm.dll+0x8805c3]  (no source info available)
V  [jvm.dll+0x27aee6]  (no source info available)
V  [jvm.dll+0xbc06f]  (no source info available)
V  [jvm.dll+0xbc45b]  (no source info available)
V  [jvm.dll+0xbbf1b]  (no source info available)
V  [jvm.dll+0x707166]  (no source info available)
V  [jvm.dll+0x708d2f]  (no source info available)
V  [jvm.dll+0x67d1ce]  (no source info available)
V  [jvm.dll+0x39c8d6]  (no source info available)
V  [jvm.dll+0x133d77]  (no source info available)
V  [jvm.dll+0x31f683]  (no source info available)
V  [jvm.dll+0x133b0c]  (no source info available)
V  [jvm.dll+0x396681]  (no source info available)
V  [jvm.dll+0x6fc77d]  (no source info available)
V  [jvm.dll+0x6fc418]  (no source info available)
V  [jvm.dll+0x6f77b7]  (no source info available)
V  [jvm.dll+0x6f1cff]  (no source info available)
V  [jvm.dll+0x6f1127]  (no source info available)
V  [jvm.dll+0x6ef2f5]  (no source info available)
V  [jvm.dll+0x1c644c]  (no source info available)
V  [jvm.dll+0x1c6fcb]  (no source info available)
V  [jvm.dll+0x2edb5f]  (no source info available)
V  [jvm.dll+0x6f99a7]  (no source info available)
V  [jvm.dll+0x6f1cff]  (no source info available)
V  [jvm.dll+0x6f1127]  (no source info available)
V  [jvm.dll+0x6ef2f5]  (no source info available)
V  [jvm.dll+0x1c644c]  (no source info available)
V  [jvm.dll+0x1c6fcb]  (no source info available)
V  [jvm.dll+0x2edb5f]  (no source info available)
V  [jvm.dll+0x6f99a7]  (no source info available)
V  [jvm.dll+0x6f1cff]  (no source info available)
V  [jvm.dll+0x6f1127]  (no source info available)
V  [jvm.dll+0x6ef2f5]  (no source info available)
V  [jvm.dll+0x1c644c]  (no source info available)
V  [jvm.dll+0x2439bc]  (no source info available)
V  [jvm.dll+0x1c33a0]  (no source info available)
V  [jvm.dll+0x253cf1]  (no source info available)
V  [jvm.dll+0x251faa]  (no source info available)
V  [jvm.dll+0x3ee036]  (no source info available)
V  [jvm.dll+0x824f1b]  (no source info available)
V  [jvm.dll+0x6df055]  (no source info available)
C  [ucrtbase.dll+0x21bb2]  (no source info available)
C  [KERNEL32.DLL+0x17614]  (no source info available)
C  [ntdll.dll+0x526a1]  (no source info available)

Lock stack of current Java thread (top to bottom):


---------------  P R O C E S S  ---------------

Threads class SMR info:
_java_thread_list=0x0000012ac60154e0, length=18, elements={
0x0000012ad2d60110, 0x0000012af146b6f0, 0x0000012af146c150, 0x0000012af146d440,
0x0000012af146dea0, 0x0000012af146e900, 0x0000012af147b380, 0x0000012af1481620,
0x0000012af14828f0, 0x0000012ac50ef3a0, 0x0000012ac5227550, 0x0000012ac52f53e0,
0x0000012ac56bb780, 0x0000012ac52f5a70, 0x0000012ac52f6100, 0x0000012ac52f74b0,
0x0000012ac65ec070, 0x0000012ac65ea630
}

Java Threads: ( => current thread )
  0x0000012ad2d60110 JavaThread "main"                              [_thread_in_vm, id=8736, stack(0x00000016a1500000,0x00000016a1600000) (1024K)]
  0x0000012af146b6f0 JavaThread "Reference Handler"          daemon [_thread_blocked, id=7784, stack(0x00000016a1d00000,0x00000016a1e00000) (1024K)]
  0x0000012af146c150 JavaThread "Finalizer"                  daemon [_thread_blocked, id=6600, stack(0x00000016a1e00000,0x00000016a1f00000) (1024K)]
  0x0000012af146d440 JavaThread "Signal Dispatcher"          daemon [_thread_blocked, id=13700, stack(0x00000016a1f00000,0x00000016a2000000) (1024K)]
  0x0000012af146dea0 JavaThread "Attach Listener"            daemon [_thread_blocked, id=13048, stack(0x00000016a2000000,0x00000016a2100000) (1024K)]
  0x0000012af146e900 JavaThread "Service Thread"             daemon [_thread_blocked, id=11904, stack(0x00000016a2100000,0x00000016a2200000) (1024K)]
  0x0000012af147b380 JavaThread "Monitor Deflation Thread"   daemon [_thread_blocked, id=7748, stack(0x00000016a2200000,0x00000016a2300000) (1024K)]
=>0x0000012af1481620 JavaThread "C2 CompilerThread0"         daemon [_thread_in_native, id=11884, stack(0x00000016a2300000,0x00000016a2400000) (1024K)]
  0x0000012af14828f0 JavaThread "C1 CompilerThread0"         daemon [_thread_in_native, id=12492, stack(0x00000016a2400000,0x00000016a2500000) (1024K)]
  0x0000012ac50ef3a0 JavaThread "Common-Cleaner"             daemon [_thread_blocked, id=10416, stack(0x00000016a2500000,0x00000016a2600000) (1024K)]
  0x0000012ac5227550 JavaThread "Monitor Ctrl-Break"         daemon [_thread_in_native, id=10864, stack(0x00000016a2600000,0x00000016a2700000) (1024K)]
  0x0000012ac52f53e0 JavaThread "Notification Thread"        daemon [_thread_blocked, id=4168, stack(0x00000016a2700000,0x00000016a2800000) (1024K)]
  0x0000012ac56bb780 JavaThread "C2 CompilerThread1"         daemon [_thread_blocked, id=8600, stack(0x00000016a2800000,0x00000016a2900000) (1024K)]
  0x0000012ac52f5a70 JavaThread "mysql-cj-abandoned-connection-cleanup" daemon [_thread_blocked, id=12932, stack(0x00000016a2900000,0x00000016a2a00000) (1024K)]
  0x0000012ac52f6100 JavaThread "RMI TCP Accept-0"           daemon [_thread_in_native, id=6772, stack(0x00000016a2d00000,0x00000016a2e00000) (1024K)]
  0x0000012ac52f74b0 JavaThread "RMI TCP Connection(1)-192.168.43.68" daemon [_thread_in_native, id=6604, stack(0x00000016a2e00000,0x00000016a2f00000) (1024K)]
  0x0000012ac65ec070 JavaThread "RMI Scheduler(0)"           daemon [_thread_blocked, id=13944, stack(0x00000016a2f00000,0x00000016a3000000) (1024K)]
  0x0000012ac65ea630 JavaThread "JMX server connection timeout 29" daemon [_thread_blocked, id=12408, stack(0x00000016a3000000,0x00000016a3100000) (1024K)]
Total: 18

Other Threads:
  0x0000012af144e6f0 VMThread "VM Thread"                           [id=7520, stack(0x00000016a1c00000,0x00000016a1d00000) (1024K)]
  0x0000012af143c2b0 WatcherThread "VM Periodic Task Thread"        [id=12956, stack(0x00000016a1b00000,0x00000016a1c00000) (1024K)]
  0x0000012ad50f6f20 WorkerThread "GC Thread#0"                     [id=13484, stack(0x00000016a1600000,0x00000016a1700000) (1024K)]
  0x0000012ac59b5820 WorkerThread "GC Thread#1"                     [id=3024, stack(0x00000016a2a00000,0x00000016a2b00000) (1024K)]
  0x0000012ac59b6330 WorkerThread "GC Thread#2"                     [id=5188, stack(0x00000016a2b00000,0x00000016a2c00000) (1024K)]
  0x0000012ac59b4960 WorkerThread "GC Thread#3"                     [id=10896, stack(0x00000016a2c00000,0x00000016a2d00000) (1024K)]
  0x0000012ad510c330 ConcurrentGCThread "G1 Main Marker"            [id=524, stack(0x00000016a1700000,0x00000016a1800000) (1024K)]
  0x0000012ad510cbf0 WorkerThread "G1 Conc#0"                       [id=7884, stack(0x00000016a1800000,0x00000016a1900000) (1024K)]
  0x0000012af130f560 ConcurrentGCThread "G1 Refine#0"               [id=12296, stack(0x00000016a1900000,0x00000016a1a00000) (1024K)]
  0x0000012af130fd90 ConcurrentGCThread "G1 Service"                [id=5020, stack(0x00000016a1a00000,0x00000016a1b00000) (1024K)]
Total: 10

Threads with active compile tasks:
C2 CompilerThread0  1365 1940       4       sun.security.ec.ECOperations::setDouble (463 bytes)
C1 CompilerThread0  1365 1950       3       java.math.BigInteger::shiftRightImpl (286 bytes)
Total: 2

VM state: not at safepoint (normal execution)

VM Mutex/Monitor currently owned by a thread: None

Heap address: 0x0000000084000000, size: 1984 MB, Compressed Oops mode: 32-bit

CDS archive(s) mapped at: [0x0000012a80000000-0x0000012a80d70000-0x0000012a80d70000), size 14090240, SharedBaseAddress: 0x0000012a80000000, ArchiveRelocationMode: 1.
Compressed class space mapped at: 0x0000012a81000000-0x0000012ac1000000, reserved size: 1073741824
Narrow klass base: 0x0000012a80000000, Narrow klass shift: 0, Narrow klass range: 0x41000000

GC Precious Log:
 CardTable entry size: 512
 Card Set container configuration: InlinePtr #cards 5 size 8 Array Of Cards #cards 10 size 36 Howl #buckets 4 coarsen threshold 1843 Howl Bitmap #cards 512 size 80 coarsen threshold 460 Card regions per heap region 1 cards per card region 2048
 CPUs: 4 total, 4 available
 Memory: 7933M
 Large Page Support: Disabled
 NUMA Support: Disabled
 Compressed Oops: Enabled (32-bit)
 Heap Region Size: 1M
 Heap Min Capacity: 8M
 Heap Initial Capacity: 124M
 Heap Max Capacity: 1984M
 Pre-touch: Disabled
 Parallel Workers: 4
 Concurrent Workers: 1
 Concurrent Refinement Workers: 4
 Periodic GC: Disabled

Heap:
 garbage-first heap   total reserved 2031616K, committed 126976K, used 14891K [0x0000000084000000, 0x0000000100000000)
  region size 1024K, 13 young (13312K), 2 survivors (2048K)
 Metaspace       used 17510K, committed 17792K, reserved 1114112K
  class space    used 1937K, committed 2048K, reserved 1048576K

Heap Regions: E=young(eden), S=young(survivor), O=old, HS=humongous(starts), HC=humongous(continues), CS=collection set, F=free, TAMS=top-at-mark-start, PB=parsable bottom
|   0|0x0000000084000000, 0x0000000084100000, 0x0000000084100000|100%|HS|  |TAMS 0x0000000084000000| PB 0x0000000084000000| Complete |  0
|   1|0x0000000084100000, 0x0000000084200000, 0x0000000084200000|100%| O|  |TAMS 0x0000000084100000| PB 0x0000000084100000| Untracked |  0
|   2|0x0000000084200000, 0x0000000084300000, 0x0000000084300000|100%| O|  |TAMS 0x0000000084200000| PB 0x0000000084200000| Untracked |  0
|   3|0x0000000084300000, 0x0000000084400000, 0x0000000084400000|100%| O|  |TAMS 0x0000000084300000| PB 0x0000000084300000| Untracked |  0
|   4|0x0000000084400000, 0x0000000084437a30, 0x0000000084500000| 21%| O|  |TAMS 0x0000000084400000| PB 0x0000000084400000| Untracked |  0
|   5|0x0000000084500000, 0x0000000084500000, 0x0000000084600000|  0%| F|  |TAMS 0x0000000084500000| PB 0x0000000084500000| Untracked |  0
|   6|0x0000000084600000, 0x0000000084600000, 0x0000000084700000|  0%| F|  |TAMS 0x0000000084600000| PB 0x0000000084600000| Untracked |  0
|   7|0x0000000084700000, 0x0000000084700000, 0x0000000084800000|  0%| F|  |TAMS 0x0000000084700000| PB 0x0000000084700000| Untracked |  0
|   8|0x0000000084800000, 0x0000000084800000, 0x0000000084900000|  0%| F|  |TAMS 0x0000000084800000| PB 0x0000000084800000| Untracked |  0
|   9|0x0000000084900000, 0x0000000084900000, 0x0000000084a00000|  0%| F|  |TAMS 0x0000000084900000| PB 0x0000000084900000| Untracked |  0
|  10|0x0000000084a00000, 0x0000000084a00000, 0x0000000084b00000|  0%| F|  |TAMS 0x0000000084a00000| PB 0x0000000084a00000| Untracked |  0
|  11|0x0000000084b00000, 0x0000000084b00000, 0x0000000084c00000|  0%| F|  |TAMS 0x0000000084b00000| PB 0x0000000084b00000| Untracked |  0
|  12|0x0000000084c00000, 0x0000000084c00000, 0x0000000084d00000|  0%| F|  |TAMS 0x0000000084c00000| PB 0x0000000084c00000| Untracked |  0
|  13|0x0000000084d00000, 0x0000000084d00000, 0x0000000084e00000|  0%| F|  |TAMS 0x0000000084d00000| PB 0x0000000084d00000| Untracked |  0
|  14|0x0000000084e00000, 0x0000000084e00000, 0x0000000084f00000|  0%| F|  |TAMS 0x0000000084e00000| PB 0x0000000084e00000| Untracked |  0
|  15|0x0000000084f00000, 0x0000000084f00000, 0x0000000085000000|  0%| F|  |TAMS 0x0000000084f00000| PB 0x0000000084f00000| Untracked |  0
|  16|0x0000000085000000, 0x0000000085000000, 0x0000000085100000|  0%| F|  |TAMS 0x0000000085000000| PB 0x0000000085000000| Untracked |  0
|  17|0x0000000085100000, 0x0000000085100000, 0x0000000085200000|  0%| F|  |TAMS 0x0000000085100000| PB 0x0000000085100000| Untracked |  0
|  18|0x0000000085200000, 0x0000000085200000, 0x0000000085300000|  0%| F|  |TAMS 0x0000000085200000| PB 0x0000000085200000| Untracked |  0
|  19|0x0000000085300000, 0x0000000085300000, 0x0000000085400000|  0%| F|  |TAMS 0x0000000085300000| PB 0x0000000085300000| Untracked |  0
|  20|0x0000000085400000, 0x0000000085400000, 0x0000000085500000|  0%| F|  |TAMS 0x0000000085400000| PB 0x0000000085400000| Untracked |  0
|  21|0x0000000085500000, 0x0000000085500000, 0x0000000085600000|  0%| F|  |TAMS 0x0000000085500000| PB 0x0000000085500000| Untracked |  0
|  22|0x0000000085600000, 0x0000000085600000, 0x0000000085700000|  0%| F|  |TAMS 0x0000000085600000| PB 0x0000000085600000| Untracked |  0
|  23|0x0000000085700000, 0x0000000085700000, 0x0000000085800000|  0%| F|  |TAMS 0x0000000085700000| PB 0x0000000085700000| Untracked |  0
|  24|0x0000000085800000, 0x0000000085800000, 0x0000000085900000|  0%| F|  |TAMS 0x0000000085800000| PB 0x0000000085800000| Untracked |  0
|  25|0x0000000085900000, 0x0000000085900000, 0x0000000085a00000|  0%| F|  |TAMS 0x0000000085900000| PB 0x0000000085900000| Untracked |  0
|  26|0x0000000085a00000, 0x0000000085a00000, 0x0000000085b00000|  0%| F|  |TAMS 0x0000000085a00000| PB 0x0000000085a00000| Untracked |  0
|  27|0x0000000085b00000, 0x0000000085b00000, 0x0000000085c00000|  0%| F|  |TAMS 0x0000000085b00000| PB 0x0000000085b00000| Untracked |  0
|  28|0x0000000085c00000, 0x0000000085c00000, 0x0000000085d00000|  0%| F|  |TAMS 0x0000000085c00000| PB 0x0000000085c00000| Untracked |  0
|  29|0x0000000085d00000, 0x0000000085d00000, 0x0000000085e00000|  0%| F|  |TAMS 0x0000000085d00000| PB 0x0000000085d00000| Untracked |  0
|  30|0x0000000085e00000, 0x0000000085e00000, 0x0000000085f00000|  0%| F|  |TAMS 0x0000000085e00000| PB 0x0000000085e00000| Untracked |  0
|  31|0x0000000085f00000, 0x0000000085f00000, 0x0000000086000000|  0%| F|  |TAMS 0x0000000085f00000| PB 0x0000000085f00000| Untracked |  0
|  32|0x0000000086000000, 0x0000000086000000, 0x0000000086100000|  0%| F|  |TAMS 0x0000000086000000| PB 0x0000000086000000| Untracked |  0
|  33|0x0000000086100000, 0x0000000086100000, 0x0000000086200000|  0%| F|  |TAMS 0x0000000086100000| PB 0x0000000086100000| Untracked |  0
|  34|0x0000000086200000, 0x0000000086200000, 0x0000000086300000|  0%| F|  |TAMS 0x0000000086200000| PB 0x0000000086200000| Untracked |  0
|  35|0x0000000086300000, 0x0000000086300000, 0x0000000086400000|  0%| F|  |TAMS 0x0000000086300000| PB 0x0000000086300000| Untracked |  0
|  36|0x0000000086400000, 0x0000000086400000, 0x0000000086500000|  0%| F|  |TAMS 0x0000000086400000| PB 0x0000000086400000| Untracked |  0
|  37|0x0000000086500000, 0x0000000086500000, 0x0000000086600000|  0%| F|  |TAMS 0x0000000086500000| PB 0x0000000086500000| Untracked |  0
|  38|0x0000000086600000, 0x0000000086600000, 0x0000000086700000|  0%| F|  |TAMS 0x0000000086600000| PB 0x0000000086600000| Untracked |  0
|  39|0x0000000086700000, 0x0000000086700000, 0x0000000086800000|  0%| F|  |TAMS 0x0000000086700000| PB 0x0000000086700000| Untracked |  0
|  40|0x0000000086800000, 0x0000000086800000, 0x0000000086900000|  0%| F|  |TAMS 0x0000000086800000| PB 0x0000000086800000| Untracked |  0
|  41|0x0000000086900000, 0x0000000086900000, 0x0000000086a00000|  0%| F|  |TAMS 0x0000000086900000| PB 0x0000000086900000| Untracked |  0
|  42|0x0000000086a00000, 0x0000000086a00000, 0x0000000086b00000|  0%| F|  |TAMS 0x0000000086a00000| PB 0x0000000086a00000| Untracked |  0
|  43|0x0000000086b00000, 0x0000000086b00000, 0x0000000086c00000|  0%| F|  |TAMS 0x0000000086b00000| PB 0x0000000086b00000| Untracked |  0
|  44|0x0000000086c00000, 0x0000000086c00000, 0x0000000086d00000|  0%| F|  |TAMS 0x0000000086c00000| PB 0x0000000086c00000| Untracked |  0
|  45|0x0000000086d00000, 0x0000000086d00000, 0x0000000086e00000|  0%| F|  |TAMS 0x0000000086d00000| PB 0x0000000086d00000| Untracked |  0
|  46|0x0000000086e00000, 0x0000000086e00000, 0x0000000086f00000|  0%| F|  |TAMS 0x0000000086e00000| PB 0x0000000086e00000| Untracked |  0
|  47|0x0000000086f00000, 0x0000000086f00000, 0x0000000087000000|  0%| F|  |TAMS 0x0000000086f00000| PB 0x0000000086f00000| Untracked |  0
|  48|0x0000000087000000, 0x0000000087000000, 0x0000000087100000|  0%| F|  |TAMS 0x0000000087000000| PB 0x0000000087000000| Untracked |  0
|  49|0x0000000087100000, 0x0000000087100000, 0x0000000087200000|  0%| F|  |TAMS 0x0000000087100000| PB 0x0000000087100000| Untracked |  0
|  50|0x0000000087200000, 0x0000000087200000, 0x0000000087300000|  0%| F|  |TAMS 0x0000000087200000| PB 0x0000000087200000| Untracked |  0
|  51|0x0000000087300000, 0x0000000087300000, 0x0000000087400000|  0%| F|  |TAMS 0x0000000087300000| PB 0x0000000087300000| Untracked |  0
|  52|0x0000000087400000, 0x0000000087400000, 0x0000000087500000|  0%| F|  |TAMS 0x0000000087400000| PB 0x0000000087400000| Untracked |  0
|  53|0x0000000087500000, 0x0000000087500000, 0x0000000087600000|  0%| F|  |TAMS 0x0000000087500000| PB 0x0000000087500000| Untracked |  0
|  54|0x0000000087600000, 0x0000000087600000, 0x0000000087700000|  0%| F|  |TAMS 0x0000000087600000| PB 0x0000000087600000| Untracked |  0
|  55|0x0000000087700000, 0x0000000087700000, 0x0000000087800000|  0%| F|  |TAMS 0x0000000087700000| PB 0x0000000087700000| Untracked |  0
|  56|0x0000000087800000, 0x0000000087800000, 0x0000000087900000|  0%| F|  |TAMS 0x0000000087800000| PB 0x0000000087800000| Untracked |  0
|  57|0x0000000087900000, 0x0000000087900000, 0x0000000087a00000|  0%| F|  |TAMS 0x0000000087900000| PB 0x0000000087900000| Untracked |  0
|  58|0x0000000087a00000, 0x0000000087a00000, 0x0000000087b00000|  0%| F|  |TAMS 0x0000000087a00000| PB 0x0000000087a00000| Untracked |  0
|  59|0x0000000087b00000, 0x0000000087b00000, 0x0000000087c00000|  0%| F|  |TAMS 0x0000000087b00000| PB 0x0000000087b00000| Untracked |  0
|  60|0x0000000087c00000, 0x0000000087c00000, 0x0000000087d00000|  0%| F|  |TAMS 0x0000000087c00000| PB 0x0000000087c00000| Untracked |  0
|  61|0x0000000087d00000, 0x0000000087d00000, 0x0000000087e00000|  0%| F|  |TAMS 0x0000000087d00000| PB 0x0000000087d00000| Untracked |  0
|  62|0x0000000087e00000, 0x0000000087e00000, 0x0000000087f00000|  0%| F|  |TAMS 0x0000000087e00000| PB 0x0000000087e00000| Untracked |  0
|  63|0x0000000087f00000, 0x0000000087f00000, 0x0000000088000000|  0%| F|  |TAMS 0x0000000087f00000| PB 0x0000000087f00000| Untracked |  0
|  64|0x0000000088000000, 0x0000000088000000, 0x0000000088100000|  0%| F|  |TAMS 0x0000000088000000| PB 0x0000000088000000| Untracked |  0
|  65|0x0000000088100000, 0x0000000088100000, 0x0000000088200000|  0%| F|  |TAMS 0x0000000088100000| PB 0x0000000088100000| Untracked |  0
|  66|0x0000000088200000, 0x0000000088200000, 0x0000000088300000|  0%| F|  |TAMS 0x0000000088200000| PB 0x0000000088200000| Untracked |  0
|  67|0x0000000088300000, 0x0000000088300000, 0x0000000088400000|  0%| F|  |TAMS 0x0000000088300000| PB 0x0000000088300000| Untracked |  0
|  68|0x0000000088400000, 0x0000000088400000, 0x0000000088500000|  0%| F|  |TAMS 0x0000000088400000| PB 0x0000000088400000| Untracked |  0
|  69|0x0000000088500000, 0x0000000088500000, 0x0000000088600000|  0%| F|  |TAMS 0x0000000088500000| PB 0x0000000088500000| Untracked |  0
|  70|0x0000000088600000, 0x0000000088600000, 0x0000000088700000|  0%| F|  |TAMS 0x0000000088600000| PB 0x0000000088600000| Untracked |  0
|  71|0x0000000088700000, 0x0000000088700000, 0x0000000088800000|  0%| F|  |TAMS 0x0000000088700000| PB 0x0000000088700000| Untracked |  0
|  72|0x0000000088800000, 0x0000000088800000, 0x0000000088900000|  0%| F|  |TAMS 0x0000000088800000| PB 0x0000000088800000| Untracked |  0
|  73|0x0000000088900000, 0x0000000088900000, 0x0000000088a00000|  0%| F|  |TAMS 0x0000000088900000| PB 0x0000000088900000| Untracked |  0
|  74|0x0000000088a00000, 0x0000000088a00000, 0x0000000088b00000|  0%| F|  |TAMS 0x0000000088a00000| PB 0x0000000088a00000| Untracked |  0
|  75|0x0000000088b00000, 0x0000000088b00000, 0x0000000088c00000|  0%| F|  |TAMS 0x0000000088b00000| PB 0x0000000088b00000| Untracked |  0
|  76|0x0000000088c00000, 0x0000000088c00000, 0x0000000088d00000|  0%| F|  |TAMS 0x0000000088c00000| PB 0x0000000088c00000| Untracked |  0
|  77|0x0000000088d00000, 0x0000000088d00000, 0x0000000088e00000|  0%| F|  |TAMS 0x0000000088d00000| PB 0x0000000088d00000| Untracked |  0
|  78|0x0000000088e00000, 0x0000000088e00000, 0x0000000088f00000|  0%| F|  |TAMS 0x0000000088e00000| PB 0x0000000088e00000| Untracked |  0
|  79|0x0000000088f00000, 0x0000000088f00000, 0x0000000089000000|  0%| F|  |TAMS 0x0000000088f00000| PB 0x0000000088f00000| Untracked |  0
|  80|0x0000000089000000, 0x0000000089000000, 0x0000000089100000|  0%| F|  |TAMS 0x0000000089000000| PB 0x0000000089000000| Untracked |  0
|  81|0x0000000089100000, 0x0000000089100000, 0x0000000089200000|  0%| F|  |TAMS 0x0000000089100000| PB 0x0000000089100000| Untracked |  0
|  82|0x0000000089200000, 0x0000000089200000, 0x0000000089300000|  0%| F|  |TAMS 0x0000000089200000| PB 0x0000000089200000| Untracked |  0
|  83|0x0000000089300000, 0x0000000089300000, 0x0000000089400000|  0%| F|  |TAMS 0x0000000089300000| PB 0x0000000089300000| Untracked |  0
|  84|0x0000000089400000, 0x0000000089400000, 0x0000000089500000|  0%| F|  |TAMS 0x0000000089400000| PB 0x0000000089400000| Untracked |  0
|  85|0x0000000089500000, 0x0000000089500000, 0x0000000089600000|  0%| F|  |TAMS 0x0000000089500000| PB 0x0000000089500000| Untracked |  0
|  86|0x0000000089600000, 0x0000000089600000, 0x0000000089700000|  0%| F|  |TAMS 0x0000000089600000| PB 0x0000000089600000| Untracked |  0
|  87|0x0000000089700000, 0x0000000089700000, 0x0000000089800000|  0%| F|  |TAMS 0x0000000089700000| PB 0x0000000089700000| Untracked |  0
|  88|0x0000000089800000, 0x0000000089800000, 0x0000000089900000|  0%| F|  |TAMS 0x0000000089800000| PB 0x0000000089800000| Untracked |  0
|  89|0x0000000089900000, 0x0000000089900000, 0x0000000089a00000|  0%| F|  |TAMS 0x0000000089900000| PB 0x0000000089900000| Untracked |  0
|  90|0x0000000089a00000, 0x0000000089a00000, 0x0000000089b00000|  0%| F|  |TAMS 0x0000000089a00000| PB 0x0000000089a00000| Untracked |  0
|  91|0x0000000089b00000, 0x0000000089b00000, 0x0000000089c00000|  0%| F|  |TAMS 0x0000000089b00000| PB 0x0000000089b00000| Untracked |  0
|  92|0x0000000089c00000, 0x0000000089c00000, 0x0000000089d00000|  0%| F|  |TAMS 0x0000000089c00000| PB 0x0000000089c00000| Untracked |  0
|  93|0x0000000089d00000, 0x0000000089d00000, 0x0000000089e00000|  0%| F|  |TAMS 0x0000000089d00000| PB 0x0000000089d00000| Untracked |  0
|  94|0x0000000089e00000, 0x0000000089e00000, 0x0000000089f00000|  0%| F|  |TAMS 0x0000000089e00000| PB 0x0000000089e00000| Untracked |  0
|  95|0x0000000089f00000, 0x0000000089f00000, 0x000000008a000000|  0%| F|  |TAMS 0x0000000089f00000| PB 0x0000000089f00000| Untracked |  0
|  96|0x000000008a000000, 0x000000008a000000, 0x000000008a100000|  0%| F|  |TAMS 0x000000008a000000| PB 0x000000008a000000| Untracked |  0
|  97|0x000000008a100000, 0x000000008a100000, 0x000000008a200000|  0%| F|  |TAMS 0x000000008a100000| PB 0x000000008a100000| Untracked |  0
|  98|0x000000008a200000, 0x000000008a200000, 0x000000008a300000|  0%| F|  |TAMS 0x000000008a200000| PB 0x000000008a200000| Untracked |  0
|  99|0x000000008a300000, 0x000000008a300000, 0x000000008a400000|  0%| F|  |TAMS 0x000000008a300000| PB 0x000000008a300000| Untracked |  0
| 100|0x000000008a400000, 0x000000008a400000, 0x000000008a500000|  0%| F|  |TAMS 0x000000008a400000| PB 0x000000008a400000| Untracked |  0
| 101|0x000000008a500000, 0x000000008a500000, 0x000000008a600000|  0%| F|  |TAMS 0x000000008a500000| PB 0x000000008a500000| Untracked |  0
| 102|0x000000008a600000, 0x000000008a600000, 0x000000008a700000|  0%| F|  |TAMS 0x000000008a600000| PB 0x000000008a600000| Untracked |  0
| 103|0x000000008a700000, 0x000000008a700000, 0x000000008a800000|  0%| F|  |TAMS 0x000000008a700000| PB 0x000000008a700000| Untracked |  0
| 104|0x000000008a800000, 0x000000008a800000, 0x000000008a900000|  0%| F|  |TAMS 0x000000008a800000| PB 0x000000008a800000| Untracked |  0
| 105|0x000000008a900000, 0x000000008a900000, 0x000000008aa00000|  0%| F|  |TAMS 0x000000008a900000| PB 0x000000008a900000| Untracked |  0
| 106|0x000000008aa00000, 0x000000008aa00000, 0x000000008ab00000|  0%| F|  |TAMS 0x000000008aa00000| PB 0x000000008aa00000| Untracked |  0
| 107|0x000000008ab00000, 0x000000008ab53508, 0x000000008ac00000| 32%| S|CS|TAMS 0x000000008ab00000| PB 0x000000008ab00000| Complete |  0
| 108|0x000000008ac00000, 0x000000008ac00000, 0x000000008ad00000|  0%| F|  |TAMS 0x000000008ac00000| PB 0x000000008ac00000| Untracked |  0
| 109|0x000000008ad00000, 0x000000008ad00000, 0x000000008ae00000|  0%| F|  |TAMS 0x000000008ad00000| PB 0x000000008ad00000| Untracked |  0
| 110|0x000000008ae00000, 0x000000008af00000, 0x000000008af00000|100%| S|CS|TAMS 0x000000008ae00000| PB 0x000000008ae00000| Complete |  0
| 111|0x000000008af00000, 0x000000008af00000, 0x000000008b000000|  0%| F|  |TAMS 0x000000008af00000| PB 0x000000008af00000| Untracked |  0
| 112|0x000000008b000000, 0x000000008b000000, 0x000000008b100000|  0%| F|  |TAMS 0x000000008b000000| PB 0x000000008b000000| Untracked |  0
| 113|0x000000008b100000, 0x000000008b127980, 0x000000008b200000| 15%| E|  |TAMS 0x000000008b100000| PB 0x000000008b100000| Complete |  0
| 114|0x000000008b200000, 0x000000008b300000, 0x000000008b300000|100%| E|CS|TAMS 0x000000008b200000| PB 0x000000008b200000| Complete |  0
| 115|0x000000008b300000, 0x000000008b400000, 0x000000008b400000|100%| E|CS|TAMS 0x000000008b300000| PB 0x000000008b300000| Complete |  0
| 116|0x000000008b400000, 0x000000008b500000, 0x000000008b500000|100%| E|CS|TAMS 0x000000008b400000| PB 0x000000008b400000| Complete |  0
| 117|0x000000008b500000, 0x000000008b600000, 0x000000008b600000|100%| E|CS|TAMS 0x000000008b500000| PB 0x000000008b500000| Complete |  0
| 118|0x000000008b600000, 0x000000008b700000, 0x000000008b700000|100%| E|CS|TAMS 0x000000008b600000| PB 0x000000008b600000| Complete |  0
| 119|0x000000008b700000, 0x000000008b800000, 0x000000008b800000|100%| E|CS|TAMS 0x000000008b700000| PB 0x000000008b700000| Complete |  0
| 120|0x000000008b800000, 0x000000008b900000, 0x000000008b900000|100%| E|  |TAMS 0x000000008b800000| PB 0x000000008b800000| Complete |  0
| 121|0x000000008b900000, 0x000000008ba00000, 0x000000008ba00000|100%| E|CS|TAMS 0x000000008b900000| PB 0x000000008b900000| Complete |  0
| 122|0x000000008ba00000, 0x000000008bb00000, 0x000000008bb00000|100%| E|CS|TAMS 0x000000008ba00000| PB 0x000000008ba00000| Complete |  0
| 123|0x000000008bb00000, 0x000000008bc00000, 0x000000008bc00000|100%| E|CS|TAMS 0x000000008bb00000| PB 0x000000008bb00000| Complete |  0

Card table byte_map: [0x0000012aecba0000,0x0000012aecf80000] _byte_map_base: 0x0000012aec780000

Marking Bits: (CMBitMap*) 0x0000012ad50f83f0
 Bits: [0x0000012aecf80000, 0x0000012aeee80000)

Polling page: 0x0000012ad4850000

Metaspace:

Usage:
  Non-class:     15.21 MB used.
      Class:      1.89 MB used.
       Both:     17.10 MB used.

Virtual space:
  Non-class space:       64.00 MB reserved,      15.38 MB ( 24%) committed,  1 nodes.
      Class space:        1.00 GB reserved,       2.00 MB ( <1%) committed,  1 nodes.
             Both:        1.06 GB reserved,      17.38 MB (  2%) committed. 

Chunk freelists:
   Non-Class:  15.98 MB
       Class:  14.01 MB
        Both:  29.99 MB

MaxMetaspaceSize: unlimited
CompressedClassSpaceSize: 1.00 GB
Initial GC threshold: 21.00 MB
Current GC threshold: 21.00 MB
CDS: on
 - commit_granule_bytes: 65536.
 - commit_granule_words: 8192.
 - virtual_space_node_default_size: 8388608.
 - enlarge_chunks_in_place: 1.
 - use_allocation_guard: 0.


Internal statistics:

num_allocs_failed_limit: 0.
num_arena_births: 262.
num_arena_deaths: 0.
num_vsnodes_births: 2.
num_vsnodes_deaths: 0.
num_space_committed: 278.
num_space_uncommitted: 0.
num_chunks_returned_to_freelist: 0.
num_chunks_taken_from_freelist: 463.
num_chunk_merges: 0.
num_chunk_splits: 275.
num_chunks_enlarged: 156.
num_inconsistent_stats: 0.

CodeHeap 'non-profiled nmethods': size=120064Kb used=637Kb max_used=637Kb free=119426Kb
 bounds [0x0000012ae5280000, 0x0000012ae54f0000, 0x0000012aec7c0000]
CodeHeap 'profiled nmethods': size=120000Kb used=2653Kb max_used=2653Kb free=117347Kb
 bounds [0x0000012add7c0000, 0x0000012adda60000, 0x0000012ae4cf0000]
CodeHeap 'non-nmethods': size=5696Kb used=1648Kb max_used=1675Kb free=4047Kb
 bounds [0x0000012ae4cf0000, 0x0000012ae4f60000, 0x0000012ae5280000]
CodeCache: size=245760Kb, used=4938Kb, max_used=4965Kb, free=240820Kb
 total_blobs=2545, nmethods=1951, adapters=499, full_count=0
Compilation: enabled, stopped_count=0, restarted_count=0

Compilation events (20 events):
Event: 1.216 Thread 0x0000012af14828f0 1933       3       sun.security.util.math.intpoly.IntegerPolynomial$ImmutableElement::<init> (8 bytes)
Event: 1.216 Thread 0x0000012af14828f0 nmethod 1933 0x0000012adda54488 code [0x0000012adda545c0, 0x0000012adda54840]
Event: 1.217 Thread 0x0000012af1481620 nmethod 1932 0x0000012ae531c988 code [0x0000012ae531ca80, 0x0000012ae531cc48]
Event: 1.217 Thread 0x0000012ac56bb780 nmethod 1931 0x0000012ae531cc88 code [0x0000012ae531cdc0, 0x0000012ae531d098]
Event: 1.217 Thread 0x0000012af14828f0 1934       3       sun.security.util.math.intpoly.IntegerPolynomial$Element::mutable (5 bytes)
Event: 1.218 Thread 0x0000012af14828f0 nmethod 1934 0x0000012adda54888 code [0x0000012adda549a0, 0x0000012adda54b60]
Event: 1.218 Thread 0x0000012af14828f0 1935       3       sun.security.util.math.intpoly.IntegerPolynomial$Element::mutable (26 bytes)
Event: 1.218 Thread 0x0000012af14828f0 nmethod 1935 0x0000012adda54b88 code [0x0000012adda54cc0, 0x0000012adda55188]
Event: 1.222 Thread 0x0000012af14828f0 1936       3       sun.security.util.ArrayUtil::swap (15 bytes)
Event: 1.222 Thread 0x0000012af14828f0 nmethod 1936 0x0000012adda55208 code [0x0000012adda55320, 0x0000012adda55468]
Event: 1.224 Thread 0x0000012ac56bb780 1937       4       sun.security.ec.ECOperations$PointMultiplier::lookup (84 bytes)
Event: 1.226 Thread 0x0000012af14828f0 1938       3       sun.security.util.math.intpoly.MontgomeryIntegerPolynomialP256::get0 (5 bytes)
Event: 1.226 Thread 0x0000012af14828f0 nmethod 1938 0x0000012adda55508 code [0x0000012adda55620, 0x0000012adda55758]
Event: 1.226 Thread 0x0000012af14828f0 1939       3       sun.security.util.math.intpoly.MontgomeryIntegerPolynomialP256::get0 (13 bytes)
Event: 1.226 Thread 0x0000012af14828f0 nmethod 1939 0x0000012adda55808 code [0x0000012adda55940, 0x0000012adda55c98]
Event: 1.226 Thread 0x0000012af1481620 1940       4       sun.security.ec.ECOperations::setDouble (463 bytes)
Event: 1.230 Thread 0x0000012ac56bb780 nmethod 1937 0x0000012ae531d108 code [0x0000012ae531d260, 0x0000012ae531d7c8]
Event: 1.244 Thread 0x0000012af14828f0 1941       3       sun.security.ec.ECOperations$Secp256R1GeneratorMontgomeryMultiplier::bit (13 bytes)
Event: 1.244 Thread 0x0000012af14828f0 nmethod 1941 0x0000012adda55d08 code [0x0000012adda55e20, 0x0000012adda55f48]
Event: 1.244 Thread 0x0000012ac56bb780 1942       4       sun.security.util.math.intpoly.IntegerPolynomial$MutableElement::setSquare (5 bytes)

GC Heap History (4 events):
Event: 0.506 GC heap before
{Heap before GC invocations=0 (full 0):
 garbage-first heap   total reserved 2031616K, committed 126976K, used 15360K [0x0000000084000000, 0x0000000100000000)
  region size 1024K, 14 young (14336K), 0 survivors (0K)
 Metaspace       used 7952K, committed 8192K, reserved 1114112K
  class space    used 846K, committed 960K, reserved 1048576K
}
Event: 0.512 GC heap after
{Heap after GC invocations=1 (full 0):
 garbage-first heap   total reserved 2031616K, committed 126976K, used 4288K [0x0000000084000000, 0x0000000100000000)
  region size 1024K, 2 young (2048K), 2 survivors (2048K)
 Metaspace       used 7952K, committed 8192K, reserved 1114112K
  class space    used 846K, committed 960K, reserved 1048576K
}
Event: 0.822 GC heap before
{Heap before GC invocations=1 (full 0):
 garbage-first heap   total reserved 2031616K, committed 126976K, used 16576K [0x0000000084000000, 0x0000000100000000)
  region size 1024K, 15 young (15360K), 2 survivors (2048K)
 Metaspace       used 12298K, committed 12480K, reserved 1114112K
  class space    used 1316K, committed 1408K, reserved 1048576K
}
Event: 0.829 GC heap after
{Heap after GC invocations=2 (full 0):
 garbage-first heap   total reserved 2031616K, committed 126976K, used 5675K [0x0000000084000000, 0x0000000100000000)
  region size 1024K, 2 young (2048K), 2 survivors (2048K)
 Metaspace       used 12298K, committed 12480K, reserved 1114112K
  class space    used 1316K, committed 1408K, reserved 1048576K
}

Dll operation events (13 events):
Event: 0.011 Loaded shared library C:\Users\User\.jdks\openjdk-23\bin\java.dll
Event: 0.012 Loaded shared library C:\Users\User\.jdks\openjdk-23\bin\zip.dll
Event: 0.045 Loaded shared library C:\Users\User\.jdks\openjdk-23\bin\jsvml.dll
Event: 0.112 Loaded shared library C:\Users\User\.jdks\openjdk-23\bin\instrument.dll
Event: 0.120 Loaded shared library C:\Users\User\.jdks\openjdk-23\bin\net.dll
Event: 0.122 Loaded shared library C:\Users\User\.jdks\openjdk-23\bin\nio.dll
Event: 0.127 Loaded shared library C:\Users\User\.jdks\openjdk-23\bin\zip.dll
Event: 0.170 Loaded shared library C:\Users\User\.jdks\openjdk-23\bin\extnet.dll
Event: 0.201 Loaded shared library C:\Users\User\.jdks\openjdk-23\bin\verify.dll
Event: 0.334 Loaded shared library C:\Users\User\.jdks\openjdk-23\bin\jimage.dll
Event: 0.411 Loaded shared library C:\Users\User\.jdks\openjdk-23\bin\management.dll
Event: 0.427 Loaded shared library C:\Users\User\.jdks\openjdk-23\bin\management_ext.dll
Event: 1.100 Loaded shared library C:\Users\User\.jdks\openjdk-23\bin\sunmscapi.dll

Deoptimization events (20 events):
Event: 0.995 Thread 0x0000012ad2d60110 Uncommon trap: trap_request=0xffffffde fr.pc=0x0000012ae52d67d0 relative=0x0000000000000d50
Event: 0.995 Thread 0x0000012ad2d60110 Uncommon trap: reason=class_check action=maybe_recompile pc=0x0000012ae52d67d0 method=java.util.HashMap.putVal(ILjava/lang/Object;Ljava/lang/Object;ZZ)Ljava/lang/Object; @ 203 c2
Event: 0.995 Thread 0x0000012ad2d60110 DEOPT PACKING pc=0x0000012ae52d67d0 sp=0x00000016a15fcf20
Event: 0.995 Thread 0x0000012ad2d60110 DEOPT UNPACKING pc=0x0000012ae4d47982 sp=0x00000016a15fce68 mode 2
Event: 1.038 Thread 0x0000012ad2d60110 Uncommon trap: trap_request=0xffffff45 fr.pc=0x0000012ae5303ca0 relative=0x00000000000002a0
Event: 1.039 Thread 0x0000012ad2d60110 Uncommon trap: reason=unstable_if action=reinterpret pc=0x0000012ae5303ca0 method=java.lang.CharacterDataLatin1.equalsIgnoreCase(BB)Z @ 54 c2
Event: 1.039 Thread 0x0000012ad2d60110 DEOPT PACKING pc=0x0000012ae5303ca0 sp=0x00000016a15fa740
Event: 1.039 Thread 0x0000012ad2d60110 DEOPT UNPACKING pc=0x0000012ae4d47982 sp=0x00000016a15fa638 mode 2
Event: 1.039 Thread 0x0000012ad2d60110 Uncommon trap: trap_request=0xffffff45 fr.pc=0x0000012ae52d4b00 relative=0x0000000000000080
Event: 1.039 Thread 0x0000012ad2d60110 Uncommon trap: reason=unstable_if action=reinterpret pc=0x0000012ae52d4b00 method=java.lang.CharacterDataLatin1.equalsIgnoreCase(BB)Z @ 54 c2
Event: 1.039 Thread 0x0000012ad2d60110 DEOPT PACKING pc=0x0000012ae52d4b00 sp=0x00000016a15fa620
Event: 1.039 Thread 0x0000012ad2d60110 DEOPT UNPACKING pc=0x0000012ae4d47982 sp=0x00000016a15fa5b0 mode 2
Event: 1.116 Thread 0x0000012ad2d60110 Uncommon trap: trap_request=0xffffff45 fr.pc=0x0000012ae530be9c relative=0x000000000000023c
Event: 1.116 Thread 0x0000012ad2d60110 Uncommon trap: reason=unstable_if action=reinterpret pc=0x0000012ae530be9c method=java.util.HashMap.putVal(ILjava/lang/Object;Ljava/lang/Object;ZZ)Ljava/lang/Object; @ 162 c2
Event: 1.116 Thread 0x0000012ad2d60110 DEOPT PACKING pc=0x0000012ae530be9c sp=0x00000016a15fbc60
Event: 1.117 Thread 0x0000012ad2d60110 DEOPT UNPACKING pc=0x0000012ae4d47982 sp=0x00000016a15fbbb8 mode 2
Event: 1.125 Thread 0x0000012ad2d60110 Uncommon trap: trap_request=0xffffff45 fr.pc=0x0000012ae52ace30 relative=0x0000000000000190
Event: 1.125 Thread 0x0000012ad2d60110 Uncommon trap: reason=unstable_if action=reinterpret pc=0x0000012ae52ace30 method=jdk.internal.util.ArraysSupport.vectorizedHashCode(Ljava/lang/Object;IIII)I @ 2 c2
Event: 1.125 Thread 0x0000012ad2d60110 DEOPT PACKING pc=0x0000012ae52ace30 sp=0x00000016a15fbb30
Event: 1.125 Thread 0x0000012ad2d60110 DEOPT UNPACKING pc=0x0000012ae4d47982 sp=0x00000016a15fbae0 mode 2

Classes loaded (20 events):
Event: 1.178 Loading class java/security/interfaces/ECPrivateKey
Event: 1.178 Loading class java/security/interfaces/ECKey
Event: 1.178 Loading class java/security/interfaces/ECKey done
Event: 1.178 Loading class java/security/interfaces/ECPrivateKey done
Event: 1.178 Loading class sun/security/ec/ECPrivateKeyImpl done
Event: 1.178 Loading class sun/security/util/ArrayUtil
Event: 1.178 Loading class sun/security/util/ArrayUtil done
Event: 1.179 Loading class sun/security/ec/ECOperations$Secp256R1GeneratorMontgomeryMultiplier
Event: 1.179 Loading class sun/security/ec/ECOperations$PointMultiplier
Event: 1.179 Loading class sun/security/ec/ECOperations$PointMultiplier done
Event: 1.179 Loading class sun/security/ec/ECOperations$Secp256R1GeneratorMontgomeryMultiplier done
Event: 1.180 Loading class sun/security/ec/ECOperations$DefaultMultiplier
Event: 1.180 Loading class sun/security/ec/ECOperations$DefaultMultiplier done
Event: 1.180 Loading class sun/security/ec/point/ProjectivePoint$Mutable
Event: 1.180 Loading class sun/security/ec/point/MutablePoint
Event: 1.180 Loading class sun/security/ec/point/MutablePoint done
Event: 1.180 Loading class sun/security/ec/point/ProjectivePoint$Mutable done
Event: 1.244 Loading class sun/security/util/math/IntegerModuloP$MultiplicativeInverser$Secp256R1
Event: 1.244 Loading class sun/security/util/math/IntegerModuloP$MultiplicativeInverser$Secp256R1 done
Event: 1.245 Loading class sun/security/ec/ECPublicKeyImpl

Classes unloaded (0 events):
No events

Classes redefined (1 events):
Event: 0.185 Thread 0x0000012af144e6f0 redefined class name=java.lang.Throwable, count=1

Internal exceptions (20 events):
Event: 0.433 Thread 0x0000012af146dea0 Exception <a 'java/lang/NoSuchMethodError'{0x000000008b1d6288}: 'int java.lang.invoke.DirectMethodHandle$Holder.invokeInterface(java.lang.Object, java.lang.Object)'> (0x000000008b1d6288) 
thrown [s\open\src\hotspot\share\interpreter\linkResolver.cpp, line 796]
Event: 0.434 Thread 0x0000012af146dea0 Exception <a 'java/lang/IncompatibleClassChangeError'{0x000000008b1d94d0}: Found class java.lang.Object, but interface was expected> (0x000000008b1d94d0) 
thrown [s\open\src\hotspot\share\interpreter\linkResolver.cpp, line 863]
Event: 0.470 Thread 0x0000012ad2d60110 Exception <a 'java/lang/NoSuchMethodError'{0x000000008af74f28}: 'long java.lang.invoke.DirectMethodHandle$Holder.invokeSpecial(java.lang.Object, java.lang.Object)'> (0x000000008af74f28) 
thrown [s\open\src\hotspot\share\interpreter\linkResolver.cpp, line 796]
Event: 0.471 Thread 0x0000012ad2d60110 Exception <a 'java/lang/NoSuchMethodError'{0x000000008af78388}: 'long java.lang.invoke.Invokers$Holder.invokeExact_MT(java.lang.Object, java.lang.Object)'> (0x000000008af78388) 
thrown [s\open\src\hotspot\share\interpreter\linkResolver.cpp, line 796]
Event: 0.478 Thread 0x0000012af146dea0 Exception <a 'java/lang/NoSuchMethodError'{0x000000008afb6b38}: 'int java.lang.invoke.DirectMethodHandle$Holder.invokeSpecial(java.lang.Object, java.lang.Object, java.lang.Object)'> (0x000000008afb6b38) 
thrown [s\open\src\hotspot\share\interpreter\linkResolver.cpp, line 796]
Event: 0.540 Thread 0x0000012af146dea0 Exception <a 'java/lang/NoSuchMethodError'{0x000000008b91e590}: 'java.lang.Object java.lang.invoke.DirectMethodHandle$Holder.invokeStaticInit(java.lang.Object, java.lang.Object, java.lang.Object)'> (0x000000008b91e590) 
thrown [s\open\src\hotspot\share\interpreter\linkResolver.cpp, line 796]
Event: 0.691 Thread 0x0000012ad2d60110 Exception <a 'java/lang/NoSuchMethodError'{0x000000008b460a10}: 'java.lang.Object java.lang.invoke.DirectMethodHandle$Holder.invokeVirtual(java.lang.Object, java.lang.Object, java.lang.Object)'> (0x000000008b460a10) 
thrown [s\open\src\hotspot\share\interpreter\linkResolver.cpp, line 796]
Event: 0.715 Thread 0x0000012af146dea0 Exception <a 'java/lang/NoSuchMethodError'{0x000000008b4fa678}: 'java.lang.Object java.lang.invoke.DirectMethodHandle$Holder.invokeStaticInit(java.lang.Object, int, int, int, int)'> (0x000000008b4fa678) 
thrown [s\open\src\hotspot\share\interpreter\linkResolver.cpp, line 796]
Event: 0.742 Thread 0x0000012af146dea0 Exception <a 'java/lang/NoSuchMethodError'{0x000000008b22e538}: 'java.lang.Object java.lang.invoke.DirectMethodHandle$Holder.invokeStaticInit(java.lang.Object, java.lang.Object, int, int, int, int)'> (0x000000008b22e538) 
thrown [s\open\src\hotspot\share\interpreter\linkResolver.cpp, line 796]
Event: 0.759 Thread 0x0000012af146dea0 Exception <a 'java/lang/ClassNotFoundException'{0x000000008b297290}: javax/management/remote/rmi/RMIServerImpl_Skel> (0x000000008b297290) 
thrown [s\open\src\hotspot\share\classfile\systemDictionary.cpp, line 313]
Event: 0.833 Thread 0x0000012ac52f74b0 Exception <a 'java/lang/NoSuchMethodError'{0x000000008bb1e248}: static [B.<clinit>()V> (0x000000008bb1e248) 
thrown [s\open\src\hotspot\share\prims\jni.cpp, line 1111]
Event: 0.836 Thread 0x0000012ac52f74b0 Exception <a 'java/lang/NoSuchMethodError'{0x000000008bbdfe30}: 'java.lang.Object java.lang.invoke.DirectMethodHandle$Holder.invokeInterface(java.lang.Object, java.lang.Object, java.lang.Object)'> (0x000000008bbdfe30) 
thrown [s\open\src\hotspot\share\interpreter\linkResolver.cpp, line 796]
Event: 0.847 Thread 0x0000012ac52f74b0 Exception <a 'java/lang/ClassNotFoundException'{0x000000008ba22708}: javax/management/remote/rmi/RMIConnectionImpl_Skel> (0x000000008ba22708) 
thrown [s\open\src\hotspot\share\classfile\systemDictionary.cpp, line 313]
Event: 0.866 Thread 0x0000012ac52f74b0 Exception <a 'java/lang/NoSuchMethodError'{0x000000008bac25a0}: 'int java.lang.invoke.DelegatingMethodHandle$Holder.reinvoke_L(java.lang.Object, java.lang.Object, java.lang.Object, java.lang.Object, java.lang.Object)'> (0x000000008bac25a0) 
thrown [s\open\src\hotspot\share\interpreter\linkResolver.cpp, line 796]
Event: 0.882 Thread 0x0000012ac65ea630 Exception <a 'java/lang/NoSuchMethodError'{0x000000008baeda08}: 'java.lang.Object java.lang.invoke.Invokers$Holder.linkToTargetMethod(java.lang.Object, long, java.lang.Object)'> (0x000000008baeda08) 
thrown [s\open\src\hotspot\share\interpreter\linkResolver.cpp, line 796]
Event: 0.885 Thread 0x0000012ac52f74b0 Exception <a 'java/lang/NoSuchMethodError'{0x000000008badfcf0}: 'java.lang.Object java.lang.invoke.DirectMethodHandle$Holder.invokeInterface(java.lang.Object, java.lang.Object, java.lang.Object, java.lang.Object, java.lang.Object)'> (0x000000008badfcf0) 
thrown [s\open\src\hotspot\share\interpreter\linkResolver.cpp, line 796]
Event: 0.891 Thread 0x0000012ac52f74b0 Exception <a 'java/lang/NoSuchMethodError'{0x000000008b985ba8}: 'double java.lang.invoke.DirectMethodHandle$Holder.invokeInterface(java.lang.Object, java.lang.Object)'> (0x000000008b985ba8) 
thrown [s\open\src\hotspot\share\interpreter\linkResolver.cpp, line 796]
Event: 0.892 Thread 0x0000012ac52f74b0 Exception <a 'java/lang/NoSuchMethodError'{0x000000008b98d7d8}: 'double java.lang.invoke.DelegatingMethodHandle$Holder.reinvoke_L(java.lang.Object, java.lang.Object)'> (0x000000008b98d7d8) 
thrown [s\open\src\hotspot\share\interpreter\linkResolver.cpp, line 796]
Event: 0.939 Thread 0x0000012ad2d60110 Exception <a 'java/lang/NoSuchMethodError'{0x000000008b857c88}: 'void java.lang.invoke.DirectMethodHandle$Holder.invokeStaticInit(java.lang.Object, java.lang.Object)'> (0x000000008b857c88) 
thrown [s\open\src\hotspot\share\interpreter\linkResolver.cpp, line 796]
Event: 1.036 Thread 0x0000012ad2d60110 Exception <a 'sun/nio/fs/WindowsException'{0x000000008b50ac48}> (0x000000008b50ac48) 
thrown [s\open\src\hotspot\share\prims\jni.cpp, line 520]

VM Operations (20 events):
Event: 0.540 Executing VM operation: HandshakeAllThreads (Deoptimize)
Event: 0.540 Executing VM operation: HandshakeAllThreads (Deoptimize) done
Event: 0.648 Executing VM operation: HandshakeAllThreads (Deoptimize)
Event: 0.648 Executing VM operation: HandshakeAllThreads (Deoptimize) done
Event: 0.656 Executing VM operation: HandshakeAllThreads (Deoptimize)
Event: 0.656 Executing VM operation: HandshakeAllThreads (Deoptimize) done
Event: 0.658 Executing VM operation: HandshakeAllThreads (Deoptimize)
Event: 0.671 Executing VM operation: HandshakeAllThreads (Deoptimize) done
Event: 0.822 Executing VM operation: G1CollectForAllocation (G1 Evacuation Pause)
Event: 0.829 Executing VM operation: G1CollectForAllocation (G1 Evacuation Pause) done
Event: 0.844 Executing VM operation: HandshakeAllThreads (Deoptimize)
Event: 0.845 Executing VM operation: HandshakeAllThreads (Deoptimize) done
Event: 0.959 Executing VM operation: HandshakeAllThreads (Deoptimize)
Event: 0.959 Executing VM operation: HandshakeAllThreads (Deoptimize) done
Event: 1.008 Executing VM operation: HandshakeAllThreads (Deoptimize)
Event: 1.008 Executing VM operation: HandshakeAllThreads (Deoptimize) done
Event: 1.036 Executing VM operation: HandshakeAllThreads (Deoptimize)
Event: 1.037 Executing VM operation: HandshakeAllThreads (Deoptimize) done
Event: 1.042 Executing VM operation: HandshakeAllThreads (Deoptimize)
Event: 1.042 Executing VM operation: HandshakeAllThreads (Deoptimize) done

Memory protections (0 events):
No events

Nmethod flushes (0 events):
No events

Events (18 events):
Event: 0.026 Thread 0x0000012ad2d60110 Thread added: 0x0000012ad2d60110
Event: 0.042 Thread 0x0000012ad2d60110 Thread added: 0x0000012af146b6f0
Event: 0.042 Thread 0x0000012ad2d60110 Thread added: 0x0000012af146c150
Event: 0.042 Thread 0x0000012ad2d60110 Thread added: 0x0000012af146d440
Event: 0.042 Thread 0x0000012ad2d60110 Thread added: 0x0000012af146dea0
Event: 0.042 Thread 0x0000012ad2d60110 Thread added: 0x0000012af146e900
Event: 0.043 Thread 0x0000012ad2d60110 Thread added: 0x0000012af147b380
Event: 0.043 Thread 0x0000012ad2d60110 Thread added: 0x0000012af1481620
Event: 0.043 Thread 0x0000012ad2d60110 Thread added: 0x0000012af14828f0
Event: 0.084 Thread 0x0000012ad2d60110 Thread added: 0x0000012ac50ef3a0
Event: 0.142 Thread 0x0000012ad2d60110 Thread added: 0x0000012ac5227550
Event: 0.189 Thread 0x0000012ad2d60110 Thread added: 0x0000012ac52f53e0
Event: 0.372 Thread 0x0000012af14828f0 Thread added: 0x0000012ac56bb780
Event: 0.506 Thread 0x0000012ad2d60110 Thread added: 0x0000012ac52f5a70
Event: 0.771 Thread 0x0000012af146dea0 Thread added: 0x0000012ac52f6100
Event: 0.789 Thread 0x0000012ac52f6100 Thread added: 0x0000012ac52f74b0
Event: 0.832 Thread 0x0000012ac52f74b0 Thread added: 0x0000012ac65ec070
Event: 0.843 Thread 0x0000012ac52f74b0 Thread added: 0x0000012ac65ea630


Dynamic libraries:
0x00007ff72ac80000 - 0x00007ff72ac8e000 	C:\Users\User\.jdks\openjdk-23\bin\java.exe
0x00007ffcb7650000 - 0x00007ffcb7848000 	C:\Windows\SYSTEM32\ntdll.dll
0x00007ffcb6f80000 - 0x00007ffcb703f000 	C:\Windows\System32\KERNEL32.DLL
0x00007ffcb5080000 - 0x00007ffcb5352000 	C:\Windows\System32\KERNELBASE.dll
0x00007ffcb4f80000 - 0x00007ffcb5080000 	C:\Windows\System32\ucrtbase.dll
0x00007ffcace20000 - 0x00007ffcace37000 	C:\Users\User\.jdks\openjdk-23\bin\jli.dll
0x00007ffcace00000 - 0x00007ffcace1b000 	C:\Users\User\.jdks\openjdk-23\bin\VCRUNTIME140.dll
0x00007ffcb5800000 - 0x00007ffcb59a1000 	C:\Windows\System32\USER32.dll
0x00007ffcb5510000 - 0x00007ffcb5532000 	C:\Windows\System32\win32u.dll
0x00007ffcb6af0000 - 0x00007ffcb6b1b000 	C:\Windows\System32\GDI32.dll
0x00007ffcb5360000 - 0x00007ffcb546f000 	C:\Windows\System32\gdi32full.dll
0x00007ffc9ea10000 - 0x00007ffc9ecaa000 	C:\Windows\WinSxS\amd64_microsoft.windows.common-controls_6595b64144ccf1df_6.0.19041.1110_none_60b5254171f9507e\COMCTL32.dll
0x00007ffcb5760000 - 0x00007ffcb57fe000 	C:\Windows\System32\msvcrt.dll
0x00007ffcb5540000 - 0x00007ffcb55dd000 	C:\Windows\System32\msvcp_win.dll
0x00007ffcb5af0000 - 0x00007ffcb5b22000 	C:\Windows\System32\IMM32.DLL
0x0000000061860000 - 0x000000006186c000 	C:\Program Files (x86)\360\Total Security\safemon\SafeWrapper.dll
0x00007ffcb5a40000 - 0x00007ffcb5aee000 	C:\Windows\System32\ADVAPI32.dll
0x00007ffcb6990000 - 0x00007ffcb6a2c000 	C:\Windows\System32\sechost.dll
0x00007ffcb5ef0000 - 0x00007ffcb6015000 	C:\Windows\System32\RPCRT4.dll
0x00007ffc81be0000 - 0x00007ffc81c8c000 	C:\Program Files (x86)\360\Total Security\safemon\libzdtp64.dll
0x00007ffcb6020000 - 0x00007ffcb6765000 	C:\Windows\System32\SHELL32.dll
0x00007ffcb5b30000 - 0x00007ffcb5b85000 	C:\Windows\System32\SHLWAPI.dll
0x00007ffcb47f0000 - 0x00007ffcb47fa000 	C:\Windows\SYSTEM32\VERSION.dll
0x00007ffcacdf0000 - 0x00007ffcacdfc000 	C:\Users\User\.jdks\openjdk-23\bin\vcruntime140_1.dll
0x00007ffca8d90000 - 0x00007ffca8e1e000 	C:\Users\User\.jdks\openjdk-23\bin\msvcp140.dll
0x00007ffc3f2a0000 - 0x00007ffc3ffef000 	C:\Users\User\.jdks\openjdk-23\bin\server\jvm.dll
0x00007ffcb7040000 - 0x00007ffcb70ab000 	C:\Windows\System32\WS2_32.dll
0x00007ffcb4bb0000 - 0x00007ffcb4bfb000 	C:\Windows\SYSTEM32\POWRPROF.dll
0x00007ffc9c4b0000 - 0x00007ffc9c4d7000 	C:\Windows\SYSTEM32\WINMM.dll
0x00007ffcb4b90000 - 0x00007ffcb4ba2000 	C:\Windows\SYSTEM32\UMPDC.dll
0x00007ffcb3520000 - 0x00007ffcb3532000 	C:\Windows\SYSTEM32\kernel.appcore.dll
0x00007ffcacde0000 - 0x00007ffcacdea000 	C:\Users\User\.jdks\openjdk-23\bin\jimage.dll
0x00007ffcaf180000 - 0x00007ffcaf364000 	C:\Windows\SYSTEM32\DBGHELP.DLL
0x00007ffc97590000 - 0x00007ffc975c5000 	C:\Windows\SYSTEM32\dbgcore.DLL
0x00007ffcb4d40000 - 0x00007ffcb4dc2000 	C:\Windows\System32\bcryptPrimitives.dll
0x00007ffcacdd0000 - 0x00007ffcacddf000 	C:\Users\User\.jdks\openjdk-23\bin\instrument.dll
0x00007ffcaac60000 - 0x00007ffcaac7e000 	C:\Users\User\.jdks\openjdk-23\bin\java.dll
0x00007ffcb67d0000 - 0x00007ffcb68fa000 	C:\Windows\System32\ole32.dll
0x00007ffcb5b90000 - 0x00007ffcb5ee5000 	C:\Windows\System32\combase.dll
0x00007ffcaa780000 - 0x00007ffcaa797000 	C:\Users\User\.jdks\openjdk-23\bin\zip.dll
0x00007ffcb2a30000 - 0x00007ffcb31c2000 	C:\Windows\SYSTEM32\windows.storage.dll
0x00007ffcb4650000 - 0x00007ffcb4680000 	C:\Windows\SYSTEM32\Wldp.dll
0x00007ffcb6cd0000 - 0x00007ffcb6d7d000 	C:\Windows\System32\SHCORE.dll
0x00007ffcb4c80000 - 0x00007ffcb4c9f000 	C:\Windows\SYSTEM32\profapi.dll
0x00007ffca8cb0000 - 0x00007ffca8d87000 	C:\Users\User\.jdks\openjdk-23\bin\jsvml.dll
0x00007ffcabcc0000 - 0x00007ffcabcd0000 	C:\Users\User\.jdks\openjdk-23\bin\net.dll
0x00007ffcb43b0000 - 0x00007ffcb441a000 	C:\Windows\system32\mswsock.dll
0x00007ffcaac90000 - 0x00007ffcaaca6000 	C:\Users\User\.jdks\openjdk-23\bin\nio.dll
0x00007ffcaac80000 - 0x00007ffcaac89000 	C:\Users\User\.jdks\openjdk-23\bin\extnet.dll
0x00007ffcaac50000 - 0x00007ffcaac60000 	C:\Users\User\.jdks\openjdk-23\bin\verify.dll
0x00007ffcb40e0000 - 0x00007ffcb41ab000 	C:\Windows\SYSTEM32\DNSAPI.dll
0x00007ffcb40a0000 - 0x00007ffcb40db000 	C:\Windows\SYSTEM32\IPHLPAPI.DLL
0x00007ffcb6ae0000 - 0x00007ffcb6ae8000 	C:\Windows\System32\NSI.dll
0x00007ffc9ea00000 - 0x00007ffc9ea0a000 	C:\Windows\System32\rasadhlp.dll
0x00007ffc9e6a0000 - 0x00007ffc9e720000 	C:\Windows\System32\fwpuclnt.dll
0x00007ffcb54e0000 - 0x00007ffcb5507000 	C:\Windows\System32\bcrypt.dll
0x00007ffcaabb0000 - 0x00007ffcaabba000 	C:\Users\User\.jdks\openjdk-23\bin\management.dll
0x00007ffcaa640000 - 0x00007ffcaa64b000 	C:\Users\User\.jdks\openjdk-23\bin\management_ext.dll
0x00007ffcb7600000 - 0x00007ffcb7608000 	C:\Windows\System32\PSAPI.DLL
0x00007ffcb45a0000 - 0x00007ffcb45b8000 	C:\Windows\SYSTEM32\CRYPTSP.dll
0x00007ffcb3cd0000 - 0x00007ffcb3d04000 	C:\Windows\system32\rsaenh.dll
0x00007ffcb4c40000 - 0x00007ffcb4c6e000 	C:\Windows\SYSTEM32\USERENV.dll
0x00007ffcb45c0000 - 0x00007ffcb45cc000 	C:\Windows\SYSTEM32\CRYPTBASE.dll
0x00007ffc90870000 - 0x00007ffc90887000 	C:\Windows\system32\napinsp.dll
0x00007ffc90850000 - 0x00007ffc9086b000 	C:\Windows\system32\pnrpnsp.dll
0x00007ffcabc30000 - 0x00007ffcabc45000 	C:\Windows\system32\wshbth.dll
0x00007ffcacbb0000 - 0x00007ffcacbcd000 	C:\Windows\system32\NLAapi.dll
0x00007ffc90830000 - 0x00007ffc90842000 	C:\Windows\System32\winrnr.dll
0x00007ffcaa630000 - 0x00007ffcaa63e000 	C:\Users\User\.jdks\openjdk-23\bin\sunmscapi.dll
0x00007ffcb4e20000 - 0x00007ffcb4f76000 	C:\Windows\System32\CRYPT32.dll
0x00007ffcb46c0000 - 0x00007ffcb46e7000 	C:\Windows\SYSTEM32\ncrypt.dll
0x00007ffcb4680000 - 0x00007ffcb46bb000 	C:\Windows\SYSTEM32\NTASN1.dll

dbghelp: loaded successfully - version: 4.0.5 - missing functions: none
symbol engine: initialized successfully - sym options: 0x614 - pdb path: .;C:\Users\User\.jdks\openjdk-23\bin;C:\Windows\SYSTEM32;C:\Windows\WinSxS\amd64_microsoft.windows.common-controls_6595b64144ccf1df_6.0.19041.1110_none_60b5254171f9507e;C:\Program Files (x86)\360\Total Security\safemon;C:\Users\User\.jdks\openjdk-23\bin\server

VM Arguments:
jvm_args: -ea -Didea.test.cyclic.buffer.size=1048576 -javaagent:C:\Program Files\JetBrains\IntelliJ IDEA 2024.3.4.1\lib\idea_rt.jar=54088 -javaagent:C:\Users\User\AppData\Local\JetBrains\IntelliJIdea2024.3\captureAgent\debugger-agent.jar -Dkotlinx.coroutines.debug.enable.creation.stack.trace=false -Ddebugger.agent.enable.coroutines=true -Dkotlinx.coroutines.debug.enable.flows.stack.trace=true -Dkotlinx.coroutines.debug.enable.mutable.state.flows.stack.trace=true -Dfile.encoding=UTF-8 -Dsun.stdout.encoding=UTF-8 -Dsun.stderr.encoding=UTF-8 
java_command: com.intellij.rt.junit.JUnitStarter -ideVersion5 -junit4 UserServiceTest
java_class_path (initial): C:\Program Files\JetBrains\IntelliJ IDEA 2024.3.4.1\lib\idea_rt.jar;C:\Program Files\JetBrains\IntelliJ IDEA 2024.3.4.1\plugins\junit\lib\junit5-rt.jar;C:\Program Files\JetBrains\IntelliJ IDEA 2024.3.4.1\plugins\junit\lib\junit-rt.jar;D:\Pre-project\ 1.1.4\target\test-classes;D:\Pre-project\ 1.1.4\target\classes;C:\Users\User\.m2\repository\junit\junit\4.13.2\junit-4.13.2.jar;C:\Users\User\.m2\repository\org\hamcrest\hamcrest-core\1.3\hamcrest-core-1.3.jar;C:\Users\User\.m2\repository\mysql\mysql-connector-java\8.0.25\mysql-connector-java-8.0.25.jar;C:\Users\User\.m2\repository\com\google\protobuf\protobuf-java\3.11.4\protobuf-java-3.11.4.jar;C:\Users\User\.m2\repository\org\hibernate\javax\persistence\hibernate-jpa-2.1-api\1.0.2.Final\hibernate-jpa-2.1-api-1.0.2.Final.jar;C:\Users\User\.m2\repository\org\hibernate\hibernate-core\5.6.3.Final\hibernate-core-5.6.3.Final.jar;C:\Users\User\.m2\repository\org\jboss\logging\jboss-logging\3.4.2.Final\jboss-logging-3.4.2.Final.jar;C:\Users\User\.m2\repository\javax\persistence\javax.persistence-api\2.2\javax.persistence-api-2.2.jar;C:\Users\User\.m2\repository\net\bytebuddy\byte-buddy\1.11.20\byte-buddy-1.11.20.jar;C:\Users\User\.m2\repository\antlr\antlr\2.7.7\antlr-2.7.7.jar;C:\Users\User\.m2\repository\org\jboss\spec\javax\transaction\jboss-transaction-api_1.2_spec\1.1.1.Final\jboss-transaction-api_1.2_spec-1.1.1.Final.jar;C:\Users\User\.m2\repository\org\jboss\jandex\2.2.3.Final\jandex-2.2.3.Final.jar;C:\Users\User\.m2\repository\com\fasterxml\classmate\1.5.1\classmate-1.5.1.jar;C:\Users\User\.m2\repository\javax\activation\javax.activation-api\1.2.0\javax.activation-api-1.2.0.jar;C:\Users\User\.m2\repository\org\hibernate\common\hibernate-commons-annotations\5.1.2.Final\hibernate-commons-annotations-5.1.2.Final.jar;C:\Users\User\.m2\repository\javax\xml\bind\jaxb-api\2.3.1\jaxb-api-2.3.1.jar;C:\Users\User\.m2\repository\org\glassfish\jaxb\jaxb-runtime\2.3.1\jaxb-runtime-2.3.1.jar;C:\Users\User\.m2\repository\org\glassfish\jaxb\txw2\2.3.1\txw2-2.3.1.jar;C:\Users\User\.m2\repository\com\sun\istack\istack-commons-runtime\3.0.7\istack-commons-runtime-3.0.7.jar;C:\Users\User\.m2\repository\org\jvnet\staxex\stax-ex\1.8\stax-ex-1.8.jar;C:\Users\User\.m2\repository\com\sun\xml\fastinfoset\FastInfoset\1.2.15\FastInfoset-1.2.15.jar
Launcher Type: SUN_STANDARD

[Global flags]
     intx CICompilerCount                          = 3                                         {product} {ergonomic}
     uint ConcGCThreads                            = 1                                         {product} {ergonomic}
     uint G1ConcRefinementThreads                  = 4                                         {product} {ergonomic}
   size_t G1HeapRegionSize                         = 1048576                                   {product} {ergonomic}
   size_t InitialHeapSize                          = 130023424                                 {product} {ergonomic}
   size_t MarkStackSize                            = 4194304                                   {product} {ergonomic}
   size_t MarkStackSizeMax                         = 536870912                                 {product} {ergonomic}
   size_t MaxHeapSize                              = 2080374784                                {product} {ergonomic}
   size_t MaxNewSize                               = 1247805440                                {product} {ergonomic}
   size_t MinHeapDeltaBytes                        = 1048576                                   {product} {ergonomic}
   size_t MinHeapSize                              = 8388608                                   {product} {ergonomic}
    uintx NonNMethodCodeHeapSize                   = 5832704                                {pd product} {ergonomic}
    uintx NonProfiledCodeHeapSize                  = 122945536                              {pd product} {ergonomic}
    uintx ProfiledCodeHeapSize                     = 122880000                              {pd product} {ergonomic}
    uintx ReservedCodeCacheSize                    = 251658240                              {pd product} {ergonomic}
     bool SegmentedCodeCache                       = true                                      {product} {ergonomic}
   size_t SoftMaxHeapSize                          = 2080374784                             {manageable} {ergonomic}
     bool UseCompressedOops                        = true                           {product lp64_product} {ergonomic}
     bool UseG1GC                                  = true                                      {product} {ergonomic}
     bool UseLargePagesIndividualAllocation        = false                                  {pd product} {ergonomic}

Logging:
Log output configuration:
 #0: stdout all=warning uptime,level,tags foldmultilines=false
 #1: stderr all=off uptime,level,tags foldmultilines=false

Environment Variables:
JAVA_HOME=C:\JAVA\jdk-23.0.1
PATH=C:\Program Files (x86)\Common Files\Intel\Shared Files\cpp\bin\Intel64;C:\Windows\system32;C:\Windows;C:\Windows\System32\Wbem;C:\Windows\System32\WindowsPowerShell\v1.0\;C:\Windows\System32\OpenSSH\;C:\Program Files\WireGuard\;C:\Users\User\Desktop\matlabfolder\runtime\win64;C:\Users\User\Desktop\matlabfolder\bin;C:\JAVA\jdk-23.0.1\bin;C:\Program Files\dotnet\;C:\Program Files\Git\cmd;C:\JAVA\apache-maven-3.9.9\bin;C:\Users\User\AppData\Local\Microsoft\WindowsApps;C:\JAVA\jdk-23.0.1\bin;;C:\Program Files\JetBrains\IntelliJ IDEA Community Edition 2024.3\bin;;C:\Users\User\.dotnet\tools
USERNAME=User
OS=Windows_NT
PROCESSOR_IDENTIFIER=Intel64 Family 6 Model 126 Stepping 5, GenuineIntel
TMP=C:\Users\User\AppData\Local\Temp
TEMP=C:\Users\User\AppData\Local\Temp




Periodic native trim disabled

---------------  S Y S T E M  ---------------

OS:
 Windows 10 , 64 bit Build 19041 (10.0.19041.2546)
OS uptime: 0 days 12:27 hours

CPU: total 4 (initial active 4) (2 cores per cpu, 2 threads per core) family 6 model 126 stepping 5 microcode 0xa0, cx8, cmov, fxsr, ht, mmx, 3dnowpref, sse, sse2, sse3, ssse3, sse4.1, sse4.2, popcnt, lzcnt, tsc, tscinvbit, avx, avx2, aes, erms, clmul, bmi1, bmi2, adx, avx512f, avx512dq, avx512cd, avx512bw, avx512vl, sha, fma, vzeroupper, avx512_vpopcntdq, avx512_vpclmulqdq, avx512_vaes, avx512_vnni, clflush, clflushopt, avx512_vbmi2, avx512_vbmi, rdtscp, rdpid, fsrm, gfni, avx512_bitalg, f16c, pku, avx512_ifma
Processor Information for the first 4 processors :
  Max Mhz: 1190, Current Mhz: 1190, Mhz Limit: 1190

Memory: 4k page, system-wide physical 7933M (961M free)
TotalPageFile size 9981M (AvailPageFile size 2M)
current process WorkingSet (physical memory assigned to process): 110M, peak: 110M
current process commit charge ("private bytes"): 244M, peak: 245M

vm_info: OpenJDK 64-Bit Server VM (23+37-2369) for windows-amd64 JRE (23+37-2369), built on 2024-08-20T16:01:23Z with MS VC++ 17.6 (VS2022)

END.
