#
# There is insufficient memory for the Java Runtime Environment to continue.
# Native memory allocation (malloc) failed to allocate 9127 bytes. Error detail: unable to allocate cached copy of original class bytes
# Possible reasons:
#   The system is out of physical RAM or swap space
#   This process is running with CompressedOops enabled, and the Java Heap may be blocking the growth of the native heap
# Possible solutions:
#   Reduce memory load on the system
#   Increase physical memory or swap space
#   Check if swap backing store is full
#   Decrease Java heap size (-Xmx/-Xms)
#   Decrease number of Java threads
#   Decrease Java thread stack sizes (-Xss)
#   Set larger code cache with -XX:ReservedCodeCacheSize=
#   JVM is running with Unscaled Compressed Oops mode in which the Java heap is
#     placed in the first 4GB address space. The Java Heap base address is the
#     maximum limit for the native heap growth. Please use -XX:HeapBaseMinAddress
#     to set the Java Heap base and to place the Java Heap above 4GB virtual address.
# This output file may be truncated or incomplete.
#
#  Out of Memory Error (jvmtiExport.cpp:1029), pid=912, tid=16692
#
# JRE version: OpenJDK Runtime Environment (23.0.2+7) (build 23.0.2+7-58)
# Java VM: OpenJDK 64-Bit Server VM (23.0.2+7-58, mixed mode, sharing, tiered, compressed oops, compressed class ptrs, g1 gc, windows-amd64)
# No core dump will be written. Minidumps are not enabled by default on client versions of Windows
#

---------------  S U M M A R Y ------------

Command Line: -agentlib:jdwp=transport=dt_socket,address=127.0.0.1:64437,suspend=y,server=n -ea -agentpath:C:\Users\User\AppData\Local\Temp\idea_libasyncProfiler_dll_temp_folder10\libasyncProfiler.dll=version,jfr,event=wall,interval=10ms,cstack=no,file=C:\Users\User\IdeaSnapshots\UserServiceTest_2025_03_20_185126.jfr,dbghelppath=C:\Users\User\AppData\Local\Temp\idea_dbghelp_dll_temp_folder2\dbghelp.dll,log=C:\Users\User\AppData\Local\Temp\UserServiceTest_2025_03_20_185126.jfr.log.txt,logLevel=DEBUG -Didea.test.cyclic.buffer.size=1048576 -javaagent:C:\Users\User\AppData\Local\JetBrains\IntelliJIdea2024.3\captureAgent\debugger-agent.jar -Dkotlinx.coroutines.debug.enable.creation.stack.trace=false -Ddebugger.agent.enable.coroutines=true -Dkotlinx.coroutines.debug.enable.flows.stack.trace=true -Dkotlinx.coroutines.debug.enable.mutable.state.flows.stack.trace=true -Dfile.encoding=UTF-8 -Dsun.stdout.encoding=UTF-8 -Dsun.stderr.encoding=UTF-8 com.intellij.rt.junit.JUnitStarter -ideVersion5 -junit4 UserServiceTest

Host: Intel(R) Core(TM) i3-1005G1 CPU @ 1.20GHz, 4 cores, 7G,  Windows 10 , 64 bit Build 19041 (10.0.19041.2546)
Time: Thu Mar 20 18:51:27 2025 RTZ 2 (s 10 , 64 bit Build 19041 (10.0.19041.2546) elapsed time: 0.528581 seconds (0d 0h 0m 0s)

---------------  T H R E A D  ---------------

Current thread (0x000002261f4ce060):  JavaThread "main"             [_thread_in_native, id=16692, stack(0x00000090a4500000,0x00000090a4600000) (1024K)]

Stack: [0x00000090a4500000,0x00000090a4600000]
Native frames: (J=compiled Java code, j=interpreted, Vv=VM code, C=native code)
V  [jvm.dll+0x6e0b99]  (no source info available)
V  [jvm.dll+0x87e2b3]  (no source info available)
V  [jvm.dll+0x88073e]  (no source info available)
V  [jvm.dll+0x880e13]  (no source info available)
V  [jvm.dll+0x27b006]  (no source info available)
V  [jvm.dll+0x5a1534]  (no source info available)
V  [jvm.dll+0x598a62]  (no source info available)
V  [jvm.dll+0x598b68]  (no source info available)
V  [jvm.dll+0x5be8a0]  (no source info available)
V  [jvm.dll+0x219c3b]  (no source info available)
V  [jvm.dll+0x7f3670]  (no source info available)
V  [jvm.dll+0x7f4716]  (no source info available)
V  [jvm.dll+0x7f4d24]  (no source info available)
V  [jvm.dll+0x7f49a8]  (no source info available)
V  [jvm.dll+0x761836]  (no source info available)
V  [jvm.dll+0x7f1ddd]  (no source info available)
V  [jvm.dll+0x69cdd5]  (no source info available)
V  [jvm.dll+0x7f3292]  (no source info available)
V  [jvm.dll+0x26a516]  (no source info available)
V  [jvm.dll+0x266dc1]  (no source info available)
V  [jvm.dll+0x140a2d]  (no source info available)
V  [jvm.dll+0x140d64]  (no source info available)
V  [jvm.dll+0x7f2962]  (no source info available)
V  [jvm.dll+0x5e5466]  (no source info available)
V  [jvm.dll+0x5e52fb]  (no source info available)
V  [jvm.dll+0x3d5614]  (no source info available)
C  0x000002262f8969bb  (no source info available)

The last pc belongs to invokedynamic (printed below).
Java frames: (J=compiled Java code, j=interpreted, Vv=VM code)
j  java.lang.runtime.SwitchBootstraps.generateTypeSwitch(Ljava/lang/invoke/MethodHandles$Lookup;Ljava/lang/Class;[Ljava/lang/Object;)Ljava/lang/invoke/MethodHandle;+35 java.base@23.0.2
j  java.lang.runtime.SwitchBootstraps.typeSwitch(Ljava/lang/invoke/MethodHandles$Lookup;Ljava/lang/String;Ljava/lang/invoke/MethodType;[Ljava/lang/Object;)Ljava/lang/invoke/CallSite;+111 java.base@23.0.2
j  java.lang.invoke.DirectMethodHandle$Holder.invokeStaticInit(Ljava/lang/Object;Ljava/lang/Object;Ljava/lang/Object;Ljava/lang/Object;Ljava/lang/Object;)Ljava/lang/Object;+16 java.base@23.0.2
j  java.lang.invoke.DelegatingMethodHandle$Holder.delegate(Ljava/lang/Object;Ljava/lang/Object;Ljava/lang/Object;Ljava/lang/Object;Ljava/lang/Object;)Ljava/lang/Object;+19 java.base@23.0.2
j  java.lang.invoke.Invokers$Holder.invokeExact_MT(Ljava/lang/Object;Ljava/lang/Object;Ljava/lang/Object;Ljava/lang/Object;Ljava/lang/Object;Ljava/lang/Object;)Ljava/lang/Object;+24 java.base@23.0.2
j  java.lang.invoke.BootstrapMethodInvoker.invoke(Ljava/lang/Class;Ljava/lang/invoke/MethodHandle;Ljava/lang/String;Ljava/lang/Object;Ljava/lang/Object;Ljava/lang/Class;)Ljava/lang/Object;+462 java.base@23.0.2
j  java.lang.invoke.CallSite.makeSite(Ljava/lang/invoke/MethodHandle;Ljava/lang/String;Ljava/lang/invoke/MethodType;Ljava/lang/Object;Ljava/lang/Class;)Ljava/lang/invoke/CallSite;+8 java.base@23.0.2
j  java.lang.invoke.MethodHandleNatives.linkCallSiteImpl(Ljava/lang/Class;Ljava/lang/invoke/MethodHandle;Ljava/lang/String;Ljava/lang/invoke/MethodType;Ljava/lang/Object;[Ljava/lang/Object;)Ljava/lang/invoke/MemberName;+6 java.base@23.0.2
j  java.lang.invoke.MethodHandleNatives.linkCallSite(Ljava/lang/Object;Ljava/lang/Object;Ljava/lang/Object;Ljava/lang/Object;Ljava/lang/Object;[Ljava/lang/Object;)Ljava/lang/invoke/MemberName;+45 java.base@23.0.2
v  ~StubRoutines::call_stub 0x000002262f870fcd
j  jdk.internal.classfile.impl.ClassFileImpl.withOptions([Ljava/lang/classfile/ClassFile$Option;)Ljdk/internal/classfile/impl/ClassFileImpl;+99 java.base@23.0.2
j  jdk.internal.classfile.impl.ClassFileImpl.withOptions([Ljava/lang/classfile/ClassFile$Option;)Ljava/lang/classfile/ClassFile;+2 java.base@23.0.2
j  java.lang.classfile.ClassFile.of([Ljava/lang/classfile/ClassFile$Option;)Ljava/lang/classfile/ClassFile;+4 java.base@23.0.2
j  java.lang.reflect.ProxyGenerator.<clinit>()V+26 java.base@23.0.2
v  ~StubRoutines::call_stub 0x000002262f870fcd
j  java.lang.reflect.Proxy$ProxyBuilder.defineProxyClass(Ljava/lang/reflect/Proxy$ProxyBuilder$ProxyClassContext;Ljava/util/List;)Ljava/lang/Class;+105 java.base@23.0.2
j  java.lang.reflect.Proxy$ProxyBuilder.build()Ljava/lang/reflect/Constructor;+8 java.base@23.0.2
j  java.lang.reflect.Proxy.lambda$getProxyConstructor$0(Ljava/lang/ClassLoader;Ljdk/internal/loader/AbstractClassLoaderValue$Sub;)Ljava/lang/reflect/Constructor;+15 java.base@23.0.2
j  java.lang.reflect.Proxy$$Lambda+0x000002263e06f4f0.apply(Ljava/lang/Object;Ljava/lang/Object;)Ljava/lang/Object;+8 java.base@23.0.2
j  jdk.internal.loader.AbstractClassLoaderValue$Memoizer.get()Ljava/lang/Object;+75 java.base@23.0.2
j  jdk.internal.loader.AbstractClassLoaderValue.computeIfAbsent(Ljava/lang/ClassLoader;Ljava/util/function/BiFunction;)Ljava/lang/Object;+63 java.base@23.0.2
j  java.lang.reflect.Proxy.getProxyConstructor(Ljava/lang/Class;Ljava/lang/ClassLoader;[Ljava/lang/Class;)Ljava/lang/reflect/Constructor;+40 java.base@23.0.2
j  java.lang.reflect.Proxy.newProxyInstance(Ljava/lang/ClassLoader;[Ljava/lang/Class;Ljava/lang/reflect/InvocationHandler;)Ljava/lang/Object;+22 java.base@23.0.2
j  sun.reflect.annotation.AnnotationParser$1.run()Ljava/lang/annotation/Annotation;+33 java.base@23.0.2
j  sun.reflect.annotation.AnnotationParser$1.run()Ljava/lang/Object;+1 java.base@23.0.2
j  java.security.AccessController.executePrivileged(Ljava/security/PrivilegedAction;Ljava/security/AccessControlContext;Ljava/lang/Class;)Ljava/lang/Object;+29 java.base@23.0.2
j  java.security.AccessController.doPrivileged(Ljava/security/PrivilegedAction;)Ljava/lang/Object;+5 java.base@23.0.2
j  sun.reflect.annotation.AnnotationParser.annotationForMap(Ljava/lang/Class;Ljava/util/Map;)Ljava/lang/annotation/Annotation;+9 java.base@23.0.2
j  sun.reflect.annotation.AnnotationParser.parseAnnotation2(Ljava/nio/ByteBuffer;Ljdk/internal/reflect/ConstantPool;Ljava/lang/Class;Z[Ljava/lang/Class;)Ljava/lang/annotation/Annotation;+271 java.base@23.0.2
j  sun.reflect.annotation.AnnotationParser.parseAnnotations2([BLjdk/internal/reflect/ConstantPool;Ljava/lang/Class;[Ljava/lang/Class;)Ljava/util/Map;+41 java.base@23.0.2
j  sun.reflect.annotation.AnnotationParser.parseSelectAnnotations([BLjdk/internal/reflect/ConstantPool;Ljava/lang/Class;[Ljava/lang/Class;)Ljava/util/Map;+12 java.base@23.0.2
j  sun.reflect.annotation.AnnotationType.<init>(Ljava/lang/Class;)V+291 java.base@23.0.2
j  sun.reflect.annotation.AnnotationType.getInstance(Ljava/lang/Class;)Lsun/reflect/annotation/AnnotationType;+21 java.base@23.0.2
j  sun.reflect.annotation.AnnotationParser.parseAnnotation2(Ljava/nio/ByteBuffer;Ljdk/internal/reflect/ConstantPool;Ljava/lang/Class;Z[Ljava/lang/Class;)Ljava/lang/annotation/Annotation;+103 java.base@23.0.2
j  sun.reflect.annotation.AnnotationParser.parseAnnotations2([BLjdk/internal/reflect/ConstantPool;Ljava/lang/Class;[Ljava/lang/Class;)Ljava/util/Map;+41 java.base@23.0.2
j  sun.reflect.annotation.AnnotationParser.parseAnnotations([BLjdk/internal/reflect/ConstantPool;Ljava/lang/Class;)Ljava/util/Map;+12 java.base@23.0.2
j  java.lang.reflect.Executable.declaredAnnotations()Ljava/util/Map;+62 java.base@23.0.2
j  java.lang.reflect.Executable.declaredAnnotations()Ljava/util/Map;+35 java.base@23.0.2
j  java.lang.reflect.Executable.getDeclaredAnnotations()[Ljava/lang/annotation/Annotation;+1 java.base@23.0.2
j  java.lang.reflect.Method.getDeclaredAnnotations()[Ljava/lang/annotation/Annotation;+1 java.base@23.0.2
j  java.lang.reflect.AccessibleObject.getAnnotations()[Ljava/lang/annotation/Annotation;+1 java.base@23.0.2
j  org.junit.runners.model.FrameworkMethod.getAnnotations()[Ljava/lang/annotation/Annotation;+4
j  org.junit.runners.model.TestClass.addToAnnotationLists(Lorg/junit/runners/model/FrameworkMember;Ljava/util/Map;)V+1
j  org.junit.runners.model.TestClass.scanAnnotatedMembers(Ljava/util/Map;Ljava/util/Map;)V+72
j  org.junit.runners.model.TestClass.<init>(Ljava/lang/Class;)V+51
j  org.junit.runners.JUnit4.<init>(Ljava/lang/Class;)V+6
j  org.junit.internal.builders.JUnit4Builder.runnerForClass(Ljava/lang/Class;)Lorg/junit/runner/Runner;+5
j  org.junit.runners.model.RunnerBuilder.safeRunnerForClass(Ljava/lang/Class;)Lorg/junit/runner/Runner;+2
j  org.junit.internal.builders.AllDefaultPossibilitiesBuilder.runnerForClass(Ljava/lang/Class;)Lorg/junit/runner/Runner;+73
j  org.junit.runners.model.RunnerBuilder.safeRunnerForClass(Ljava/lang/Class;)Lorg/junit/runner/Runner;+2
j  org.junit.internal.requests.ClassRequest.createRunner()Lorg/junit/runner/Runner;+13
j  org.junit.internal.requests.MemoizingRequest.getRunner()Lorg/junit/runner/Runner;+25
j  com.intellij.junit4.JUnit4IdeaTestRunner.startRunnerWithArgs([Ljava/lang/String;Ljava/lang/String;IZ)I+19
j  com.intellij.rt.junit.IdeaTestRunner$Repeater$1.execute(Z)I+17
j  com.intellij.rt.execution.junit.TestsRepeater.repeat(IZLcom/intellij/rt/execution/junit/TestsRepeater$TestRun;)I+7
j  com.intellij.rt.junit.IdeaTestRunner$Repeater.startRunnerWithArgs(Lcom/intellij/rt/junit/IdeaTestRunner;[Ljava/lang/String;Ljava/util/ArrayList;Ljava/lang/String;IZ)I+25
j  com.intellij.rt.junit.JUnitStarter.prepareStreamsAndStart([Ljava/lang/String;Ljava/lang/String;Ljava/util/ArrayList;Ljava/lang/String;)I+117
j  com.intellij.rt.junit.JUnitStarter.main([Ljava/lang/String;)V+97
v  ~StubRoutines::call_stub 0x000002262f870fcd
Lock stack of current Java thread (top to bottom):
LockStack[2]: jdk.internal.loader.AbstractClassLoaderValue$Memoizer 
{0x000000008b653b38} - klass: 'jdk/internal/loader/AbstractClassLoaderValue$Memoizer'
 - ---- fields (total size 5 words):
 - private 'inCall' 'Z' @12  true (0x01)
 - private final 'cl' 'Ljava/lang/ClassLoader;' @16  null (0x00000000)
 - private final 'clv' 'Ljdk/internal/loader/AbstractClassLoaderValue;' @20  a 'jdk/internal/loader/AbstractClassLoaderValue$Sub'{0x000000008b650c28} (0x8b650c28)
 - private final 'mappingFunction' 'Ljava/util/function/BiFunction;' @24  a 'java/lang/reflect/Proxy$$Lambda+0x000002263e06f4f0'{0x000000008b653920} (0x8b653920)
 - private volatile 'v' 'Ljava/lang/Object;' @28  null (0x00000000)
 - private volatile 't' 'Ljava/lang/Throwable;' @32  null (0x00000000)
LockStack[1]: java.lang.reflect.Method 
{0x000000008b62c1c8} - klass: 'java/lang/reflect/Method'
 - ---- fields (total size 11 words):
 - 'override' 'Z' @12  false (0x00)
 - volatile 'accessCheckCache' 'Ljava/lang/Object;' @16  null (0x00000000)
 - private transient 'parameterData' 'Ljava/lang/reflect/Executable$ParameterData;' @20  null (0x00000000)
 - private volatile transient 'declaredAnnotations' 'Ljava/util/Map;' @24  null (0x00000000)
 - private 'callerSensitive' 'B' @13  0 (0x00)
 - private final 'slot' 'I' @28  0 (0x00000000)
 - private final 'modifiers' 'I' @32  1 (0x00000001)
 - private final 'clazz' 'Ljava/lang/Class;' @36  a 'java/lang/Class'{0x000000008b73e828} = 'UserServiceTest' (0x8b73e828)
 - private final 'name' 'Ljava/lang/String;' @40  "saveUser"{0x000000008b7ab2e0} (0x8b7ab2e0)
 - private final 'returnType' 'Ljava/lang/Class;' @44  a 'java/lang/Class'{0x000000008bb005c8} = void (0x8bb005c8)
 - private final 'parameterTypes' '[Ljava/lang/Class;' @48  a 'java/lang/Class'[0] {0x000000008bb08e00} (0x8bb08e00)
 - private final 'exceptionTypes' '[Ljava/lang/Class;' @52  a 'java/lang/Class'[0] {0x000000008bb08e00} (0x8bb08e00)
 - private final transient 'signature' 'Ljava/lang/String;' @56  null (0x00000000)
 - private volatile transient 'genericInfo' 'Lsun/reflect/generics/repository/MethodRepository;' @60  null (0x00000000)
 - private final 'annotations' '[B' @64  [B{0x000000008b62c220} (0x8b62c220)
 - private final 'parameterAnnotations' '[B' @68  null (0x00000000)
 - private final 'annotationDefault' '[B' @72  null (0x00000000)
 - private 'methodAccessor' 'Ljdk/internal/reflect/MethodAccessor;' @76  null (0x00000000)
 - private 'root' 'Ljava/lang/reflect/Method;' @80  null (0x00000000)
LockStack[0]: java.lang.reflect.Method 
{0x000000008b62c490} - klass: 'java/lang/reflect/Method'
 - ---- fields (total size 11 words):
 - 'override' 'Z' @12  true (0x01)
 - volatile 'accessCheckCache' 'Ljava/lang/Object;' @16  null (0x00000000)
 - private transient 'parameterData' 'Ljava/lang/reflect/Executable$ParameterData;' @20  null (0x00000000)
 - private volatile transient 'declaredAnnotations' 'Ljava/util/Map;' @24  null (0x00000000)
 - private 'callerSensitive' 'B' @13  0 (0x00)
 - private final 'slot' 'I' @28  0 (0x00000000)
 - private final 'modifiers' 'I' @32  1 (0x00000001)
 - private final 'clazz' 'Ljava/lang/Class;' @36  a 'java/lang/Class'{0x000000008b73e828} = 'UserServiceTest' (0x8b73e828)
 - private final 'name' 'Ljava/lang/String;' @40  "saveUser"{0x000000008b7ab2e0} (0x8b7ab2e0)
 - private final 'returnType' 'Ljava/lang/Class;' @44  a 'java/lang/Class'{0x000000008bb005c8} = void (0x8bb005c8)
 - private final 'parameterTypes' '[Ljava/lang/Class;' @48  a 'java/lang/Class'[0] {0x000000008bb08e00} (0x8bb08e00)
 - private final 'exceptionTypes' '[Ljava/lang/Class;' @52  a 'java/lang/Class'[0] {0x000000008bb08e00} (0x8bb08e00)
 - private final transient 'signature' 'Ljava/lang/String;' @56  null (0x00000000)
 - private volatile transient 'genericInfo' 'Lsun/reflect/generics/repository/MethodRepository;' @60  null (0x00000000)
 - private final 'annotations' '[B' @64  [B{0x000000008b62c220} (0x8b62c220)
 - private final 'parameterAnnotations' '[B' @68  null (0x00000000)
 - private final 'annotationDefault' '[B' @72  null (0x00000000)
 - private 'methodAccessor' 'Ljdk/internal/reflect/MethodAccessor;' @76  null (0x00000000)
 - private 'root' 'Ljava/lang/reflect/Method;' @80  a 'java/lang/reflect/Method'{0x000000008b62c1c8} (0x8b62c1c8)

invokedynamic  186 invokedynamic  [0x000002262f896920, 0x000002262f896cb0]  912 bytes
[MachCode]
  0x000002262f896920: 4883 ec08 | c5fa 1104 | 24eb 1f48 | 83ec 10c5 | fb11 0424 | eb14 4883 | ec10 4889 | 0424 48c7 
  0x000002262f896940: 4424 0800 | 0000 00eb | 0150 4c89 | 6dc0 418b | 5501 488b | 4dd0 488b | 4920 c1e2 | 0448 8d4c 
  0x000002262f896960: 1108 488b | 1948 85db | 0f85 7601 | 0000 bbba | 0000 00e8 | 0500 0000 | e950 0100 | 0048 8bd3 
  0x000002262f896980: 488d 4424 | 084c 896d | c049 8bcf | c5f8 7749 | 89af b003 | 0000 4989 | 87a0 0300 | 0048 83ec 
  0x000002262f8969a0: 2040 f6c4 | 0f0f 8419 | 0000 0048 | 83ec 0848 | b850 5394 | c8fb 7f00 | 00ff d048 | 83c4 08e9 
  0x000002262f8969c0: 0c00 0000 | 48b8 5053 | 94c8 fb7f | 0000 ffd0 | 4883 c420 | 49c7 87a0 | 0300 0000 | 0000 0049 
  0x000002262f8969e0: c787 b003 | 0000 0000 | 0000 49c7 | 87a8 0300 | 0000 0000 | 00c5 f877 | 418b 8f2c | 0500 00f6 
  0x000002262f896a00: c101 0f84 | 4200 0000 | f6c1 020f | 8539 0000 | 0048 83ec | 2040 f6c4 | 0f0f 8419 | 0000 0048 
  0x000002262f896a20: 83ec 0848 | b800 fe93 | c8fb 7f00 | 00ff d048 | 83c4 08e9 | 0c00 0000 | 48b8 00fe | 93c8 fb7f 
  0x000002262f896a40: 0000 ffd0 | 4883 c420 | ffe0 498b | 8fd8 0500 | 0048 85c9 | 0f84 5500 | 0000 8b89 | 9c00 0000 
  0x000002262f896a60: 83f9 010f | 8546 0000 | 0049 8b8f | d805 0000 | 8b89 a000 | 0000 4883 | ec20 40f6 | c40f 0f84 
  0x000002262f896a80: 1900 0000 | 4883 ec08 | 48b8 f0fd | 93c8 fb7f | 0000 ffd0 | 4883 c408 | e90c 0000 | 0048 b8f0 
  0x000002262f896aa0: fd93 c8fb | 7f00 00ff | d048 83c4 | 20ff e049 | 837f 0800 | 0f84 0500 | 0000 e901 | a4fd ff4c 
  0x000002262f896ac0: 8b6d c04c | 8b75 c84e | 8d74 f500 | c341 8b55 | 0148 8b4d | d048 8b49 | 20c1 e204 | 488d 4c11 
  0x000002262f896ae0: 0848 8b19 | 0fb6 510f | f6c2 020f | 8420 0000 | 000f b751 | 0848 8b45 | e848 8b40 | 0848 8b40 
  0x000002262f896b00: 0848 8b40 | 1048 8b40 | 0848 8b00 | 8b44 9010 | 500f b651 | 0e49 ba80 | 451f c9fb | 7f00 0049 
  0x000002262f896b20: 8b14 d252 | 4c8b 6dd8 | 4d85 ed0f | 8412 0000 | 0049 8345 | 0801 4983 | 5d08 0049 | 83c5 104c 
  0x000002262f896b40: 896d d848 | 8b55 d848 | 85d2 0f84 | 3d01 0000 | 807a f00a | 0f85 3301 | 0000 4883 | c208 4c8b 
  0x000002262f896b60: 6af8 4183 | ed00 4183 | fd02 0f8c | 1201 0000 | 4c8b 6b08 | 450f b76d | 2e4c 2b2a | 4183 ed01 
  0x000002262f896b80: 4e8b 6cec | 084d 85ed | 750e f642 | 0801 7558 | f048 834a | 0801 eb50 | 458b 6d08 | 49ba 0000 
  0x000002262f896ba0: 003d 2602 | 0000 4d03 | ea4d 8bd5 | 4c33 6a08 | 49f7 c5fc | ffff ff74 | 2f41 f6c5 | 0275 2948 
  0x000002262f896bc0: 837a 0800 | 741e 4883 | 7a08 0174 | 174d 8bea | 4c33 6a08 | 49f7 c5fc | ffff ff74 | 0b48 834a 
  0x000002262f896be0: 0802 eb04 | 4c89 6a08 | 4883 c210 | 4c8b 6ae8 | 4183 ed02 | 4183 fd02 | 0f8c 8400 | 0000 4c8b 
  0x000002262f896c00: 6b08 450f | b76d 2e4c | 2b2a 4183 | ed01 4e8b | 6cec 084d | 85ed 750e | f642 0801 | 7558 f048 
  0x000002262f896c20: 834a 0801 | eb50 458b | 6d08 49ba | 0000 003d | 2602 0000 | 4d03 ea4d | 8bd5 4c33 | 6a08 49f7 
  0x000002262f896c40: c5fc ffff | ff74 2f41 | f6c5 0275 | 2948 837a | 0800 741e | 4883 7a08 | 0174 174d | 8bea 4c33 
  0x000002262f896c60: 6a08 49f7 | c5fc ffff | ff74 0b48 | 834a 0802 | eb04 4c89 | 6a08 4883 | c210 4c8b | 6ad8 4183 
  0x000002262f896c80: ed04 41c1 | e503 4903 | d548 8955 | d84c 8d6c | 2408 498b | cd48 2bcd | 48c1 f903 | 4889 4df0 
  0x000002262f896ca0: 4180 bfe0 | 0500 0000 | 7403 ff63 | 38ff 6350 
[/MachCode]

---------------  P R O C E S S  ---------------

Threads class SMR info:
_java_thread_list=0x000002263c6d8d50, length=14, elements={
0x000002261f4ce060, 0x000002263c38b3c0, 0x000002263c38c0e0, 0x000002263c38ce00,
0x000002263c391290, 0x000002263c3b1f80, 0x000002263c3b29e0, 0x000002263c3b5780,
0x000002263c3bd3a0, 0x000002263c35c940, 0x000002263c6a04e0, 0x000002263c68bbb0,
0x000002263c6ad9a0, 0x000002263c79dd40
}

Java Threads: ( => current thread )
=>0x000002261f4ce060 JavaThread "main"                              [_thread_in_native, id=16692, stack(0x00000090a4500000,0x00000090a4600000) (1024K)]
  0x000002263c38b3c0 JavaThread "Reference Handler"          daemon [_thread_blocked, id=6800, stack(0x00000090a4d00000,0x00000090a4e00000) (1024K)]
  0x000002263c38c0e0 JavaThread "Finalizer"                  daemon [_thread_blocked, id=10924, stack(0x00000090a4e00000,0x00000090a4f00000) (1024K)]
  0x000002263c38ce00 JavaThread "Signal Dispatcher"          daemon [_thread_blocked, id=10932, stack(0x00000090a4f00000,0x00000090a5000000) (1024K)]
  0x000002263c391290 JavaThread "Attach Listener"            daemon [_thread_blocked, id=10020, stack(0x00000090a5000000,0x00000090a5100000) (1024K)]
  0x000002263c3b1f80 JavaThread "Service Thread"             daemon [_thread_blocked, id=1808, stack(0x00000090a5100000,0x00000090a5200000) (1024K)]
  0x000002263c3b29e0 JavaThread "Monitor Deflation Thread"   daemon [_thread_blocked, id=14236, stack(0x00000090a5200000,0x00000090a5300000) (1024K)]
  0x000002263c3b5780 JavaThread "C2 CompilerThread0"         daemon [_thread_blocked, id=6552, stack(0x00000090a5300000,0x00000090a5400000) (1024K)]
  0x000002263c3bd3a0 JavaThread "C1 CompilerThread0"         daemon [_thread_blocked, id=13072, stack(0x00000090a5400000,0x00000090a5500000) (1024K)]
  0x000002263c35c940 JavaThread "Common-Cleaner"             daemon [_thread_blocked, id=14368, stack(0x00000090a5500000,0x00000090a5600000) (1024K)]
  0x000002263c6a04e0 JavaThread "JDWP Transport Listener: dt_socket" daemon [_thread_blocked, id=14536, stack(0x00000090a5600000,0x00000090a5700000) (1024K)]
  0x000002263c68bbb0 JavaThread "JDWP Event Helper Thread"   daemon [_thread_blocked, id=816, stack(0x00000090a5700000,0x00000090a5800000) (1024K)]
  0x000002263c6ad9a0 JavaThread "JDWP Command Reader"        daemon [_thread_in_native, id=16936, stack(0x00000090a5800000,0x00000090a5900000) (1024K)]
  0x000002263c79dd40 JavaThread "Notification Thread"        daemon [_thread_blocked, id=9272, stack(0x00000090a5900000,0x00000090a5a00000) (1024K)]
Total: 14

Other Threads:
  0x000002263c36ece0 VMThread "VM Thread"                           [id=15556, stack(0x00000090a4c00000,0x00000090a4d00000) (1024K)]
  0x000002263c35b990 WatcherThread "VM Periodic Task Thread"        [id=11608, stack(0x00000090a4b00000,0x00000090a4c00000) (1024K)]
  0x000002261f0004a0 WorkerThread "GC Thread#0"                     [id=9940, stack(0x00000090a4600000,0x00000090a4700000) (1024K)]
  0x000002261f014dd0 ConcurrentGCThread "G1 Main Marker"            [id=10580, stack(0x00000090a4700000,0x00000090a4800000) (1024K)]
  0x000002261f016ba0 WorkerThread "G1 Conc#0"                       [id=12712, stack(0x00000090a4800000,0x00000090a4900000) (1024K)]
  0x000002261f0d4100 ConcurrentGCThread "G1 Refine#0"               [id=14296, stack(0x00000090a4900000,0x00000090a4a00000) (1024K)]
  0x000002261f0d4b90 ConcurrentGCThread "G1 Service"                [id=13044, stack(0x00000090a4a00000,0x00000090a4b00000) (1024K)]
Total: 7

Threads with active compile tasks:
Total: 0

VM state: not at safepoint (normal execution)

VM Mutex/Monitor currently owned by a thread: None

Heap address: 0x0000000084000000, size: 1984 MB, Compressed Oops mode: 32-bit

CDS archive(s) mapped at: [0x000002263d000000-0x000002263dd70000-0x000002263dd70000), size 14090240, SharedBaseAddress: 0x000002263d000000, ArchiveRelocationMode: 1.
Compressed class space mapped at: 0x000002263e000000-0x000002267e000000, reserved size: 1073741824
Narrow klass base: 0x000002263d000000, Narrow klass shift: 0, Narrow klass range: 0x41000000

GC Precious Log:
 CardTable entry size: 512
 Card Set container configuration: InlinePtr #cards 5 size 8 Array Of Cards #cards 10 size 36 Howl #buckets 4 coarsen threshold 1843 Howl Bitmap #cards 512 size 80 coarsen threshold 460 Card regions per heap region 1 cards per card region 2048
 CPUs: 4 total, 4 available
 Memory: 7933M
 Large Page Support: Disabled
 NUMA Support: Disabled
 Compressed Oops: Enabled (32-bit)
 Heap Region Size: 1M
 Heap Min Capacity: 8M
 Heap Initial Capacity: 124M
 Heap Max Capacity: 1984M
 Pre-touch: Disabled
 Parallel Workers: 4
 Concurrent Workers: 1
 Concurrent Refinement Workers: 4
 Periodic GC: Disabled

Heap:
 garbage-first heap   total reserved 2031616K, committed 126976K, used 5120K [0x0000000084000000, 0x0000000100000000)
  region size 1024K, 6 young (6144K), 0 survivors (0K)
 Metaspace       used 2864K, committed 3072K, reserved 1114112K
  class space    used 281K, committed 384K, reserved 1048576K

Heap Regions: E=young(eden), S=young(survivor), O=old, HS=humongous(starts), HC=humongous(continues), CS=collection set, F=free, TAMS=top-at-mark-start, PB=parsable bottom
|   0|0x0000000084000000, 0x0000000084000000, 0x0000000084100000|  0%| F|  |TAMS 0x0000000084000000| PB 0x0000000084000000| Untracked |  0
|   1|0x0000000084100000, 0x0000000084100000, 0x0000000084200000|  0%| F|  |TAMS 0x0000000084100000| PB 0x0000000084100000| Untracked |  0
|   2|0x0000000084200000, 0x0000000084200000, 0x0000000084300000|  0%| F|  |TAMS 0x0000000084200000| PB 0x0000000084200000| Untracked |  0
|   3|0x0000000084300000, 0x0000000084300000, 0x0000000084400000|  0%| F|  |TAMS 0x0000000084300000| PB 0x0000000084300000| Untracked |  0
|   4|0x0000000084400000, 0x0000000084400000, 0x0000000084500000|  0%| F|  |TAMS 0x0000000084400000| PB 0x0000000084400000| Untracked |  0
|   5|0x0000000084500000, 0x0000000084500000, 0x0000000084600000|  0%| F|  |TAMS 0x0000000084500000| PB 0x0000000084500000| Untracked |  0
|   6|0x0000000084600000, 0x0000000084600000, 0x0000000084700000|  0%| F|  |TAMS 0x0000000084600000| PB 0x0000000084600000| Untracked |  0
|   7|0x0000000084700000, 0x0000000084700000, 0x0000000084800000|  0%| F|  |TAMS 0x0000000084700000| PB 0x0000000084700000| Untracked |  0
|   8|0x0000000084800000, 0x0000000084800000, 0x0000000084900000|  0%| F|  |TAMS 0x0000000084800000| PB 0x0000000084800000| Untracked |  0
|   9|0x0000000084900000, 0x0000000084900000, 0x0000000084a00000|  0%| F|  |TAMS 0x0000000084900000| PB 0x0000000084900000| Untracked |  0
|  10|0x0000000084a00000, 0x0000000084a00000, 0x0000000084b00000|  0%| F|  |TAMS 0x0000000084a00000| PB 0x0000000084a00000| Untracked |  0
|  11|0x0000000084b00000, 0x0000000084b00000, 0x0000000084c00000|  0%| F|  |TAMS 0x0000000084b00000| PB 0x0000000084b00000| Untracked |  0
|  12|0x0000000084c00000, 0x0000000084c00000, 0x0000000084d00000|  0%| F|  |TAMS 0x0000000084c00000| PB 0x0000000084c00000| Untracked |  0
|  13|0x0000000084d00000, 0x0000000084d00000, 0x0000000084e00000|  0%| F|  |TAMS 0x0000000084d00000| PB 0x0000000084d00000| Untracked |  0
|  14|0x0000000084e00000, 0x0000000084e00000, 0x0000000084f00000|  0%| F|  |TAMS 0x0000000084e00000| PB 0x0000000084e00000| Untracked |  0
|  15|0x0000000084f00000, 0x0000000084f00000, 0x0000000085000000|  0%| F|  |TAMS 0x0000000084f00000| PB 0x0000000084f00000| Untracked |  0
|  16|0x0000000085000000, 0x0000000085000000, 0x0000000085100000|  0%| F|  |TAMS 0x0000000085000000| PB 0x0000000085000000| Untracked |  0
|  17|0x0000000085100000, 0x0000000085100000, 0x0000000085200000|  0%| F|  |TAMS 0x0000000085100000| PB 0x0000000085100000| Untracked |  0
|  18|0x0000000085200000, 0x0000000085200000, 0x0000000085300000|  0%| F|  |TAMS 0x0000000085200000| PB 0x0000000085200000| Untracked |  0
|  19|0x0000000085300000, 0x0000000085300000, 0x0000000085400000|  0%| F|  |TAMS 0x0000000085300000| PB 0x0000000085300000| Untracked |  0
|  20|0x0000000085400000, 0x0000000085400000, 0x0000000085500000|  0%| F|  |TAMS 0x0000000085400000| PB 0x0000000085400000| Untracked |  0
|  21|0x0000000085500000, 0x0000000085500000, 0x0000000085600000|  0%| F|  |TAMS 0x0000000085500000| PB 0x0000000085500000| Untracked |  0
|  22|0x0000000085600000, 0x0000000085600000, 0x0000000085700000|  0%| F|  |TAMS 0x0000000085600000| PB 0x0000000085600000| Untracked |  0
|  23|0x0000000085700000, 0x0000000085700000, 0x0000000085800000|  0%| F|  |TAMS 0x0000000085700000| PB 0x0000000085700000| Untracked |  0
|  24|0x0000000085800000, 0x0000000085800000, 0x0000000085900000|  0%| F|  |TAMS 0x0000000085800000| PB 0x0000000085800000| Untracked |  0
|  25|0x0000000085900000, 0x0000000085900000, 0x0000000085a00000|  0%| F|  |TAMS 0x0000000085900000| PB 0x0000000085900000| Untracked |  0
|  26|0x0000000085a00000, 0x0000000085a00000, 0x0000000085b00000|  0%| F|  |TAMS 0x0000000085a00000| PB 0x0000000085a00000| Untracked |  0
|  27|0x0000000085b00000, 0x0000000085b00000, 0x0000000085c00000|  0%| F|  |TAMS 0x0000000085b00000| PB 0x0000000085b00000| Untracked |  0
|  28|0x0000000085c00000, 0x0000000085c00000, 0x0000000085d00000|  0%| F|  |TAMS 0x0000000085c00000| PB 0x0000000085c00000| Untracked |  0
|  29|0x0000000085d00000, 0x0000000085d00000, 0x0000000085e00000|  0%| F|  |TAMS 0x0000000085d00000| PB 0x0000000085d00000| Untracked |  0
|  30|0x0000000085e00000, 0x0000000085e00000, 0x0000000085f00000|  0%| F|  |TAMS 0x0000000085e00000| PB 0x0000000085e00000| Untracked |  0
|  31|0x0000000085f00000, 0x0000000085f00000, 0x0000000086000000|  0%| F|  |TAMS 0x0000000085f00000| PB 0x0000000085f00000| Untracked |  0
|  32|0x0000000086000000, 0x0000000086000000, 0x0000000086100000|  0%| F|  |TAMS 0x0000000086000000| PB 0x0000000086000000| Untracked |  0
|  33|0x0000000086100000, 0x0000000086100000, 0x0000000086200000|  0%| F|  |TAMS 0x0000000086100000| PB 0x0000000086100000| Untracked |  0
|  34|0x0000000086200000, 0x0000000086200000, 0x0000000086300000|  0%| F|  |TAMS 0x0000000086200000| PB 0x0000000086200000| Untracked |  0
|  35|0x0000000086300000, 0x0000000086300000, 0x0000000086400000|  0%| F|  |TAMS 0x0000000086300000| PB 0x0000000086300000| Untracked |  0
|  36|0x0000000086400000, 0x0000000086400000, 0x0000000086500000|  0%| F|  |TAMS 0x0000000086400000| PB 0x0000000086400000| Untracked |  0
|  37|0x0000000086500000, 0x0000000086500000, 0x0000000086600000|  0%| F|  |TAMS 0x0000000086500000| PB 0x0000000086500000| Untracked |  0
|  38|0x0000000086600000, 0x0000000086600000, 0x0000000086700000|  0%| F|  |TAMS 0x0000000086600000| PB 0x0000000086600000| Untracked |  0
|  39|0x0000000086700000, 0x0000000086700000, 0x0000000086800000|  0%| F|  |TAMS 0x0000000086700000| PB 0x0000000086700000| Untracked |  0
|  40|0x0000000086800000, 0x0000000086800000, 0x0000000086900000|  0%| F|  |TAMS 0x0000000086800000| PB 0x0000000086800000| Untracked |  0
|  41|0x0000000086900000, 0x0000000086900000, 0x0000000086a00000|  0%| F|  |TAMS 0x0000000086900000| PB 0x0000000086900000| Untracked |  0
|  42|0x0000000086a00000, 0x0000000086a00000, 0x0000000086b00000|  0%| F|  |TAMS 0x0000000086a00000| PB 0x0000000086a00000| Untracked |  0
|  43|0x0000000086b00000, 0x0000000086b00000, 0x0000000086c00000|  0%| F|  |TAMS 0x0000000086b00000| PB 0x0000000086b00000| Untracked |  0
|  44|0x0000000086c00000, 0x0000000086c00000, 0x0000000086d00000|  0%| F|  |TAMS 0x0000000086c00000| PB 0x0000000086c00000| Untracked |  0
|  45|0x0000000086d00000, 0x0000000086d00000, 0x0000000086e00000|  0%| F|  |TAMS 0x0000000086d00000| PB 0x0000000086d00000| Untracked |  0
|  46|0x0000000086e00000, 0x0000000086e00000, 0x0000000086f00000|  0%| F|  |TAMS 0x0000000086e00000| PB 0x0000000086e00000| Untracked |  0
|  47|0x0000000086f00000, 0x0000000086f00000, 0x0000000087000000|  0%| F|  |TAMS 0x0000000086f00000| PB 0x0000000086f00000| Untracked |  0
|  48|0x0000000087000000, 0x0000000087000000, 0x0000000087100000|  0%| F|  |TAMS 0x0000000087000000| PB 0x0000000087000000| Untracked |  0
|  49|0x0000000087100000, 0x0000000087100000, 0x0000000087200000|  0%| F|  |TAMS 0x0000000087100000| PB 0x0000000087100000| Untracked |  0
|  50|0x0000000087200000, 0x0000000087200000, 0x0000000087300000|  0%| F|  |TAMS 0x0000000087200000| PB 0x0000000087200000| Untracked |  0
|  51|0x0000000087300000, 0x0000000087300000, 0x0000000087400000|  0%| F|  |TAMS 0x0000000087300000| PB 0x0000000087300000| Untracked |  0
|  52|0x0000000087400000, 0x0000000087400000, 0x0000000087500000|  0%| F|  |TAMS 0x0000000087400000| PB 0x0000000087400000| Untracked |  0
|  53|0x0000000087500000, 0x0000000087500000, 0x0000000087600000|  0%| F|  |TAMS 0x0000000087500000| PB 0x0000000087500000| Untracked |  0
|  54|0x0000000087600000, 0x0000000087600000, 0x0000000087700000|  0%| F|  |TAMS 0x0000000087600000| PB 0x0000000087600000| Untracked |  0
|  55|0x0000000087700000, 0x0000000087700000, 0x0000000087800000|  0%| F|  |TAMS 0x0000000087700000| PB 0x0000000087700000| Untracked |  0
|  56|0x0000000087800000, 0x0000000087800000, 0x0000000087900000|  0%| F|  |TAMS 0x0000000087800000| PB 0x0000000087800000| Untracked |  0
|  57|0x0000000087900000, 0x0000000087900000, 0x0000000087a00000|  0%| F|  |TAMS 0x0000000087900000| PB 0x0000000087900000| Untracked |  0
|  58|0x0000000087a00000, 0x0000000087a00000, 0x0000000087b00000|  0%| F|  |TAMS 0x0000000087a00000| PB 0x0000000087a00000| Untracked |  0
|  59|0x0000000087b00000, 0x0000000087b00000, 0x0000000087c00000|  0%| F|  |TAMS 0x0000000087b00000| PB 0x0000000087b00000| Untracked |  0
|  60|0x0000000087c00000, 0x0000000087c00000, 0x0000000087d00000|  0%| F|  |TAMS 0x0000000087c00000| PB 0x0000000087c00000| Untracked |  0
|  61|0x0000000087d00000, 0x0000000087d00000, 0x0000000087e00000|  0%| F|  |TAMS 0x0000000087d00000| PB 0x0000000087d00000| Untracked |  0
|  62|0x0000000087e00000, 0x0000000087e00000, 0x0000000087f00000|  0%| F|  |TAMS 0x0000000087e00000| PB 0x0000000087e00000| Untracked |  0
|  63|0x0000000087f00000, 0x0000000087f00000, 0x0000000088000000|  0%| F|  |TAMS 0x0000000087f00000| PB 0x0000000087f00000| Untracked |  0
|  64|0x0000000088000000, 0x0000000088000000, 0x0000000088100000|  0%| F|  |TAMS 0x0000000088000000| PB 0x0000000088000000| Untracked |  0
|  65|0x0000000088100000, 0x0000000088100000, 0x0000000088200000|  0%| F|  |TAMS 0x0000000088100000| PB 0x0000000088100000| Untracked |  0
|  66|0x0000000088200000, 0x0000000088200000, 0x0000000088300000|  0%| F|  |TAMS 0x0000000088200000| PB 0x0000000088200000| Untracked |  0
|  67|0x0000000088300000, 0x0000000088300000, 0x0000000088400000|  0%| F|  |TAMS 0x0000000088300000| PB 0x0000000088300000| Untracked |  0
|  68|0x0000000088400000, 0x0000000088400000, 0x0000000088500000|  0%| F|  |TAMS 0x0000000088400000| PB 0x0000000088400000| Untracked |  0
|  69|0x0000000088500000, 0x0000000088500000, 0x0000000088600000|  0%| F|  |TAMS 0x0000000088500000| PB 0x0000000088500000| Untracked |  0
|  70|0x0000000088600000, 0x0000000088600000, 0x0000000088700000|  0%| F|  |TAMS 0x0000000088600000| PB 0x0000000088600000| Untracked |  0
|  71|0x0000000088700000, 0x0000000088700000, 0x0000000088800000|  0%| F|  |TAMS 0x0000000088700000| PB 0x0000000088700000| Untracked |  0
|  72|0x0000000088800000, 0x0000000088800000, 0x0000000088900000|  0%| F|  |TAMS 0x0000000088800000| PB 0x0000000088800000| Untracked |  0
|  73|0x0000000088900000, 0x0000000088900000, 0x0000000088a00000|  0%| F|  |TAMS 0x0000000088900000| PB 0x0000000088900000| Untracked |  0
|  74|0x0000000088a00000, 0x0000000088a00000, 0x0000000088b00000|  0%| F|  |TAMS 0x0000000088a00000| PB 0x0000000088a00000| Untracked |  0
|  75|0x0000000088b00000, 0x0000000088b00000, 0x0000000088c00000|  0%| F|  |TAMS 0x0000000088b00000| PB 0x0000000088b00000| Untracked |  0
|  76|0x0000000088c00000, 0x0000000088c00000, 0x0000000088d00000|  0%| F|  |TAMS 0x0000000088c00000| PB 0x0000000088c00000| Untracked |  0
|  77|0x0000000088d00000, 0x0000000088d00000, 0x0000000088e00000|  0%| F|  |TAMS 0x0000000088d00000| PB 0x0000000088d00000| Untracked |  0
|  78|0x0000000088e00000, 0x0000000088e00000, 0x0000000088f00000|  0%| F|  |TAMS 0x0000000088e00000| PB 0x0000000088e00000| Untracked |  0
|  79|0x0000000088f00000, 0x0000000088f00000, 0x0000000089000000|  0%| F|  |TAMS 0x0000000088f00000| PB 0x0000000088f00000| Untracked |  0
|  80|0x0000000089000000, 0x0000000089000000, 0x0000000089100000|  0%| F|  |TAMS 0x0000000089000000| PB 0x0000000089000000| Untracked |  0
|  81|0x0000000089100000, 0x0000000089100000, 0x0000000089200000|  0%| F|  |TAMS 0x0000000089100000| PB 0x0000000089100000| Untracked |  0
|  82|0x0000000089200000, 0x0000000089200000, 0x0000000089300000|  0%| F|  |TAMS 0x0000000089200000| PB 0x0000000089200000| Untracked |  0
|  83|0x0000000089300000, 0x0000000089300000, 0x0000000089400000|  0%| F|  |TAMS 0x0000000089300000| PB 0x0000000089300000| Untracked |  0
|  84|0x0000000089400000, 0x0000000089400000, 0x0000000089500000|  0%| F|  |TAMS 0x0000000089400000| PB 0x0000000089400000| Untracked |  0
|  85|0x0000000089500000, 0x0000000089500000, 0x0000000089600000|  0%| F|  |TAMS 0x0000000089500000| PB 0x0000000089500000| Untracked |  0
|  86|0x0000000089600000, 0x0000000089600000, 0x0000000089700000|  0%| F|  |TAMS 0x0000000089600000| PB 0x0000000089600000| Untracked |  0
|  87|0x0000000089700000, 0x0000000089700000, 0x0000000089800000|  0%| F|  |TAMS 0x0000000089700000| PB 0x0000000089700000| Untracked |  0
|  88|0x0000000089800000, 0x0000000089800000, 0x0000000089900000|  0%| F|  |TAMS 0x0000000089800000| PB 0x0000000089800000| Untracked |  0
|  89|0x0000000089900000, 0x0000000089900000, 0x0000000089a00000|  0%| F|  |TAMS 0x0000000089900000| PB 0x0000000089900000| Untracked |  0
|  90|0x0000000089a00000, 0x0000000089a00000, 0x0000000089b00000|  0%| F|  |TAMS 0x0000000089a00000| PB 0x0000000089a00000| Untracked |  0
|  91|0x0000000089b00000, 0x0000000089b00000, 0x0000000089c00000|  0%| F|  |TAMS 0x0000000089b00000| PB 0x0000000089b00000| Untracked |  0
|  92|0x0000000089c00000, 0x0000000089c00000, 0x0000000089d00000|  0%| F|  |TAMS 0x0000000089c00000| PB 0x0000000089c00000| Untracked |  0
|  93|0x0000000089d00000, 0x0000000089d00000, 0x0000000089e00000|  0%| F|  |TAMS 0x0000000089d00000| PB 0x0000000089d00000| Untracked |  0
|  94|0x0000000089e00000, 0x0000000089e00000, 0x0000000089f00000|  0%| F|  |TAMS 0x0000000089e00000| PB 0x0000000089e00000| Untracked |  0
|  95|0x0000000089f00000, 0x0000000089f00000, 0x000000008a000000|  0%| F|  |TAMS 0x0000000089f00000| PB 0x0000000089f00000| Untracked |  0
|  96|0x000000008a000000, 0x000000008a000000, 0x000000008a100000|  0%| F|  |TAMS 0x000000008a000000| PB 0x000000008a000000| Untracked |  0
|  97|0x000000008a100000, 0x000000008a100000, 0x000000008a200000|  0%| F|  |TAMS 0x000000008a100000| PB 0x000000008a100000| Untracked |  0
|  98|0x000000008a200000, 0x000000008a200000, 0x000000008a300000|  0%| F|  |TAMS 0x000000008a200000| PB 0x000000008a200000| Untracked |  0
|  99|0x000000008a300000, 0x000000008a300000, 0x000000008a400000|  0%| F|  |TAMS 0x000000008a300000| PB 0x000000008a300000| Untracked |  0
| 100|0x000000008a400000, 0x000000008a400000, 0x000000008a500000|  0%| F|  |TAMS 0x000000008a400000| PB 0x000000008a400000| Untracked |  0
| 101|0x000000008a500000, 0x000000008a500000, 0x000000008a600000|  0%| F|  |TAMS 0x000000008a500000| PB 0x000000008a500000| Untracked |  0
| 102|0x000000008a600000, 0x000000008a600000, 0x000000008a700000|  0%| F|  |TAMS 0x000000008a600000| PB 0x000000008a600000| Untracked |  0
| 103|0x000000008a700000, 0x000000008a700000, 0x000000008a800000|  0%| F|  |TAMS 0x000000008a700000| PB 0x000000008a700000| Untracked |  0
| 104|0x000000008a800000, 0x000000008a800000, 0x000000008a900000|  0%| F|  |TAMS 0x000000008a800000| PB 0x000000008a800000| Untracked |  0
| 105|0x000000008a900000, 0x000000008a900000, 0x000000008aa00000|  0%| F|  |TAMS 0x000000008a900000| PB 0x000000008a900000| Untracked |  0
| 106|0x000000008aa00000, 0x000000008aa00000, 0x000000008ab00000|  0%| F|  |TAMS 0x000000008aa00000| PB 0x000000008aa00000| Untracked |  0
| 107|0x000000008ab00000, 0x000000008ab00000, 0x000000008ac00000|  0%| F|  |TAMS 0x000000008ab00000| PB 0x000000008ab00000| Untracked |  0
| 108|0x000000008ac00000, 0x000000008ac00000, 0x000000008ad00000|  0%| F|  |TAMS 0x000000008ac00000| PB 0x000000008ac00000| Untracked |  0
| 109|0x000000008ad00000, 0x000000008ad00000, 0x000000008ae00000|  0%| F|  |TAMS 0x000000008ad00000| PB 0x000000008ad00000| Untracked |  0
| 110|0x000000008ae00000, 0x000000008ae00000, 0x000000008af00000|  0%| F|  |TAMS 0x000000008ae00000| PB 0x000000008ae00000| Untracked |  0
| 111|0x000000008af00000, 0x000000008af00000, 0x000000008b000000|  0%| F|  |TAMS 0x000000008af00000| PB 0x000000008af00000| Untracked |  0
| 112|0x000000008b000000, 0x000000008b000000, 0x000000008b100000|  0%| F|  |TAMS 0x000000008b000000| PB 0x000000008b000000| Untracked |  0
| 113|0x000000008b100000, 0x000000008b100000, 0x000000008b200000|  0%| F|  |TAMS 0x000000008b100000| PB 0x000000008b100000| Untracked |  0
| 114|0x000000008b200000, 0x000000008b200000, 0x000000008b300000|  0%| F|  |TAMS 0x000000008b200000| PB 0x000000008b200000| Untracked |  0
| 115|0x000000008b300000, 0x000000008b300000, 0x000000008b400000|  0%| F|  |TAMS 0x000000008b300000| PB 0x000000008b300000| Untracked |  0
| 116|0x000000008b400000, 0x000000008b400000, 0x000000008b500000|  0%| F|  |TAMS 0x000000008b400000| PB 0x000000008b400000| Untracked |  0
| 117|0x000000008b500000, 0x000000008b500000, 0x000000008b600000|  0%| F|  |TAMS 0x000000008b500000| PB 0x000000008b500000| Untracked |  0
| 118|0x000000008b600000, 0x000000008b6de820, 0x000000008b700000| 86%| E|  |TAMS 0x000000008b600000| PB 0x000000008b600000| Complete |  0
| 119|0x000000008b700000, 0x000000008b800000, 0x000000008b800000|100%| E|CS|TAMS 0x000000008b700000| PB 0x000000008b700000| Complete |  0
| 120|0x000000008b800000, 0x000000008b900000, 0x000000008b900000|100%| E|CS|TAMS 0x000000008b800000| PB 0x000000008b800000| Complete |  0
| 121|0x000000008b900000, 0x000000008ba00000, 0x000000008ba00000|100%| E|CS|TAMS 0x000000008b900000| PB 0x000000008b900000| Complete |  0
| 122|0x000000008ba00000, 0x000000008bb00000, 0x000000008bb00000|100%| E|CS|TAMS 0x000000008ba00000| PB 0x000000008ba00000| Complete |  0
| 123|0x000000008bb00000, 0x000000008bc00000, 0x000000008bc00000|100%| E|CS|TAMS 0x000000008bb00000| PB 0x000000008bb00000| Complete |  0

Card table byte_map: [0x0000022637b60000,0x0000022637f40000] _byte_map_base: 0x0000022637740000

Marking Bits: (CMBitMap*) 0x000002261f000ac0
 Bits: [0x0000022637f40000, 0x0000022639e40000)

Polling page: 0x000002261d270000

Metaspace:

Usage:
  Non-class:      2.52 MB used.
      Class:    281.08 KB used.
       Both:      2.80 MB used.

Virtual space:
  Non-class space:       64.00 MB reserved,       2.62 MB (  4%) committed,  1 nodes.
      Class space:        1.00 GB reserved,     384.00 KB ( <1%) committed,  1 nodes.
             Both:        1.06 GB reserved,       3.00 MB ( <1%) committed. 

Chunk freelists:
   Non-Class:  11.67 MB
       Class:  15.67 MB
        Both:  27.34 MB

MaxMetaspaceSize: unlimited
CompressedClassSpaceSize: 1.00 GB
Initial GC threshold: 21.00 MB
Current GC threshold: 21.00 MB
CDS: on
 - commit_granule_bytes: 65536.
 - commit_granule_words: 8192.
 - virtual_space_node_default_size: 8388608.
 - enlarge_chunks_in_place: 1.
 - use_allocation_guard: 0.


Internal statistics:

num_allocs_failed_limit: 0.
num_arena_births: 20.
num_arena_deaths: 0.
num_vsnodes_births: 2.
num_vsnodes_deaths: 0.
num_space_committed: 48.
num_space_uncommitted: 0.
num_chunks_returned_to_freelist: 0.
num_chunks_taken_from_freelist: 38.
num_chunk_merges: 0.
num_chunk_splits: 30.
num_chunks_enlarged: 23.
num_inconsistent_stats: 0.

CodeHeap 'non-profiled nmethods': size=120064Kb used=123Kb max_used=123Kb free=119940Kb
 bounds [0x000002262fe00000, 0x0000022630070000, 0x0000022637340000]
CodeHeap 'profiled nmethods': size=120000Kb used=451Kb max_used=451Kb free=119548Kb
 bounds [0x0000022628340000, 0x00000226285b0000, 0x000002262f870000]
CodeHeap 'non-nmethods': size=5696Kb used=1437Kb max_used=1450Kb free=4258Kb
 bounds [0x000002262f870000, 0x000002262fae0000, 0x000002262fe00000]
CodeCache: size=245760Kb, used=2011Kb, max_used=2024Kb, free=243746Kb
 total_blobs=835, nmethods=430, adapters=311, full_count=0
Compilation: enabled, stopped_count=0, restarted_count=0

Compilation events (20 events):
Event: 0.500 Thread 0x000002263c3bd3a0  419       3       java.util.jar.JarFile::getEntry (35 bytes)
Event: 0.500 Thread 0x000002263c3bd3a0 nmethod 419 0x00000226283ad808 code [0x00000226283ad980, 0x00000226283adde8]
Event: 0.500 Thread 0x000002263c3bd3a0  421       1       java.util.HashMap::size (5 bytes)
Event: 0.500 Thread 0x000002263c3bd3a0 nmethod 421 0x000002262fe1e008 code [0x000002262fe1e120, 0x000002262fe1e1e8]
Event: 0.505 Thread 0x000002263c3bd3a0  422       3       java.lang.ref.WeakReference::<init> (7 bytes)
Event: 0.505 Thread 0x000002263c3bd3a0 nmethod 422 0x00000226283ade08 code [0x00000226283adf40, 0x00000226283ae208]
Event: 0.505 Thread 0x000002263c3bd3a0  423       3       java.lang.invoke.MemberName::getReferenceKind (12 bytes)
Event: 0.505 Thread 0x000002263c3bd3a0 nmethod 423 0x00000226283ae288 code [0x00000226283ae3a0, 0x00000226283ae4b8]
Event: 0.507 Thread 0x000002263c3bd3a0  424   !   3       java.lang.invoke.MemberName::getMethodType (213 bytes)
Event: 0.508 Thread 0x000002263c3bd3a0 nmethod 424 0x00000226283ae588 code [0x00000226283ae7c0, 0x00000226283afb28]
Event: 0.508 Thread 0x000002263c3bd3a0  425       1       java.lang.module.ModuleDescriptor::isOpen (5 bytes)
Event: 0.508 Thread 0x000002263c3bd3a0 nmethod 425 0x000002262fe1e308 code [0x000002262fe1e420, 0x000002262fe1e4f0]
Event: 0.510 Thread 0x000002263c3bd3a0  427       3       jdk.internal.org.objectweb.asm.SymbolTable::addConstantUtf8 (98 bytes)
Event: 0.510 Thread 0x000002263c3bd3a0 nmethod 427 0x00000226283afb88 code [0x00000226283afd40, 0x00000226283b0338]
Event: 0.510 Thread 0x000002263c3bd3a0  428       3       jdk.internal.org.objectweb.asm.ByteVector::putByte (39 bytes)
Event: 0.510 Thread 0x000002263c3bd3a0 nmethod 428 0x00000226283b0388 code [0x00000226283b04c0, 0x00000226283b0698]
Event: 0.517 Thread 0x000002263c3bd3a0  430       3       java.lang.invoke.LambdaForm::argument (27 bytes)
Event: 0.518 Thread 0x000002263c3bd3a0 nmethod 430 0x00000226283b0708 code [0x00000226283b0840, 0x00000226283b0aa8]
Event: 0.518 Thread 0x000002263c3bd3a0  431       3       java.lang.invoke.LambdaForm$Name::initIndex (26 bytes)
Event: 0.518 Thread 0x000002263c3bd3a0 nmethod 431 0x00000226283b0b08 code [0x00000226283b0c20, 0x00000226283b0dc0]

GC Heap History (0 events):
No events

Dll operation events (8 events):
Event: 0.022 Loaded shared library C:\Users\User\.jdks\openjdk-23.0.2\bin\java.dll
Event: 0.023 Loaded shared library C:\Users\User\.jdks\openjdk-23.0.2\bin\zip.dll
Event: 0.071 Loaded shared library C:\Users\User\.jdks\openjdk-23.0.2\bin\jsvml.dll
Event: 0.248 Loaded shared library C:\Users\User\.jdks\openjdk-23.0.2\bin\instrument.dll
Event: 0.333 Loaded shared library C:\Users\User\.jdks\openjdk-23.0.2\bin\net.dll
Event: 0.335 Loaded shared library C:\Users\User\.jdks\openjdk-23.0.2\bin\nio.dll
Event: 0.354 Loaded shared library C:\Users\User\.jdks\openjdk-23.0.2\bin\zip.dll
Event: 0.369 Loaded shared library C:\Users\User\.jdks\openjdk-23.0.2\bin\verify.dll

Deoptimization events (8 events):
Event: 0.315 Thread 0x000002261f4ce060 Uncommon trap: trap_request=0xffffff45 fr.pc=0x000002262fe14a48 relative=0x00000000000004e8
Event: 0.315 Thread 0x000002261f4ce060 Uncommon trap: reason=unstable_if action=reinterpret pc=0x000002262fe14a48 method=java.lang.StringLatin1.replace([BCC)Ljava/lang/String; @ 19 c2
Event: 0.315 Thread 0x000002261f4ce060 DEOPT PACKING pc=0x000002262fe14a48 sp=0x00000090a45ff010
Event: 0.315 Thread 0x000002261f4ce060 DEOPT UNPACKING pc=0x000002262f8c7982 sp=0x00000090a45fef90 mode 2
Event: 0.507 Thread 0x000002261f4ce060 Uncommon trap: trap_request=0xffffff45 fr.pc=0x000002262fe0e05c relative=0x000000000000091c
Event: 0.507 Thread 0x000002261f4ce060 Uncommon trap: reason=unstable_if action=reinterpret pc=0x000002262fe0e05c method=java.util.HashMap.putVal(ILjava/lang/Object;Ljava/lang/Object;ZZ)Ljava/lang/Object; @ 69 c2
Event: 0.507 Thread 0x000002261f4ce060 DEOPT PACKING pc=0x000002262fe0e05c sp=0x00000090a45fd5c0
Event: 0.507 Thread 0x000002261f4ce060 DEOPT UNPACKING pc=0x000002262f8c7982 sp=0x00000090a45fd580 mode 2

Classes loaded (20 events):
Event: 0.513 Loading class java/lang/classfile/ClassFile$AttributesProcessingOption done
Event: 0.514 Loading class java/lang/classfile/ClassFile$ConstantPoolSharingOption
Event: 0.514 Loading class java/lang/classfile/ClassFile$ConstantPoolSharingOption done
Event: 0.514 Loading class java/lang/classfile/ClassFile$ShortJumpsOption
Event: 0.514 Loading class java/lang/classfile/ClassFile$ShortJumpsOption done
Event: 0.514 Loading class java/lang/classfile/ClassFile$DeadCodeOption
Event: 0.514 Loading class java/lang/classfile/ClassFile$DeadCodeOption done
Event: 0.514 Loading class java/lang/classfile/ClassFile$DeadLabelsOption
Event: 0.514 Loading class java/lang/classfile/ClassFile$DeadLabelsOption done
Event: 0.514 Loading class java/lang/classfile/ClassFile$ClassHierarchyResolverOption
Event: 0.514 Loading class java/lang/classfile/ClassFile$ClassHierarchyResolverOption done
Event: 0.514 Loading class jdk/internal/classfile/impl/ClassFileImpl$ClassHierarchyResolverOptionImpl
Event: 0.514 Loading class jdk/internal/classfile/impl/ClassFileImpl$ClassHierarchyResolverOptionImpl done
Event: 0.515 Loading class jdk/internal/classfile/impl/ClassHierarchyImpl$ClassLoadingClassHierarchyResolver
Event: 0.515 Loading class jdk/internal/classfile/impl/ClassHierarchyImpl$ClassLoadingClassHierarchyResolver done
Event: 0.515 Loading class java/lang/classfile/ClassFile$AttributeMapperOption
Event: 0.515 Loading class java/lang/classfile/ClassFile$AttributeMapperOption done
Event: 0.515 Loading class jdk/internal/classfile/impl/ClassFileImpl$AttributeMapperOptionImpl
Event: 0.516 Loading class jdk/internal/classfile/impl/ClassFileImpl$AttributeMapperOptionImpl done
Event: 0.519 Loading class java/lang/classfile/ClassBuilder

Classes unloaded (0 events):
No events

Classes redefined (1 events):
Event: 0.306 Thread 0x000002263c36ece0 redefined class name=java.lang.Throwable, count=1

Internal exceptions (2 events):
Event: 0.267 Thread 0x000002261f4ce060 Exception <a 'java/lang/NoSuchMethodError'{0x000000008b9290b8}: 'java.lang.Object java.lang.invoke.Invokers$Holder.invokeExact_MT(java.lang.Object, java.lang.Object, java.lang.Object, java.lang.Object, java.lang.Object)'> (0x000000008b9290b8) 
thrown [s\open\src\hotspot\share\interpreter\linkResolver.cpp, line 796]
Event: 0.382 Thread 0x000002261f4ce060 Exception <a 'java/io/FileNotFoundException'{0x000000008b711b40}> (0x000000008b711b40) 
thrown [s\open\src\hotspot\share\prims\jni.cpp, line 520]

VM Operations (12 events):
Event: 0.153 Executing VM operation: HandshakeAllThreads (Deoptimize)
Event: 0.153 Executing VM operation: HandshakeAllThreads (Deoptimize) done
Event: 0.240 Executing VM operation: ChangeBreakpoints
Event: 0.240 Executing VM operation: ChangeBreakpoints done
Event: 0.241 Executing VM operation: ChangeBreakpoints
Event: 0.241 Executing VM operation: ChangeBreakpoints done
Event: 0.306 Executing VM operation: RedefineClasses
Event: 0.307 Executing VM operation: RedefineClasses done
Event: 0.309 Executing VM operation: get/set locals
Event: 0.309 Executing VM operation: get/set locals done
Event: 0.429 Executing VM operation: ChangeBreakpoints
Event: 0.429 Executing VM operation: ChangeBreakpoints done

Memory protections (0 events):
No events

Nmethod flushes (0 events):
No events

Events (14 events):
Event: 0.043 Thread 0x000002261f4ce060 Thread added: 0x000002261f4ce060
Event: 0.066 Thread 0x000002261f4ce060 Thread added: 0x000002263c38b3c0
Event: 0.067 Thread 0x000002261f4ce060 Thread added: 0x000002263c38c0e0
Event: 0.067 Thread 0x000002261f4ce060 Thread added: 0x000002263c38ce00
Event: 0.067 Thread 0x000002261f4ce060 Thread added: 0x000002263c391290
Event: 0.067 Thread 0x000002261f4ce060 Thread added: 0x000002263c3b1f80
Event: 0.067 Thread 0x000002261f4ce060 Thread added: 0x000002263c3b29e0
Event: 0.067 Thread 0x000002261f4ce060 Thread added: 0x000002263c3b5780
Event: 0.068 Thread 0x000002261f4ce060 Thread added: 0x000002263c3bd3a0
Event: 0.139 Thread 0x000002261f4ce060 Thread added: 0x000002263c35c940
Event: 0.202 Thread 0x000002261f4ce060 Thread added: 0x000002263c6a04e0
Event: 0.202 Thread 0x000002261f4ce060 Thread added: 0x000002263c68bbb0
Event: 0.204 Thread 0x000002263c6a04e0 Thread added: 0x000002263c6ad9a0
Event: 0.313 Thread 0x000002261f4ce060 Thread added: 0x000002263c79dd40


Dynamic libraries:
0x00007ff7e3fe0000 - 0x00007ff7e3fee000 	C:\Users\User\.jdks\openjdk-23.0.2\bin\java.exe
0x00007ffc41610000 - 0x00007ffc41808000 	C:\Windows\SYSTEM32\ntdll.dll
0x00007ffc40f50000 - 0x00007ffc4100f000 	C:\Windows\System32\KERNEL32.DLL
0x00007ffc3f1b0000 - 0x00007ffc3f482000 	C:\Windows\System32\KERNELBASE.dll
0x00007ffc3ed70000 - 0x00007ffc3ee70000 	C:\Windows\System32\ucrtbase.dll
0x00007ffc352b0000 - 0x00007ffc352c7000 	C:\Users\User\.jdks\openjdk-23.0.2\bin\jli.dll
0x00007ffc35290000 - 0x00007ffc352ab000 	C:\Users\User\.jdks\openjdk-23.0.2\bin\VCRUNTIME140.dll
0x00007ffc3fd80000 - 0x00007ffc3ff21000 	C:\Windows\System32\USER32.dll
0x00007ffc3f620000 - 0x00007ffc3f642000 	C:\Windows\System32\win32u.dll
0x00007ffc40eb0000 - 0x00007ffc40edb000 	C:\Windows\System32\GDI32.dll
0x00007ffc3ee70000 - 0x00007ffc3ef7f000 	C:\Windows\System32\gdi32full.dll
0x00007ffc3ef80000 - 0x00007ffc3f01d000 	C:\Windows\System32\msvcp_win.dll
0x00007ffc28100000 - 0x00007ffc2839a000 	C:\Windows\WinSxS\amd64_microsoft.windows.common-controls_6595b64144ccf1df_6.0.19041.1110_none_60b5254171f9507e\COMCTL32.dll
0x00007ffc3fa60000 - 0x00007ffc3fafe000 	C:\Windows\System32\msvcrt.dll
0x00007ffc3fca0000 - 0x00007ffc3fcd2000 	C:\Windows\System32\IMM32.DLL
0x000000006e200000 - 0x000000006e20c000 	C:\Program Files (x86)\360\Total Security\safemon\SafeWrapper.dll
0x00007ffc3fb10000 - 0x00007ffc3fbbe000 	C:\Windows\System32\ADVAPI32.dll
0x00007ffc3fce0000 - 0x00007ffc3fd7c000 	C:\Windows\System32\sechost.dll
0x00007ffc40cf0000 - 0x00007ffc40e15000 	C:\Windows\System32\RPCRT4.dll
0x00007ffc19d50000 - 0x00007ffc19dfc000 	C:\Program Files (x86)\360\Total Security\safemon\libzdtp64.dll
0x00007ffc40110000 - 0x00007ffc40855000 	C:\Windows\System32\SHELL32.dll
0x00007ffc41570000 - 0x00007ffc415c5000 	C:\Windows\System32\SHLWAPI.dll
0x00007ffc3e7b0000 - 0x00007ffc3e7ba000 	C:\Windows\SYSTEM32\VERSION.dll
0x00007ffc36d30000 - 0x00007ffc36d3c000 	C:\Users\User\.jdks\openjdk-23.0.2\bin\vcruntime140_1.dll
0x00007ffc1bb20000 - 0x00007ffc1bbae000 	C:\Users\User\.jdks\openjdk-23.0.2\bin\msvcp140.dll
0x00007ffbc8570000 - 0x00007ffbc92c0000 	C:\Users\User\.jdks\openjdk-23.0.2\bin\server\jvm.dll
0x00007ffc40c80000 - 0x00007ffc40ceb000 	C:\Windows\System32\WS2_32.dll
0x00007ffc3eb70000 - 0x00007ffc3ebbb000 	C:\Windows\SYSTEM32\POWRPROF.dll
0x00007ffc262c0000 - 0x00007ffc262e7000 	C:\Windows\SYSTEM32\WINMM.dll
0x00007ffc3eb50000 - 0x00007ffc3eb62000 	C:\Windows\SYSTEM32\UMPDC.dll
0x00007ffc3d530000 - 0x00007ffc3d542000 	C:\Windows\SYSTEM32\kernel.appcore.dll
0x00007ffc35740000 - 0x00007ffc3574a000 	C:\Users\User\.jdks\openjdk-23.0.2\bin\jimage.dll
0x00007ffc39110000 - 0x00007ffc392f4000 	C:\Windows\SYSTEM32\DBGHELP.DLL
0x00007ffc21670000 - 0x00007ffc216a5000 	C:\Windows\SYSTEM32\dbgcore.DLL
0x00007ffc3f490000 - 0x00007ffc3f512000 	C:\Windows\System32\bcryptPrimitives.dll
0x00007ffc325e0000 - 0x00007ffc3261c000 	C:\Users\User\.jdks\openjdk-23.0.2\bin\jdwp.dll
0x00007ffbe8c60000 - 0x00007ffbe8e6e000 	C:\Users\User\AppData\Local\Temp\idea_libasyncProfiler_dll_temp_folder10\libasyncProfiler.dll
0x00007ffc35280000 - 0x00007ffc3528f000 	C:\Users\User\.jdks\openjdk-23.0.2\bin\instrument.dll
0x00007ffc33b40000 - 0x00007ffc33b5e000 	C:\Users\User\.jdks\openjdk-23.0.2\bin\java.dll
0x00007ffc3f8b0000 - 0x00007ffc3f9da000 	C:\Windows\System32\ole32.dll
0x00007ffc40920000 - 0x00007ffc40c75000 	C:\Windows\System32\combase.dll
0x00007ffc32770000 - 0x00007ffc32787000 	C:\Users\User\.jdks\openjdk-23.0.2\bin\zip.dll
0x00007ffc3c9f0000 - 0x00007ffc3d182000 	C:\Windows\SYSTEM32\windows.storage.dll
0x00007ffc3e610000 - 0x00007ffc3e640000 	C:\Windows\SYSTEM32\Wldp.dll
0x00007ffc40860000 - 0x00007ffc4090d000 	C:\Windows\System32\SHCORE.dll
0x00007ffc3ec40000 - 0x00007ffc3ec5f000 	C:\Windows\SYSTEM32\profapi.dll
0x00007ffc06be0000 - 0x00007ffc06cb7000 	C:\Users\User\.jdks\openjdk-23.0.2\bin\jsvml.dll
0x00007ffc32820000 - 0x00007ffc3282c000 	C:\Users\User\.jdks\openjdk-23.0.2\bin\dt_socket.dll
0x00007ffc3e060000 - 0x00007ffc3e09b000 	C:\Windows\SYSTEM32\IPHLPAPI.DLL
0x00007ffc3e370000 - 0x00007ffc3e3da000 	C:\Windows\system32\mswsock.dll
0x00007ffc32760000 - 0x00007ffc32770000 	C:\Users\User\.jdks\openjdk-23.0.2\bin\net.dll
0x00007ffc32740000 - 0x00007ffc32756000 	C:\Users\User\.jdks\openjdk-23.0.2\bin\nio.dll
0x00007ffc325d0000 - 0x00007ffc325e0000 	C:\Users\User\.jdks\openjdk-23.0.2\bin\verify.dll

dbghelp: loaded successfully - version: 4.0.5 - missing functions: none
symbol engine: initialized successfully - sym options: 0x614 - pdb path: .;C:\Users\User\.jdks\openjdk-23.0.2\bin;C:\Windows\SYSTEM32;C:\Windows\WinSxS\amd64_microsoft.windows.common-controls_6595b64144ccf1df_6.0.19041.1110_none_60b5254171f9507e;C:\Program Files (x86)\360\Total Security\safemon;C:\Users\User\.jdks\openjdk-23.0.2\bin\server;C:\Users\User\AppData\Local\Temp\idea_libasyncProfiler_dll_temp_folder10

VM Arguments:
jvm_args: -agentlib:jdwp=transport=dt_socket,address=127.0.0.1:64437,suspend=y,server=n -ea -agentpath:C:\Users\User\AppData\Local\Temp\idea_libasyncProfiler_dll_temp_folder10\libasyncProfiler.dll=version,jfr,event=wall,interval=10ms,cstack=no,file=C:\Users\User\IdeaSnapshots\UserServiceTest_2025_03_20_185126.jfr,dbghelppath=C:\Users\User\AppData\Local\Temp\idea_dbghelp_dll_temp_folder2\dbghelp.dll,log=C:\Users\User\AppData\Local\Temp\UserServiceTest_2025_03_20_185126.jfr.log.txt,logLevel=DEBUG -Didea.test.cyclic.buffer.size=1048576 -javaagent:C:\Users\User\AppData\Local\JetBrains\IntelliJIdea2024.3\captureAgent\debugger-agent.jar -Dkotlinx.coroutines.debug.enable.creation.stack.trace=false -Ddebugger.agent.enable.coroutines=true -Dkotlinx.coroutines.debug.enable.flows.stack.trace=true -Dkotlinx.coroutines.debug.enable.mutable.state.flows.stack.trace=true -Dfile.encoding=UTF-8 -Dsun.stdout.encoding=UTF-8 -Dsun.stderr.encoding=UTF-8 
java_command: com.intellij.rt.junit.JUnitStarter -ideVersion5 -junit4 UserServiceTest
java_class_path (initial): C:\Program Files\JetBrains\IntelliJ IDEA 2024.3.4.1\lib\idea_rt.jar;C:\Program Files\JetBrains\IntelliJ IDEA 2024.3.4.1\plugins\junit\lib\junit5-rt.jar;C:\Program Files\JetBrains\IntelliJ IDEA 2024.3.4.1\plugins\junit\lib\junit-rt.jar;D:\Pre-project\1.1.5\target\test-classes;D:\Pre-project\1.1.5\target\classes;C:\Users\User\.m2\repository\junit\junit\4.13.1\junit-4.13.1.jar;C:\Users\User\.m2\repository\org\hamcrest\hamcrest-core\1.3\hamcrest-core-1.3.jar;C:\Users\User\.m2\repository\mysql\mysql-connector-java\8.0.25\mysql-connector-java-8.0.25.jar;C:\Users\User\.m2\repository\com\google\protobuf\protobuf-java\3.11.4\protobuf-java-3.11.4.jar;C:\Users\User\.m2\repository\org\hibernate\javax\persistence\hibernate-jpa-2.1-api\1.0.2.Final\hibernate-jpa-2.1-api-1.0.2.Final.jar;C:\Users\User\.m2\repository\org\hibernate\hibernate-core\5.6.3.Final\hibernate-core-5.6.3.Final.jar;C:\Users\User\.m2\repository\org\jboss\logging\jboss-logging\3.4.2.Final\jboss-logging-3.4.2.Final.jar;C:\Users\User\.m2\repository\javax\persistence\javax.persistence-api\2.2\javax.persistence-api-2.2.jar;C:\Users\User\.m2\repository\net\bytebuddy\byte-buddy\1.11.20\byte-buddy-1.11.20.jar;C:\Users\User\.m2\repository\antlr\antlr\2.7.7\antlr-2.7.7.jar;C:\Users\User\.m2\repository\org\jboss\spec\javax\transaction\jboss-transaction-api_1.2_spec\1.1.1.Final\jboss-transaction-api_1.2_spec-1.1.1.Final.jar;C:\Users\User\.m2\repository\org\jboss\jandex\2.2.3.Final\jandex-2.2.3.Final.jar;C:\Users\User\.m2\repository\com\fasterxml\classmate\1.5.1\classmate-1.5.1.jar;C:\Users\User\.m2\repository\javax\activation\javax.activation-api\1.2.0\javax.activation-api-1.2.0.jar;C:\Users\User\.m2\repository\org\hibernate\common\hibernate-commons-annotations\5.1.2.Final\hibernate-commons-annotations-5.1.2.Final.jar;C:\Users\User\.m2\repository\javax\xml\bind\jaxb-api\2.3.1\jaxb-api-2.3.1.jar;C:\Users\User\.m2\repository\org\glassfish\jaxb\jaxb-runtime\2.3.1\jaxb-runtime-2.3.1.jar;C:\Users\User\.m2\repository\org\glassfish\jaxb\txw2\2.3.1\txw2-2.3.1.jar;C:\Users\User\.m2\repository\com\sun\istack\istack-commons-runtime\3.0.7\istack-commons-runtime-3.0.7.jar;C:\Users\User\.m2\repository\org\jvnet\staxex\stax-ex\1.8\stax-ex-1.8.jar;C:\Users\User\.m2\repository\com\sun\xml\fastinfoset\FastInfoset\1.2.15\FastInfoset-1.2.15.jar
Launcher Type: SUN_STANDARD

[Global flags]
     intx CICompilerCount                          = 3                                         {product} {ergonomic}
     uint ConcGCThreads                            = 1                                         {product} {ergonomic}
     uint G1ConcRefinementThreads                  = 4                                         {product} {ergonomic}
   size_t G1HeapRegionSize                         = 1048576                                   {product} {ergonomic}
   size_t InitialHeapSize                          = 130023424                                 {product} {ergonomic}
   size_t MarkStackSize                            = 4194304                                   {product} {ergonomic}
   size_t MarkStackSizeMax                         = 536870912                                 {product} {ergonomic}
   size_t MaxHeapSize                              = 2080374784                                {product} {ergonomic}
   size_t MaxNewSize                               = 1247805440                                {product} {ergonomic}
   size_t MinHeapDeltaBytes                        = 1048576                                   {product} {ergonomic}
   size_t MinHeapSize                              = 8388608                                   {product} {ergonomic}
    uintx NonNMethodCodeHeapSize                   = 5832704                                {pd product} {ergonomic}
    uintx NonProfiledCodeHeapSize                  = 122945536                              {pd product} {ergonomic}
    uintx ProfiledCodeHeapSize                     = 122880000                              {pd product} {ergonomic}
    uintx ReservedCodeCacheSize                    = 251658240                              {pd product} {ergonomic}
     bool SegmentedCodeCache                       = true                                      {product} {ergonomic}
   size_t SoftMaxHeapSize                          = 2080374784                             {manageable} {ergonomic}
     bool UseCompressedOops                        = true                           {product lp64_product} {ergonomic}
     bool UseG1GC                                  = true                                      {product} {ergonomic}
     bool UseLargePagesIndividualAllocation        = false                                  {pd product} {ergonomic}

Logging:
Log output configuration:
 #0: stdout all=warning uptime,level,tags foldmultilines=false
 #1: stderr all=off uptime,level,tags foldmultilines=false

Environment Variables:
JAVA_HOME=C:\JAVA\jdk-23.0.1
PATH=C:\Program Files (x86)\Common Files\Intel\Shared Files\cpp\bin\Intel64;C:\Windows\system32;C:\Windows;C:\Windows\System32\Wbem;C:\Windows\System32\WindowsPowerShell\v1.0\;C:\Windows\System32\OpenSSH\;C:\Program Files\WireGuard\;C:\Users\User\Desktop\matlabfolder\runtime\win64;C:\Users\User\Desktop\matlabfolder\bin;C:\JAVA\jdk-23.0.1\bin;C:\Program Files\dotnet\;C:\Program Files\Git\cmd;C:\JAVA\apache-maven-3.9.9\bin;C:\Users\User\AppData\Local\Microsoft\WindowsApps;C:\JAVA\jdk-23.0.1\bin;;C:\Program Files\JetBrains\IntelliJ IDEA Community Edition 2024.3\bin;;C:\Users\User\.dotnet\tools
USERNAME=User
OS=Windows_NT
PROCESSOR_IDENTIFIER=Intel64 Family 6 Model 126 Stepping 5, GenuineIntel
TMP=C:\Users\User\AppData\Local\Temp
TEMP=C:\Users\User\AppData\Local\Temp




Periodic native trim disabled

---------------  S Y S T E M  ---------------

OS:
 Windows 10 , 64 bit Build 19041 (10.0.19041.2546)
OS uptime: 2 days 0:39 hours

CPU: total 4 (initial active 4) (2 cores per cpu, 2 threads per core) family 6 model 126 stepping 5 microcode 0xa0, cx8, cmov, fxsr, ht, mmx, 3dnowpref, sse, sse2, sse3, ssse3, sse4.1, sse4.2, popcnt, lzcnt, tsc, tscinvbit, avx, avx2, aes, erms, clmul, bmi1, bmi2, adx, avx512f, avx512dq, avx512cd, avx512bw, avx512vl, sha, fma, vzeroupper, avx512_vpopcntdq, avx512_vpclmulqdq, avx512_vaes, avx512_vnni, clflush, clflushopt, avx512_vbmi2, avx512_vbmi, rdtscp, rdpid, fsrm, gfni, avx512_bitalg, f16c, pku, avx512_ifma
Processor Information for the first 4 processors :
  Max Mhz: 1190, Current Mhz: 1190, Mhz Limit: 1190

Memory: 4k page, system-wide physical 7933M (1493M free)
TotalPageFile size 9981M (AvailPageFile size 3M)
current process WorkingSet (physical memory assigned to process): 52M, peak: 52M
current process commit charge ("private bytes"): 216M, peak: 216M

vm_info: OpenJDK 64-Bit Server VM (23.0.2+7-58) for windows-amd64 JRE (23.0.2+7-58), built on 2024-11-29T09:34:55Z with MS VC++ 17.6 (VS2022)

END.
