#
# There is insufficient memory for the Java Runtime Environment to continue.
# Native memory allocation (mmap) failed to map 65536 bytes. Error detail: Failed to commit metaspace.
# Possible reasons:
#   The system is out of physical RAM or swap space
#   This process is running with CompressedOops enabled, and the Java Heap may be blocking the growth of the native heap
# Possible solutions:
#   Reduce memory load on the system
#   Increase physical memory or swap space
#   Check if swap backing store is full
#   Decrease Java heap size (-Xmx/-Xms)
#   Decrease number of Java threads
#   Decrease Java thread stack sizes (-Xss)
#   Set larger code cache with -XX:ReservedCodeCacheSize=
#   JVM is running with Unscaled Compressed Oops mode in which the Java heap is
#     placed in the first 4GB address space. The Java Heap base address is the
#     maximum limit for the native heap growth. Please use -XX:HeapBaseMinAddress
#     to set the Java Heap base and to place the Java Heap above 4GB virtual address.
# This output file may be truncated or incomplete.
#
#  Out of Memory Error (virtualSpaceNode.cpp:113), pid=8440, tid=14260
#
# JRE version: OpenJDK Runtime Environment JBR-21.0.6+8-631.39-jcef (21.0.6+8) (build 21.0.6+8-b631.39)
# Java VM: OpenJDK 64-Bit Server VM JBR-21.0.6+8-631.39-jcef (21.0.6+8-b631.39, mixed mode, sharing, tiered, compressed oops, compressed class ptrs, g1 gc, windows-amd64)
# No core dump will be written. Minidumps are not enabled by default on client versions of Windows
#

---------------  S U M M A R Y ------------

Command Line: -Djava.rmi.server.hostname=127.0.0.1 -Duser.timezone=UTC -Xmx2048m -Xms128m -Djdbc.classpath=C:\Users\User\AppData\Local\Temp\RemoteDriver12349.classpath.txt --add-exports=java.desktop/sun.awt=ALL-UNNAMED --add-exports=java.desktop/java.awt.peer=ALL-UNNAMED --add-opens=java.desktop/java.awt=ALL-UNNAMED --add-opens=jdk.unsupported/sun.misc=ALL-UNNAMED --add-opens=java.base/java.nio=ALL-UNNAMED --add-opens=java.base/java.util=ALL-UNNAMED -Dfile.encoding=UTF-8 -Dsun.stdout.encoding=UTF-8 -Dsun.stderr.encoding=UTF-8 com.intellij.database.remote.RemoteJdbcServer com.mysql.cj.jdbc.Driver

Host: Intel(R) Core(TM) i3-1005G1 CPU @ 1.20GHz, 4 cores, 7G,  Windows 10 , 64 bit Build 19041 (10.0.19041.2546)
Time: Fri Mar 14 12:52:05 2025 RTZ 2 (s 10 , 64 bit Build 19041 (10.0.19041.2546) elapsed time: 0.913753 seconds (0d 0h 0m 0s)

---------------  T H R E A D  ---------------

Current thread (0x00000241c731efe0):  JavaThread "RMI TCP Accept-53925" daemon [_thread_in_vm, id=14260, stack(0x0000004792600000,0x0000004792700000) (1024K)]

Stack: [0x0000004792600000,0x0000004792700000]
Native frames: (J=compiled Java code, j=interpreted, Vv=VM code, C=native code)
V  [jvm.dll+0x6e5d39]
V  [jvm.dll+0x8c4133]
V  [jvm.dll+0x8c668e]
V  [jvm.dll+0x8c6d73]
V  [jvm.dll+0x288f76]
V  [jvm.dll+0x8bef7e]
V  [jvm.dll+0x686a35]
V  [jvm.dll+0x686a9a]
V  [jvm.dll+0x6892b6]
V  [jvm.dll+0x689182]
V  [jvm.dll+0x6873ee]
V  [jvm.dll+0x2726cf]
V  [jvm.dll+0x691675]
V  [jvm.dll+0x21d23c]
V  [jvm.dll+0x21d785]
V  [jvm.dll+0x21e166]
V  [jvm.dll+0x2131b9]
V  [jvm.dll+0x5c4533]
V  [jvm.dll+0x224bfb]
V  [jvm.dll+0x83af3c]
V  [jvm.dll+0x83bfe2]
V  [jvm.dll+0x83c5a4]
V  [jvm.dll+0x83c238]
V  [jvm.dll+0x2760ab]
V  [jvm.dll+0x3e38fe]
C  0x00000241f51bb23f

The last pc belongs to new (printed below).
Java frames: (J=compiled Java code, j=interpreted, Vv=VM code)
j  java.net.ServerSocket.accept()Ljava/net/Socket;+34 java.base@21.0.6
j  sun.rmi.transport.tcp.TCPTransport$AcceptLoop.executeAcceptLoop()V+42 java.rmi@21.0.6
j  sun.rmi.transport.tcp.TCPTransport$AcceptLoop.run()V+1 java.rmi@21.0.6
j  java.lang.Thread.runWith(Ljava/lang/Object;Ljava/lang/Runnable;)V+5 java.base@21.0.6
j  java.lang.Thread.run()V+19 java.base@21.0.6
v  ~StubRoutines::call_stub 0x00000241f51a10e7
new  187 new  [0x00000241f51bb0c0, 0x00000241f51bb2c8]  520 bytes
[MachCode]
  0x00000241f51bb0c0: 4883 ec08 | c5fa 1104 | 24eb 1f48 | 83ec 10c5 | fb11 0424 | eb14 4883 | ec10 4889 | 0424 48c7 
  0x00000241f51bb0e0: 4424 0800 | 0000 00eb | 0150 410f | b755 010f | cac1 ea10 | 488b 4de8 | 488b 4908 | 488b 4908 
  0x00000241f51bb100: 488b 4108 | 807c 1004 | 070f 85d3 | 0000 0066 | 8b54 d148 | 488b 4928 | 488b 4cd1 | 0851 80b9 
  0x00000241f51bb120: 4101 0000 | 040f 85b6 | 0000 008b | 5108 f6c2 | 010f 85aa | 0000 0049 | 8b87 b801 | 0000 488d 
  0x00000241f51bb140: 1c10 493b | 9fc8 0100 | 000f 8792 | 0000 0049 | 899f b801 | 0000 4883 | ea10 0f84 | 0f00 0000 
  0x00000241f51bb160: 33c9 c1ea | 0348 894c | d008 48ff | ca75 f648 | c700 0100 | 0000 5933 | f689 700c | 49ba 0000 
  0x00000241f51bb180: 0082 4102 | 0000 492b | ca89 4808 | 49ba f75d | c276 fc7f | 0000 4180 | 3a00 0f84 | 3c00 0000 
  0x00000241f51bb1a0: 5048 8bc8 | 4883 ec20 | 40f6 c40f | 0f84 1900 | 0000 4883 | ec08 48b8 | 90d2 6b76 | fc7f 0000 
  0x00000241f51bb1c0: ffd0 4883 | c408 e90c | 0000 0048 | b890 d26b | 76fc 7f00 | 00ff d048 | 83c4 2058 | e9cb 0000 
  0x00000241f51bb1e0: 0059 488b | 55e8 488b | 5208 488b | 5208 450f | b745 0141 | 0fc8 41c1 | e810 e805 | 0000 00e9 
  0x00000241f51bb200: a800 0000 | 488d 4424 | 084c 896d | c049 8bcf | c5f8 7749 | 89af a803 | 0000 4989 | 8798 0300 
  0x00000241f51bb220: 0048 83ec | 2040 f6c4 | 0f0f 8419 | 0000 0048 | 83ec 0848 | b8b0 3835 | 76fc 7f00 | 00ff d048 
  0x00000241f51bb240: 83c4 08e9 | 0c00 0000 | 48b8 b038 | 3576 fc7f | 0000 ffd0 | 4883 c420 | 49c7 8798 | 0300 0000 
  0x00000241f51bb260: 0000 0049 | c787 a803 | 0000 0000 | 0000 49c7 | 87a0 0300 | 0000 0000 | 00c5 f877 | 4983 7f08 
  0x00000241f51bb280: 000f 8405 | 0000 00e9 | 745c feff | 498b 87f0 | 0300 0049 | c787 f003 | 0000 0000 | 0000 4c8b 
  0x00000241f51bb2a0: 6dc0 4c8b | 75c8 4e8d | 74f5 00c3 | 410f b65d | 0349 83c5 | 0349 bac0 | 28c5 76fc | 7f00 0041 
  0x00000241f51bb2c0: ff24 da0f | 1f44 0000 
[/MachCode]

---------------  P R O C E S S  ---------------

Threads class SMR info:
_java_thread_list=0x00000241c73315d0, length=14, elements={
0x00000241e7abc570, 0x00000241ff961350, 0x00000241ff962090, 0x00000241ff965bf0,
0x00000241ff966730, 0x00000241ff967270, 0x00000241ff967db0, 0x00000241ff968c20,
0x00000241ff9697a0, 0x00000241ffbf9110, 0x00000241ffc01d30, 0x00000241ffc45ea0,
0x00000241c7217ce0, 0x00000241c731efe0
}

Java Threads: ( => current thread )
  0x00000241e7abc570 JavaThread "main"                              [_thread_in_vm, id=12052, stack(0x0000004790f00000,0x0000004791000000) (1024K)]
  0x00000241ff961350 JavaThread "Reference Handler"          daemon [_thread_blocked, id=8944, stack(0x0000004791700000,0x0000004791800000) (1024K)]
  0x00000241ff962090 JavaThread "Finalizer"                  daemon [_thread_blocked, id=12224, stack(0x0000004791800000,0x0000004791900000) (1024K)]
  0x00000241ff965bf0 JavaThread "Signal Dispatcher"          daemon [_thread_blocked, id=14292, stack(0x0000004791900000,0x0000004791a00000) (1024K)]
  0x00000241ff966730 JavaThread "Attach Listener"            daemon [_thread_blocked, id=1376, stack(0x0000004791a00000,0x0000004791b00000) (1024K)]
  0x00000241ff967270 JavaThread "Service Thread"             daemon [_thread_blocked, id=7840, stack(0x0000004791b00000,0x0000004791c00000) (1024K)]
  0x00000241ff967db0 JavaThread "Monitor Deflation Thread"   daemon [_thread_blocked, id=9788, stack(0x0000004791c00000,0x0000004791d00000) (1024K)]
  0x00000241ff968c20 JavaThread "C2 CompilerThread0"         daemon [_thread_blocked, id=14148, stack(0x0000004791d00000,0x0000004791e00000) (1024K)]
  0x00000241ff9697a0 JavaThread "C1 CompilerThread0"         daemon [_thread_blocked, id=10428, stack(0x0000004791e00000,0x0000004791f00000) (1024K)]
  0x00000241ffbf9110 JavaThread "Common-Cleaner"             daemon [_thread_blocked, id=11812, stack(0x0000004791f00000,0x0000004792000000) (1024K)]
  0x00000241ffc01d30 JavaThread "Notification Thread"        daemon [_thread_blocked, id=7928, stack(0x0000004792000000,0x0000004792100000) (1024K)]
  0x00000241ffc45ea0 JavaThread "C2 CompilerThread1"         daemon [_thread_blocked, id=14036, stack(0x0000004792100000,0x0000004792200000) (1024K)]
  0x00000241c7217ce0 JavaThread "mysql-cj-abandoned-connection-cleanup" daemon [_thread_blocked, id=3068, stack(0x0000004792200000,0x0000004792300000) (1024K)]
=>0x00000241c731efe0 JavaThread "RMI TCP Accept-53925"       daemon [_thread_in_vm, id=14260, stack(0x0000004792600000,0x0000004792700000) (1024K)]
Total: 14

Other Threads:
  0x00000241e7a89fa0 VMThread "VM Thread"                           [id=8740, stack(0x0000004791600000,0x0000004791700000) (1024K)]
  0x00000241ff933350 WatcherThread "VM Periodic Task Thread"        [id=4648, stack(0x0000004791500000,0x0000004791600000) (1024K)]
  0x00000241e7a8ae20 WorkerThread "GC Thread#0"                     [id=3556, stack(0x0000004791000000,0x0000004791100000) (1024K)]
  0x00000241e7a8a340 WorkerThread "GC Thread#1"                     [id=12336, stack(0x0000004792300000,0x0000004792400000) (1024K)]
  0x00000241e7a894c0 WorkerThread "GC Thread#2"                     [id=13636, stack(0x0000004792400000,0x0000004792500000) (1024K)]
  0x00000241c72c76f0 WorkerThread "GC Thread#3"                     [id=12764, stack(0x0000004792500000,0x0000004792600000) (1024K)]
  0x00000241e9d569b0 ConcurrentGCThread "G1 Main Marker"            [id=8432, stack(0x0000004791100000,0x0000004791200000) (1024K)]
  0x00000241e7a89c00 WorkerThread "G1 Conc#0"                       [id=1744, stack(0x0000004791200000,0x0000004791300000) (1024K)]
  0x00000241e9d9e7c0 ConcurrentGCThread "G1 Refine#0"               [id=2724, stack(0x0000004791300000,0x0000004791400000) (1024K)]
  0x00000241ff7f4560 ConcurrentGCThread "G1 Service"                [id=7592, stack(0x0000004791400000,0x0000004791500000) (1024K)]
Total: 10

Threads with active compile tasks:
Total: 0

VM state: not at safepoint (normal execution)

VM Mutex/Monitor currently owned by a thread:  ([mutex/lock_event])
[0x00007ffc76c3c830] Metaspace_lock - owner thread: 0x00000241c731efe0

Heap address: 0x0000000080000000, size: 2048 MB, Compressed Oops mode: 32-bit

CDS archive(s) mapped at: [0x0000024182000000-0x0000024182d00000-0x0000024182d00000), size 13631488, SharedBaseAddress: 0x0000024182000000, ArchiveRelocationMode: 1.
Compressed class space mapped at: 0x0000024183000000-0x00000241c3000000, reserved size: 1073741824
Narrow klass base: 0x0000024182000000, Narrow klass shift: 0, Narrow klass range: 0x100000000

GC Precious Log:
 CardTable entry size: 512
 Card Set container configuration: InlinePtr #cards 5 size 8 Array Of Cards #cards 12 size 40 Howl #buckets 4 coarsen threshold 1843 Howl Bitmap #cards 512 size 80 coarsen threshold 460 Card regions per heap region 1 cards per card region 2048
 CPUs: 4 total, 4 available
 Memory: 7933M
 Large Page Support: Disabled
 NUMA Support: Disabled
 Compressed Oops: Enabled (32-bit)
 Heap Region Size: 1M
 Heap Min Capacity: 128M
 Heap Initial Capacity: 128M
 Heap Max Capacity: 2G
 Pre-touch: Disabled
 Parallel Workers: 4
 Concurrent Workers: 1
 Concurrent Refinement Workers: 4
 Periodic GC: Disabled

Heap:
 garbage-first heap   total 131072K, used 9087K [0x0000000080000000, 0x0000000100000000)
  region size 1024K, 4 young (4096K), 2 survivors (2048K)
 Metaspace       used 4873K, committed 5056K, reserved 1114112K
  class space    used 606K, committed 704K, reserved 1048576K

Heap Regions: E=young(eden), S=young(survivor), O=old, HS=humongous(starts), HC=humongous(continues), CS=collection set, F=free, TAMS=top-at-mark-start, PB=parsable bottom
|   0|0x0000000080000000, 0x0000000080100000, 0x0000000080100000|100%|HS|  |TAMS 0x0000000080000000| PB 0x0000000080000000| Complete 
|   1|0x0000000080100000, 0x0000000080200000, 0x0000000080200000|100%|HC|  |TAMS 0x0000000080100000| PB 0x0000000080100000| Complete 
|   2|0x0000000080200000, 0x0000000080300000, 0x0000000080300000|100%|HS|  |TAMS 0x0000000080200000| PB 0x0000000080200000| Complete 
|   3|0x0000000080300000, 0x0000000080400000, 0x0000000080400000|100%|HS|  |TAMS 0x0000000080300000| PB 0x0000000080300000| Complete 
|   4|0x0000000080400000, 0x0000000080500000, 0x0000000080500000|100%| O|  |TAMS 0x0000000080400000| PB 0x0000000080400000| Untracked 
|   5|0x0000000080500000, 0x00000000805dff20, 0x0000000080600000| 87%| O|  |TAMS 0x0000000080500000| PB 0x0000000080500000| Untracked 
|   6|0x0000000080600000, 0x0000000080600000, 0x0000000080700000|  0%| F|  |TAMS 0x0000000080600000| PB 0x0000000080600000| Untracked 
|   7|0x0000000080700000, 0x0000000080700000, 0x0000000080800000|  0%| F|  |TAMS 0x0000000080700000| PB 0x0000000080700000| Untracked 
|   8|0x0000000080800000, 0x0000000080800000, 0x0000000080900000|  0%| F|  |TAMS 0x0000000080800000| PB 0x0000000080800000| Untracked 
|   9|0x0000000080900000, 0x0000000080900000, 0x0000000080a00000|  0%| F|  |TAMS 0x0000000080900000| PB 0x0000000080900000| Untracked 
|  10|0x0000000080a00000, 0x0000000080a00000, 0x0000000080b00000|  0%| F|  |TAMS 0x0000000080a00000| PB 0x0000000080a00000| Untracked 
|  11|0x0000000080b00000, 0x0000000080b00000, 0x0000000080c00000|  0%| F|  |TAMS 0x0000000080b00000| PB 0x0000000080b00000| Untracked 
|  12|0x0000000080c00000, 0x0000000080c00000, 0x0000000080d00000|  0%| F|  |TAMS 0x0000000080c00000| PB 0x0000000080c00000| Untracked 
|  13|0x0000000080d00000, 0x0000000080d00000, 0x0000000080e00000|  0%| F|  |TAMS 0x0000000080d00000| PB 0x0000000080d00000| Untracked 
|  14|0x0000000080e00000, 0x0000000080e00000, 0x0000000080f00000|  0%| F|  |TAMS 0x0000000080e00000| PB 0x0000000080e00000| Untracked 
|  15|0x0000000080f00000, 0x0000000080f00000, 0x0000000081000000|  0%| F|  |TAMS 0x0000000080f00000| PB 0x0000000080f00000| Untracked 
|  16|0x0000000081000000, 0x0000000081000000, 0x0000000081100000|  0%| F|  |TAMS 0x0000000081000000| PB 0x0000000081000000| Untracked 
|  17|0x0000000081100000, 0x0000000081100000, 0x0000000081200000|  0%| F|  |TAMS 0x0000000081100000| PB 0x0000000081100000| Untracked 
|  18|0x0000000081200000, 0x0000000081200000, 0x0000000081300000|  0%| F|  |TAMS 0x0000000081200000| PB 0x0000000081200000| Untracked 
|  19|0x0000000081300000, 0x0000000081300000, 0x0000000081400000|  0%| F|  |TAMS 0x0000000081300000| PB 0x0000000081300000| Untracked 
|  20|0x0000000081400000, 0x0000000081400000, 0x0000000081500000|  0%| F|  |TAMS 0x0000000081400000| PB 0x0000000081400000| Untracked 
|  21|0x0000000081500000, 0x0000000081500000, 0x0000000081600000|  0%| F|  |TAMS 0x0000000081500000| PB 0x0000000081500000| Untracked 
|  22|0x0000000081600000, 0x0000000081600000, 0x0000000081700000|  0%| F|  |TAMS 0x0000000081600000| PB 0x0000000081600000| Untracked 
|  23|0x0000000081700000, 0x0000000081700000, 0x0000000081800000|  0%| F|  |TAMS 0x0000000081700000| PB 0x0000000081700000| Untracked 
|  24|0x0000000081800000, 0x0000000081800000, 0x0000000081900000|  0%| F|  |TAMS 0x0000000081800000| PB 0x0000000081800000| Untracked 
|  25|0x0000000081900000, 0x0000000081900000, 0x0000000081a00000|  0%| F|  |TAMS 0x0000000081900000| PB 0x0000000081900000| Untracked 
|  26|0x0000000081a00000, 0x0000000081a00000, 0x0000000081b00000|  0%| F|  |TAMS 0x0000000081a00000| PB 0x0000000081a00000| Untracked 
|  27|0x0000000081b00000, 0x0000000081b00000, 0x0000000081c00000|  0%| F|  |TAMS 0x0000000081b00000| PB 0x0000000081b00000| Untracked 
|  28|0x0000000081c00000, 0x0000000081c00000, 0x0000000081d00000|  0%| F|  |TAMS 0x0000000081c00000| PB 0x0000000081c00000| Untracked 
|  29|0x0000000081d00000, 0x0000000081d00000, 0x0000000081e00000|  0%| F|  |TAMS 0x0000000081d00000| PB 0x0000000081d00000| Untracked 
|  30|0x0000000081e00000, 0x0000000081e00000, 0x0000000081f00000|  0%| F|  |TAMS 0x0000000081e00000| PB 0x0000000081e00000| Untracked 
|  31|0x0000000081f00000, 0x0000000081f00000, 0x0000000082000000|  0%| F|  |TAMS 0x0000000081f00000| PB 0x0000000081f00000| Untracked 
|  32|0x0000000082000000, 0x0000000082000000, 0x0000000082100000|  0%| F|  |TAMS 0x0000000082000000| PB 0x0000000082000000| Untracked 
|  33|0x0000000082100000, 0x0000000082100000, 0x0000000082200000|  0%| F|  |TAMS 0x0000000082100000| PB 0x0000000082100000| Untracked 
|  34|0x0000000082200000, 0x0000000082200000, 0x0000000082300000|  0%| F|  |TAMS 0x0000000082200000| PB 0x0000000082200000| Untracked 
|  35|0x0000000082300000, 0x0000000082300000, 0x0000000082400000|  0%| F|  |TAMS 0x0000000082300000| PB 0x0000000082300000| Untracked 
|  36|0x0000000082400000, 0x0000000082400000, 0x0000000082500000|  0%| F|  |TAMS 0x0000000082400000| PB 0x0000000082400000| Untracked 
|  37|0x0000000082500000, 0x0000000082500000, 0x0000000082600000|  0%| F|  |TAMS 0x0000000082500000| PB 0x0000000082500000| Untracked 
|  38|0x0000000082600000, 0x0000000082600000, 0x0000000082700000|  0%| F|  |TAMS 0x0000000082600000| PB 0x0000000082600000| Untracked 
|  39|0x0000000082700000, 0x0000000082700000, 0x0000000082800000|  0%| F|  |TAMS 0x0000000082700000| PB 0x0000000082700000| Untracked 
|  40|0x0000000082800000, 0x0000000082800000, 0x0000000082900000|  0%| F|  |TAMS 0x0000000082800000| PB 0x0000000082800000| Untracked 
|  41|0x0000000082900000, 0x0000000082900000, 0x0000000082a00000|  0%| F|  |TAMS 0x0000000082900000| PB 0x0000000082900000| Untracked 
|  42|0x0000000082a00000, 0x0000000082a00000, 0x0000000082b00000|  0%| F|  |TAMS 0x0000000082a00000| PB 0x0000000082a00000| Untracked 
|  43|0x0000000082b00000, 0x0000000082b00000, 0x0000000082c00000|  0%| F|  |TAMS 0x0000000082b00000| PB 0x0000000082b00000| Untracked 
|  44|0x0000000082c00000, 0x0000000082c00000, 0x0000000082d00000|  0%| F|  |TAMS 0x0000000082c00000| PB 0x0000000082c00000| Untracked 
|  45|0x0000000082d00000, 0x0000000082d00000, 0x0000000082e00000|  0%| F|  |TAMS 0x0000000082d00000| PB 0x0000000082d00000| Untracked 
|  46|0x0000000082e00000, 0x0000000082e00000, 0x0000000082f00000|  0%| F|  |TAMS 0x0000000082e00000| PB 0x0000000082e00000| Untracked 
|  47|0x0000000082f00000, 0x0000000082f00000, 0x0000000083000000|  0%| F|  |TAMS 0x0000000082f00000| PB 0x0000000082f00000| Untracked 
|  48|0x0000000083000000, 0x0000000083000000, 0x0000000083100000|  0%| F|  |TAMS 0x0000000083000000| PB 0x0000000083000000| Untracked 
|  49|0x0000000083100000, 0x0000000083100000, 0x0000000083200000|  0%| F|  |TAMS 0x0000000083100000| PB 0x0000000083100000| Untracked 
|  50|0x0000000083200000, 0x0000000083200000, 0x0000000083300000|  0%| F|  |TAMS 0x0000000083200000| PB 0x0000000083200000| Untracked 
|  51|0x0000000083300000, 0x0000000083300000, 0x0000000083400000|  0%| F|  |TAMS 0x0000000083300000| PB 0x0000000083300000| Untracked 
|  52|0x0000000083400000, 0x0000000083400000, 0x0000000083500000|  0%| F|  |TAMS 0x0000000083400000| PB 0x0000000083400000| Untracked 
|  53|0x0000000083500000, 0x0000000083500000, 0x0000000083600000|  0%| F|  |TAMS 0x0000000083500000| PB 0x0000000083500000| Untracked 
|  54|0x0000000083600000, 0x0000000083600000, 0x0000000083700000|  0%| F|  |TAMS 0x0000000083600000| PB 0x0000000083600000| Untracked 
|  55|0x0000000083700000, 0x0000000083700000, 0x0000000083800000|  0%| F|  |TAMS 0x0000000083700000| PB 0x0000000083700000| Untracked 
|  56|0x0000000083800000, 0x0000000083800000, 0x0000000083900000|  0%| F|  |TAMS 0x0000000083800000| PB 0x0000000083800000| Untracked 
|  57|0x0000000083900000, 0x0000000083900000, 0x0000000083a00000|  0%| F|  |TAMS 0x0000000083900000| PB 0x0000000083900000| Untracked 
|  58|0x0000000083a00000, 0x0000000083a00000, 0x0000000083b00000|  0%| F|  |TAMS 0x0000000083a00000| PB 0x0000000083a00000| Untracked 
|  59|0x0000000083b00000, 0x0000000083b00000, 0x0000000083c00000|  0%| F|  |TAMS 0x0000000083b00000| PB 0x0000000083b00000| Untracked 
|  60|0x0000000083c00000, 0x0000000083c00000, 0x0000000083d00000|  0%| F|  |TAMS 0x0000000083c00000| PB 0x0000000083c00000| Untracked 
|  61|0x0000000083d00000, 0x0000000083d00000, 0x0000000083e00000|  0%| F|  |TAMS 0x0000000083d00000| PB 0x0000000083d00000| Untracked 
|  62|0x0000000083e00000, 0x0000000083e00000, 0x0000000083f00000|  0%| F|  |TAMS 0x0000000083e00000| PB 0x0000000083e00000| Untracked 
|  63|0x0000000083f00000, 0x0000000083f00000, 0x0000000084000000|  0%| F|  |TAMS 0x0000000083f00000| PB 0x0000000083f00000| Untracked 
|  64|0x0000000084000000, 0x0000000084000000, 0x0000000084100000|  0%| F|  |TAMS 0x0000000084000000| PB 0x0000000084000000| Untracked 
|  65|0x0000000084100000, 0x0000000084100000, 0x0000000084200000|  0%| F|  |TAMS 0x0000000084100000| PB 0x0000000084100000| Untracked 
|  66|0x0000000084200000, 0x0000000084200000, 0x0000000084300000|  0%| F|  |TAMS 0x0000000084200000| PB 0x0000000084200000| Untracked 
|  67|0x0000000084300000, 0x0000000084300000, 0x0000000084400000|  0%| F|  |TAMS 0x0000000084300000| PB 0x0000000084300000| Untracked 
|  68|0x0000000084400000, 0x0000000084400000, 0x0000000084500000|  0%| F|  |TAMS 0x0000000084400000| PB 0x0000000084400000| Untracked 
|  69|0x0000000084500000, 0x0000000084500000, 0x0000000084600000|  0%| F|  |TAMS 0x0000000084500000| PB 0x0000000084500000| Untracked 
|  70|0x0000000084600000, 0x0000000084600000, 0x0000000084700000|  0%| F|  |TAMS 0x0000000084600000| PB 0x0000000084600000| Untracked 
|  71|0x0000000084700000, 0x0000000084700000, 0x0000000084800000|  0%| F|  |TAMS 0x0000000084700000| PB 0x0000000084700000| Untracked 
|  72|0x0000000084800000, 0x0000000084800000, 0x0000000084900000|  0%| F|  |TAMS 0x0000000084800000| PB 0x0000000084800000| Untracked 
|  73|0x0000000084900000, 0x0000000084900000, 0x0000000084a00000|  0%| F|  |TAMS 0x0000000084900000| PB 0x0000000084900000| Untracked 
|  74|0x0000000084a00000, 0x0000000084a00000, 0x0000000084b00000|  0%| F|  |TAMS 0x0000000084a00000| PB 0x0000000084a00000| Untracked 
|  75|0x0000000084b00000, 0x0000000084b00000, 0x0000000084c00000|  0%| F|  |TAMS 0x0000000084b00000| PB 0x0000000084b00000| Untracked 
|  76|0x0000000084c00000, 0x0000000084c00000, 0x0000000084d00000|  0%| F|  |TAMS 0x0000000084c00000| PB 0x0000000084c00000| Untracked 
|  77|0x0000000084d00000, 0x0000000084d00000, 0x0000000084e00000|  0%| F|  |TAMS 0x0000000084d00000| PB 0x0000000084d00000| Untracked 
|  78|0x0000000084e00000, 0x0000000084e00000, 0x0000000084f00000|  0%| F|  |TAMS 0x0000000084e00000| PB 0x0000000084e00000| Untracked 
|  79|0x0000000084f00000, 0x0000000084f00000, 0x0000000085000000|  0%| F|  |TAMS 0x0000000084f00000| PB 0x0000000084f00000| Untracked 
|  80|0x0000000085000000, 0x0000000085000000, 0x0000000085100000|  0%| F|  |TAMS 0x0000000085000000| PB 0x0000000085000000| Untracked 
|  81|0x0000000085100000, 0x0000000085100000, 0x0000000085200000|  0%| F|  |TAMS 0x0000000085100000| PB 0x0000000085100000| Untracked 
|  82|0x0000000085200000, 0x0000000085200000, 0x0000000085300000|  0%| F|  |TAMS 0x0000000085200000| PB 0x0000000085200000| Untracked 
|  83|0x0000000085300000, 0x0000000085300000, 0x0000000085400000|  0%| F|  |TAMS 0x0000000085300000| PB 0x0000000085300000| Untracked 
|  84|0x0000000085400000, 0x0000000085400000, 0x0000000085500000|  0%| F|  |TAMS 0x0000000085400000| PB 0x0000000085400000| Untracked 
|  85|0x0000000085500000, 0x0000000085500000, 0x0000000085600000|  0%| F|  |TAMS 0x0000000085500000| PB 0x0000000085500000| Untracked 
|  86|0x0000000085600000, 0x0000000085600000, 0x0000000085700000|  0%| F|  |TAMS 0x0000000085600000| PB 0x0000000085600000| Untracked 
|  87|0x0000000085700000, 0x0000000085700000, 0x0000000085800000|  0%| F|  |TAMS 0x0000000085700000| PB 0x0000000085700000| Untracked 
|  88|0x0000000085800000, 0x0000000085800000, 0x0000000085900000|  0%| F|  |TAMS 0x0000000085800000| PB 0x0000000085800000| Untracked 
|  89|0x0000000085900000, 0x0000000085900000, 0x0000000085a00000|  0%| F|  |TAMS 0x0000000085900000| PB 0x0000000085900000| Untracked 
|  90|0x0000000085a00000, 0x0000000085a00000, 0x0000000085b00000|  0%| F|  |TAMS 0x0000000085a00000| PB 0x0000000085a00000| Untracked 
|  91|0x0000000085b00000, 0x0000000085b00000, 0x0000000085c00000|  0%| F|  |TAMS 0x0000000085b00000| PB 0x0000000085b00000| Untracked 
|  92|0x0000000085c00000, 0x0000000085c00000, 0x0000000085d00000|  0%| F|  |TAMS 0x0000000085c00000| PB 0x0000000085c00000| Untracked 
|  93|0x0000000085d00000, 0x0000000085d00000, 0x0000000085e00000|  0%| F|  |TAMS 0x0000000085d00000| PB 0x0000000085d00000| Untracked 
|  94|0x0000000085e00000, 0x0000000085e00000, 0x0000000085f00000|  0%| F|  |TAMS 0x0000000085e00000| PB 0x0000000085e00000| Untracked 
|  95|0x0000000085f00000, 0x0000000085f00000, 0x0000000086000000|  0%| F|  |TAMS 0x0000000085f00000| PB 0x0000000085f00000| Untracked 
|  96|0x0000000086000000, 0x0000000086000000, 0x0000000086100000|  0%| F|  |TAMS 0x0000000086000000| PB 0x0000000086000000| Untracked 
|  97|0x0000000086100000, 0x0000000086100000, 0x0000000086200000|  0%| F|  |TAMS 0x0000000086100000| PB 0x0000000086100000| Untracked 
|  98|0x0000000086200000, 0x0000000086200000, 0x0000000086300000|  0%| F|  |TAMS 0x0000000086200000| PB 0x0000000086200000| Untracked 
|  99|0x0000000086300000, 0x0000000086300000, 0x0000000086400000|  0%| F|  |TAMS 0x0000000086300000| PB 0x0000000086300000| Untracked 
| 100|0x0000000086400000, 0x0000000086400000, 0x0000000086500000|  0%| F|  |TAMS 0x0000000086400000| PB 0x0000000086400000| Untracked 
| 101|0x0000000086500000, 0x0000000086500000, 0x0000000086600000|  0%| F|  |TAMS 0x0000000086500000| PB 0x0000000086500000| Untracked 
| 102|0x0000000086600000, 0x0000000086600000, 0x0000000086700000|  0%| F|  |TAMS 0x0000000086600000| PB 0x0000000086600000| Untracked 
| 103|0x0000000086700000, 0x0000000086700000, 0x0000000086800000|  0%| F|  |TAMS 0x0000000086700000| PB 0x0000000086700000| Untracked 
| 104|0x0000000086800000, 0x0000000086800000, 0x0000000086900000|  0%| F|  |TAMS 0x0000000086800000| PB 0x0000000086800000| Untracked 
| 105|0x0000000086900000, 0x0000000086900000, 0x0000000086a00000|  0%| F|  |TAMS 0x0000000086900000| PB 0x0000000086900000| Untracked 
| 106|0x0000000086a00000, 0x0000000086a00000, 0x0000000086b00000|  0%| F|  |TAMS 0x0000000086a00000| PB 0x0000000086a00000| Untracked 
| 107|0x0000000086b00000, 0x0000000086b00000, 0x0000000086c00000|  0%| F|  |TAMS 0x0000000086b00000| PB 0x0000000086b00000| Untracked 
| 108|0x0000000086c00000, 0x0000000086c00000, 0x0000000086d00000|  0%| F|  |TAMS 0x0000000086c00000| PB 0x0000000086c00000| Untracked 
| 109|0x0000000086d00000, 0x0000000086d00000, 0x0000000086e00000|  0%| F|  |TAMS 0x0000000086d00000| PB 0x0000000086d00000| Untracked 
| 110|0x0000000086e00000, 0x0000000086e00000, 0x0000000086f00000|  0%| F|  |TAMS 0x0000000086e00000| PB 0x0000000086e00000| Untracked 
| 111|0x0000000086f00000, 0x0000000086f00000, 0x0000000087000000|  0%| F|  |TAMS 0x0000000086f00000| PB 0x0000000086f00000| Untracked 
| 112|0x0000000087000000, 0x0000000087000000, 0x0000000087100000|  0%| F|  |TAMS 0x0000000087000000| PB 0x0000000087000000| Untracked 
| 113|0x0000000087100000, 0x0000000087200000, 0x0000000087200000|100%| S|CS|TAMS 0x0000000087100000| PB 0x0000000087100000| Complete 
| 114|0x0000000087200000, 0x0000000087300000, 0x0000000087300000|100%| S|CS|TAMS 0x0000000087200000| PB 0x0000000087200000| Complete 
| 115|0x0000000087300000, 0x0000000087300000, 0x0000000087400000|  0%| F|  |TAMS 0x0000000087300000| PB 0x0000000087300000| Untracked 
| 116|0x0000000087400000, 0x0000000087400000, 0x0000000087500000|  0%| F|  |TAMS 0x0000000087400000| PB 0x0000000087400000| Untracked 
| 117|0x0000000087500000, 0x0000000087500000, 0x0000000087600000|  0%| F|  |TAMS 0x0000000087500000| PB 0x0000000087500000| Untracked 
| 118|0x0000000087600000, 0x0000000087600000, 0x0000000087700000|  0%| F|  |TAMS 0x0000000087600000| PB 0x0000000087600000| Untracked 
| 119|0x0000000087700000, 0x0000000087700000, 0x0000000087800000|  0%| F|  |TAMS 0x0000000087700000| PB 0x0000000087700000| Untracked 
| 120|0x0000000087800000, 0x0000000087800000, 0x0000000087900000|  0%| F|  |TAMS 0x0000000087800000| PB 0x0000000087800000| Untracked 
| 121|0x0000000087900000, 0x0000000087900000, 0x0000000087a00000|  0%| F|  |TAMS 0x0000000087900000| PB 0x0000000087900000| Untracked 
| 122|0x0000000087a00000, 0x0000000087a00000, 0x0000000087b00000|  0%| F|  |TAMS 0x0000000087a00000| PB 0x0000000087a00000| Untracked 
| 123|0x0000000087b00000, 0x0000000087b00000, 0x0000000087c00000|  0%| F|  |TAMS 0x0000000087b00000| PB 0x0000000087b00000| Untracked 
| 124|0x0000000087c00000, 0x0000000087c00000, 0x0000000087d00000|  0%| F|  |TAMS 0x0000000087c00000| PB 0x0000000087c00000| Untracked 
| 125|0x0000000087d00000, 0x0000000087d00000, 0x0000000087e00000|  0%| F|  |TAMS 0x0000000087d00000| PB 0x0000000087d00000| Untracked 
| 126|0x0000000087e00000, 0x0000000087e38538, 0x0000000087f00000| 22%| E|  |TAMS 0x0000000087e00000| PB 0x0000000087e00000| Complete 
| 127|0x0000000087f00000, 0x0000000088000000, 0x0000000088000000|100%| E|CS|TAMS 0x0000000087f00000| PB 0x0000000087f00000| Complete 

Card table byte_map: [0x00000241fd070000,0x00000241fd470000] _byte_map_base: 0x00000241fcc70000

Marking Bits: (CMBitMap*) 0x00000241e9d45f20
 Bits: [0x00000241fd470000, 0x00000241ff470000)

Polling page: 0x00000241e7b80000

Metaspace:

Usage:
  Non-class:      4.17 MB used.
      Class:    606.82 KB used.
       Both:      4.76 MB used.

Virtual space:
  Non-class space:       64.00 MB reserved,       4.25 MB (  7%) committed,  1 nodes.
      Class space:        1.00 GB reserved,     704.00 KB ( <1%) committed,  1 nodes.
             Both:        1.06 GB reserved,       4.94 MB ( <1%) committed. 

Chunk freelists:
   Non-Class:  10.71 MB
       Class:  15.20 MB
        Both:  25.91 MB

MaxMetaspaceSize: unlimited
CompressedClassSpaceSize: 1.00 GB
Initial GC threshold: 21.00 MB
Current GC threshold: 21.00 MB
CDS: on
 - commit_granule_bytes: 65536.
 - commit_granule_words: 8192.
 - virtual_space_node_default_size: 8388608.
 - enlarge_chunks_in_place: 1.
 - use_allocation_guard: 0.


Internal statistics:

num_allocs_failed_limit: 0.
num_arena_births: 158.
num_arena_deaths: 0.
num_vsnodes_births: 2.
num_vsnodes_deaths: 0.
num_space_committed: 79.
num_space_uncommitted: 0.
num_chunks_returned_to_freelist: 0.
num_chunks_taken_from_freelist: 264.
num_chunk_merges: 0.
num_chunk_splits: 168.
num_chunks_enlarged: 80.
num_inconsistent_stats: 0.

CodeHeap 'non-profiled nmethods': size=120000Kb used=363Kb max_used=363Kb free=119636Kb
 bounds [0x00000241f5740000, 0x00000241f59b0000, 0x00000241fcc70000]
CodeHeap 'profiled nmethods': size=120000Kb used=1620Kb max_used=1620Kb free=118379Kb
 bounds [0x00000241edc70000, 0x00000241edee0000, 0x00000241f51a0000]
CodeHeap 'non-nmethods': size=5760Kb used=1468Kb max_used=1480Kb free=4291Kb
 bounds [0x00000241f51a0000, 0x00000241f5410000, 0x00000241f5740000]
 total_blobs=1444 nmethods=997 adapters=352
 compilation: enabled
              stopped_count=0, restarted_count=0
 full_count=0

Compilation events (20 events):
Event: 0.905 Thread 0x00000241ff9697a0  978       3       java.lang.invoke.LambdaForm$Name::<init> (19 bytes)
Event: 0.906 Thread 0x00000241ff9697a0 nmethod 978 0x00000241ede01490 code [0x00000241ede016c0, 0x00000241ede01d68]
Event: 0.907 Thread 0x00000241ff9697a0  983       3       java.lang.invoke.LambdaFormBuffer::ownedCount (7 bytes)
Event: 0.907 Thread 0x00000241ff968c20 nmethod 973 0x00000241f5798990 code [0x00000241f5798b20, 0x00000241f5798e70]
Event: 0.907 Thread 0x00000241ff9697a0 nmethod 983 0x00000241ede02090 code [0x00000241ede02220, 0x00000241ede02330]
Event: 0.907 Thread 0x00000241ff9697a0  984       3       jdk.internal.org.objectweb.asm.MethodWriter::visitFieldInsn (258 bytes)
Event: 0.908 Thread 0x00000241ffc45ea0 nmethod 974 0x00000241f5798f10 code [0x00000241f57990c0, 0x00000241f5799430]
Event: 0.909 Thread 0x00000241ff9697a0 nmethod 984 0x00000241ede02390 code [0x00000241ede02600, 0x00000241ede03138]
Event: 0.909 Thread 0x00000241ff9697a0  985       3       jdk.internal.org.objectweb.asm.SymbolTable::addConstantFieldref (10 bytes)
Event: 0.909 Thread 0x00000241ff9697a0 nmethod 985 0x00000241ede03590 code [0x00000241ede03740, 0x00000241ede03898]
Event: 0.909 Thread 0x00000241ff9697a0  989       3       java.lang.Long::<init> (10 bytes)
Event: 0.909 Thread 0x00000241ff9697a0 nmethod 989 0x00000241ede03990 code [0x00000241ede03b40, 0x00000241ede03d08]
Event: 0.910 Thread 0x00000241ff9697a0  994       3       sun.invoke.util.Wrapper::isDoubleWord (15 bytes)
Event: 0.910 Thread 0x00000241ff9697a0 nmethod 994 0x00000241ede03e10 code [0x00000241ede03fa0, 0x00000241ede04108]
Event: 0.910 Thread 0x00000241ff9697a0  995       3       java.lang.invoke.InvokerBytecodeGenerator::emitPushArguments (45 bytes)
Event: 0.911 Thread 0x00000241ff9697a0 nmethod 995 0x00000241ede04190 code [0x00000241ede04380, 0x00000241ede04900]
Event: 0.911 Thread 0x00000241ff9697a0  996       3       java.security.AccessController::doPrivileged (9 bytes)
Event: 0.911 Thread 0x00000241ff9697a0 nmethod 996 0x00000241ede04c10 code [0x00000241ede04de0, 0x00000241ede05118]
Event: 0.911 Thread 0x00000241ff9697a0  997       1       java.lang.reflect.Method::getDeclaringClass (5 bytes)
Event: 0.912 Thread 0x00000241ff9697a0 nmethod 997 0x00000241f579ab10 code [0x00000241f579aca0, 0x00000241f579ad68]

GC Heap History (2 events):
Event: 0.851 GC heap before
{Heap before GC invocations=0 (full 0):
 garbage-first heap   total 131072K, used 16384K [0x0000000080000000, 0x0000000100000000)
  region size 1024K, 13 young (13312K), 0 survivors (0K)
 Metaspace       used 4258K, committed 4480K, reserved 1114112K
  class space    used 538K, committed 640K, reserved 1048576K
}
Event: 0.858 GC heap after
{Heap after GC invocations=1 (full 0):
 garbage-first heap   total 131072K, used 8063K [0x0000000080000000, 0x0000000100000000)
  region size 1024K, 2 young (2048K), 2 survivors (2048K)
 Metaspace       used 4258K, committed 4480K, reserved 1114112K
  class space    used 538K, committed 640K, reserved 1048576K
}

Dll operation events (2 events):
Event: 0.017 Loaded shared library C:\Program Files\JetBrains\IntelliJ IDEA 2024.3.4.1\jbr\bin\java.dll
Event: 0.062 Loaded shared library C:\Program Files\JetBrains\IntelliJ IDEA 2024.3.4.1\jbr\bin\zip.dll

Deoptimization events (20 events):
Event: 0.712 Thread 0x00000241e7abc570 DEOPT PACKING pc=0x00000241f5770c0c sp=0x0000004790ffe3e0
Event: 0.712 Thread 0x00000241e7abc570 DEOPT UNPACKING pc=0x00000241f51f7da2 sp=0x0000004790ffe348 mode 2
Event: 0.728 Thread 0x00000241e7abc570 Uncommon trap: trap_request=0xffffffde fr.pc=0x00000241f5770c0c relative=0x000000000000032c
Event: 0.728 Thread 0x00000241e7abc570 Uncommon trap: reason=class_check action=maybe_recompile pc=0x00000241f5770c0c method=java.util.HashMap.getNode(Ljava/lang/Object;)Ljava/util/HashMap$Node; @ 63 c2
Event: 0.728 Thread 0x00000241e7abc570 DEOPT PACKING pc=0x00000241f5770c0c sp=0x0000004790ffe020
Event: 0.728 Thread 0x00000241e7abc570 DEOPT UNPACKING pc=0x00000241f51f7da2 sp=0x0000004790ffdf88 mode 2
Event: 0.731 Thread 0x00000241e7abc570 Uncommon trap: trap_request=0xffffff45 fr.pc=0x00000241f5767d54 relative=0x0000000000000294
Event: 0.731 Thread 0x00000241e7abc570 Uncommon trap: reason=unstable_if action=reinterpret pc=0x00000241f5767d54 method=java.util.concurrent.ConcurrentHashMap.get(Ljava/lang/Object;)Ljava/lang/Object; @ 76 c2
Event: 0.731 Thread 0x00000241e7abc570 DEOPT PACKING pc=0x00000241f5767d54 sp=0x0000004790ffd690
Event: 0.731 Thread 0x00000241e7abc570 DEOPT UNPACKING pc=0x00000241f51f7da2 sp=0x0000004790ffd608 mode 2
Event: 0.817 Thread 0x00000241e7abc570 Uncommon trap: trap_request=0xffffff45 fr.pc=0x00000241f5774c80 relative=0x0000000000000c60
Event: 0.817 Thread 0x00000241e7abc570 Uncommon trap: reason=unstable_if action=reinterpret pc=0x00000241f5774c80 method=java.security.Provider$ServiceKey.<init>(Ljava/lang/String;Ljava/lang/String;Z)V @ 24 c2
Event: 0.817 Thread 0x00000241e7abc570 DEOPT PACKING pc=0x00000241f5774c80 sp=0x0000004790ffe260
Event: 0.817 Thread 0x00000241e7abc570 DEOPT UNPACKING pc=0x00000241f51f7da2 sp=0x0000004790ffe268 mode 2
Event: 0.839 Thread 0x00000241e7abc570 DEOPT PACKING pc=0x00000241edd121ea sp=0x0000004790ffcec0
Event: 0.839 Thread 0x00000241e7abc570 DEOPT UNPACKING pc=0x00000241f51f88e2 sp=0x0000004790ffc2f8 mode 0
Event: 0.890 Thread 0x00000241e7abc570 Uncommon trap: trap_request=0xffffff6e fr.pc=0x00000241f575d2a4 relative=0x0000000000000184
Event: 0.890 Thread 0x00000241e7abc570 Uncommon trap: reason=loop_limit_check action=maybe_recompile pc=0x00000241f575d2a4 method=java.lang.StringLatin1.lastIndexOf([BII)I @ 19 c2
Event: 0.890 Thread 0x00000241e7abc570 DEOPT PACKING pc=0x00000241f575d2a4 sp=0x0000004790ffe1d0
Event: 0.890 Thread 0x00000241e7abc570 DEOPT UNPACKING pc=0x00000241f51f7da2 sp=0x0000004790ffe150 mode 2

Classes loaded (20 events):
Event: 0.903 Loading class sun/net/NetHooks done
Event: 0.903 Loading class sun/rmi/runtime/NewThreadAction
Event: 0.904 Loading class sun/rmi/runtime/NewThreadAction done
Event: 0.904 Loading class sun/rmi/runtime/NewThreadAction$1
Event: 0.904 Loading class sun/rmi/runtime/NewThreadAction$1 done
Event: 0.904 Loading class sun/rmi/runtime/NewThreadAction$2
Event: 0.904 Loading class sun/rmi/runtime/NewThreadAction$2 done
Event: 0.904 Loading class sun/rmi/transport/tcp/TCPTransport$AcceptLoop
Event: 0.904 Loading class sun/rmi/transport/tcp/TCPTransport$AcceptLoop done
Event: 0.911 Loading class sun/rmi/server/WeakClassHashMap$ValueCell
Event: 0.911 Loading class sun/rmi/server/WeakClassHashMap$ValueCell done
Event: 0.911 Loading class java/rmi/AccessException
Event: 0.911 Loading class java/net/Socket
Event: 0.911 Loading class java/rmi/AccessException done
Event: 0.911 Loading class java/rmi/NotBoundException
Event: 0.911 Loading class java/rmi/NotBoundException done
Event: 0.911 Loading class java/rmi/AlreadyBoundException
Event: 0.911 Loading class java/rmi/AlreadyBoundException done
Event: 0.911 Loading class sun/rmi/server/UnicastServerRef$HashToMethod_Maps$1
Event: 0.912 Loading class sun/rmi/server/UnicastServerRef$HashToMethod_Maps$1 done

Classes unloaded (0 events):
No events

Classes redefined (0 events):
No events

Internal exceptions (20 events):
Event: 0.666 Thread 0x00000241e7abc570 Exception <a 'java/lang/NoSuchMethodError'{0x00000000874237e8}: 'int java.lang.invoke.DirectMethodHandle$Holder.invokeStaticInit(java.lang.Object, long, long)'> (0x00000000874237e8) 
thrown [s\src\hotspot\share\interpreter\linkResolver.cpp, line 784]
Event: 0.667 Thread 0x00000241e7abc570 Exception <a 'java/lang/NoSuchMethodError'{0x000000008742a280}: 'int java.lang.invoke.DirectMethodHandle$Holder.invokeStaticInit(java.lang.Object, float, float)'> (0x000000008742a280) 
thrown [s\src\hotspot\share\interpreter\linkResolver.cpp, line 784]
Event: 0.668 Thread 0x00000241e7abc570 Exception <a 'java/lang/NoSuchMethodError'{0x0000000087430d10}: 'int java.lang.invoke.DirectMethodHandle$Holder.invokeStaticInit(java.lang.Object, double, double)'> (0x0000000087430d10) 
thrown [s\src\hotspot\share\interpreter\linkResolver.cpp, line 784]
Event: 0.670 Thread 0x00000241e7abc570 Exception <a 'java/lang/NoSuchMethodError'{0x0000000087435400}: 'int java.lang.invoke.DirectMethodHandle$Holder.invokeStatic(java.lang.Object, long)'> (0x0000000087435400) 
thrown [s\src\hotspot\share\interpreter\linkResolver.cpp, line 784]
Event: 0.675 Thread 0x00000241e7abc570 Exception <a 'java/lang/NoSuchMethodError'{0x0000000087458260}: 'int java.lang.invoke.Invokers$Holder.linkToTargetMethod(java.lang.Object, java.lang.Object)'> (0x0000000087458260) 
thrown [s\src\hotspot\share\interpreter\linkResolver.cpp, line 784]
Event: 0.719 Thread 0x00000241e7abc570 Exception <a 'java/lang/NoSuchMethodError'{0x00000000874c5ca8}: 'java.lang.Object java.lang.invoke.DirectMethodHandle$Holder.invokeSpecial(java.lang.Object, java.lang.Object, int, java.lang.Object, java.lang.Object)'> (0x00000000874c5ca8) 
thrown [s\src\hotspot\share\interpreter\linkResolver.cpp, line 784]
Event: 0.720 Thread 0x00000241e7abc570 Exception <a 'java/lang/NoSuchMethodError'{0x00000000874c9880}: 'java.lang.Object java.lang.invoke.DelegatingMethodHandle$Holder.delegate(java.lang.Object, int, java.lang.Object, java.lang.Object)'> (0x00000000874c9880) 
thrown [s\src\hotspot\share\interpreter\linkResolver.cpp, line 784]
Event: 0.723 Thread 0x00000241e7abc570 Exception <a 'java/lang/NoSuchMethodError'{0x00000000874d8c38}: 'int java.lang.invoke.Invokers$Holder.linkToTargetMethod(java.lang.Object, java.lang.Object, java.lang.Object)'> (0x00000000874d8c38) 
thrown [s\src\hotspot\share\interpreter\linkResolver.cpp, line 784]
Event: 0.737 Thread 0x00000241e7abc570 Exception <a 'java/lang/NoSuchMethodError'{0x00000000874f7590}: 'java.lang.Object java.lang.invoke.DirectMethodHandle$Holder.invokeInterface(java.lang.Object, java.lang.Object)'> (0x00000000874f7590) 
thrown [s\src\hotspot\share\interpreter\linkResolver.cpp, line 784]
Event: 0.745 Thread 0x00000241e7abc570 Exception <a 'java/lang/NoSuchMethodError'{0x000000008730b438}: 'java.lang.Object java.lang.invoke.Invokers$Holder.invoke_MT(java.lang.Object, java.lang.Object, java.lang.Object, java.lang.Object, java.lang.Object, java.lang.Object, java.lang.Object, java.lang.Object, java.lang.Object, java.lang.Object)'> (0x000000008730b438) 
thrown [s\src\hotspot\share\interpreter\linkResolver.cpp, line 784]
Event: 0.751 Thread 0x00000241e7abc570 Exception <a 'java/lang/NoSuchMethodError'{0x0000000087326da0}: 'java.lang.Object java.lang.invoke.Invokers$Holder.invoke_MT(java.lang.Object, java.lang.Object, java.lang.Object, java.lang.Object, java.lang.Object)'> (0x0000000087326da0) 
thrown [s\src\hotspot\share\interpreter\linkResolver.cpp, line 784]
Event: 0.754 Thread 0x00000241e7abc570 Exception <a 'java/lang/NoSuchMethodError'{0x000000008732e8f8}: 'void java.lang.invoke.DirectMethodHandle$Holder.invokeStaticInit(java.lang.Object, java.lang.Object)'> (0x000000008732e8f8) 
thrown [s\src\hotspot\share\interpreter\linkResolver.cpp, line 784]
Event: 0.763 Thread 0x00000241e7abc570 Exception <a 'java/lang/NoSuchMethodError'{0x000000008734bef8}: 'void java.lang.invoke.DirectMethodHandle$Holder.invokeInterface(java.lang.Object, java.lang.Object, java.lang.Object)'> (0x000000008734bef8) 
thrown [s\src\hotspot\share\interpreter\linkResolver.cpp, line 784]
Event: 0.763 Thread 0x00000241e7abc570 Exception <a 'java/lang/IncompatibleClassChangeError'{0x000000008734f338}: Found class java.lang.Object, but interface was expected> (0x000000008734f338) 
thrown [s\src\hotspot\share\interpreter\linkResolver.cpp, line 851]
Event: 0.764 Thread 0x00000241e7abc570 Exception <a 'java/lang/IncompatibleClassChangeError'{0x0000000087351b50}: Found class java.lang.Object, but interface was expected> (0x0000000087351b50) 
thrown [s\src\hotspot\share\interpreter\linkResolver.cpp, line 851]
Event: 0.765 Thread 0x00000241e7abc570 Exception <a 'java/lang/IncompatibleClassChangeError'{0x0000000087353b38}: Found class java.lang.Object, but interface was expected> (0x0000000087353b38) 
thrown [s\src\hotspot\share\interpreter\linkResolver.cpp, line 851]
Event: 0.765 Thread 0x00000241e7abc570 Exception <a 'java/lang/IncompatibleClassChangeError'{0x0000000087355be0}: Found class java.lang.Object, but interface was expected> (0x0000000087355be0) 
thrown [s\src\hotspot\share\interpreter\linkResolver.cpp, line 851]
Event: 0.766 Thread 0x00000241e7abc570 Exception <a 'java/lang/IncompatibleClassChangeError'{0x0000000087357910}: Found class java.lang.Object, but interface was expected> (0x0000000087357910) 
thrown [s\src\hotspot\share\interpreter\linkResolver.cpp, line 851]
Event: 0.820 Thread 0x00000241e7abc570 Exception <a 'java/lang/NoSuchMethodError'{0x00000000873bb948}: 'java.lang.Object java.lang.invoke.DirectMethodHandle$Holder.invokeStaticInit(java.lang.Object, int, int, int, int)'> (0x00000000873bb948) 
thrown [s\src\hotspot\share\interpreter\linkResolver.cpp, line 784]
Event: 0.868 Thread 0x00000241e7abc570 Exception <a 'java/lang/NoSuchMethodError'{0x0000000087fb75b0}: 'java.lang.Object java.lang.invoke.DirectMethodHandle$Holder.invokeStaticInit(java.lang.Object, java.lang.Object, int, int, int, int)'> (0x0000000087fb75b0) 
thrown [s\src\hotspot\share\interpreter\linkResolver.cpp, line 784]

ZGC Phase Switch (0 events):
No events

VM Operations (8 events):
Event: 0.206 Executing VM operation: HandshakeAllThreads (Deoptimize)
Event: 0.206 Executing VM operation: HandshakeAllThreads (Deoptimize) done
Event: 0.616 Executing VM operation: HandshakeAllThreads (Deoptimize)
Event: 0.616 Executing VM operation: HandshakeAllThreads (Deoptimize) done
Event: 0.638 Executing VM operation: HandshakeAllThreads (Deoptimize)
Event: 0.638 Executing VM operation: HandshakeAllThreads (Deoptimize) done
Event: 0.851 Executing VM operation: G1CollectForAllocation (G1 Evacuation Pause)
Event: 0.858 Executing VM operation: G1CollectForAllocation (G1 Evacuation Pause) done

Memory protections (0 events):
No events

Nmethod flushes (0 events):
No events

Events (19 events):
Event: 0.043 Thread 0x00000241e7abc570 Thread added: 0x00000241e7abc570
Event: 0.072 Thread 0x00000241e7abc570 Thread added: 0x00000241ff961350
Event: 0.073 Thread 0x00000241e7abc570 Thread added: 0x00000241ff962090
Event: 0.074 Thread 0x00000241e7abc570 Thread added: 0x00000241ff965bf0
Event: 0.074 Thread 0x00000241e7abc570 Thread added: 0x00000241ff966730
Event: 0.075 Thread 0x00000241e7abc570 Thread added: 0x00000241ff967270
Event: 0.075 Thread 0x00000241e7abc570 Thread added: 0x00000241ff967db0
Event: 0.075 Thread 0x00000241e7abc570 Thread added: 0x00000241ff968c20
Event: 0.075 Thread 0x00000241e7abc570 Thread added: 0x00000241ff9697a0
Event: 0.138 Thread 0x00000241e7abc570 Thread added: 0x00000241ffbf9110
Event: 0.144 Thread 0x00000241e7abc570 Thread added: 0x00000241ffc01d30
Event: 0.155 Loaded shared library C:\Program Files\JetBrains\IntelliJ IDEA 2024.3.4.1\jbr\bin\net.dll
Event: 0.158 Loaded shared library C:\Program Files\JetBrains\IntelliJ IDEA 2024.3.4.1\jbr\bin\nio.dll
Event: 0.188 Thread 0x00000241ff968c20 Thread added: 0x00000241ffc45ea0
Event: 0.208 Loaded shared library C:\Program Files\JetBrains\IntelliJ IDEA 2024.3.4.1\jbr\bin\zip.dll
Event: 0.286 Loaded shared library C:\Program Files\JetBrains\IntelliJ IDEA 2024.3.4.1\jbr\bin\jimage.dll
Event: 0.617 Thread 0x00000241e7abc570 Thread added: 0x00000241c7217ce0
Event: 0.900 Loaded shared library C:\Program Files\JetBrains\IntelliJ IDEA 2024.3.4.1\jbr\bin\extnet.dll
Event: 0.911 Thread 0x00000241e7abc570 Thread added: 0x00000241c731efe0


Dynamic libraries:
0x00007ff6972b0000 - 0x00007ff6972ba000 	C:\Program Files\JetBrains\IntelliJ IDEA 2024.3.4.1\jbr\bin\java.exe
0x00007ffced370000 - 0x00007ffced568000 	C:\Windows\SYSTEM32\ntdll.dll
0x00007ffcebaa0000 - 0x00007ffcebb5f000 	C:\Windows\System32\KERNEL32.DLL
0x00007ffceab40000 - 0x00007ffceae12000 	C:\Windows\System32\KERNELBASE.dll
0x00007ffceb060000 - 0x00007ffceb160000 	C:\Windows\System32\ucrtbase.dll
0x00007ffcd2ae0000 - 0x00007ffcd2af8000 	C:\Program Files\JetBrains\IntelliJ IDEA 2024.3.4.1\jbr\bin\jli.dll
0x00007ffce0660000 - 0x00007ffce067b000 	C:\Program Files\JetBrains\IntelliJ IDEA 2024.3.4.1\jbr\bin\VCRUNTIME140.dll
0x00007ffcebd90000 - 0x00007ffcebf31000 	C:\Windows\System32\USER32.dll
0x00007ffceb380000 - 0x00007ffceb3a2000 	C:\Windows\System32\win32u.dll
0x00007ffceb4f0000 - 0x00007ffceb51b000 	C:\Windows\System32\GDI32.dll
0x00007ffceae20000 - 0x00007ffceaf2f000 	C:\Windows\System32\gdi32full.dll
0x00007ffcd37f0000 - 0x00007ffcd3a8a000 	C:\Windows\WinSxS\amd64_microsoft.windows.common-controls_6595b64144ccf1df_6.0.19041.1110_none_60b5254171f9507e\COMCTL32.dll
0x00007ffceafc0000 - 0x00007ffceb05d000 	C:\Windows\System32\msvcp_win.dll
0x00007ffcec470000 - 0x00007ffcec50e000 	C:\Windows\System32\msvcrt.dll
0x00007ffcec420000 - 0x00007ffcec452000 	C:\Windows\System32\IMM32.DLL
0x00000000645d0000 - 0x00000000645dc000 	C:\Program Files (x86)\360\Total Security\safemon\SafeWrapper.dll
0x00007ffced160000 - 0x00007ffced20e000 	C:\Windows\System32\ADVAPI32.dll
0x00007ffcebb60000 - 0x00007ffcebbfc000 	C:\Windows\System32\sechost.dll
0x00007ffceb520000 - 0x00007ffceb645000 	C:\Windows\System32\RPCRT4.dll
0x00007ffcb4640000 - 0x00007ffcb46ec000 	C:\Program Files (x86)\360\Total Security\safemon\libzdtp64.dll
0x00007ffcec750000 - 0x00007ffcece95000 	C:\Windows\System32\SHELL32.dll
0x00007ffcecea0000 - 0x00007ffcecef5000 	C:\Windows\System32\SHLWAPI.dll
0x00007ffcea510000 - 0x00007ffcea51a000 	C:\Windows\SYSTEM32\VERSION.dll
0x00007ffcdf8c0000 - 0x00007ffcdf8cc000 	C:\Program Files\JetBrains\IntelliJ IDEA 2024.3.4.1\jbr\bin\vcruntime140_1.dll
0x00007ffc95950000 - 0x00007ffc959dd000 	C:\Program Files\JetBrains\IntelliJ IDEA 2024.3.4.1\jbr\bin\msvcp140.dll
0x00007ffc75f70000 - 0x00007ffc76d31000 	C:\Program Files\JetBrains\IntelliJ IDEA 2024.3.4.1\jbr\bin\server\jvm.dll
0x00007ffcebf40000 - 0x00007ffcebfab000 	C:\Windows\System32\WS2_32.dll
0x00007ffcea8d0000 - 0x00007ffcea91b000 	C:\Windows\SYSTEM32\POWRPROF.dll
0x00007ffcd2200000 - 0x00007ffcd2227000 	C:\Windows\SYSTEM32\WINMM.dll
0x00007ffcea8b0000 - 0x00007ffcea8c2000 	C:\Windows\SYSTEM32\UMPDC.dll
0x00007ffce9240000 - 0x00007ffce9252000 	C:\Windows\SYSTEM32\kernel.appcore.dll
0x00007ffcdf8b0000 - 0x00007ffcdf8ba000 	C:\Program Files\JetBrains\IntelliJ IDEA 2024.3.4.1\jbr\bin\jimage.dll
0x00007ffce4d70000 - 0x00007ffce4f54000 	C:\Windows\SYSTEM32\DBGHELP.DLL
0x00007ffccd450000 - 0x00007ffccd485000 	C:\Windows\SYSTEM32\dbgcore.DLL
0x00007ffceaf30000 - 0x00007ffceafb2000 	C:\Windows\System32\bcryptPrimitives.dll
0x00007ffcd4500000 - 0x00007ffcd4520000 	C:\Program Files\JetBrains\IntelliJ IDEA 2024.3.4.1\jbr\bin\java.dll
0x00007ffce8a60000 - 0x00007ffce91f2000 	C:\Windows\SYSTEM32\windows.storage.dll
0x00007ffceb740000 - 0x00007ffceba95000 	C:\Windows\System32\combase.dll
0x00007ffcea370000 - 0x00007ffcea3a0000 	C:\Windows\SYSTEM32\Wldp.dll
0x00007ffced210000 - 0x00007ffced2bd000 	C:\Windows\System32\SHCORE.dll
0x00007ffcea9a0000 - 0x00007ffcea9bf000 	C:\Windows\SYSTEM32\profapi.dll
0x00007ffcd23b0000 - 0x00007ffcd23c8000 	C:\Program Files\JetBrains\IntelliJ IDEA 2024.3.4.1\jbr\bin\zip.dll
0x00007ffcde650000 - 0x00007ffcde660000 	C:\Program Files\JetBrains\IntelliJ IDEA 2024.3.4.1\jbr\bin\net.dll
0x00007ffcdcbb0000 - 0x00007ffcdccbc000 	C:\Windows\SYSTEM32\WINHTTP.dll
0x00007ffcea0d0000 - 0x00007ffcea13a000 	C:\Windows\system32\mswsock.dll
0x00007ffccbcc0000 - 0x00007ffccbcd6000 	C:\Program Files\JetBrains\IntelliJ IDEA 2024.3.4.1\jbr\bin\nio.dll
0x00007ffce9dc0000 - 0x00007ffce9dfb000 	C:\Windows\SYSTEM32\IPHLPAPI.DLL
0x00007ffced2c0000 - 0x00007ffced2c8000 	C:\Windows\System32\NSI.dll
0x00007ffcea2c0000 - 0x00007ffcea2d8000 	C:\Windows\SYSTEM32\CRYPTSP.dll
0x00007ffce99f0000 - 0x00007ffce9a24000 	C:\Windows\system32\rsaenh.dll
0x00007ffceaa60000 - 0x00007ffceaa87000 	C:\Windows\System32\bcrypt.dll
0x00007ffcea920000 - 0x00007ffcea94e000 	C:\Windows\SYSTEM32\USERENV.dll
0x00007ffcea2e0000 - 0x00007ffcea2ec000 	C:\Windows\SYSTEM32\CRYPTBASE.dll
0x00007ffcd2920000 - 0x00007ffcd2929000 	C:\Program Files\JetBrains\IntelliJ IDEA 2024.3.4.1\jbr\bin\extnet.dll

dbghelp: loaded successfully - version: 4.0.5 - missing functions: none
symbol engine: initialized successfully - sym options: 0x614 - pdb path: .;C:\Program Files\JetBrains\IntelliJ IDEA 2024.3.4.1\jbr\bin;C:\Windows\SYSTEM32;C:\Windows\WinSxS\amd64_microsoft.windows.common-controls_6595b64144ccf1df_6.0.19041.1110_none_60b5254171f9507e;C:\Program Files (x86)\360\Total Security\safemon;C:\Program Files\JetBrains\IntelliJ IDEA 2024.3.4.1\jbr\bin\server

VM Arguments:
jvm_args: -Djava.rmi.server.hostname=127.0.0.1 -Duser.timezone=UTC -Xmx2048m -Xms128m -Djdbc.classpath=C:\Users\User\AppData\Local\Temp\RemoteDriver12349.classpath.txt --add-exports=java.desktop/sun.awt=ALL-UNNAMED --add-exports=java.desktop/java.awt.peer=ALL-UNNAMED --add-opens=java.desktop/java.awt=ALL-UNNAMED --add-opens=jdk.unsupported/sun.misc=ALL-UNNAMED --add-opens=java.base/java.nio=ALL-UNNAMED --add-opens=java.base/java.util=ALL-UNNAMED -Dfile.encoding=UTF-8 -Dsun.stdout.encoding=UTF-8 -Dsun.stderr.encoding=UTF-8 
java_command: com.intellij.database.remote.RemoteJdbcServer com.mysql.cj.jdbc.Driver
java_class_path (initial): C:\Program Files\JetBrains\IntelliJ IDEA 2024.3.4.1\lib\util_rt.jar;C:\Program Files\JetBrains\IntelliJ IDEA 2024.3.4.1\lib\util-8.jar;C:\Program Files\JetBrains\IntelliJ IDEA 2024.3.4.1\lib\groovy.jar;C:\Program Files\JetBrains\IntelliJ IDEA 2024.3.4.1\plugins\DatabaseTools\lib\jdbc-console.jar;C:\Program Files\JetBrains\IntelliJ IDEA 2024.3.4.1\plugins\grid-core-impl\lib\jdbc-console-types.jar;C:\Program Files\JetBrains\IntelliJ IDEA 2024.3.4.1\lib\util.jar;C:\Program Files\JetBrains\IntelliJ IDEA 2024.3.4.1\lib\bouncy-castle.jar
Launcher Type: SUN_STANDARD

[Global flags]
     intx CICompilerCount                          = 3                                         {product} {ergonomic}
     uint ConcGCThreads                            = 1                                         {product} {ergonomic}
     uint G1ConcRefinementThreads                  = 4                                         {product} {ergonomic}
   size_t G1HeapRegionSize                         = 1048576                                   {product} {ergonomic}
    uintx GCDrainStackTargetSize                   = 64                                        {product} {ergonomic}
   size_t InitialHeapSize                          = 134217728                                 {product} {command line}
   size_t MarkStackSize                            = 4194304                                   {product} {ergonomic}
   size_t MaxHeapSize                              = 2147483648                                {product} {command line}
   size_t MaxNewSize                               = 1287651328                                {product} {ergonomic}
   size_t MinHeapDeltaBytes                        = 1048576                                   {product} {ergonomic}
   size_t MinHeapSize                              = 134217728                                 {product} {command line}
    uintx NonNMethodCodeHeapSize                   = 5832780                                {pd product} {ergonomic}
    uintx NonProfiledCodeHeapSize                  = 122912730                              {pd product} {ergonomic}
    uintx ProfiledCodeHeapSize                     = 122912730                              {pd product} {ergonomic}
    uintx ReservedCodeCacheSize                    = 251658240                              {pd product} {ergonomic}
     bool SegmentedCodeCache                       = true                                      {product} {ergonomic}
   size_t SoftMaxHeapSize                          = 2147483648                             {manageable} {ergonomic}
     bool UseCompressedOops                        = true                           {product lp64_product} {ergonomic}
     bool UseG1GC                                  = true                                      {product} {ergonomic}
     bool UseLargePagesIndividualAllocation        = false                                  {pd product} {ergonomic}

Logging:
Log output configuration:
 #0: stdout all=warning uptime,level,tags foldmultilines=false
 #1: stderr all=off uptime,level,tags foldmultilines=false

Environment Variables:
JAVA_HOME=C:\JAVA\jdk-23.0.1
PATH=C:\Program Files (x86)\Common Files\Intel\Shared Files\cpp\bin\Intel64;C:\Windows\system32;C:\Windows;C:\Windows\System32\Wbem;C:\Windows\System32\WindowsPowerShell\v1.0\;C:\Windows\System32\OpenSSH\;C:\Program Files\WireGuard\;C:\Users\User\Desktop\matlabfolder\runtime\win64;C:\Users\User\Desktop\matlabfolder\bin;C:\JAVA\jdk-23.0.1\bin;C:\Program Files\dotnet\;C:\Program Files\Git\cmd;C:\JAVA\apache-maven-3.9.9\bin;C:\Users\User\AppData\Local\Microsoft\WindowsApps;C:\JAVA\jdk-23.0.1\bin;;C:\Program Files\JetBrains\IntelliJ IDEA Community Edition 2024.3\bin;;C:\Users\User\.dotnet\tools
USERNAME=User
OS=Windows_NT
PROCESSOR_IDENTIFIER=Intel64 Family 6 Model 126 Stepping 5, GenuineIntel
TMP=C:\Users\User\AppData\Local\Temp
TEMP=C:\Users\User\AppData\Local\Temp




Periodic native trim disabled

JNI global refs:
JNI global refs: 16, weak refs: 0

JNI global refs memory usage: 835, weak refs: 201

Process memory usage:
Resident Set Size: 73108K (0% of 8123428K total physical memory with 783548K free physical memory)

OOME stack traces (most recent first):
Classloader memory used:
Loader bootstrap                                                                       : 3484K
Loader jdk.internal.loader.ClassLoaders$AppClassLoader                                 : 1304K
Loader jdk.internal.loader.ClassLoaders$PlatformClassLoader                            : 50464B
Loader com.intellij.database.remote.jdbc.impl.JdbcClassLoader$JdbcClassLoaderImpl      : 36448B

---------------  S Y S T E M  ---------------

OS:
 Windows 10 , 64 bit Build 19041 (10.0.19041.2546)
OS uptime: 0 days 2:03 hours

CPU: total 4 (initial active 4) (2 cores per cpu, 2 threads per core) family 6 model 126 stepping 5 microcode 0xa0, cx8, cmov, fxsr, ht, mmx, 3dnowpref, sse, sse2, sse3, ssse3, sse4.1, sse4.2, popcnt, lzcnt, tsc, tscinvbit, avx, avx2, aes, erms, clmul, bmi1, bmi2, adx, avx512f, avx512dq, avx512cd, avx512bw, avx512vl, sha, fma, vzeroupper, avx512_vpopcntdq, avx512_vpclmulqdq, avx512_vaes, avx512_vnni, clflush, clflushopt, avx512_vbmi2, avx512_vbmi, rdtscp, rdpid, fsrm, gfni, avx512_bitalg, f16c, pku, avx512_ifma
Processor Information for the first 4 processors :
  Max Mhz: 1190, Current Mhz: 1190, Mhz Limit: 1190

Memory: 4k page, system-wide physical 7933M (765M free)
TotalPageFile size 9981M (AvailPageFile size 4M)
current process WorkingSet (physical memory assigned to process): 71M, peak: 71M
current process commit charge ("private bytes"): 211M, peak: 212M

vm_info: OpenJDK 64-Bit Server VM (21.0.6+8-b631.39) for windows-amd64 JRE (21.0.6+8-b631.39), built on 2025-02-04 by "builduser" with MS VC++ 16.10 / 16.11 (VS2019)

END.
