#
# There is insufficient memory for the Java Runtime Environment to continue.
# Native memory allocation (malloc) failed to allocate 32744 bytes. Error detail: Chunk::new
# Possible reasons:
#   The system is out of physical RAM or swap space
#   This process is running with CompressedOops enabled, and the Java Heap may be blocking the growth of the native heap
# Possible solutions:
#   Reduce memory load on the system
#   Increase physical memory or swap space
#   Check if swap backing store is full
#   Decrease Java heap size (-Xmx/-Xms)
#   Decrease number of Java threads
#   Decrease Java thread stack sizes (-Xss)
#   Set larger code cache with -XX:ReservedCodeCacheSize=
#   JVM is running with Unscaled Compressed Oops mode in which the Java heap is
#     placed in the first 4GB address space. The Java Heap base address is the
#     maximum limit for the native heap growth. Please use -XX:HeapBaseMinAddress
#     to set the Java Heap base and to place the Java Heap above 4GB virtual address.
# This output file may be truncated or incomplete.
#
#  Out of Memory Error (arena.cpp:149), pid=2720, tid=16016
#
# JRE version: OpenJDK Runtime Environment (23.0+37) (build 23+37-2369)
# Java VM: OpenJDK 64-Bit Server VM (23+37-2369, mixed mode, sharing, tiered, compressed oops, compressed class ptrs, g1 gc, windows-amd64)
# No core dump will be written. Minidumps are not enabled by default on client versions of Windows
#

---------------  S U M M A R Y ------------

Command Line: -ea -Didea.test.cyclic.buffer.size=1048576 -javaagent:C:\Program Files\JetBrains\IntelliJ IDEA 2024.3.4.1\lib\idea_rt.jar=55886 -javaagent:C:\Users\User\AppData\Local\JetBrains\IntelliJIdea2024.3\captureAgent\debugger-agent.jar -Dkotlinx.coroutines.debug.enable.creation.stack.trace=false -Ddebugger.agent.enable.coroutines=true -Dkotlinx.coroutines.debug.enable.flows.stack.trace=true -Dkotlinx.coroutines.debug.enable.mutable.state.flows.stack.trace=true -Dfile.encoding=UTF-8 -Dsun.stdout.encoding=UTF-8 -Dsun.stderr.encoding=UTF-8 com.intellij.rt.junit.JUnitStarter -ideVersion5 -junit4 UserServiceTest

Host: Intel(R) Core(TM) i3-1005G1 CPU @ 1.20GHz, 4 cores, 7G,  Windows 10 , 64 bit Build 19041 (10.0.19041.2546)
Time: Fri Mar 14 17:59:04 2025 RTZ 2 (s 10 , 64 bit Build 19041 (10.0.19041.2546) elapsed time: 0.149926 seconds (0d 0h 0m 0s)

---------------  T H R E A D  ---------------

Current thread (0x000001fe7f376490):  JavaThread "C1 CompilerThread0" daemon [_thread_in_native, id=16016, stack(0x000000a7ae300000,0x000000a7ae400000) (1024K)]


Current CompileTask:
C1:150  158   !   3       java.util.concurrent.ConcurrentHashMap::putVal (432 bytes)

Stack: [0x000000a7ae300000,0x000000a7ae400000]
Native frames: (J=compiled Java code, j=interpreted, Vv=VM code, C=native code)
V  [jvm.dll+0x6e08a9]  (no source info available)
V  [jvm.dll+0x87da63]  (no source info available)
V  [jvm.dll+0x87feee]  (no source info available)
V  [jvm.dll+0x8805c3]  (no source info available)
V  [jvm.dll+0x27aee6]  (no source info available)
V  [jvm.dll+0xbc06f]  (no source info available)
V  [jvm.dll+0xbc2cb]  (no source info available)
V  [jvm.dll+0x191ad3]  (no source info available)
V  [jvm.dll+0x191b9d]  (no source info available)
V  [jvm.dll+0x194141]  (no source info available)
V  [jvm.dll+0x1955e4]  (no source info available)
V  [jvm.dll+0x150a72]  (no source info available)
V  [jvm.dll+0x15022f]  (no source info available)
V  [jvm.dll+0x1504db]  (no source info available)
V  [jvm.dll+0x14f8a8]  (no source info available)
V  [jvm.dll+0x1516ed]  (no source info available)
V  [jvm.dll+0x253cf1]  (no source info available)
V  [jvm.dll+0x251faa]  (no source info available)
V  [jvm.dll+0x3ee036]  (no source info available)
V  [jvm.dll+0x824f1b]  (no source info available)
V  [jvm.dll+0x6df055]  (no source info available)
C  [ucrtbase.dll+0x21bb2]  (no source info available)
C  [KERNEL32.DLL+0x17614]  (no source info available)
C  [ntdll.dll+0x526a1]  (no source info available)

Lock stack of current Java thread (top to bottom):


---------------  P R O C E S S  ---------------

Threads class SMR info:
_java_thread_list=0x000001fe450c4550, length=10, elements={
0x000001fe60d20ba0, 0x000001fe7f366560, 0x000001fe7f367df0, 0x000001fe7f368b10,
0x000001fe7f36b250, 0x000001fe7f36bf30, 0x000001fe7f36c990, 0x000001fe7f36fed0,
0x000001fe7f376490, 0x000001fe450c1bb0
}

Java Threads: ( => current thread )
  0x000001fe60d20ba0 JavaThread "main"                              [_thread_in_native, id=4728, stack(0x000000a7ad400000,0x000000a7ad500000) (1024K)]
  0x000001fe7f366560 JavaThread "Reference Handler"          daemon [_thread_blocked, id=11564, stack(0x000000a7adc00000,0x000000a7add00000) (1024K)]
  0x000001fe7f367df0 JavaThread "Finalizer"                  daemon [_thread_blocked, id=14208, stack(0x000000a7add00000,0x000000a7ade00000) (1024K)]
  0x000001fe7f368b10 JavaThread "Signal Dispatcher"          daemon [_thread_blocked, id=15712, stack(0x000000a7ade00000,0x000000a7adf00000) (1024K)]
  0x000001fe7f36b250 JavaThread "Attach Listener"            daemon [_thread_in_Java, id=12292, stack(0x000000a7adf00000,0x000000a7ae000000) (1024K)]
  0x000001fe7f36bf30 JavaThread "Service Thread"             daemon [_thread_blocked, id=11880, stack(0x000000a7ae000000,0x000000a7ae100000) (1024K)]
  0x000001fe7f36c990 JavaThread "Monitor Deflation Thread"   daemon [_thread_blocked, id=14548, stack(0x000000a7ae100000,0x000000a7ae200000) (1024K)]
  0x000001fe7f36fed0 JavaThread "C2 CompilerThread0"         daemon [_thread_in_native, id=8832, stack(0x000000a7ae200000,0x000000a7ae300000) (1024K)]
=>0x000001fe7f376490 JavaThread "C1 CompilerThread0"         daemon [_thread_in_native, id=16016, stack(0x000000a7ae300000,0x000000a7ae400000) (1024K)]
  0x000001fe450c1bb0 JavaThread "Common-Cleaner"             daemon [_thread_blocked, id=6924, stack(0x000000a7ae400000,0x000000a7ae500000) (1024K)]
Total: 10

Other Threads:
  0x000001fe7f34acb0 VMThread "VM Thread"                           [id=10608, stack(0x000000a7adb00000,0x000000a7adc00000) (1024K)]
  0x000001fe7f33bae0 WatcherThread "VM Periodic Task Thread"        [id=12384, stack(0x000000a7ada00000,0x000000a7adb00000) (1024K)]
  0x000001fe60f59210 WorkerThread "GC Thread#0"                     [id=4192, stack(0x000000a7ad500000,0x000000a7ad600000) (1024K)]
  0x000001fe60f6e930 ConcurrentGCThread "G1 Main Marker"            [id=8612, stack(0x000000a7ad600000,0x000000a7ad700000) (1024K)]
  0x000001fe60f71b00 WorkerThread "G1 Conc#0"                       [id=10152, stack(0x000000a7ad700000,0x000000a7ad800000) (1024K)]
  0x000001fe7f20e550 ConcurrentGCThread "G1 Refine#0"               [id=12536, stack(0x000000a7ad800000,0x000000a7ad900000) (1024K)]
  0x000001fe7f210d90 ConcurrentGCThread "G1 Service"                [id=7924, stack(0x000000a7ad900000,0x000000a7ada00000) (1024K)]
Total: 7

Threads with active compile tasks:
C2 CompilerThread0  311  152       4       java.util.HashMap::putVal (300 bytes)
C1 CompilerThread0  311  158   !   3       java.util.concurrent.ConcurrentHashMap::putVal (432 bytes)
Total: 2

VM state: not at safepoint (normal execution)

VM Mutex/Monitor currently owned by a thread: None

Heap address: 0x0000000084000000, size: 1984 MB, Compressed Oops mode: 32-bit

CDS archive(s) mapped at: [0x000001fe00000000-0x000001fe00d70000-0x000001fe00d70000), size 14090240, SharedBaseAddress: 0x000001fe00000000, ArchiveRelocationMode: 1.
Compressed class space mapped at: 0x000001fe01000000-0x000001fe41000000, reserved size: 1073741824
Narrow klass base: 0x000001fe00000000, Narrow klass shift: 0, Narrow klass range: 0x41000000

GC Precious Log:
 CardTable entry size: 512
 Card Set container configuration: InlinePtr #cards 5 size 8 Array Of Cards #cards 10 size 36 Howl #buckets 4 coarsen threshold 1843 Howl Bitmap #cards 512 size 80 coarsen threshold 460 Card regions per heap region 1 cards per card region 2048
 CPUs: 4 total, 4 available
 Memory: 7933M
 Large Page Support: Disabled
 NUMA Support: Disabled
 Compressed Oops: Enabled (32-bit)
 Heap Region Size: 1M
 Heap Min Capacity: 8M
 Heap Initial Capacity: 124M
 Heap Max Capacity: 1984M
 Pre-touch: Disabled
 Parallel Workers: 4
 Concurrent Workers: 1
 Concurrent Refinement Workers: 4
 Periodic GC: Disabled

Heap:
 garbage-first heap   total reserved 2031616K, committed 126976K, used 2048K [0x0000000084000000, 0x0000000100000000)
  region size 1024K, 3 young (3072K), 0 survivors (0K)
 Metaspace       used 439K, committed 640K, reserved 1114112K
  class space    used 24K, committed 128K, reserved 1048576K

Heap Regions: E=young(eden), S=young(survivor), O=old, HS=humongous(starts), HC=humongous(continues), CS=collection set, F=free, TAMS=top-at-mark-start, PB=parsable bottom
|   0|0x0000000084000000, 0x0000000084000000, 0x0000000084100000|  0%| F|  |TAMS 0x0000000084000000| PB 0x0000000084000000| Untracked |  0
|   1|0x0000000084100000, 0x0000000084100000, 0x0000000084200000|  0%| F|  |TAMS 0x0000000084100000| PB 0x0000000084100000| Untracked |  0
|   2|0x0000000084200000, 0x0000000084200000, 0x0000000084300000|  0%| F|  |TAMS 0x0000000084200000| PB 0x0000000084200000| Untracked |  0
|   3|0x0000000084300000, 0x0000000084300000, 0x0000000084400000|  0%| F|  |TAMS 0x0000000084300000| PB 0x0000000084300000| Untracked |  0
|   4|0x0000000084400000, 0x0000000084400000, 0x0000000084500000|  0%| F|  |TAMS 0x0000000084400000| PB 0x0000000084400000| Untracked |  0
|   5|0x0000000084500000, 0x0000000084500000, 0x0000000084600000|  0%| F|  |TAMS 0x0000000084500000| PB 0x0000000084500000| Untracked |  0
|   6|0x0000000084600000, 0x0000000084600000, 0x0000000084700000|  0%| F|  |TAMS 0x0000000084600000| PB 0x0000000084600000| Untracked |  0
|   7|0x0000000084700000, 0x0000000084700000, 0x0000000084800000|  0%| F|  |TAMS 0x0000000084700000| PB 0x0000000084700000| Untracked |  0
|   8|0x0000000084800000, 0x0000000084800000, 0x0000000084900000|  0%| F|  |TAMS 0x0000000084800000| PB 0x0000000084800000| Untracked |  0
|   9|0x0000000084900000, 0x0000000084900000, 0x0000000084a00000|  0%| F|  |TAMS 0x0000000084900000| PB 0x0000000084900000| Untracked |  0
|  10|0x0000000084a00000, 0x0000000084a00000, 0x0000000084b00000|  0%| F|  |TAMS 0x0000000084a00000| PB 0x0000000084a00000| Untracked |  0
|  11|0x0000000084b00000, 0x0000000084b00000, 0x0000000084c00000|  0%| F|  |TAMS 0x0000000084b00000| PB 0x0000000084b00000| Untracked |  0
|  12|0x0000000084c00000, 0x0000000084c00000, 0x0000000084d00000|  0%| F|  |TAMS 0x0000000084c00000| PB 0x0000000084c00000| Untracked |  0
|  13|0x0000000084d00000, 0x0000000084d00000, 0x0000000084e00000|  0%| F|  |TAMS 0x0000000084d00000| PB 0x0000000084d00000| Untracked |  0
|  14|0x0000000084e00000, 0x0000000084e00000, 0x0000000084f00000|  0%| F|  |TAMS 0x0000000084e00000| PB 0x0000000084e00000| Untracked |  0
|  15|0x0000000084f00000, 0x0000000084f00000, 0x0000000085000000|  0%| F|  |TAMS 0x0000000084f00000| PB 0x0000000084f00000| Untracked |  0
|  16|0x0000000085000000, 0x0000000085000000, 0x0000000085100000|  0%| F|  |TAMS 0x0000000085000000| PB 0x0000000085000000| Untracked |  0
|  17|0x0000000085100000, 0x0000000085100000, 0x0000000085200000|  0%| F|  |TAMS 0x0000000085100000| PB 0x0000000085100000| Untracked |  0
|  18|0x0000000085200000, 0x0000000085200000, 0x0000000085300000|  0%| F|  |TAMS 0x0000000085200000| PB 0x0000000085200000| Untracked |  0
|  19|0x0000000085300000, 0x0000000085300000, 0x0000000085400000|  0%| F|  |TAMS 0x0000000085300000| PB 0x0000000085300000| Untracked |  0
|  20|0x0000000085400000, 0x0000000085400000, 0x0000000085500000|  0%| F|  |TAMS 0x0000000085400000| PB 0x0000000085400000| Untracked |  0
|  21|0x0000000085500000, 0x0000000085500000, 0x0000000085600000|  0%| F|  |TAMS 0x0000000085500000| PB 0x0000000085500000| Untracked |  0
|  22|0x0000000085600000, 0x0000000085600000, 0x0000000085700000|  0%| F|  |TAMS 0x0000000085600000| PB 0x0000000085600000| Untracked |  0
|  23|0x0000000085700000, 0x0000000085700000, 0x0000000085800000|  0%| F|  |TAMS 0x0000000085700000| PB 0x0000000085700000| Untracked |  0
|  24|0x0000000085800000, 0x0000000085800000, 0x0000000085900000|  0%| F|  |TAMS 0x0000000085800000| PB 0x0000000085800000| Untracked |  0
|  25|0x0000000085900000, 0x0000000085900000, 0x0000000085a00000|  0%| F|  |TAMS 0x0000000085900000| PB 0x0000000085900000| Untracked |  0
|  26|0x0000000085a00000, 0x0000000085a00000, 0x0000000085b00000|  0%| F|  |TAMS 0x0000000085a00000| PB 0x0000000085a00000| Untracked |  0
|  27|0x0000000085b00000, 0x0000000085b00000, 0x0000000085c00000|  0%| F|  |TAMS 0x0000000085b00000| PB 0x0000000085b00000| Untracked |  0
|  28|0x0000000085c00000, 0x0000000085c00000, 0x0000000085d00000|  0%| F|  |TAMS 0x0000000085c00000| PB 0x0000000085c00000| Untracked |  0
|  29|0x0000000085d00000, 0x0000000085d00000, 0x0000000085e00000|  0%| F|  |TAMS 0x0000000085d00000| PB 0x0000000085d00000| Untracked |  0
|  30|0x0000000085e00000, 0x0000000085e00000, 0x0000000085f00000|  0%| F|  |TAMS 0x0000000085e00000| PB 0x0000000085e00000| Untracked |  0
|  31|0x0000000085f00000, 0x0000000085f00000, 0x0000000086000000|  0%| F|  |TAMS 0x0000000085f00000| PB 0x0000000085f00000| Untracked |  0
|  32|0x0000000086000000, 0x0000000086000000, 0x0000000086100000|  0%| F|  |TAMS 0x0000000086000000| PB 0x0000000086000000| Untracked |  0
|  33|0x0000000086100000, 0x0000000086100000, 0x0000000086200000|  0%| F|  |TAMS 0x0000000086100000| PB 0x0000000086100000| Untracked |  0
|  34|0x0000000086200000, 0x0000000086200000, 0x0000000086300000|  0%| F|  |TAMS 0x0000000086200000| PB 0x0000000086200000| Untracked |  0
|  35|0x0000000086300000, 0x0000000086300000, 0x0000000086400000|  0%| F|  |TAMS 0x0000000086300000| PB 0x0000000086300000| Untracked |  0
|  36|0x0000000086400000, 0x0000000086400000, 0x0000000086500000|  0%| F|  |TAMS 0x0000000086400000| PB 0x0000000086400000| Untracked |  0
|  37|0x0000000086500000, 0x0000000086500000, 0x0000000086600000|  0%| F|  |TAMS 0x0000000086500000| PB 0x0000000086500000| Untracked |  0
|  38|0x0000000086600000, 0x0000000086600000, 0x0000000086700000|  0%| F|  |TAMS 0x0000000086600000| PB 0x0000000086600000| Untracked |  0
|  39|0x0000000086700000, 0x0000000086700000, 0x0000000086800000|  0%| F|  |TAMS 0x0000000086700000| PB 0x0000000086700000| Untracked |  0
|  40|0x0000000086800000, 0x0000000086800000, 0x0000000086900000|  0%| F|  |TAMS 0x0000000086800000| PB 0x0000000086800000| Untracked |  0
|  41|0x0000000086900000, 0x0000000086900000, 0x0000000086a00000|  0%| F|  |TAMS 0x0000000086900000| PB 0x0000000086900000| Untracked |  0
|  42|0x0000000086a00000, 0x0000000086a00000, 0x0000000086b00000|  0%| F|  |TAMS 0x0000000086a00000| PB 0x0000000086a00000| Untracked |  0
|  43|0x0000000086b00000, 0x0000000086b00000, 0x0000000086c00000|  0%| F|  |TAMS 0x0000000086b00000| PB 0x0000000086b00000| Untracked |  0
|  44|0x0000000086c00000, 0x0000000086c00000, 0x0000000086d00000|  0%| F|  |TAMS 0x0000000086c00000| PB 0x0000000086c00000| Untracked |  0
|  45|0x0000000086d00000, 0x0000000086d00000, 0x0000000086e00000|  0%| F|  |TAMS 0x0000000086d00000| PB 0x0000000086d00000| Untracked |  0
|  46|0x0000000086e00000, 0x0000000086e00000, 0x0000000086f00000|  0%| F|  |TAMS 0x0000000086e00000| PB 0x0000000086e00000| Untracked |  0
|  47|0x0000000086f00000, 0x0000000086f00000, 0x0000000087000000|  0%| F|  |TAMS 0x0000000086f00000| PB 0x0000000086f00000| Untracked |  0
|  48|0x0000000087000000, 0x0000000087000000, 0x0000000087100000|  0%| F|  |TAMS 0x0000000087000000| PB 0x0000000087000000| Untracked |  0
|  49|0x0000000087100000, 0x0000000087100000, 0x0000000087200000|  0%| F|  |TAMS 0x0000000087100000| PB 0x0000000087100000| Untracked |  0
|  50|0x0000000087200000, 0x0000000087200000, 0x0000000087300000|  0%| F|  |TAMS 0x0000000087200000| PB 0x0000000087200000| Untracked |  0
|  51|0x0000000087300000, 0x0000000087300000, 0x0000000087400000|  0%| F|  |TAMS 0x0000000087300000| PB 0x0000000087300000| Untracked |  0
|  52|0x0000000087400000, 0x0000000087400000, 0x0000000087500000|  0%| F|  |TAMS 0x0000000087400000| PB 0x0000000087400000| Untracked |  0
|  53|0x0000000087500000, 0x0000000087500000, 0x0000000087600000|  0%| F|  |TAMS 0x0000000087500000| PB 0x0000000087500000| Untracked |  0
|  54|0x0000000087600000, 0x0000000087600000, 0x0000000087700000|  0%| F|  |TAMS 0x0000000087600000| PB 0x0000000087600000| Untracked |  0
|  55|0x0000000087700000, 0x0000000087700000, 0x0000000087800000|  0%| F|  |TAMS 0x0000000087700000| PB 0x0000000087700000| Untracked |  0
|  56|0x0000000087800000, 0x0000000087800000, 0x0000000087900000|  0%| F|  |TAMS 0x0000000087800000| PB 0x0000000087800000| Untracked |  0
|  57|0x0000000087900000, 0x0000000087900000, 0x0000000087a00000|  0%| F|  |TAMS 0x0000000087900000| PB 0x0000000087900000| Untracked |  0
|  58|0x0000000087a00000, 0x0000000087a00000, 0x0000000087b00000|  0%| F|  |TAMS 0x0000000087a00000| PB 0x0000000087a00000| Untracked |  0
|  59|0x0000000087b00000, 0x0000000087b00000, 0x0000000087c00000|  0%| F|  |TAMS 0x0000000087b00000| PB 0x0000000087b00000| Untracked |  0
|  60|0x0000000087c00000, 0x0000000087c00000, 0x0000000087d00000|  0%| F|  |TAMS 0x0000000087c00000| PB 0x0000000087c00000| Untracked |  0
|  61|0x0000000087d00000, 0x0000000087d00000, 0x0000000087e00000|  0%| F|  |TAMS 0x0000000087d00000| PB 0x0000000087d00000| Untracked |  0
|  62|0x0000000087e00000, 0x0000000087e00000, 0x0000000087f00000|  0%| F|  |TAMS 0x0000000087e00000| PB 0x0000000087e00000| Untracked |  0
|  63|0x0000000087f00000, 0x0000000087f00000, 0x0000000088000000|  0%| F|  |TAMS 0x0000000087f00000| PB 0x0000000087f00000| Untracked |  0
|  64|0x0000000088000000, 0x0000000088000000, 0x0000000088100000|  0%| F|  |TAMS 0x0000000088000000| PB 0x0000000088000000| Untracked |  0
|  65|0x0000000088100000, 0x0000000088100000, 0x0000000088200000|  0%| F|  |TAMS 0x0000000088100000| PB 0x0000000088100000| Untracked |  0
|  66|0x0000000088200000, 0x0000000088200000, 0x0000000088300000|  0%| F|  |TAMS 0x0000000088200000| PB 0x0000000088200000| Untracked |  0
|  67|0x0000000088300000, 0x0000000088300000, 0x0000000088400000|  0%| F|  |TAMS 0x0000000088300000| PB 0x0000000088300000| Untracked |  0
|  68|0x0000000088400000, 0x0000000088400000, 0x0000000088500000|  0%| F|  |TAMS 0x0000000088400000| PB 0x0000000088400000| Untracked |  0
|  69|0x0000000088500000, 0x0000000088500000, 0x0000000088600000|  0%| F|  |TAMS 0x0000000088500000| PB 0x0000000088500000| Untracked |  0
|  70|0x0000000088600000, 0x0000000088600000, 0x0000000088700000|  0%| F|  |TAMS 0x0000000088600000| PB 0x0000000088600000| Untracked |  0
|  71|0x0000000088700000, 0x0000000088700000, 0x0000000088800000|  0%| F|  |TAMS 0x0000000088700000| PB 0x0000000088700000| Untracked |  0
|  72|0x0000000088800000, 0x0000000088800000, 0x0000000088900000|  0%| F|  |TAMS 0x0000000088800000| PB 0x0000000088800000| Untracked |  0
|  73|0x0000000088900000, 0x0000000088900000, 0x0000000088a00000|  0%| F|  |TAMS 0x0000000088900000| PB 0x0000000088900000| Untracked |  0
|  74|0x0000000088a00000, 0x0000000088a00000, 0x0000000088b00000|  0%| F|  |TAMS 0x0000000088a00000| PB 0x0000000088a00000| Untracked |  0
|  75|0x0000000088b00000, 0x0000000088b00000, 0x0000000088c00000|  0%| F|  |TAMS 0x0000000088b00000| PB 0x0000000088b00000| Untracked |  0
|  76|0x0000000088c00000, 0x0000000088c00000, 0x0000000088d00000|  0%| F|  |TAMS 0x0000000088c00000| PB 0x0000000088c00000| Untracked |  0
|  77|0x0000000088d00000, 0x0000000088d00000, 0x0000000088e00000|  0%| F|  |TAMS 0x0000000088d00000| PB 0x0000000088d00000| Untracked |  0
|  78|0x0000000088e00000, 0x0000000088e00000, 0x0000000088f00000|  0%| F|  |TAMS 0x0000000088e00000| PB 0x0000000088e00000| Untracked |  0
|  79|0x0000000088f00000, 0x0000000088f00000, 0x0000000089000000|  0%| F|  |TAMS 0x0000000088f00000| PB 0x0000000088f00000| Untracked |  0
|  80|0x0000000089000000, 0x0000000089000000, 0x0000000089100000|  0%| F|  |TAMS 0x0000000089000000| PB 0x0000000089000000| Untracked |  0
|  81|0x0000000089100000, 0x0000000089100000, 0x0000000089200000|  0%| F|  |TAMS 0x0000000089100000| PB 0x0000000089100000| Untracked |  0
|  82|0x0000000089200000, 0x0000000089200000, 0x0000000089300000|  0%| F|  |TAMS 0x0000000089200000| PB 0x0000000089200000| Untracked |  0
|  83|0x0000000089300000, 0x0000000089300000, 0x0000000089400000|  0%| F|  |TAMS 0x0000000089300000| PB 0x0000000089300000| Untracked |  0
|  84|0x0000000089400000, 0x0000000089400000, 0x0000000089500000|  0%| F|  |TAMS 0x0000000089400000| PB 0x0000000089400000| Untracked |  0
|  85|0x0000000089500000, 0x0000000089500000, 0x0000000089600000|  0%| F|  |TAMS 0x0000000089500000| PB 0x0000000089500000| Untracked |  0
|  86|0x0000000089600000, 0x0000000089600000, 0x0000000089700000|  0%| F|  |TAMS 0x0000000089600000| PB 0x0000000089600000| Untracked |  0
|  87|0x0000000089700000, 0x0000000089700000, 0x0000000089800000|  0%| F|  |TAMS 0x0000000089700000| PB 0x0000000089700000| Untracked |  0
|  88|0x0000000089800000, 0x0000000089800000, 0x0000000089900000|  0%| F|  |TAMS 0x0000000089800000| PB 0x0000000089800000| Untracked |  0
|  89|0x0000000089900000, 0x0000000089900000, 0x0000000089a00000|  0%| F|  |TAMS 0x0000000089900000| PB 0x0000000089900000| Untracked |  0
|  90|0x0000000089a00000, 0x0000000089a00000, 0x0000000089b00000|  0%| F|  |TAMS 0x0000000089a00000| PB 0x0000000089a00000| Untracked |  0
|  91|0x0000000089b00000, 0x0000000089b00000, 0x0000000089c00000|  0%| F|  |TAMS 0x0000000089b00000| PB 0x0000000089b00000| Untracked |  0
|  92|0x0000000089c00000, 0x0000000089c00000, 0x0000000089d00000|  0%| F|  |TAMS 0x0000000089c00000| PB 0x0000000089c00000| Untracked |  0
|  93|0x0000000089d00000, 0x0000000089d00000, 0x0000000089e00000|  0%| F|  |TAMS 0x0000000089d00000| PB 0x0000000089d00000| Untracked |  0
|  94|0x0000000089e00000, 0x0000000089e00000, 0x0000000089f00000|  0%| F|  |TAMS 0x0000000089e00000| PB 0x0000000089e00000| Untracked |  0
|  95|0x0000000089f00000, 0x0000000089f00000, 0x000000008a000000|  0%| F|  |TAMS 0x0000000089f00000| PB 0x0000000089f00000| Untracked |  0
|  96|0x000000008a000000, 0x000000008a000000, 0x000000008a100000|  0%| F|  |TAMS 0x000000008a000000| PB 0x000000008a000000| Untracked |  0
|  97|0x000000008a100000, 0x000000008a100000, 0x000000008a200000|  0%| F|  |TAMS 0x000000008a100000| PB 0x000000008a100000| Untracked |  0
|  98|0x000000008a200000, 0x000000008a200000, 0x000000008a300000|  0%| F|  |TAMS 0x000000008a200000| PB 0x000000008a200000| Untracked |  0
|  99|0x000000008a300000, 0x000000008a300000, 0x000000008a400000|  0%| F|  |TAMS 0x000000008a300000| PB 0x000000008a300000| Untracked |  0
| 100|0x000000008a400000, 0x000000008a400000, 0x000000008a500000|  0%| F|  |TAMS 0x000000008a400000| PB 0x000000008a400000| Untracked |  0
| 101|0x000000008a500000, 0x000000008a500000, 0x000000008a600000|  0%| F|  |TAMS 0x000000008a500000| PB 0x000000008a500000| Untracked |  0
| 102|0x000000008a600000, 0x000000008a600000, 0x000000008a700000|  0%| F|  |TAMS 0x000000008a600000| PB 0x000000008a600000| Untracked |  0
| 103|0x000000008a700000, 0x000000008a700000, 0x000000008a800000|  0%| F|  |TAMS 0x000000008a700000| PB 0x000000008a700000| Untracked |  0
| 104|0x000000008a800000, 0x000000008a800000, 0x000000008a900000|  0%| F|  |TAMS 0x000000008a800000| PB 0x000000008a800000| Untracked |  0
| 105|0x000000008a900000, 0x000000008a900000, 0x000000008aa00000|  0%| F|  |TAMS 0x000000008a900000| PB 0x000000008a900000| Untracked |  0
| 106|0x000000008aa00000, 0x000000008aa00000, 0x000000008ab00000|  0%| F|  |TAMS 0x000000008aa00000| PB 0x000000008aa00000| Untracked |  0
| 107|0x000000008ab00000, 0x000000008ab00000, 0x000000008ac00000|  0%| F|  |TAMS 0x000000008ab00000| PB 0x000000008ab00000| Untracked |  0
| 108|0x000000008ac00000, 0x000000008ac00000, 0x000000008ad00000|  0%| F|  |TAMS 0x000000008ac00000| PB 0x000000008ac00000| Untracked |  0
| 109|0x000000008ad00000, 0x000000008ad00000, 0x000000008ae00000|  0%| F|  |TAMS 0x000000008ad00000| PB 0x000000008ad00000| Untracked |  0
| 110|0x000000008ae00000, 0x000000008ae00000, 0x000000008af00000|  0%| F|  |TAMS 0x000000008ae00000| PB 0x000000008ae00000| Untracked |  0
| 111|0x000000008af00000, 0x000000008af00000, 0x000000008b000000|  0%| F|  |TAMS 0x000000008af00000| PB 0x000000008af00000| Untracked |  0
| 112|0x000000008b000000, 0x000000008b000000, 0x000000008b100000|  0%| F|  |TAMS 0x000000008b000000| PB 0x000000008b000000| Untracked |  0
| 113|0x000000008b100000, 0x000000008b100000, 0x000000008b200000|  0%| F|  |TAMS 0x000000008b100000| PB 0x000000008b100000| Untracked |  0
| 114|0x000000008b200000, 0x000000008b200000, 0x000000008b300000|  0%| F|  |TAMS 0x000000008b200000| PB 0x000000008b200000| Untracked |  0
| 115|0x000000008b300000, 0x000000008b300000, 0x000000008b400000|  0%| F|  |TAMS 0x000000008b300000| PB 0x000000008b300000| Untracked |  0
| 116|0x000000008b400000, 0x000000008b400000, 0x000000008b500000|  0%| F|  |TAMS 0x000000008b400000| PB 0x000000008b400000| Untracked |  0
| 117|0x000000008b500000, 0x000000008b500000, 0x000000008b600000|  0%| F|  |TAMS 0x000000008b500000| PB 0x000000008b500000| Untracked |  0
| 118|0x000000008b600000, 0x000000008b600000, 0x000000008b700000|  0%| F|  |TAMS 0x000000008b600000| PB 0x000000008b600000| Untracked |  0
| 119|0x000000008b700000, 0x000000008b700000, 0x000000008b800000|  0%| F|  |TAMS 0x000000008b700000| PB 0x000000008b700000| Untracked |  0
| 120|0x000000008b800000, 0x000000008b800000, 0x000000008b900000|  0%| F|  |TAMS 0x000000008b800000| PB 0x000000008b800000| Untracked |  0
| 121|0x000000008b900000, 0x000000008b9d7158, 0x000000008ba00000| 84%| E|  |TAMS 0x000000008b900000| PB 0x000000008b900000| Complete |  0
| 122|0x000000008ba00000, 0x000000008bb00000, 0x000000008bb00000|100%| E|CS|TAMS 0x000000008ba00000| PB 0x000000008ba00000| Complete |  0
| 123|0x000000008bb00000, 0x000000008bc00000, 0x000000008bc00000|100%| E|CS|TAMS 0x000000008bb00000| PB 0x000000008bb00000| Complete |  0

Card table byte_map: [0x000001fe7aa50000,0x000001fe7ae30000] _byte_map_base: 0x000001fe7a630000

Marking Bits: (CMBitMap*) 0x000001fe60f5a840
 Bits: [0x000001fe7ae30000, 0x000001fe7cd30000)

Polling page: 0x000001fe60cc0000

Metaspace:

Usage:
  Non-class:    429.83 KB used.
      Class:     27.95 KB used.
       Both:    457.78 KB used.

Virtual space:
  Non-class space:       64.00 MB reserved,     512.00 KB ( <1%) committed,  1 nodes.
      Class space:        1.00 GB reserved,     128.00 KB ( <1%) committed,  1 nodes.
             Both:        1.06 GB reserved,     640.00 KB ( <1%) committed. 

Chunk freelists:
   Non-Class:  11.99 MB
       Class:  15.75 MB
        Both:  27.74 MB

MaxMetaspaceSize: unlimited
CompressedClassSpaceSize: 1.00 GB
Initial GC threshold: 21.00 MB
Current GC threshold: 21.00 MB
CDS: on
 - commit_granule_bytes: 65536.
 - commit_granule_words: 8192.
 - virtual_space_node_default_size: 8388608.
 - enlarge_chunks_in_place: 1.
 - use_allocation_guard: 0.


Internal statistics:

num_allocs_failed_limit: 0.
num_arena_births: 8.
num_arena_deaths: 0.
num_vsnodes_births: 2.
num_vsnodes_deaths: 0.
num_space_committed: 10.
num_space_uncommitted: 0.
num_chunks_returned_to_freelist: 0.
num_chunks_taken_from_freelist: 9.
num_chunk_merges: 0.
num_chunk_splits: 5.
num_chunks_enlarged: 2.
num_inconsistent_stats: 0.

CodeHeap 'non-profiled nmethods': size=120064Kb used=61Kb max_used=61Kb free=120002Kb
 bounds [0x000001fe72b00000, 0x000001fe72d70000, 0x000001fe7a040000]
CodeHeap 'profiled nmethods': size=120000Kb used=124Kb max_used=124Kb free=119875Kb
 bounds [0x000001fe6b040000, 0x000001fe6b2b0000, 0x000001fe72570000]
CodeHeap 'non-nmethods': size=5696Kb used=1384Kb max_used=1384Kb free=4311Kb
 bounds [0x000001fe72570000, 0x000001fe727e0000, 0x000001fe72b00000]
CodeCache: size=245760Kb, used=1569Kb, max_used=1569Kb, free=244188Kb
 total_blobs=581, nmethods=169, adapters=318, full_count=0
Compilation: enabled, stopped_count=0, restarted_count=0

Compilation events (20 events):
Event: 0.146 Thread 0x000001fe7f36fed0 nmethod 139 0x000001fe72b0b788 code [0x000001fe72b0b8a0, 0x000001fe72b0b9c0]
Event: 0.146 Thread 0x000001fe7f36fed0  144       4       java.lang.module.ModuleDescriptor$Exports::isQualified (18 bytes)
Event: 0.146 Thread 0x000001fe7f376490 nmethod 147 0x000001fe6b05d588 code [0x000001fe6b05d6c0, 0x000001fe6b05da88]
Event: 0.146 Thread 0x000001fe7f376490  148       3       java.util.HashMap$KeySet::iterator (12 bytes)
Event: 0.147 Thread 0x000001fe7f376490 nmethod 148 0x000001fe6b05db08 code [0x000001fe6b05dc40, 0x000001fe6b05de48]
Event: 0.147 Thread 0x000001fe7f376490  149       3       java.util.HashMap$KeyIterator::<init> (6 bytes)
Event: 0.147 Thread 0x000001fe7f376490 nmethod 149 0x000001fe6b05de88 code [0x000001fe6b05dfa0, 0x000001fe6b05e0d8]
Event: 0.147 Thread 0x000001fe7f376490  150       3       java.util.HashSet::iterator (13 bytes)
Event: 0.147 Thread 0x000001fe7f376490 nmethod 150 0x000001fe6b05e188 code [0x000001fe6b05e2c0, 0x000001fe6b05e558]
Event: 0.147 Thread 0x000001fe7f376490  146       1       java.lang.module.ModuleDescriptor::uses (5 bytes)
Event: 0.147 Thread 0x000001fe7f376490 nmethod 146 0x000001fe72b0ba88 code [0x000001fe72b0bba0, 0x000001fe72b0bc68]
Event: 0.147 Thread 0x000001fe7f376490  153       3       java.util.HashMap$EntryIterator::next (5 bytes)
Event: 0.147 Thread 0x000001fe7f36fed0 nmethod 144 0x000001fe72b0bd88 code [0x000001fe72b0bea0, 0x000001fe72b0bf70]
Event: 0.147 Thread 0x000001fe7f376490 nmethod 153 0x000001fe6b05e588 code [0x000001fe6b05e6c0, 0x000001fe6b05e858]
Event: 0.147 Thread 0x000001fe7f36fed0  151       4       java.lang.StringLatin1::equals (36 bytes)
Event: 0.147 Thread 0x000001fe7f376490  154       3       java.lang.module.ResolvedModule::hashCode (16 bytes)
Event: 0.147 Thread 0x000001fe7f376490 nmethod 154 0x000001fe6b05e888 code [0x000001fe6b05e9c0, 0x000001fe6b05ebf0]
Event: 0.147 Thread 0x000001fe7f376490  157       3       java.util.ImmutableCollections$MapN::probe (60 bytes)
Event: 0.148 Thread 0x000001fe7f376490 nmethod 157 0x000001fe6b05ec88 code [0x000001fe6b05ede0, 0x000001fe6b05f2f8]
Event: 0.148 Thread 0x000001fe7f376490  158   !   3       java.util.concurrent.ConcurrentHashMap::putVal (432 bytes)

GC Heap History (0 events):
No events

Dll operation events (3 events):
Event: 0.016 Loaded shared library C:\Users\User\.jdks\openjdk-23\bin\java.dll
Event: 0.018 Loaded shared library C:\Users\User\.jdks\openjdk-23\bin\zip.dll
Event: 0.065 Loaded shared library C:\Users\User\.jdks\openjdk-23\bin\jsvml.dll

Deoptimization events (0 events):
No events

Classes loaded (6 events):
Event: 0.054 Loading class sun/nio/cs/MS1251
Event: 0.054 Loading class sun/nio/cs/MS1251 done
Event: 0.055 Loading class sun/nio/cs/MS1251$Holder
Event: 0.055 Loading class sun/nio/cs/MS1251$Holder done
Event: 0.136 Loading class jdk/internal/module/ModuleReferenceImpl$CachedHash
Event: 0.136 Loading class jdk/internal/module/ModuleReferenceImpl$CachedHash done

Classes unloaded (0 events):
No events

Classes redefined (0 events):
No events

Internal exceptions (0 events):
No events

VM Operations (2 events):
Event: 0.135 Executing VM operation: HandshakeAllThreads (Deoptimize)
Event: 0.135 Executing VM operation: HandshakeAllThreads (Deoptimize) done

Memory protections (0 events):
No events

Nmethod flushes (0 events):
No events

Events (10 events):
Event: 0.040 Thread 0x000001fe60d20ba0 Thread added: 0x000001fe60d20ba0
Event: 0.061 Thread 0x000001fe60d20ba0 Thread added: 0x000001fe7f366560
Event: 0.061 Thread 0x000001fe60d20ba0 Thread added: 0x000001fe7f367df0
Event: 0.062 Thread 0x000001fe60d20ba0 Thread added: 0x000001fe7f368b10
Event: 0.062 Thread 0x000001fe60d20ba0 Thread added: 0x000001fe7f36b250
Event: 0.062 Thread 0x000001fe60d20ba0 Thread added: 0x000001fe7f36bf30
Event: 0.062 Thread 0x000001fe60d20ba0 Thread added: 0x000001fe7f36c990
Event: 0.062 Thread 0x000001fe60d20ba0 Thread added: 0x000001fe7f36fed0
Event: 0.062 Thread 0x000001fe60d20ba0 Thread added: 0x000001fe7f376490
Event: 0.125 Thread 0x000001fe60d20ba0 Thread added: 0x000001fe450c1bb0


Dynamic libraries:
0x00007ff7fddf0000 - 0x00007ff7fddfe000 	C:\Users\User\.jdks\openjdk-23\bin\java.exe
0x00007ffced370000 - 0x00007ffced568000 	C:\Windows\SYSTEM32\ntdll.dll
0x00007ffcebaa0000 - 0x00007ffcebb5f000 	C:\Windows\System32\KERNEL32.DLL
0x00007ffceab40000 - 0x00007ffceae12000 	C:\Windows\System32\KERNELBASE.dll
0x00007ffceb060000 - 0x00007ffceb160000 	C:\Windows\System32\ucrtbase.dll
0x00007ffcdfe60000 - 0x00007ffcdfe77000 	C:\Users\User\.jdks\openjdk-23\bin\jli.dll
0x00007ffcebd90000 - 0x00007ffcebf31000 	C:\Windows\System32\USER32.dll
0x00007ffceb380000 - 0x00007ffceb3a2000 	C:\Windows\System32\win32u.dll
0x00007ffceb4f0000 - 0x00007ffceb51b000 	C:\Windows\System32\GDI32.dll
0x00007ffce0780000 - 0x00007ffce079b000 	C:\Users\User\.jdks\openjdk-23\bin\VCRUNTIME140.dll
0x00007ffceae20000 - 0x00007ffceaf2f000 	C:\Windows\System32\gdi32full.dll
0x00007ffceafc0000 - 0x00007ffceb05d000 	C:\Windows\System32\msvcp_win.dll
0x00007ffcd37f0000 - 0x00007ffcd3a8a000 	C:\Windows\WinSxS\amd64_microsoft.windows.common-controls_6595b64144ccf1df_6.0.19041.1110_none_60b5254171f9507e\COMCTL32.dll
0x00007ffcec470000 - 0x00007ffcec50e000 	C:\Windows\System32\msvcrt.dll
0x00007ffcec420000 - 0x00007ffcec452000 	C:\Windows\System32\IMM32.DLL
0x00000000645d0000 - 0x00000000645dc000 	C:\Program Files (x86)\360\Total Security\safemon\SafeWrapper.dll
0x00007ffced160000 - 0x00007ffced20e000 	C:\Windows\System32\ADVAPI32.dll
0x00007ffcebb60000 - 0x00007ffcebbfc000 	C:\Windows\System32\sechost.dll
0x00007ffceb520000 - 0x00007ffceb645000 	C:\Windows\System32\RPCRT4.dll
0x00007ffcb4640000 - 0x00007ffcb46ec000 	C:\Program Files (x86)\360\Total Security\safemon\libzdtp64.dll
0x00007ffcec750000 - 0x00007ffcece95000 	C:\Windows\System32\SHELL32.dll
0x00007ffcecea0000 - 0x00007ffcecef5000 	C:\Windows\System32\SHLWAPI.dll
0x00007ffcea510000 - 0x00007ffcea51a000 	C:\Windows\SYSTEM32\VERSION.dll
0x00007ffce10d0000 - 0x00007ffce10dc000 	C:\Users\User\.jdks\openjdk-23\bin\vcruntime140_1.dll
0x00007ffcd1a50000 - 0x00007ffcd1ade000 	C:\Users\User\.jdks\openjdk-23\bin\msvcp140.dll
0x00007ffc6c240000 - 0x00007ffc6cf8f000 	C:\Users\User\.jdks\openjdk-23\bin\server\jvm.dll
0x00007ffcebf40000 - 0x00007ffcebfab000 	C:\Windows\System32\WS2_32.dll
0x00007ffcd2200000 - 0x00007ffcd2227000 	C:\Windows\SYSTEM32\WINMM.dll
0x00007ffcea8d0000 - 0x00007ffcea91b000 	C:\Windows\SYSTEM32\POWRPROF.dll
0x00007ffcea8b0000 - 0x00007ffcea8c2000 	C:\Windows\SYSTEM32\UMPDC.dll
0x00007ffce9240000 - 0x00007ffce9252000 	C:\Windows\SYSTEM32\kernel.appcore.dll
0x00007ffce0b10000 - 0x00007ffce0b1a000 	C:\Users\User\.jdks\openjdk-23\bin\jimage.dll
0x00007ffce4d70000 - 0x00007ffce4f54000 	C:\Windows\SYSTEM32\DBGHELP.DLL
0x00007ffccd450000 - 0x00007ffccd485000 	C:\Windows\SYSTEM32\dbgcore.DLL
0x00007ffceaf30000 - 0x00007ffceafb2000 	C:\Windows\System32\bcryptPrimitives.dll
0x00007ffce0120000 - 0x00007ffce012f000 	C:\Users\User\.jdks\openjdk-23\bin\instrument.dll
0x00007ffcdf8b0000 - 0x00007ffcdf8ce000 	C:\Users\User\.jdks\openjdk-23\bin\java.dll
0x00007ffcebc60000 - 0x00007ffcebd8a000 	C:\Windows\System32\ole32.dll
0x00007ffceb740000 - 0x00007ffceba95000 	C:\Windows\System32\combase.dll
0x00007ffcde0d0000 - 0x00007ffcde0e7000 	C:\Users\User\.jdks\openjdk-23\bin\zip.dll
0x00007ffce8a60000 - 0x00007ffce91f2000 	C:\Windows\SYSTEM32\windows.storage.dll
0x00007ffcea370000 - 0x00007ffcea3a0000 	C:\Windows\SYSTEM32\Wldp.dll
0x00007ffced210000 - 0x00007ffced2bd000 	C:\Windows\System32\SHCORE.dll
0x00007ffcea9a0000 - 0x00007ffcea9bf000 	C:\Windows\SYSTEM32\profapi.dll
0x00007ffcb44f0000 - 0x00007ffcb45c7000 	C:\Users\User\.jdks\openjdk-23\bin\jsvml.dll
0x00007ffcdfc20000 - 0x00007ffcdfc30000 	C:\Users\User\.jdks\openjdk-23\bin\net.dll
0x00007ffcea0d0000 - 0x00007ffcea13a000 	C:\Windows\system32\mswsock.dll

dbghelp: loaded successfully - version: 4.0.5 - missing functions: none
symbol engine: initialized successfully - sym options: 0x614 - pdb path: .;C:\Users\User\.jdks\openjdk-23\bin;C:\Windows\SYSTEM32;C:\Windows\WinSxS\amd64_microsoft.windows.common-controls_6595b64144ccf1df_6.0.19041.1110_none_60b5254171f9507e;C:\Program Files (x86)\360\Total Security\safemon;C:\Users\User\.jdks\openjdk-23\bin\server

VM Arguments:
jvm_args: -ea -Didea.test.cyclic.buffer.size=1048576 -javaagent:C:\Program Files\JetBrains\IntelliJ IDEA 2024.3.4.1\lib\idea_rt.jar=55886 -javaagent:C:\Users\User\AppData\Local\JetBrains\IntelliJIdea2024.3\captureAgent\debugger-agent.jar -Dkotlinx.coroutines.debug.enable.creation.stack.trace=false -Ddebugger.agent.enable.coroutines=true -Dkotlinx.coroutines.debug.enable.flows.stack.trace=true -Dkotlinx.coroutines.debug.enable.mutable.state.flows.stack.trace=true -Dfile.encoding=UTF-8 -Dsun.stdout.encoding=UTF-8 -Dsun.stderr.encoding=UTF-8 
java_command: com.intellij.rt.junit.JUnitStarter -ideVersion5 -junit4 UserServiceTest
java_class_path (initial): C:\Program Files\JetBrains\IntelliJ IDEA 2024.3.4.1\lib\idea_rt.jar;C:\Program Files\JetBrains\IntelliJ IDEA 2024.3.4.1\plugins\junit\lib\junit5-rt.jar;C:\Program Files\JetBrains\IntelliJ IDEA 2024.3.4.1\plugins\junit\lib\junit-rt.jar;D:\Pre-project\задача 1.1.4\target\test-classes;D:\Pre-project\задача 1.1.4\target\classes;C:\Users\User\.m2\repository\junit\junit\4.13.2\junit-4.13.2.jar;C:\Users\User\.m2\repository\org\hamcrest\hamcrest-core\1.3\hamcrest-core-1.3.jar;C:\Users\User\.m2\repository\mysql\mysql-connector-java\8.0.25\mysql-connector-java-8.0.25.jar;C:\Users\User\.m2\repository\com\google\protobuf\protobuf-java\3.11.4\protobuf-java-3.11.4.jar;C:\Users\User\.m2\repository\org\hibernate\javax\persistence\hibernate-jpa-2.1-api\1.0.2.Final\hibernate-jpa-2.1-api-1.0.2.Final.jar;C:\Users\User\.m2\repository\org\hibernate\hibernate-core\5.6.3.Final\hibernate-core-5.6.3.Final.jar;C:\Users\User\.m2\repository\org\jboss\logging\jboss-logging\3.4.2.Final\jboss-logging-3.4.2.Final.jar;C:\Users\User\.m2\repository\javax\persistence\javax.persistence-api\2.2\javax.persistence-api-2.2.jar;C:\Users\User\.m2\repository\net\bytebuddy\byte-buddy\1.11.20\byte-buddy-1.11.20.jar;C:\Users\User\.m2\repository\antlr\antlr\2.7.7\antlr-2.7.7.jar;C:\Users\User\.m2\repository\org\jboss\spec\javax\transaction\jboss-transaction-api_1.2_spec\1.1.1.Final\jboss-transaction-api_1.2_spec-1.1.1.Final.jar;C:\Users\User\.m2\repository\org\jboss\jandex\2.2.3.Final\jandex-2.2.3.Final.jar;C:\Users\User\.m2\repository\com\fasterxml\classmate\1.5.1\classmate-1.5.1.jar;C:\Users\User\.m2\repository\javax\activation\javax.activation-api\1.2.0\javax.activation-api-1.2.0.jar;C:\Users\User\.m2\repository\org\hibernate\common\hibernate-commons-annotations\5.1.2.Final\hibernate-commons-annotations-5.1.2.Final.jar;C:\Users\User\.m2\repository\javax\xml\bind\jaxb-api\2.3.1\jaxb-api-2.3.1.jar;C:\Users\User\.m2\repository\org\glassfish\jaxb\jaxb-runtime\2.3.1\jaxb-runtime-2.3.1.jar;C:\Users\User\.m2\repository\org\glassfish\jaxb\txw2\2.3.1\txw2-2.3.1.jar;C:\Users\User\.m2\repository\com\sun\istack\istack-commons-runtime\3.0.7\istack-commons-runtime-3.0.7.jar;C:\Users\User\.m2\repository\org\jvnet\staxex\stax-ex\1.8\stax-ex-1.8.jar;C:\Users\User\.m2\repository\com\sun\xml\fastinfoset\FastInfoset\1.2.15\FastInfoset-1.2.15.jar
Launcher Type: SUN_STANDARD

[Global flags]
     intx CICompilerCount                          = 3                                         {product} {ergonomic}
     uint ConcGCThreads                            = 1                                         {product} {ergonomic}
     uint G1ConcRefinementThreads                  = 4                                         {product} {ergonomic}
   size_t G1HeapRegionSize                         = 1048576                                   {product} {ergonomic}
   size_t InitialHeapSize                          = 130023424                                 {product} {ergonomic}
   size_t MarkStackSize                            = 4194304                                   {product} {ergonomic}
   size_t MarkStackSizeMax                         = 536870912                                 {product} {ergonomic}
   size_t MaxHeapSize                              = 2080374784                                {product} {ergonomic}
   size_t MaxNewSize                               = 1247805440                                {product} {ergonomic}
   size_t MinHeapDeltaBytes                        = 1048576                                   {product} {ergonomic}
   size_t MinHeapSize                              = 8388608                                   {product} {ergonomic}
    uintx NonNMethodCodeHeapSize                   = 5832704                                {pd product} {ergonomic}
    uintx NonProfiledCodeHeapSize                  = 122945536                              {pd product} {ergonomic}
    uintx ProfiledCodeHeapSize                     = 122880000                              {pd product} {ergonomic}
    uintx ReservedCodeCacheSize                    = 251658240                              {pd product} {ergonomic}
     bool SegmentedCodeCache                       = true                                      {product} {ergonomic}
   size_t SoftMaxHeapSize                          = 2080374784                             {manageable} {ergonomic}
     bool UseCompressedOops                        = true                           {product lp64_product} {ergonomic}
     bool UseG1GC                                  = true                                      {product} {ergonomic}
     bool UseLargePagesIndividualAllocation        = false                                  {pd product} {ergonomic}

Logging:
Log output configuration:
 #0: stdout all=warning uptime,level,tags foldmultilines=false
 #1: stderr all=off uptime,level,tags foldmultilines=false

Environment Variables:
JAVA_HOME=C:\JAVA\jdk-23.0.1
PATH=C:\Program Files (x86)\Common Files\Intel\Shared Files\cpp\bin\Intel64;C:\Windows\system32;C:\Windows;C:\Windows\System32\Wbem;C:\Windows\System32\WindowsPowerShell\v1.0\;C:\Windows\System32\OpenSSH\;C:\Program Files\WireGuard\;C:\Users\User\Desktop\matlabfolder\runtime\win64;C:\Users\User\Desktop\matlabfolder\bin;C:\JAVA\jdk-23.0.1\bin;C:\Program Files\dotnet\;C:\Program Files\Git\cmd;C:\JAVA\apache-maven-3.9.9\bin;C:\Users\User\AppData\Local\Microsoft\WindowsApps;C:\JAVA\jdk-23.0.1\bin;;C:\Program Files\JetBrains\IntelliJ IDEA Community Edition 2024.3\bin;;C:\Users\User\.dotnet\tools
USERNAME=User
OS=Windows_NT
PROCESSOR_IDENTIFIER=Intel64 Family 6 Model 126 Stepping 5, GenuineIntel
TMP=C:\Users\User\AppData\Local\Temp
TEMP=C:\Users\User\AppData\Local\Temp




Periodic native trim disabled

---------------  S Y S T E M  ---------------

OS:
 Windows 10 , 64 bit Build 19041 (10.0.19041.2546)
OS uptime: 0 days 7:10 hours

CPU: total 4 (initial active 4) (2 cores per cpu, 2 threads per core) family 6 model 126 stepping 5 microcode 0xa0, cx8, cmov, fxsr, ht, mmx, 3dnowpref, sse, sse2, sse3, ssse3, sse4.1, sse4.2, popcnt, lzcnt, tsc, tscinvbit, avx, avx2, aes, erms, clmul, bmi1, bmi2, adx, avx512f, avx512dq, avx512cd, avx512bw, avx512vl, sha, fma, vzeroupper, avx512_vpopcntdq, avx512_vpclmulqdq, avx512_vaes, avx512_vnni, clflush, clflushopt, avx512_vbmi2, avx512_vbmi, rdtscp, rdpid, fsrm, gfni, avx512_bitalg, f16c, pku, avx512_ifma
Processor Information for the first 4 processors :
  Max Mhz: 1190, Current Mhz: 1190, Mhz Limit: 1190

Memory: 4k page, system-wide physical 7933M (1183M free)
TotalPageFile size 9981M (AvailPageFile size 183M)
current process WorkingSet (physical memory assigned to process): 40M, peak: 40M
current process commit charge ("private bytes"): 199M, peak: 199M

vm_info: OpenJDK 64-Bit Server VM (23+37-2369) for windows-amd64 JRE (23+37-2369), built on 2024-08-20T16:01:23Z with MS VC++ 17.6 (VS2022)

END.
