#
# There is insufficient memory for the Java Runtime Environment to continue.
# Native memory allocation (malloc) failed to allocate 190896 bytes. Error detail: Chunk::new
# Possible reasons:
#   The system is out of physical RAM or swap space
#   This process is running with CompressedOops enabled, and the Java Heap may be blocking the growth of the native heap
# Possible solutions:
#   Reduce memory load on the system
#   Increase physical memory or swap space
#   Check if swap backing store is full
#   Decrease Java heap size (-Xmx/-Xms)
#   Decrease number of Java threads
#   Decrease Java thread stack sizes (-Xss)
#   Set larger code cache with -XX:ReservedCodeCacheSize=
#   JVM is running with Unscaled Compressed Oops mode in which the Java heap is
#     placed in the first 4GB address space. The Java Heap base address is the
#     maximum limit for the native heap growth. Please use -XX:HeapBaseMinAddress
#     to set the Java Heap base and to place the Java Heap above 4GB virtual address.
# This output file may be truncated or incomplete.
#
#  Out of Memory Error (arena.cpp:149), pid=4784, tid=16696
#
# JRE version: OpenJDK Runtime Environment (23.0.2+7) (build 23.0.2+7-58)
# Java VM: OpenJDK 64-Bit Server VM (23.0.2+7-58, mixed mode, sharing, tiered, compressed oops, compressed class ptrs, g1 gc, windows-amd64)
# No core dump will be written. Minidumps are not enabled by default on client versions of Windows
#

---------------  S U M M A R Y ------------

Command Line: -ea -Didea.test.cyclic.buffer.size=1048576 -javaagent:C:\Program Files\JetBrains\IntelliJ IDEA 2024.3.4.1\lib\idea_rt.jar=65423 -javaagent:C:\Users\User\AppData\Local\JetBrains\IntelliJIdea2024.3\captureAgent\debugger-agent.jar -Dkotlinx.coroutines.debug.enable.creation.stack.trace=false -Ddebugger.agent.enable.coroutines=true -Dkotlinx.coroutines.debug.enable.flows.stack.trace=true -Dkotlinx.coroutines.debug.enable.mutable.state.flows.stack.trace=true -Dfile.encoding=UTF-8 -Dsun.stdout.encoding=UTF-8 -Dsun.stderr.encoding=UTF-8 com.intellij.rt.junit.JUnitStarter -ideVersion5 -junit4 UserServiceTest

Host: Intel(R) Core(TM) i3-1005G1 CPU @ 1.20GHz, 4 cores, 7G,  Windows 10 , 64 bit Build 19041 (10.0.19041.2546)
Time: Thu Mar 20 19:05:35 2025 RTZ 2 (s 10 , 64 bit Build 19041 (10.0.19041.2546) elapsed time: 0.615217 seconds (0d 0h 0m 0s)

---------------  T H R E A D  ---------------

Current thread (0x00000212aa2c9bd0):  JavaThread "C2 CompilerThread0" daemon [_thread_in_native, id=16696, stack(0x0000004d83b00000,0x0000004d83c00000) (1024K)]


Current CompileTask:
C2:615  933       4       java.util.HashMap::put (13 bytes)

Stack: [0x0000004d83b00000,0x0000004d83c00000]
Native frames: (J=compiled Java code, j=interpreted, Vv=VM code, C=native code)
V  [jvm.dll+0x6e0b99]  (no source info available)
V  [jvm.dll+0x87e2b3]  (no source info available)
V  [jvm.dll+0x88073e]  (no source info available)
V  [jvm.dll+0x880e13]  (no source info available)
V  [jvm.dll+0x27b006]  (no source info available)
V  [jvm.dll+0xbc06f]  (no source info available)
V  [jvm.dll+0xbc2cb]  (no source info available)
V  [jvm.dll+0x3b3c22]  (no source info available)
V  [jvm.dll+0x38a55b]  (no source info available)
V  [jvm.dll+0x3899ca]  (no source info available)
V  [jvm.dll+0x244ba1]  (no source info available)
V  [jvm.dll+0x243eff]  (no source info available)
V  [jvm.dll+0x1c34b0]  (no source info available)
V  [jvm.dll+0x253df1]  (no source info available)
V  [jvm.dll+0x2520aa]  (no source info available)
V  [jvm.dll+0x3ee226]  (no source info available)
V  [jvm.dll+0x8254cb]  (no source info available)
V  [jvm.dll+0x6df345]  (no source info available)
C  [ucrtbase.dll+0x21bb2]  (no source info available)
C  [KERNEL32.DLL+0x17614]  (no source info available)
C  [ntdll.dll+0x526a1]  (no source info available)

Lock stack of current Java thread (top to bottom):


---------------  P R O C E S S  ---------------

Threads class SMR info:
_java_thread_list=0x00000212aa803030, length=13, elements={
0x000002128bcb1ec0, 0x00000212aa2b9360, 0x00000212aa2b9dc0, 0x00000212aa2bb240,
0x00000212aa2bbca0, 0x00000212aa2bc700, 0x00000212aa2bea50, 0x00000212aa2c9bd0,
0x00000212aa2d9be0, 0x00000212aa2901a0, 0x00000212aa5545b0, 0x00000212aa74eda0,
0x00000212aa8162e0
}

Java Threads: ( => current thread )
  0x000002128bcb1ec0 JavaThread "main"                              [_thread_blocked, id=9916, stack(0x0000004d82d00000,0x0000004d82e00000) (1024K)]
  0x00000212aa2b9360 JavaThread "Reference Handler"          daemon [_thread_blocked, id=12444, stack(0x0000004d83500000,0x0000004d83600000) (1024K)]
  0x00000212aa2b9dc0 JavaThread "Finalizer"                  daemon [_thread_blocked, id=6892, stack(0x0000004d83600000,0x0000004d83700000) (1024K)]
  0x00000212aa2bb240 JavaThread "Signal Dispatcher"          daemon [_thread_blocked, id=16628, stack(0x0000004d83700000,0x0000004d83800000) (1024K)]
  0x00000212aa2bbca0 JavaThread "Attach Listener"            daemon [_thread_blocked, id=5876, stack(0x0000004d83800000,0x0000004d83900000) (1024K)]
  0x00000212aa2bc700 JavaThread "Service Thread"             daemon [_thread_blocked, id=11412, stack(0x0000004d83900000,0x0000004d83a00000) (1024K)]
  0x00000212aa2bea50 JavaThread "Monitor Deflation Thread"   daemon [_thread_blocked, id=12328, stack(0x0000004d83a00000,0x0000004d83b00000) (1024K)]
=>0x00000212aa2c9bd0 JavaThread "C2 CompilerThread0"         daemon [_thread_in_native, id=16696, stack(0x0000004d83b00000,0x0000004d83c00000) (1024K)]
  0x00000212aa2d9be0 JavaThread "C1 CompilerThread0"         daemon [_thread_in_native, id=14488, stack(0x0000004d83c00000,0x0000004d83d00000) (1024K)]
  0x00000212aa2901a0 JavaThread "Common-Cleaner"             daemon [_thread_blocked, id=11272, stack(0x0000004d83d00000,0x0000004d83e00000) (1024K)]
  0x00000212aa5545b0 JavaThread "Monitor Ctrl-Break"         daemon [_thread_in_native, id=16052, stack(0x0000004d83e00000,0x0000004d83f00000) (1024K)]
  0x00000212aa74eda0 JavaThread "Notification Thread"        daemon [_thread_blocked, id=10628, stack(0x0000004d83f00000,0x0000004d84000000) (1024K)]
  0x00000212aa8162e0 JavaThread "C2 CompilerThread1"         daemon [_thread_in_native, id=16360, stack(0x0000004d84000000,0x0000004d84100000) (1024K)]
Total: 13

Other Threads:
  0x00000212aa29f900 VMThread "VM Thread"                           [id=120, stack(0x0000004d83400000,0x0000004d83500000) (1024K)]
  0x00000212aa28e2e0 WatcherThread "VM Periodic Task Thread"        [id=15796, stack(0x0000004d83300000,0x0000004d83400000) (1024K)]
  0x000002128df493e0 WorkerThread "GC Thread#0"                     [id=17108, stack(0x0000004d82e00000,0x0000004d82f00000) (1024K)]
  0x000002128df5d990 ConcurrentGCThread "G1 Main Marker"            [id=1840, stack(0x0000004d82f00000,0x0000004d83000000) (1024K)]
  0x000002128df5ee60 WorkerThread "G1 Conc#0"                       [id=14548, stack(0x0000004d83000000,0x0000004d83100000) (1024K)]
  0x000002128df9e790 ConcurrentGCThread "G1 Refine#0"               [id=15768, stack(0x0000004d83100000,0x0000004d83200000) (1024K)]
  0x00000212aa160260 ConcurrentGCThread "G1 Service"                [id=8340, stack(0x0000004d83200000,0x0000004d83300000) (1024K)]
Total: 7

Threads with active compile tasks:
C2 CompilerThread0  765  933       4       java.util.HashMap::put (13 bytes)
C1 CompilerThread0  765  945   !   3       java.lang.String::<init> (880 bytes)
C2 CompilerThread1  765  944       4       java.lang.String::getBytes (44 bytes)
Total: 3

VM state: at safepoint (normal execution)

VM Mutex/Monitor currently owned by a thread:  ([mutex/lock_event])
[0x00007ffbc91e4888] Threads_lock - owner thread: 0x00000212aa29f900
[0x00007ffbc91e4988] Heap_lock - owner thread: 0x00000212aa2bbca0

Heap address: 0x0000000084000000, size: 1984 MB, Compressed Oops mode: 32-bit

CDS archive(s) mapped at: [0x00000212ab000000-0x00000212abd70000-0x00000212abd70000), size 14090240, SharedBaseAddress: 0x00000212ab000000, ArchiveRelocationMode: 1.
Compressed class space mapped at: 0x00000212ac000000-0x00000212ec000000, reserved size: 1073741824
Narrow klass base: 0x00000212ab000000, Narrow klass shift: 0, Narrow klass range: 0x41000000

GC Precious Log:
 CardTable entry size: 512
 Card Set container configuration: InlinePtr #cards 5 size 8 Array Of Cards #cards 10 size 36 Howl #buckets 4 coarsen threshold 1843 Howl Bitmap #cards 512 size 80 coarsen threshold 460 Card regions per heap region 1 cards per card region 2048
 CPUs: 4 total, 4 available
 Memory: 7933M
 Large Page Support: Disabled
 NUMA Support: Disabled
 Compressed Oops: Enabled (32-bit)
 Heap Region Size: 1M
 Heap Min Capacity: 8M
 Heap Initial Capacity: 124M
 Heap Max Capacity: 1984M
 Pre-touch: Disabled
 Parallel Workers: 4
 Concurrent Workers: 1
 Concurrent Refinement Workers: 4
 Periodic GC: Disabled

Heap:
 garbage-first heap   total reserved 2031616K, committed 126976K, used 15360K [0x0000000084000000, 0x0000000100000000)
  region size 1024K, 14 young (14336K), 0 survivors (0K)
 Metaspace       used 7704K, committed 7872K, reserved 1114112K
  class space    used 824K, committed 896K, reserved 1048576K

Heap Regions: E=young(eden), S=young(survivor), O=old, HS=humongous(starts), HC=humongous(continues), CS=collection set, F=free, TAMS=top-at-mark-start, PB=parsable bottom
|   0|0x0000000084000000, 0x0000000084100000, 0x0000000084100000|100%|HS|  |TAMS 0x0000000084000000| PB 0x0000000084000000| Complete |  0
|   1|0x0000000084100000, 0x0000000084100000, 0x0000000084200000|  0%| F|  |TAMS 0x0000000084100000| PB 0x0000000084100000| Untracked |  0
|   2|0x0000000084200000, 0x0000000084200000, 0x0000000084300000|  0%| F|  |TAMS 0x0000000084200000| PB 0x0000000084200000| Untracked |  0
|   3|0x0000000084300000, 0x0000000084300000, 0x0000000084400000|  0%| F|  |TAMS 0x0000000084300000| PB 0x0000000084300000| Untracked |  0
|   4|0x0000000084400000, 0x0000000084400000, 0x0000000084500000|  0%| F|  |TAMS 0x0000000084400000| PB 0x0000000084400000| Untracked |  0
|   5|0x0000000084500000, 0x0000000084500000, 0x0000000084600000|  0%| F|  |TAMS 0x0000000084500000| PB 0x0000000084500000| Untracked |  0
|   6|0x0000000084600000, 0x0000000084600000, 0x0000000084700000|  0%| F|  |TAMS 0x0000000084600000| PB 0x0000000084600000| Untracked |  0
|   7|0x0000000084700000, 0x0000000084700000, 0x0000000084800000|  0%| F|  |TAMS 0x0000000084700000| PB 0x0000000084700000| Untracked |  0
|   8|0x0000000084800000, 0x0000000084800000, 0x0000000084900000|  0%| F|  |TAMS 0x0000000084800000| PB 0x0000000084800000| Untracked |  0
|   9|0x0000000084900000, 0x0000000084900000, 0x0000000084a00000|  0%| F|  |TAMS 0x0000000084900000| PB 0x0000000084900000| Untracked |  0
|  10|0x0000000084a00000, 0x0000000084a00000, 0x0000000084b00000|  0%| F|  |TAMS 0x0000000084a00000| PB 0x0000000084a00000| Untracked |  0
|  11|0x0000000084b00000, 0x0000000084b00000, 0x0000000084c00000|  0%| F|  |TAMS 0x0000000084b00000| PB 0x0000000084b00000| Untracked |  0
|  12|0x0000000084c00000, 0x0000000084c00000, 0x0000000084d00000|  0%| F|  |TAMS 0x0000000084c00000| PB 0x0000000084c00000| Untracked |  0
|  13|0x0000000084d00000, 0x0000000084d00000, 0x0000000084e00000|  0%| F|  |TAMS 0x0000000084d00000| PB 0x0000000084d00000| Untracked |  0
|  14|0x0000000084e00000, 0x0000000084e00000, 0x0000000084f00000|  0%| F|  |TAMS 0x0000000084e00000| PB 0x0000000084e00000| Untracked |  0
|  15|0x0000000084f00000, 0x0000000084f00000, 0x0000000085000000|  0%| F|  |TAMS 0x0000000084f00000| PB 0x0000000084f00000| Untracked |  0
|  16|0x0000000085000000, 0x0000000085000000, 0x0000000085100000|  0%| F|  |TAMS 0x0000000085000000| PB 0x0000000085000000| Untracked |  0
|  17|0x0000000085100000, 0x0000000085100000, 0x0000000085200000|  0%| F|  |TAMS 0x0000000085100000| PB 0x0000000085100000| Untracked |  0
|  18|0x0000000085200000, 0x0000000085200000, 0x0000000085300000|  0%| F|  |TAMS 0x0000000085200000| PB 0x0000000085200000| Untracked |  0
|  19|0x0000000085300000, 0x0000000085300000, 0x0000000085400000|  0%| F|  |TAMS 0x0000000085300000| PB 0x0000000085300000| Untracked |  0
|  20|0x0000000085400000, 0x0000000085400000, 0x0000000085500000|  0%| F|  |TAMS 0x0000000085400000| PB 0x0000000085400000| Untracked |  0
|  21|0x0000000085500000, 0x0000000085500000, 0x0000000085600000|  0%| F|  |TAMS 0x0000000085500000| PB 0x0000000085500000| Untracked |  0
|  22|0x0000000085600000, 0x0000000085600000, 0x0000000085700000|  0%| F|  |TAMS 0x0000000085600000| PB 0x0000000085600000| Untracked |  0
|  23|0x0000000085700000, 0x0000000085700000, 0x0000000085800000|  0%| F|  |TAMS 0x0000000085700000| PB 0x0000000085700000| Untracked |  0
|  24|0x0000000085800000, 0x0000000085800000, 0x0000000085900000|  0%| F|  |TAMS 0x0000000085800000| PB 0x0000000085800000| Untracked |  0
|  25|0x0000000085900000, 0x0000000085900000, 0x0000000085a00000|  0%| F|  |TAMS 0x0000000085900000| PB 0x0000000085900000| Untracked |  0
|  26|0x0000000085a00000, 0x0000000085a00000, 0x0000000085b00000|  0%| F|  |TAMS 0x0000000085a00000| PB 0x0000000085a00000| Untracked |  0
|  27|0x0000000085b00000, 0x0000000085b00000, 0x0000000085c00000|  0%| F|  |TAMS 0x0000000085b00000| PB 0x0000000085b00000| Untracked |  0
|  28|0x0000000085c00000, 0x0000000085c00000, 0x0000000085d00000|  0%| F|  |TAMS 0x0000000085c00000| PB 0x0000000085c00000| Untracked |  0
|  29|0x0000000085d00000, 0x0000000085d00000, 0x0000000085e00000|  0%| F|  |TAMS 0x0000000085d00000| PB 0x0000000085d00000| Untracked |  0
|  30|0x0000000085e00000, 0x0000000085e00000, 0x0000000085f00000|  0%| F|  |TAMS 0x0000000085e00000| PB 0x0000000085e00000| Untracked |  0
|  31|0x0000000085f00000, 0x0000000085f00000, 0x0000000086000000|  0%| F|  |TAMS 0x0000000085f00000| PB 0x0000000085f00000| Untracked |  0
|  32|0x0000000086000000, 0x0000000086000000, 0x0000000086100000|  0%| F|  |TAMS 0x0000000086000000| PB 0x0000000086000000| Untracked |  0
|  33|0x0000000086100000, 0x0000000086100000, 0x0000000086200000|  0%| F|  |TAMS 0x0000000086100000| PB 0x0000000086100000| Untracked |  0
|  34|0x0000000086200000, 0x0000000086200000, 0x0000000086300000|  0%| F|  |TAMS 0x0000000086200000| PB 0x0000000086200000| Untracked |  0
|  35|0x0000000086300000, 0x0000000086300000, 0x0000000086400000|  0%| F|  |TAMS 0x0000000086300000| PB 0x0000000086300000| Untracked |  0
|  36|0x0000000086400000, 0x0000000086400000, 0x0000000086500000|  0%| F|  |TAMS 0x0000000086400000| PB 0x0000000086400000| Untracked |  0
|  37|0x0000000086500000, 0x0000000086500000, 0x0000000086600000|  0%| F|  |TAMS 0x0000000086500000| PB 0x0000000086500000| Untracked |  0
|  38|0x0000000086600000, 0x0000000086600000, 0x0000000086700000|  0%| F|  |TAMS 0x0000000086600000| PB 0x0000000086600000| Untracked |  0
|  39|0x0000000086700000, 0x0000000086700000, 0x0000000086800000|  0%| F|  |TAMS 0x0000000086700000| PB 0x0000000086700000| Untracked |  0
|  40|0x0000000086800000, 0x0000000086800000, 0x0000000086900000|  0%| F|  |TAMS 0x0000000086800000| PB 0x0000000086800000| Untracked |  0
|  41|0x0000000086900000, 0x0000000086900000, 0x0000000086a00000|  0%| F|  |TAMS 0x0000000086900000| PB 0x0000000086900000| Untracked |  0
|  42|0x0000000086a00000, 0x0000000086a00000, 0x0000000086b00000|  0%| F|  |TAMS 0x0000000086a00000| PB 0x0000000086a00000| Untracked |  0
|  43|0x0000000086b00000, 0x0000000086b00000, 0x0000000086c00000|  0%| F|  |TAMS 0x0000000086b00000| PB 0x0000000086b00000| Untracked |  0
|  44|0x0000000086c00000, 0x0000000086c00000, 0x0000000086d00000|  0%| F|  |TAMS 0x0000000086c00000| PB 0x0000000086c00000| Untracked |  0
|  45|0x0000000086d00000, 0x0000000086d00000, 0x0000000086e00000|  0%| F|  |TAMS 0x0000000086d00000| PB 0x0000000086d00000| Untracked |  0
|  46|0x0000000086e00000, 0x0000000086e00000, 0x0000000086f00000|  0%| F|  |TAMS 0x0000000086e00000| PB 0x0000000086e00000| Untracked |  0
|  47|0x0000000086f00000, 0x0000000086f00000, 0x0000000087000000|  0%| F|  |TAMS 0x0000000086f00000| PB 0x0000000086f00000| Untracked |  0
|  48|0x0000000087000000, 0x0000000087000000, 0x0000000087100000|  0%| F|  |TAMS 0x0000000087000000| PB 0x0000000087000000| Untracked |  0
|  49|0x0000000087100000, 0x0000000087100000, 0x0000000087200000|  0%| F|  |TAMS 0x0000000087100000| PB 0x0000000087100000| Untracked |  0
|  50|0x0000000087200000, 0x0000000087200000, 0x0000000087300000|  0%| F|  |TAMS 0x0000000087200000| PB 0x0000000087200000| Untracked |  0
|  51|0x0000000087300000, 0x0000000087300000, 0x0000000087400000|  0%| F|  |TAMS 0x0000000087300000| PB 0x0000000087300000| Untracked |  0
|  52|0x0000000087400000, 0x0000000087400000, 0x0000000087500000|  0%| F|  |TAMS 0x0000000087400000| PB 0x0000000087400000| Untracked |  0
|  53|0x0000000087500000, 0x0000000087500000, 0x0000000087600000|  0%| F|  |TAMS 0x0000000087500000| PB 0x0000000087500000| Untracked |  0
|  54|0x0000000087600000, 0x0000000087600000, 0x0000000087700000|  0%| F|  |TAMS 0x0000000087600000| PB 0x0000000087600000| Untracked |  0
|  55|0x0000000087700000, 0x0000000087700000, 0x0000000087800000|  0%| F|  |TAMS 0x0000000087700000| PB 0x0000000087700000| Untracked |  0
|  56|0x0000000087800000, 0x0000000087800000, 0x0000000087900000|  0%| F|  |TAMS 0x0000000087800000| PB 0x0000000087800000| Untracked |  0
|  57|0x0000000087900000, 0x0000000087900000, 0x0000000087a00000|  0%| F|  |TAMS 0x0000000087900000| PB 0x0000000087900000| Untracked |  0
|  58|0x0000000087a00000, 0x0000000087a00000, 0x0000000087b00000|  0%| F|  |TAMS 0x0000000087a00000| PB 0x0000000087a00000| Untracked |  0
|  59|0x0000000087b00000, 0x0000000087b00000, 0x0000000087c00000|  0%| F|  |TAMS 0x0000000087b00000| PB 0x0000000087b00000| Untracked |  0
|  60|0x0000000087c00000, 0x0000000087c00000, 0x0000000087d00000|  0%| F|  |TAMS 0x0000000087c00000| PB 0x0000000087c00000| Untracked |  0
|  61|0x0000000087d00000, 0x0000000087d00000, 0x0000000087e00000|  0%| F|  |TAMS 0x0000000087d00000| PB 0x0000000087d00000| Untracked |  0
|  62|0x0000000087e00000, 0x0000000087e00000, 0x0000000087f00000|  0%| F|  |TAMS 0x0000000087e00000| PB 0x0000000087e00000| Untracked |  0
|  63|0x0000000087f00000, 0x0000000087f00000, 0x0000000088000000|  0%| F|  |TAMS 0x0000000087f00000| PB 0x0000000087f00000| Untracked |  0
|  64|0x0000000088000000, 0x0000000088000000, 0x0000000088100000|  0%| F|  |TAMS 0x0000000088000000| PB 0x0000000088000000| Untracked |  0
|  65|0x0000000088100000, 0x0000000088100000, 0x0000000088200000|  0%| F|  |TAMS 0x0000000088100000| PB 0x0000000088100000| Untracked |  0
|  66|0x0000000088200000, 0x0000000088200000, 0x0000000088300000|  0%| F|  |TAMS 0x0000000088200000| PB 0x0000000088200000| Untracked |  0
|  67|0x0000000088300000, 0x0000000088300000, 0x0000000088400000|  0%| F|  |TAMS 0x0000000088300000| PB 0x0000000088300000| Untracked |  0
|  68|0x0000000088400000, 0x0000000088400000, 0x0000000088500000|  0%| F|  |TAMS 0x0000000088400000| PB 0x0000000088400000| Untracked |  0
|  69|0x0000000088500000, 0x0000000088500000, 0x0000000088600000|  0%| F|  |TAMS 0x0000000088500000| PB 0x0000000088500000| Untracked |  0
|  70|0x0000000088600000, 0x0000000088600000, 0x0000000088700000|  0%| F|  |TAMS 0x0000000088600000| PB 0x0000000088600000| Untracked |  0
|  71|0x0000000088700000, 0x0000000088700000, 0x0000000088800000|  0%| F|  |TAMS 0x0000000088700000| PB 0x0000000088700000| Untracked |  0
|  72|0x0000000088800000, 0x0000000088800000, 0x0000000088900000|  0%| F|  |TAMS 0x0000000088800000| PB 0x0000000088800000| Untracked |  0
|  73|0x0000000088900000, 0x0000000088900000, 0x0000000088a00000|  0%| F|  |TAMS 0x0000000088900000| PB 0x0000000088900000| Untracked |  0
|  74|0x0000000088a00000, 0x0000000088a00000, 0x0000000088b00000|  0%| F|  |TAMS 0x0000000088a00000| PB 0x0000000088a00000| Untracked |  0
|  75|0x0000000088b00000, 0x0000000088b00000, 0x0000000088c00000|  0%| F|  |TAMS 0x0000000088b00000| PB 0x0000000088b00000| Untracked |  0
|  76|0x0000000088c00000, 0x0000000088c00000, 0x0000000088d00000|  0%| F|  |TAMS 0x0000000088c00000| PB 0x0000000088c00000| Untracked |  0
|  77|0x0000000088d00000, 0x0000000088d00000, 0x0000000088e00000|  0%| F|  |TAMS 0x0000000088d00000| PB 0x0000000088d00000| Untracked |  0
|  78|0x0000000088e00000, 0x0000000088e00000, 0x0000000088f00000|  0%| F|  |TAMS 0x0000000088e00000| PB 0x0000000088e00000| Untracked |  0
|  79|0x0000000088f00000, 0x0000000088f00000, 0x0000000089000000|  0%| F|  |TAMS 0x0000000088f00000| PB 0x0000000088f00000| Untracked |  0
|  80|0x0000000089000000, 0x0000000089000000, 0x0000000089100000|  0%| F|  |TAMS 0x0000000089000000| PB 0x0000000089000000| Untracked |  0
|  81|0x0000000089100000, 0x0000000089100000, 0x0000000089200000|  0%| F|  |TAMS 0x0000000089100000| PB 0x0000000089100000| Untracked |  0
|  82|0x0000000089200000, 0x0000000089200000, 0x0000000089300000|  0%| F|  |TAMS 0x0000000089200000| PB 0x0000000089200000| Untracked |  0
|  83|0x0000000089300000, 0x0000000089300000, 0x0000000089400000|  0%| F|  |TAMS 0x0000000089300000| PB 0x0000000089300000| Untracked |  0
|  84|0x0000000089400000, 0x0000000089400000, 0x0000000089500000|  0%| F|  |TAMS 0x0000000089400000| PB 0x0000000089400000| Untracked |  0
|  85|0x0000000089500000, 0x0000000089500000, 0x0000000089600000|  0%| F|  |TAMS 0x0000000089500000| PB 0x0000000089500000| Untracked |  0
|  86|0x0000000089600000, 0x0000000089600000, 0x0000000089700000|  0%| F|  |TAMS 0x0000000089600000| PB 0x0000000089600000| Untracked |  0
|  87|0x0000000089700000, 0x0000000089700000, 0x0000000089800000|  0%| F|  |TAMS 0x0000000089700000| PB 0x0000000089700000| Untracked |  0
|  88|0x0000000089800000, 0x0000000089800000, 0x0000000089900000|  0%| F|  |TAMS 0x0000000089800000| PB 0x0000000089800000| Untracked |  0
|  89|0x0000000089900000, 0x0000000089900000, 0x0000000089a00000|  0%| F|  |TAMS 0x0000000089900000| PB 0x0000000089900000| Untracked |  0
|  90|0x0000000089a00000, 0x0000000089a00000, 0x0000000089b00000|  0%| F|  |TAMS 0x0000000089a00000| PB 0x0000000089a00000| Untracked |  0
|  91|0x0000000089b00000, 0x0000000089b00000, 0x0000000089c00000|  0%| F|  |TAMS 0x0000000089b00000| PB 0x0000000089b00000| Untracked |  0
|  92|0x0000000089c00000, 0x0000000089c00000, 0x0000000089d00000|  0%| F|  |TAMS 0x0000000089c00000| PB 0x0000000089c00000| Untracked |  0
|  93|0x0000000089d00000, 0x0000000089d00000, 0x0000000089e00000|  0%| F|  |TAMS 0x0000000089d00000| PB 0x0000000089d00000| Untracked |  0
|  94|0x0000000089e00000, 0x0000000089e00000, 0x0000000089f00000|  0%| F|  |TAMS 0x0000000089e00000| PB 0x0000000089e00000| Untracked |  0
|  95|0x0000000089f00000, 0x0000000089f00000, 0x000000008a000000|  0%| F|  |TAMS 0x0000000089f00000| PB 0x0000000089f00000| Untracked |  0
|  96|0x000000008a000000, 0x000000008a000000, 0x000000008a100000|  0%| F|  |TAMS 0x000000008a000000| PB 0x000000008a000000| Untracked |  0
|  97|0x000000008a100000, 0x000000008a100000, 0x000000008a200000|  0%| F|  |TAMS 0x000000008a100000| PB 0x000000008a100000| Untracked |  0
|  98|0x000000008a200000, 0x000000008a200000, 0x000000008a300000|  0%| F|  |TAMS 0x000000008a200000| PB 0x000000008a200000| Untracked |  0
|  99|0x000000008a300000, 0x000000008a300000, 0x000000008a400000|  0%| F|  |TAMS 0x000000008a300000| PB 0x000000008a300000| Untracked |  0
| 100|0x000000008a400000, 0x000000008a400000, 0x000000008a500000|  0%| F|  |TAMS 0x000000008a400000| PB 0x000000008a400000| Untracked |  0
| 101|0x000000008a500000, 0x000000008a500000, 0x000000008a600000|  0%| F|  |TAMS 0x000000008a500000| PB 0x000000008a500000| Untracked |  0
| 102|0x000000008a600000, 0x000000008a600000, 0x000000008a700000|  0%| F|  |TAMS 0x000000008a600000| PB 0x000000008a600000| Untracked |  0
| 103|0x000000008a700000, 0x000000008a700000, 0x000000008a800000|  0%| F|  |TAMS 0x000000008a700000| PB 0x000000008a700000| Untracked |  0
| 104|0x000000008a800000, 0x000000008a800000, 0x000000008a900000|  0%| F|  |TAMS 0x000000008a800000| PB 0x000000008a800000| Untracked |  0
| 105|0x000000008a900000, 0x000000008a900000, 0x000000008aa00000|  0%| F|  |TAMS 0x000000008a900000| PB 0x000000008a900000| Untracked |  0
| 106|0x000000008aa00000, 0x000000008aa00000, 0x000000008ab00000|  0%| F|  |TAMS 0x000000008aa00000| PB 0x000000008aa00000| Untracked |  0
| 107|0x000000008ab00000, 0x000000008ab00000, 0x000000008ac00000|  0%| F|  |TAMS 0x000000008ab00000| PB 0x000000008ab00000| Untracked |  0
| 108|0x000000008ac00000, 0x000000008ac00000, 0x000000008ad00000|  0%| F|  |TAMS 0x000000008ac00000| PB 0x000000008ac00000| Untracked |  0
| 109|0x000000008ad00000, 0x000000008ad00000, 0x000000008ae00000|  0%| F|  |TAMS 0x000000008ad00000| PB 0x000000008ad00000| Untracked |  0
| 110|0x000000008ae00000, 0x000000008af00000, 0x000000008af00000|100%| E|CS|TAMS 0x000000008ae00000| PB 0x000000008ae00000| Complete |  2
| 111|0x000000008af00000, 0x000000008b000000, 0x000000008b000000|100%| E|CS|TAMS 0x000000008af00000| PB 0x000000008af00000| Complete |  0
| 112|0x000000008b000000, 0x000000008b100000, 0x000000008b100000|100%| E|CS|TAMS 0x000000008b000000| PB 0x000000008b000000| Complete |  0
| 113|0x000000008b100000, 0x000000008b200000, 0x000000008b200000|100%| E|CS|TAMS 0x000000008b100000| PB 0x000000008b100000| Complete |  0
| 114|0x000000008b200000, 0x000000008b300000, 0x000000008b300000|100%| E|CS|TAMS 0x000000008b200000| PB 0x000000008b200000| Complete |  0
| 115|0x000000008b300000, 0x000000008b400000, 0x000000008b400000|100%| E|CS|TAMS 0x000000008b300000| PB 0x000000008b300000| Complete |  0
| 116|0x000000008b400000, 0x000000008b500000, 0x000000008b500000|100%| E|CS|TAMS 0x000000008b400000| PB 0x000000008b400000| Complete |  0
| 117|0x000000008b500000, 0x000000008b600000, 0x000000008b600000|100%| E|CS|TAMS 0x000000008b500000| PB 0x000000008b500000| Complete |  0
| 118|0x000000008b600000, 0x000000008b700000, 0x000000008b700000|100%| E|CS|TAMS 0x000000008b600000| PB 0x000000008b600000| Complete |  0
| 119|0x000000008b700000, 0x000000008b800000, 0x000000008b800000|100%| E|CS|TAMS 0x000000008b700000| PB 0x000000008b700000| Complete |  0
| 120|0x000000008b800000, 0x000000008b900000, 0x000000008b900000|100%| E|CS|TAMS 0x000000008b800000| PB 0x000000008b800000| Complete |  0
| 121|0x000000008b900000, 0x000000008ba00000, 0x000000008ba00000|100%| E|CS|TAMS 0x000000008b900000| PB 0x000000008b900000| Complete |  0
| 122|0x000000008ba00000, 0x000000008bb00000, 0x000000008bb00000|100%| E|CS|TAMS 0x000000008ba00000| PB 0x000000008ba00000| Complete |  0
| 123|0x000000008bb00000, 0x000000008bc00000, 0x000000008bc00000|100%| E|CS|TAMS 0x000000008bb00000| PB 0x000000008bb00000| Complete |  0

Card table byte_map: [0x00000212a59f0000,0x00000212a5dd0000] _byte_map_base: 0x00000212a55d0000

Marking Bits: (CMBitMap*) 0x000002128df498a0
 Bits: [0x00000212a5dd0000, 0x00000212a7cd0000)

Polling page: 0x000002128bbe0000

Metaspace:

Usage:
  Non-class:      6.72 MB used.
      Class:    824.02 KB used.
       Both:      7.52 MB used.

Virtual space:
  Non-class space:       64.00 MB reserved,       6.81 MB ( 11%) committed,  1 nodes.
      Class space:        1.00 GB reserved,     896.00 KB ( <1%) committed,  1 nodes.
             Both:        1.06 GB reserved,       7.69 MB ( <1%) committed. 

Chunk freelists:
   Non-Class:  8.94 MB
       Class:  15.08 MB
        Both:  24.02 MB

MaxMetaspaceSize: unlimited
CompressedClassSpaceSize: 1.00 GB
Initial GC threshold: 21.00 MB
Current GC threshold: 21.00 MB
CDS: on
 - commit_granule_bytes: 65536.
 - commit_granule_words: 8192.
 - virtual_space_node_default_size: 8388608.
 - enlarge_chunks_in_place: 1.
 - use_allocation_guard: 0.


Internal statistics:

num_allocs_failed_limit: 0.
num_arena_births: 100.
num_arena_deaths: 0.
num_vsnodes_births: 2.
num_vsnodes_deaths: 0.
num_space_committed: 123.
num_space_uncommitted: 0.
num_chunks_returned_to_freelist: 0.
num_chunks_taken_from_freelist: 153.
num_chunk_merges: 0.
num_chunk_splits: 89.
num_chunks_enlarged: 50.
num_inconsistent_stats: 0.

CodeHeap 'non-profiled nmethods': size=120064Kb used=290Kb max_used=290Kb free=119774Kb
 bounds [0x000002129e0d0000, 0x000002129e340000, 0x00000212a5610000]
CodeHeap 'profiled nmethods': size=120000Kb used=1069Kb max_used=1069Kb free=118930Kb
 bounds [0x0000021296610000, 0x0000021296880000, 0x000002129db40000]
CodeHeap 'non-nmethods': size=5696Kb used=1481Kb max_used=1489Kb free=4214Kb
 bounds [0x000002129db40000, 0x000002129ddb0000, 0x000002129e0d0000]
CodeCache: size=245760Kb, used=2840Kb, max_used=2848Kb, free=242918Kb
 total_blobs=1426, nmethods=944, adapters=388, full_count=0
Compilation: enabled, stopped_count=0, restarted_count=0

Compilation events (20 events):
Event: 0.596 Thread 0x00000212aa8162e0 nmethod 928% 0x000002129e116a88 code [0x000002129e116ba0, 0x000002129e116e48]
Event: 0.596 Thread 0x00000212aa8162e0  934       4       java.lang.CharacterData::of (136 bytes)
Event: 0.596 Thread 0x00000212aa8162e0 nmethod 934 0x000002129e116e88 code [0x000002129e116f80, 0x000002129e117018]
Event: 0.597 Thread 0x00000212aa2d9be0 nmethod 936 0x0000021296716b08 code [0x0000021296716de0, 0x00000212967181f0]
Event: 0.597 Thread 0x00000212aa2d9be0  937       3       java.util.ArrayList::elementData (7 bytes)
Event: 0.597 Thread 0x00000212aa2d9be0 nmethod 937 0x0000021296718288 code [0x00000212967183a0, 0x00000212967184d8]
Event: 0.598 Thread 0x00000212aa2d9be0  938       3       jdk.jfr.internal.util.Tokenizer::next (175 bytes)
Event: 0.598 Thread 0x00000212aa8162e0  941       4       java.lang.Character::isWhitespace (5 bytes)
Event: 0.599 Thread 0x00000212aa2d9be0 nmethod 938 0x0000021296718588 code [0x00000212967188e0, 0x000002129671a138]
Event: 0.599 Thread 0x00000212aa2d9be0  939       3       jdk.jfr.internal.util.Tokenizer::findNext (69 bytes)
Event: 0.599 Thread 0x00000212aa8162e0 nmethod 941 0x000002129e117188 code [0x000002129e117280, 0x000002129e117350]
Event: 0.600 Thread 0x00000212aa8162e0  942       4       java.lang.CharacterDataLatin1::isWhitespace (23 bytes)
Event: 0.600 Thread 0x00000212aa2d9be0 nmethod 939 0x000002129671a208 code [0x000002129671a420, 0x000002129671b040]
Event: 0.600 Thread 0x00000212aa2d9be0  940       1       jdk.jfr.internal.query.ViewFile$ViewConfiguration::properties (5 bytes)
Event: 0.600 Thread 0x00000212aa2d9be0 nmethod 940 0x000002129e117488 code [0x000002129e1175a0, 0x000002129e117668]
Event: 0.600 Thread 0x00000212aa8162e0 nmethod 942 0x000002129e117788 code [0x000002129e117880, 0x000002129e117940]
Event: 0.601 Thread 0x00000212aa2d9be0  943       3       java.io.File::exists (34 bytes)
Event: 0.601 Thread 0x00000212aa8162e0  944       4       java.lang.String::getBytes (44 bytes)
Event: 0.601 Thread 0x00000212aa2d9be0 nmethod 943 0x000002129671b108 code [0x000002129671b280, 0x000002129671b6e0]
Event: 0.601 Thread 0x00000212aa2d9be0  945   !   3       java.lang.String::<init> (880 bytes)

GC Heap History (0 events):
No events

Dll operation events (12 events):
Event: 0.014 Loaded shared library C:\Users\User\.jdks\openjdk-23.0.2\bin\java.dll
Event: 0.015 Loaded shared library C:\Users\User\.jdks\openjdk-23.0.2\bin\zip.dll
Event: 0.051 Loaded shared library C:\Users\User\.jdks\openjdk-23.0.2\bin\jsvml.dll
Event: 0.117 Loaded shared library C:\Users\User\.jdks\openjdk-23.0.2\bin\instrument.dll
Event: 0.121 Loaded shared library C:\Users\User\.jdks\openjdk-23.0.2\bin\net.dll
Event: 0.123 Loaded shared library C:\Users\User\.jdks\openjdk-23.0.2\bin\nio.dll
Event: 0.128 Loaded shared library C:\Users\User\.jdks\openjdk-23.0.2\bin\zip.dll
Event: 0.152 Loaded shared library C:\Users\User\.jdks\openjdk-23.0.2\bin\extnet.dll
Event: 0.326 Loaded shared library C:\Users\User\.jdks\openjdk-23.0.2\bin\jimage.dll
Event: 0.351 Loaded shared library C:\Users\User\.jdks\openjdk-23.0.2\bin\verify.dll
Event: 0.413 Loaded shared library C:\Users\User\.jdks\openjdk-23.0.2\bin\management.dll
Event: 0.429 Loaded shared library C:\Users\User\.jdks\openjdk-23.0.2\bin\management_ext.dll

Deoptimization events (20 events):
Event: 0.227 Thread 0x000002128bcb1ec0 DEOPT PACKING pc=0x000002129e0df820 sp=0x0000004d82dfce70
Event: 0.227 Thread 0x000002128bcb1ec0 DEOPT UNPACKING pc=0x000002129db97982 sp=0x0000004d82dfce28 mode 2
Event: 0.327 Thread 0x000002128bcb1ec0 Uncommon trap: trap_request=0xffffff45 fr.pc=0x000002129e0e5f24 relative=0x00000000000004c4
Event: 0.327 Thread 0x000002128bcb1ec0 Uncommon trap: reason=unstable_if action=reinterpret pc=0x000002129e0e5f24 method=java.lang.StringLatin1.replace([BCC)Ljava/lang/String; @ 19 c2
Event: 0.327 Thread 0x000002128bcb1ec0 DEOPT PACKING pc=0x000002129e0e5f24 sp=0x0000004d82dff3e0
Event: 0.327 Thread 0x000002128bcb1ec0 DEOPT UNPACKING pc=0x000002129db97982 sp=0x0000004d82dff360 mode 2
Event: 0.344 Thread 0x00000212aa2bbca0 Uncommon trap: trap_request=0xffffff45 fr.pc=0x000002129e0ed40c relative=0x000000000000012c
Event: 0.344 Thread 0x00000212aa2bbca0 Uncommon trap: reason=unstable_if action=reinterpret pc=0x000002129e0ed40c method=java.util.regex.Pattern$BmpCharPropertyGreedy.match(Ljava/util/regex/Matcher;ILjava/lang/CharSequence;)Z @ 12 c2
Event: 0.344 Thread 0x00000212aa2bbca0 DEOPT PACKING pc=0x000002129e0ed40c sp=0x0000004d838fe9e0
Event: 0.344 Thread 0x00000212aa2bbca0 DEOPT UNPACKING pc=0x000002129db97982 sp=0x0000004d838fe978 mode 2
Event: 0.435 Thread 0x00000212aa2bbca0 Uncommon trap: trap_request=0xffffff45 fr.pc=0x000002129e0e7634 relative=0x0000000000000a74
Event: 0.435 Thread 0x00000212aa2bbca0 Uncommon trap: reason=unstable_if action=reinterpret pc=0x000002129e0e7634 method=java.util.HashMap.putVal(ILjava/lang/Object;Ljava/lang/Object;ZZ)Ljava/lang/Object; @ 181 c2
Event: 0.435 Thread 0x00000212aa2bbca0 DEOPT PACKING pc=0x000002129e0e7634 sp=0x0000004d838fe8d0
Event: 0.435 Thread 0x00000212aa2bbca0 DEOPT UNPACKING pc=0x000002129db97982 sp=0x0000004d838fe890 mode 2
Event: 0.581 Thread 0x00000212aa2bbca0 Uncommon trap: trap_request=0xffffffde fr.pc=0x000002129e10335c relative=0x000000000000029c
Event: 0.581 Thread 0x00000212aa2bbca0 Uncommon trap: reason=class_check action=maybe_recompile pc=0x000002129e10335c method=java.util.HashMap.getNode(Ljava/lang/Object;)Ljava/util/HashMap$Node; @ 128 c2
Event: 0.581 Thread 0x00000212aa2bbca0 DEOPT PACKING pc=0x000002129e10335c sp=0x0000004d838fe090
Event: 0.581 Thread 0x00000212aa2bbca0 DEOPT UNPACKING pc=0x000002129db97982 sp=0x0000004d838fdff8 mode 2
Event: 0.602 Thread 0x00000212aa2bbca0 DEOPT PACKING pc=0x0000021296688ed8 sp=0x0000004d838fdbc0
Event: 0.602 Thread 0x00000212aa2bbca0 DEOPT UNPACKING pc=0x000002129db984c2 sp=0x0000004d838fd098 mode 0

Classes loaded (20 events):
Event: 0.587 Loading class jdk/internal/access/JavaUtilCollectionAccess done
Event: 0.587 Loading class java/util/ImmutableCollections$Access$1 done
Event: 0.588 Loading class java/util/stream/SpinedBuffer
Event: 0.588 Loading class java/util/stream/SpinedBuffer done
Event: 0.588 Loading class java/util/stream/Nodes$SpinedNodeBuilder
Event: 0.588 Loading class java/util/stream/Nodes$SpinedNodeBuilder done
Event: 0.589 Loading class jdk/jfr/internal/query/ViewPrinter
Event: 0.590 Loading class jdk/jfr/internal/query/ViewPrinter done
Event: 0.590 Loading class jdk/jfr/internal/util/Columnizer
Event: 0.590 Loading class jdk/jfr/internal/util/Columnizer done
Event: 0.590 Loading class jdk/jfr/internal/query/ViewFile
Event: 0.590 Loading class jdk/jfr/internal/query/ViewFile done
Event: 0.591 Loading class jdk/jfr/internal/util/Tokenizer
Event: 0.592 Loading class jdk/jfr/internal/util/Tokenizer done
Event: 0.592 Loading class jdk/jfr/internal/query/ViewFile$ViewConfiguration
Event: 0.592 Loading class jdk/jfr/internal/query/ViewFile$ViewConfiguration done
Event: 0.600 Loading class org/junit/internal/runners/rules/RuleMemberValidator$MethodMustBeARule
Event: 0.600 Loading class org/junit/internal/runners/rules/RuleMemberValidator$MethodMustBeARule done
Event: 0.601 Loading class jdk/jfr/internal/util/Columnizer$Column
Event: 0.601 Loading class jdk/jfr/internal/util/Columnizer$Column done

Classes unloaded (0 events):
No events

Classes redefined (1 events):
Event: 0.283 Thread 0x00000212aa29f900 redefined class name=java.lang.Throwable, count=1

Internal exceptions (10 events):
Event: 0.133 Thread 0x000002128bcb1ec0 Exception <a 'java/lang/NoSuchMethodError'{0x000000008b93a240}: 'java.lang.Object java.lang.invoke.Invokers$Holder.invokeExact_MT(java.lang.Object, java.lang.Object, java.lang.Object, java.lang.Object, java.lang.Object)'> (0x000000008b93a240) 
thrown [s\open\src\hotspot\share\interpreter\linkResolver.cpp, line 796]
Event: 0.154 Thread 0x00000212aa5545b0 Exception <a 'java/lang/NoSuchMethodError'{0x000000008b98cc38}: 'void java.lang.invoke.DirectMethodHandle$Holder.invokeStatic(java.lang.Object, java.lang.Object)'> (0x000000008b98cc38) 
thrown [s\open\src\hotspot\share\interpreter\linkResolver.cpp, line 796]
Event: 0.364 Thread 0x000002128bcb1ec0 Exception <a 'java/io/FileNotFoundException'{0x000000008b667b28}> (0x000000008b667b28) 
thrown [s\open\src\hotspot\share\prims\jni.cpp, line 520]
Event: 0.436 Thread 0x00000212aa2bbca0 Exception <a 'java/lang/NoSuchMethodError'{0x000000008b32b648}: 'int java.lang.invoke.DirectMethodHandle$Holder.invokeInterface(java.lang.Object, java.lang.Object)'> (0x000000008b32b648) 
thrown [s\open\src\hotspot\share\interpreter\linkResolver.cpp, line 796]
Event: 0.436 Thread 0x00000212aa2bbca0 Exception <a 'java/lang/IncompatibleClassChangeError'{0x000000008b32e890}: Found class java.lang.Object, but interface was expected> (0x000000008b32e890) 
thrown [s\open\src\hotspot\share\interpreter\linkResolver.cpp, line 863]
Event: 0.526 Thread 0x00000212aa2bbca0 Exception <a 'java/lang/NoSuchMethodError'{0x000000008b1fb458}: 'void java.lang.invoke.DirectMethodHandle$Holder.invokeSpecial(java.lang.Object, java.lang.Object, java.lang.Object)'> (0x000000008b1fb458) 
thrown [s\open\src\hotspot\share\interpreter\linkResolver.cpp, line 796]
Event: 0.528 Thread 0x00000212aa2bbca0 Exception <a 'java/lang/NoSuchMethodError'{0x000000008b007390}: 'void java.lang.invoke.DirectMethodHandle$Holder.invokeStatic(java.lang.Object, int, java.lang.Object)'> (0x000000008b007390) 
thrown [s\open\src\hotspot\share\interpreter\linkResolver.cpp, line 796]
Event: 0.549 Thread 0x00000212aa2bbca0 Exception <a 'java/lang/NoSuchMethodError'{0x000000008b06dc10}: 'int java.lang.invoke.DirectMethodHandle$Holder.invokeSpecial(java.lang.Object, java.lang.Object, java.lang.Object)'> (0x000000008b06dc10) 
thrown [s\open\src\hotspot\share\interpreter\linkResolver.cpp, line 796]
Event: 0.562 Thread 0x000002128bcb1ec0 Exception <a 'java/lang/NoSuchMethodError'{0x000000008b09b2e8}: 'java.lang.Object java.lang.invoke.DirectMethodHandle$Holder.invokeInterface(java.lang.Object, java.lang.Object)'> (0x000000008b09b2e8) 
thrown [s\open\src\hotspot\share\interpreter\linkResolver.cpp, line 796]
Event: 0.563 Thread 0x000002128bcb1ec0 Exception <a 'java/lang/IncompatibleClassChangeError'{0x000000008b09e848}: Found class java.lang.Object, but interface was expected> (0x000000008b09e848) 
thrown [s\open\src\hotspot\share\interpreter\linkResolver.cpp, line 863]

VM Operations (10 events):
Event: 0.097 Executing VM operation: HandshakeAllThreads (Deoptimize)
Event: 0.097 Executing VM operation: HandshakeAllThreads (Deoptimize) done
Event: 0.283 Executing VM operation: RedefineClasses
Event: 0.285 Executing VM operation: RedefineClasses done
Event: 0.346 Executing VM operation: HandshakeAllThreads (Deoptimize)
Event: 0.348 Executing VM operation: HandshakeAllThreads (Deoptimize) done
Event: 0.421 Executing VM operation: HandshakeAllThreads (Deoptimize)
Event: 0.421 Executing VM operation: HandshakeAllThreads (Deoptimize) done
Event: 0.442 Executing VM operation: HandshakeAllThreads (Deoptimize)
Event: 0.442 Executing VM operation: HandshakeAllThreads (Deoptimize) done

Memory protections (0 events):
No events

Nmethod flushes (0 events):
No events

Events (13 events):
Event: 0.031 Thread 0x000002128bcb1ec0 Thread added: 0x000002128bcb1ec0
Event: 0.048 Thread 0x000002128bcb1ec0 Thread added: 0x00000212aa2b9360
Event: 0.048 Thread 0x000002128bcb1ec0 Thread added: 0x00000212aa2b9dc0
Event: 0.048 Thread 0x000002128bcb1ec0 Thread added: 0x00000212aa2bb240
Event: 0.048 Thread 0x000002128bcb1ec0 Thread added: 0x00000212aa2bbca0
Event: 0.049 Thread 0x000002128bcb1ec0 Thread added: 0x00000212aa2bc700
Event: 0.049 Thread 0x000002128bcb1ec0 Thread added: 0x00000212aa2bea50
Event: 0.049 Thread 0x000002128bcb1ec0 Thread added: 0x00000212aa2c9bd0
Event: 0.049 Thread 0x000002128bcb1ec0 Thread added: 0x00000212aa2d9be0
Event: 0.089 Thread 0x000002128bcb1ec0 Thread added: 0x00000212aa2901a0
Event: 0.136 Thread 0x000002128bcb1ec0 Thread added: 0x00000212aa5545b0
Event: 0.326 Thread 0x000002128bcb1ec0 Thread added: 0x00000212aa74eda0
Event: 0.373 Thread 0x00000212aa2d9be0 Thread added: 0x00000212aa8162e0


Dynamic libraries:
0x00007ff7e3fe0000 - 0x00007ff7e3fee000 	C:\Users\User\.jdks\openjdk-23.0.2\bin\java.exe
0x00007ffc41610000 - 0x00007ffc41808000 	C:\Windows\SYSTEM32\ntdll.dll
0x00007ffc40f50000 - 0x00007ffc4100f000 	C:\Windows\System32\KERNEL32.DLL
0x00007ffc3f1b0000 - 0x00007ffc3f482000 	C:\Windows\System32\KERNELBASE.dll
0x00007ffc3ed70000 - 0x00007ffc3ee70000 	C:\Windows\System32\ucrtbase.dll
0x00007ffc35290000 - 0x00007ffc352ab000 	C:\Users\User\.jdks\openjdk-23.0.2\bin\VCRUNTIME140.dll
0x00007ffc352b0000 - 0x00007ffc352c7000 	C:\Users\User\.jdks\openjdk-23.0.2\bin\jli.dll
0x00007ffc3fd80000 - 0x00007ffc3ff21000 	C:\Windows\System32\USER32.dll
0x00007ffc28100000 - 0x00007ffc2839a000 	C:\Windows\WinSxS\amd64_microsoft.windows.common-controls_6595b64144ccf1df_6.0.19041.1110_none_60b5254171f9507e\COMCTL32.dll
0x00007ffc3f620000 - 0x00007ffc3f642000 	C:\Windows\System32\win32u.dll
0x00007ffc3fa60000 - 0x00007ffc3fafe000 	C:\Windows\System32\msvcrt.dll
0x00007ffc40eb0000 - 0x00007ffc40edb000 	C:\Windows\System32\GDI32.dll
0x00007ffc3ee70000 - 0x00007ffc3ef7f000 	C:\Windows\System32\gdi32full.dll
0x00007ffc3ef80000 - 0x00007ffc3f01d000 	C:\Windows\System32\msvcp_win.dll
0x00007ffc3fca0000 - 0x00007ffc3fcd2000 	C:\Windows\System32\IMM32.DLL
0x000000006e200000 - 0x000000006e20c000 	C:\Program Files (x86)\360\Total Security\safemon\SafeWrapper.dll
0x00007ffc3fb10000 - 0x00007ffc3fbbe000 	C:\Windows\System32\ADVAPI32.dll
0x00007ffc3fce0000 - 0x00007ffc3fd7c000 	C:\Windows\System32\sechost.dll
0x00007ffc40cf0000 - 0x00007ffc40e15000 	C:\Windows\System32\RPCRT4.dll
0x00007ffc19d50000 - 0x00007ffc19dfc000 	C:\Program Files (x86)\360\Total Security\safemon\libzdtp64.dll
0x00007ffc40110000 - 0x00007ffc40855000 	C:\Windows\System32\SHELL32.dll
0x00007ffc41570000 - 0x00007ffc415c5000 	C:\Windows\System32\SHLWAPI.dll
0x00007ffc3e7b0000 - 0x00007ffc3e7ba000 	C:\Windows\SYSTEM32\VERSION.dll
0x00007ffc35350000 - 0x00007ffc3535c000 	C:\Users\User\.jdks\openjdk-23.0.2\bin\vcruntime140_1.dll
0x00007ffc32620000 - 0x00007ffc326ae000 	C:\Users\User\.jdks\openjdk-23.0.2\bin\msvcp140.dll
0x00007ffbc8570000 - 0x00007ffbc92c0000 	C:\Users\User\.jdks\openjdk-23.0.2\bin\server\jvm.dll
0x00007ffc40c80000 - 0x00007ffc40ceb000 	C:\Windows\System32\WS2_32.dll
0x00007ffc3eb70000 - 0x00007ffc3ebbb000 	C:\Windows\SYSTEM32\POWRPROF.dll
0x00007ffc262c0000 - 0x00007ffc262e7000 	C:\Windows\SYSTEM32\WINMM.dll
0x00007ffc3eb50000 - 0x00007ffc3eb62000 	C:\Windows\SYSTEM32\UMPDC.dll
0x00007ffc3d530000 - 0x00007ffc3d542000 	C:\Windows\SYSTEM32\kernel.appcore.dll
0x00007ffc35280000 - 0x00007ffc3528a000 	C:\Users\User\.jdks\openjdk-23.0.2\bin\jimage.dll
0x00007ffc39110000 - 0x00007ffc392f4000 	C:\Windows\SYSTEM32\DBGHELP.DLL
0x00007ffc21670000 - 0x00007ffc216a5000 	C:\Windows\SYSTEM32\dbgcore.DLL
0x00007ffc3f490000 - 0x00007ffc3f512000 	C:\Windows\System32\bcryptPrimitives.dll
0x00007ffc32c00000 - 0x00007ffc32c0f000 	C:\Users\User\.jdks\openjdk-23.0.2\bin\instrument.dll
0x00007ffc32be0000 - 0x00007ffc32bfe000 	C:\Users\User\.jdks\openjdk-23.0.2\bin\java.dll
0x00007ffc3f8b0000 - 0x00007ffc3f9da000 	C:\Windows\System32\ole32.dll
0x00007ffc40920000 - 0x00007ffc40c75000 	C:\Windows\System32\combase.dll
0x00007ffc32960000 - 0x00007ffc32977000 	C:\Users\User\.jdks\openjdk-23.0.2\bin\zip.dll
0x00007ffc3c9f0000 - 0x00007ffc3d182000 	C:\Windows\SYSTEM32\windows.storage.dll
0x00007ffc3e610000 - 0x00007ffc3e640000 	C:\Windows\SYSTEM32\Wldp.dll
0x00007ffc40860000 - 0x00007ffc4090d000 	C:\Windows\System32\SHCORE.dll
0x00007ffc3ec40000 - 0x00007ffc3ec5f000 	C:\Windows\SYSTEM32\profapi.dll
0x00007ffc06d70000 - 0x00007ffc06e47000 	C:\Users\User\.jdks\openjdk-23.0.2\bin\jsvml.dll
0x00007ffc32950000 - 0x00007ffc32960000 	C:\Users\User\.jdks\openjdk-23.0.2\bin\net.dll
0x00007ffc3e370000 - 0x00007ffc3e3da000 	C:\Windows\system32\mswsock.dll
0x00007ffc32930000 - 0x00007ffc32946000 	C:\Users\User\.jdks\openjdk-23.0.2\bin\nio.dll
0x00007ffc32890000 - 0x00007ffc32899000 	C:\Users\User\.jdks\openjdk-23.0.2\bin\extnet.dll
0x00007ffc32880000 - 0x00007ffc32890000 	C:\Users\User\.jdks\openjdk-23.0.2\bin\verify.dll
0x00007ffc3e0a0000 - 0x00007ffc3e16b000 	C:\Windows\SYSTEM32\DNSAPI.dll
0x00007ffc3e060000 - 0x00007ffc3e09b000 	C:\Windows\SYSTEM32\IPHLPAPI.DLL
0x00007ffc3fb00000 - 0x00007ffc3fb08000 	C:\Windows\System32\NSI.dll
0x00007ffc30450000 - 0x00007ffc3045a000 	C:\Windows\System32\rasadhlp.dll
0x00007ffc28b00000 - 0x00007ffc28b80000 	C:\Windows\System32\fwpuclnt.dll
0x00007ffc3f180000 - 0x00007ffc3f1a7000 	C:\Windows\System32\bcrypt.dll
0x00007ffc32870000 - 0x00007ffc3287a000 	C:\Users\User\.jdks\openjdk-23.0.2\bin\management.dll
0x00007ffc32860000 - 0x00007ffc3286b000 	C:\Users\User\.jdks\openjdk-23.0.2\bin\management_ext.dll
0x00007ffc40ee0000 - 0x00007ffc40ee8000 	C:\Windows\System32\PSAPI.DLL

dbghelp: loaded successfully - version: 4.0.5 - missing functions: none
symbol engine: initialized successfully - sym options: 0x614 - pdb path: .;C:\Users\User\.jdks\openjdk-23.0.2\bin;C:\Windows\SYSTEM32;C:\Windows\WinSxS\amd64_microsoft.windows.common-controls_6595b64144ccf1df_6.0.19041.1110_none_60b5254171f9507e;C:\Program Files (x86)\360\Total Security\safemon;C:\Users\User\.jdks\openjdk-23.0.2\bin\server

VM Arguments:
jvm_args: -ea -Didea.test.cyclic.buffer.size=1048576 -javaagent:C:\Program Files\JetBrains\IntelliJ IDEA 2024.3.4.1\lib\idea_rt.jar=65423 -javaagent:C:\Users\User\AppData\Local\JetBrains\IntelliJIdea2024.3\captureAgent\debugger-agent.jar -Dkotlinx.coroutines.debug.enable.creation.stack.trace=false -Ddebugger.agent.enable.coroutines=true -Dkotlinx.coroutines.debug.enable.flows.stack.trace=true -Dkotlinx.coroutines.debug.enable.mutable.state.flows.stack.trace=true -Dfile.encoding=UTF-8 -Dsun.stdout.encoding=UTF-8 -Dsun.stderr.encoding=UTF-8 
java_command: com.intellij.rt.junit.JUnitStarter -ideVersion5 -junit4 UserServiceTest
java_class_path (initial): C:\Program Files\JetBrains\IntelliJ IDEA 2024.3.4.1\lib\idea_rt.jar;C:\Program Files\JetBrains\IntelliJ IDEA 2024.3.4.1\plugins\junit\lib\junit5-rt.jar;C:\Program Files\JetBrains\IntelliJ IDEA 2024.3.4.1\plugins\junit\lib\junit-rt.jar;D:\Pre-project\1.1.5\target\test-classes;D:\Pre-project\1.1.5\target\classes;C:\Users\User\.m2\repository\junit\junit\4.13.1\junit-4.13.1.jar;C:\Users\User\.m2\repository\org\hamcrest\hamcrest-core\1.3\hamcrest-core-1.3.jar;C:\Users\User\.m2\repository\mysql\mysql-connector-java\8.0.25\mysql-connector-java-8.0.25.jar;C:\Users\User\.m2\repository\com\google\protobuf\protobuf-java\3.11.4\protobuf-java-3.11.4.jar;C:\Users\User\.m2\repository\org\hibernate\javax\persistence\hibernate-jpa-2.1-api\1.0.2.Final\hibernate-jpa-2.1-api-1.0.2.Final.jar;C:\Users\User\.m2\repository\org\hibernate\hibernate-core\5.6.3.Final\hibernate-core-5.6.3.Final.jar;C:\Users\User\.m2\repository\org\jboss\logging\jboss-logging\3.4.2.Final\jboss-logging-3.4.2.Final.jar;C:\Users\User\.m2\repository\javax\persistence\javax.persistence-api\2.2\javax.persistence-api-2.2.jar;C:\Users\User\.m2\repository\net\bytebuddy\byte-buddy\1.11.20\byte-buddy-1.11.20.jar;C:\Users\User\.m2\repository\antlr\antlr\2.7.7\antlr-2.7.7.jar;C:\Users\User\.m2\repository\org\jboss\spec\javax\transaction\jboss-transaction-api_1.2_spec\1.1.1.Final\jboss-transaction-api_1.2_spec-1.1.1.Final.jar;C:\Users\User\.m2\repository\org\jboss\jandex\2.2.3.Final\jandex-2.2.3.Final.jar;C:\Users\User\.m2\repository\com\fasterxml\classmate\1.5.1\classmate-1.5.1.jar;C:\Users\User\.m2\repository\javax\activation\javax.activation-api\1.2.0\javax.activation-api-1.2.0.jar;C:\Users\User\.m2\repository\org\hibernate\common\hibernate-commons-annotations\5.1.2.Final\hibernate-commons-annotations-5.1.2.Final.jar;C:\Users\User\.m2\repository\javax\xml\bind\jaxb-api\2.3.1\jaxb-api-2.3.1.jar;C:\Users\User\.m2\repository\org\glassfish\jaxb\jaxb-runtime\2.3.1\jaxb-runtime-2.3.1.jar;C:\Users\User\.m2\repository\org\glassfish\jaxb\txw2\2.3.1\txw2-2.3.1.jar;C:\Users\User\.m2\repository\com\sun\istack\istack-commons-runtime\3.0.7\istack-commons-runtime-3.0.7.jar;C:\Users\User\.m2\repository\org\jvnet\staxex\stax-ex\1.8\stax-ex-1.8.jar;C:\Users\User\.m2\repository\com\sun\xml\fastinfoset\FastInfoset\1.2.15\FastInfoset-1.2.15.jar
Launcher Type: SUN_STANDARD

[Global flags]
     intx CICompilerCount                          = 3                                         {product} {ergonomic}
     uint ConcGCThreads                            = 1                                         {product} {ergonomic}
     uint G1ConcRefinementThreads                  = 4                                         {product} {ergonomic}
   size_t G1HeapRegionSize                         = 1048576                                   {product} {ergonomic}
   size_t InitialHeapSize                          = 130023424                                 {product} {ergonomic}
   size_t MarkStackSize                            = 4194304                                   {product} {ergonomic}
   size_t MarkStackSizeMax                         = 536870912                                 {product} {ergonomic}
   size_t MaxHeapSize                              = 2080374784                                {product} {ergonomic}
   size_t MaxNewSize                               = 1247805440                                {product} {ergonomic}
   size_t MinHeapDeltaBytes                        = 1048576                                   {product} {ergonomic}
   size_t MinHeapSize                              = 8388608                                   {product} {ergonomic}
    uintx NonNMethodCodeHeapSize                   = 5832704                                {pd product} {ergonomic}
    uintx NonProfiledCodeHeapSize                  = 122945536                              {pd product} {ergonomic}
    uintx ProfiledCodeHeapSize                     = 122880000                              {pd product} {ergonomic}
    uintx ReservedCodeCacheSize                    = 251658240                              {pd product} {ergonomic}
     bool SegmentedCodeCache                       = true                                      {product} {ergonomic}
   size_t SoftMaxHeapSize                          = 2080374784                             {manageable} {ergonomic}
     bool UseCompressedOops                        = true                           {product lp64_product} {ergonomic}
     bool UseG1GC                                  = true                                      {product} {ergonomic}
     bool UseLargePagesIndividualAllocation        = false                                  {pd product} {ergonomic}

Logging:
Log output configuration:
 #0: stdout all=warning uptime,level,tags foldmultilines=false
 #1: stderr all=off uptime,level,tags foldmultilines=false

Environment Variables:
JAVA_HOME=C:\JAVA\jdk-23.0.1
PATH=C:\Program Files (x86)\Common Files\Intel\Shared Files\cpp\bin\Intel64;C:\Windows\system32;C:\Windows;C:\Windows\System32\Wbem;C:\Windows\System32\WindowsPowerShell\v1.0\;C:\Windows\System32\OpenSSH\;C:\Program Files\WireGuard\;C:\Users\User\Desktop\matlabfolder\runtime\win64;C:\Users\User\Desktop\matlabfolder\bin;C:\JAVA\jdk-23.0.1\bin;C:\Program Files\dotnet\;C:\Program Files\Git\cmd;C:\JAVA\apache-maven-3.9.9\bin;C:\Users\User\AppData\Local\Microsoft\WindowsApps;C:\JAVA\jdk-23.0.1\bin;;C:\Program Files\JetBrains\IntelliJ IDEA Community Edition 2024.3\bin;;C:\Users\User\.dotnet\tools
USERNAME=User
OS=Windows_NT
PROCESSOR_IDENTIFIER=Intel64 Family 6 Model 126 Stepping 5, GenuineIntel
TMP=C:\Users\User\AppData\Local\Temp
TEMP=C:\Users\User\AppData\Local\Temp




Periodic native trim disabled

---------------  S Y S T E M  ---------------

OS:
 Windows 10 , 64 bit Build 19041 (10.0.19041.2546)
OS uptime: 2 days 0:53 hours

CPU: total 4 (initial active 4) (2 cores per cpu, 2 threads per core) family 6 model 126 stepping 5 microcode 0xa0, cx8, cmov, fxsr, ht, mmx, 3dnowpref, sse, sse2, sse3, ssse3, sse4.1, sse4.2, popcnt, lzcnt, tsc, tscinvbit, avx, avx2, aes, erms, clmul, bmi1, bmi2, adx, avx512f, avx512dq, avx512cd, avx512bw, avx512vl, sha, fma, vzeroupper, avx512_vpopcntdq, avx512_vpclmulqdq, avx512_vaes, avx512_vnni, clflush, clflushopt, avx512_vbmi2, avx512_vbmi, rdtscp, rdpid, fsrm, gfni, avx512_bitalg, f16c, pku, avx512_ifma
Processor Information for the first 4 processors :
  Max Mhz: 1190, Current Mhz: 1190, Mhz Limit: 1190

Memory: 4k page, system-wide physical 7933M (514M free)
TotalPageFile size 9981M (AvailPageFile size 1M)
current process WorkingSet (physical memory assigned to process): 72M, peak: 72M
current process commit charge ("private bytes"): 215M, peak: 215M

vm_info: OpenJDK 64-Bit Server VM (23.0.2+7-58) for windows-amd64 JRE (23.0.2+7-58), built on 2024-11-29T09:34:55Z with MS VC++ 17.6 (VS2022)

END.
