#
# There is insufficient memory for the Java Runtime Environment to continue.
# Native memory allocation (malloc) failed to allocate 1348736 bytes. Error detail: Chunk::new
# Possible reasons:
#   The system is out of physical RAM or swap space
#   This process is running with CompressedOops enabled, and the Java Heap may be blocking the growth of the native heap
# Possible solutions:
#   Reduce memory load on the system
#   Increase physical memory or swap space
#   Check if swap backing store is full
#   Decrease Java heap size (-Xmx/-Xms)
#   Decrease number of Java threads
#   Decrease Java thread stack sizes (-Xss)
#   Set larger code cache with -XX:ReservedCodeCacheSize=
#   JVM is running with Unscaled Compressed Oops mode in which the Java heap is
#     placed in the first 4GB address space. The Java Heap base address is the
#     maximum limit for the native heap growth. Please use -XX:HeapBaseMinAddress
#     to set the Java Heap base and to place the Java Heap above 4GB virtual address.
# This output file may be truncated or incomplete.
#
#  Out of Memory Error (arena.cpp:149), pid=4252, tid=13052
#
# JRE version: OpenJDK Runtime Environment (23.0+37) (build 23+37-2369)
# Java VM: OpenJDK 64-Bit Server VM (23+37-2369, mixed mode, sharing, tiered, compressed oops, compressed class ptrs, g1 gc, windows-amd64)
# No core dump will be written. Minidumps are not enabled by default on client versions of Windows
#

---------------  S U M M A R Y ------------

Command Line: -ea -Didea.test.cyclic.buffer.size=1048576 -javaagent:C:\Program Files\JetBrains\IntelliJ IDEA 2024.3.4.1\lib\idea_rt.jar=54166 -javaagent:C:\Users\User\AppData\Local\JetBrains\IntelliJIdea2024.3\captureAgent\debugger-agent.jar -Dkotlinx.coroutines.debug.enable.creation.stack.trace=false -Ddebugger.agent.enable.coroutines=true -Dkotlinx.coroutines.debug.enable.flows.stack.trace=true -Dkotlinx.coroutines.debug.enable.mutable.state.flows.stack.trace=true -Dfile.encoding=UTF-8 -Dsun.stdout.encoding=UTF-8 -Dsun.stderr.encoding=UTF-8 com.intellij.rt.junit.JUnitStarter -ideVersion5 -junit4 UserServiceTest

Host: Intel(R) Core(TM) i3-1005G1 CPU @ 1.20GHz, 4 cores, 7G,  Windows 10 , 64 bit Build 19041 (10.0.19041.2546)
Time: Tue Mar 11 12:18:20 2025 RTZ 2 (s 10 , 64 bit Build 19041 (10.0.19041.2546) elapsed time: 1.524857 seconds (0d 0h 0m 1s)

---------------  T H R E A D  ---------------

Current thread (0x0000021050abad20):  JavaThread "C2 CompilerThread1" daemon [_thread_in_native, id=13052, stack(0x000000b6cef00000,0x000000b6cf000000) (1024K)]


Current CompileTask:
C2:1524 1929       4       sun.security.ec.ECOperations::setDouble (463 bytes)

Stack: [0x000000b6cef00000,0x000000b6cf000000]
Native frames: (J=compiled Java code, j=interpreted, Vv=VM code, C=native code)
V  [jvm.dll+0x6e08a9]  (no source info available)
V  [jvm.dll+0x87da63]  (no source info available)
V  [jvm.dll+0x87feee]  (no source info available)
V  [jvm.dll+0x8805c3]  (no source info available)
V  [jvm.dll+0x27aee6]  (no source info available)
V  [jvm.dll+0xbc06f]  (no source info available)
V  [jvm.dll+0xbc2cb]  (no source info available)
V  [jvm.dll+0x2ee94d]  (no source info available)
V  [jvm.dll+0x6063c9]  (no source info available)
V  [jvm.dll+0x24ddf2]  (no source info available)
V  [jvm.dll+0x24e1d5]  (no source info available)
V  [jvm.dll+0x246b54]  (no source info available)
V  [jvm.dll+0x243d04]  (no source info available)
V  [jvm.dll+0x1c33a0]  (no source info available)
V  [jvm.dll+0x253cf1]  (no source info available)
V  [jvm.dll+0x251faa]  (no source info available)
V  [jvm.dll+0x3ee036]  (no source info available)
V  [jvm.dll+0x824f1b]  (no source info available)
V  [jvm.dll+0x6df055]  (no source info available)
C  [ucrtbase.dll+0x21bb2]  (no source info available)
C  [KERNEL32.DLL+0x17614]  (no source info available)
C  [ntdll.dll+0x526a1]  (no source info available)

Lock stack of current Java thread (top to bottom):


---------------  P R O C E S S  ---------------

Threads class SMR info:
_java_thread_list=0x0000021096441ae0, length=18, elements={
0x0000021033c30010, 0x000002104fff9300, 0x000002104fffad70, 0x000002104fffc260,
0x000002104fffccc0, 0x000002104fffd720, 0x000002104ffff190, 0x0000021050015a20,
0x000002105003c910, 0x000002105012a930, 0x000002105031dfd0, 0x0000021050456850,
0x0000021050abad20, 0x00000210965dc8e0, 0x0000021050c2a430, 0x000002109634e380,
0x000002109634c2b0, 0x000002109634ea10
}

Java Threads: ( => current thread )
  0x0000021033c30010 JavaThread "main"                              [_thread_in_native, id=4116, stack(0x000000b6cd900000,0x000000b6cda00000) (1024K)]
  0x000002104fff9300 JavaThread "Reference Handler"          daemon [_thread_blocked, id=13004, stack(0x000000b6ce100000,0x000000b6ce200000) (1024K)]
  0x000002104fffad70 JavaThread "Finalizer"                  daemon [_thread_blocked, id=12564, stack(0x000000b6ce200000,0x000000b6ce300000) (1024K)]
  0x000002104fffc260 JavaThread "Signal Dispatcher"          daemon [_thread_blocked, id=396, stack(0x000000b6ce300000,0x000000b6ce400000) (1024K)]
  0x000002104fffccc0 JavaThread "Attach Listener"            daemon [_thread_blocked, id=3996, stack(0x000000b6ce400000,0x000000b6ce500000) (1024K)]
  0x000002104fffd720 JavaThread "Service Thread"             daemon [_thread_blocked, id=3720, stack(0x000000b6ce500000,0x000000b6ce600000) (1024K)]
  0x000002104ffff190 JavaThread "Monitor Deflation Thread"   daemon [_thread_blocked, id=14008, stack(0x000000b6ce600000,0x000000b6ce700000) (1024K)]
  0x0000021050015a20 JavaThread "C2 CompilerThread0"         daemon [_thread_blocked, id=1356, stack(0x000000b6ce700000,0x000000b6ce800000) (1024K)]
  0x000002105003c910 JavaThread "C1 CompilerThread0"         daemon [_thread_blocked, id=11600, stack(0x000000b6ce800000,0x000000b6ce900000) (1024K)]
  0x000002105012a930 JavaThread "Common-Cleaner"             daemon [_thread_blocked, id=4108, stack(0x000000b6ce900000,0x000000b6cea00000) (1024K)]
  0x000002105031dfd0 JavaThread "Monitor Ctrl-Break"         daemon [_thread_in_native, id=14192, stack(0x000000b6cea00000,0x000000b6ceb00000) (1024K)]
  0x0000021050456850 JavaThread "Notification Thread"        daemon [_thread_blocked, id=7752, stack(0x000000b6ceb00000,0x000000b6cec00000) (1024K)]
=>0x0000021050abad20 JavaThread "C2 CompilerThread1"         daemon [_thread_in_native, id=13052, stack(0x000000b6cef00000,0x000000b6cf000000) (1024K)]
  0x00000210965dc8e0 JavaThread "mysql-cj-abandoned-connection-cleanup" daemon [_thread_blocked, id=8292, stack(0x000000b6cf000000,0x000000b6cf100000) (1024K)]
  0x0000021050c2a430 JavaThread "RMI TCP Accept-0"           daemon [_thread_in_native, id=10004, stack(0x000000b6cf100000,0x000000b6cf200000) (1024K)]
  0x000002109634e380 JavaThread "RMI TCP Connection(1)-192.168.43.68" daemon [_thread_in_native, id=2972, stack(0x000000b6cf200000,0x000000b6cf300000) (1024K)]
  0x000002109634c2b0 JavaThread "RMI Scheduler(0)"           daemon [_thread_blocked, id=5904, stack(0x000000b6cf300000,0x000000b6cf400000) (1024K)]
  0x000002109634ea10 JavaThread "JMX server connection timeout 29" daemon [_thread_blocked, id=12232, stack(0x000000b6cf400000,0x000000b6cf500000) (1024K)]
Total: 18

Other Threads:
  0x000002104ffe21a0 VMThread "VM Thread"                           [id=4064, stack(0x000000b6ce000000,0x000000b6ce100000) (1024K)]
  0x000002104ffcbc10 WatcherThread "VM Periodic Task Thread"        [id=14288, stack(0x000000b6cdf00000,0x000000b6ce000000) (1024K)]
  0x0000021033c88870 WorkerThread "GC Thread#0"                     [id=3388, stack(0x000000b6cda00000,0x000000b6cdb00000) (1024K)]
  0x0000021050b27240 WorkerThread "GC Thread#1"                     [id=5748, stack(0x000000b6cec00000,0x000000b6ced00000) (1024K)]
  0x0000021050b16060 WorkerThread "GC Thread#2"                     [id=13996, stack(0x000000b6ced00000,0x000000b6cee00000) (1024K)]
  0x0000021050a65b50 WorkerThread "GC Thread#3"                     [id=3596, stack(0x000000b6cee00000,0x000000b6cef00000) (1024K)]
  0x0000021033c9cf80 ConcurrentGCThread "G1 Main Marker"            [id=11240, stack(0x000000b6cdb00000,0x000000b6cdc00000) (1024K)]
  0x0000021033c9e5b0 WorkerThread "G1 Conc#0"                       [id=13852, stack(0x000000b6cdc00000,0x000000b6cdd00000) (1024K)]
  0x000002104fe9a530 ConcurrentGCThread "G1 Refine#0"               [id=4212, stack(0x000000b6cdd00000,0x000000b6cde00000) (1024K)]
  0x000002104fe9abd0 ConcurrentGCThread "G1 Service"                [id=9164, stack(0x000000b6cde00000,0x000000b6cdf00000) (1024K)]
Total: 10

Threads with active compile tasks:
C2 CompilerThread1  1683 1929       4       sun.security.ec.ECOperations::setDouble (463 bytes)
Total: 1

VM state: not at safepoint (normal execution)

VM Mutex/Monitor currently owned by a thread: None

Heap address: 0x0000000084000000, size: 1984 MB, Compressed Oops mode: 32-bit

CDS archive(s) mapped at: [0x0000021051000000-0x0000021051d70000-0x0000021051d70000), size 14090240, SharedBaseAddress: 0x0000021051000000, ArchiveRelocationMode: 1.
Compressed class space mapped at: 0x0000021052000000-0x0000021092000000, reserved size: 1073741824
Narrow klass base: 0x0000021051000000, Narrow klass shift: 0, Narrow klass range: 0x41000000

GC Precious Log:
 CardTable entry size: 512
 Card Set container configuration: InlinePtr #cards 5 size 8 Array Of Cards #cards 10 size 36 Howl #buckets 4 coarsen threshold 1843 Howl Bitmap #cards 512 size 80 coarsen threshold 460 Card regions per heap region 1 cards per card region 2048
 CPUs: 4 total, 4 available
 Memory: 7933M
 Large Page Support: Disabled
 NUMA Support: Disabled
 Compressed Oops: Enabled (32-bit)
 Heap Region Size: 1M
 Heap Min Capacity: 8M
 Heap Initial Capacity: 124M
 Heap Max Capacity: 1984M
 Pre-touch: Disabled
 Parallel Workers: 4
 Concurrent Workers: 1
 Concurrent Refinement Workers: 4
 Periodic GC: Disabled

Heap:
 garbage-first heap   total reserved 2031616K, committed 126976K, used 19280K [0x0000000084000000, 0x0000000100000000)
  region size 1024K, 17 young (17408K), 2 survivors (2048K)
 Metaspace       used 19153K, committed 19392K, reserved 1114112K
  class space    used 2118K, committed 2240K, reserved 1048576K

Heap Regions: E=young(eden), S=young(survivor), O=old, HS=humongous(starts), HC=humongous(continues), CS=collection set, F=free, TAMS=top-at-mark-start, PB=parsable bottom
|   0|0x0000000084000000, 0x0000000084100000, 0x0000000084100000|100%|HS|  |TAMS 0x0000000084000000| PB 0x0000000084000000| Complete |  0
|   1|0x0000000084100000, 0x0000000084200000, 0x0000000084200000|100%| O|  |TAMS 0x0000000084100000| PB 0x0000000084100000| Untracked |  0
|   2|0x0000000084200000, 0x0000000084300000, 0x0000000084300000|100%| O|  |TAMS 0x0000000084200000| PB 0x0000000084200000| Untracked |  0
|   3|0x0000000084300000, 0x0000000084400000, 0x0000000084400000|100%| O|  |TAMS 0x0000000084300000| PB 0x0000000084300000| Untracked |  0
|   4|0x0000000084400000, 0x0000000084455c98, 0x0000000084500000| 33%| O|  |TAMS 0x0000000084400000| PB 0x0000000084400000| Untracked |  0
|   5|0x0000000084500000, 0x0000000084500000, 0x0000000084600000|  0%| F|  |TAMS 0x0000000084500000| PB 0x0000000084500000| Untracked |  0
|   6|0x0000000084600000, 0x0000000084600000, 0x0000000084700000|  0%| F|  |TAMS 0x0000000084600000| PB 0x0000000084600000| Untracked |  0
|   7|0x0000000084700000, 0x0000000084700000, 0x0000000084800000|  0%| F|  |TAMS 0x0000000084700000| PB 0x0000000084700000| Untracked |  0
|   8|0x0000000084800000, 0x0000000084800000, 0x0000000084900000|  0%| F|  |TAMS 0x0000000084800000| PB 0x0000000084800000| Untracked |  0
|   9|0x0000000084900000, 0x0000000084900000, 0x0000000084a00000|  0%| F|  |TAMS 0x0000000084900000| PB 0x0000000084900000| Untracked |  0
|  10|0x0000000084a00000, 0x0000000084a00000, 0x0000000084b00000|  0%| F|  |TAMS 0x0000000084a00000| PB 0x0000000084a00000| Untracked |  0
|  11|0x0000000084b00000, 0x0000000084b00000, 0x0000000084c00000|  0%| F|  |TAMS 0x0000000084b00000| PB 0x0000000084b00000| Untracked |  0
|  12|0x0000000084c00000, 0x0000000084c00000, 0x0000000084d00000|  0%| F|  |TAMS 0x0000000084c00000| PB 0x0000000084c00000| Untracked |  0
|  13|0x0000000084d00000, 0x0000000084d00000, 0x0000000084e00000|  0%| F|  |TAMS 0x0000000084d00000| PB 0x0000000084d00000| Untracked |  0
|  14|0x0000000084e00000, 0x0000000084e00000, 0x0000000084f00000|  0%| F|  |TAMS 0x0000000084e00000| PB 0x0000000084e00000| Untracked |  0
|  15|0x0000000084f00000, 0x0000000084f00000, 0x0000000085000000|  0%| F|  |TAMS 0x0000000084f00000| PB 0x0000000084f00000| Untracked |  0
|  16|0x0000000085000000, 0x0000000085000000, 0x0000000085100000|  0%| F|  |TAMS 0x0000000085000000| PB 0x0000000085000000| Untracked |  0
|  17|0x0000000085100000, 0x0000000085100000, 0x0000000085200000|  0%| F|  |TAMS 0x0000000085100000| PB 0x0000000085100000| Untracked |  0
|  18|0x0000000085200000, 0x0000000085200000, 0x0000000085300000|  0%| F|  |TAMS 0x0000000085200000| PB 0x0000000085200000| Untracked |  0
|  19|0x0000000085300000, 0x0000000085300000, 0x0000000085400000|  0%| F|  |TAMS 0x0000000085300000| PB 0x0000000085300000| Untracked |  0
|  20|0x0000000085400000, 0x0000000085400000, 0x0000000085500000|  0%| F|  |TAMS 0x0000000085400000| PB 0x0000000085400000| Untracked |  0
|  21|0x0000000085500000, 0x0000000085500000, 0x0000000085600000|  0%| F|  |TAMS 0x0000000085500000| PB 0x0000000085500000| Untracked |  0
|  22|0x0000000085600000, 0x0000000085600000, 0x0000000085700000|  0%| F|  |TAMS 0x0000000085600000| PB 0x0000000085600000| Untracked |  0
|  23|0x0000000085700000, 0x0000000085700000, 0x0000000085800000|  0%| F|  |TAMS 0x0000000085700000| PB 0x0000000085700000| Untracked |  0
|  24|0x0000000085800000, 0x0000000085800000, 0x0000000085900000|  0%| F|  |TAMS 0x0000000085800000| PB 0x0000000085800000| Untracked |  0
|  25|0x0000000085900000, 0x0000000085900000, 0x0000000085a00000|  0%| F|  |TAMS 0x0000000085900000| PB 0x0000000085900000| Untracked |  0
|  26|0x0000000085a00000, 0x0000000085a00000, 0x0000000085b00000|  0%| F|  |TAMS 0x0000000085a00000| PB 0x0000000085a00000| Untracked |  0
|  27|0x0000000085b00000, 0x0000000085b00000, 0x0000000085c00000|  0%| F|  |TAMS 0x0000000085b00000| PB 0x0000000085b00000| Untracked |  0
|  28|0x0000000085c00000, 0x0000000085c00000, 0x0000000085d00000|  0%| F|  |TAMS 0x0000000085c00000| PB 0x0000000085c00000| Untracked |  0
|  29|0x0000000085d00000, 0x0000000085d00000, 0x0000000085e00000|  0%| F|  |TAMS 0x0000000085d00000| PB 0x0000000085d00000| Untracked |  0
|  30|0x0000000085e00000, 0x0000000085e00000, 0x0000000085f00000|  0%| F|  |TAMS 0x0000000085e00000| PB 0x0000000085e00000| Untracked |  0
|  31|0x0000000085f00000, 0x0000000085f00000, 0x0000000086000000|  0%| F|  |TAMS 0x0000000085f00000| PB 0x0000000085f00000| Untracked |  0
|  32|0x0000000086000000, 0x0000000086000000, 0x0000000086100000|  0%| F|  |TAMS 0x0000000086000000| PB 0x0000000086000000| Untracked |  0
|  33|0x0000000086100000, 0x0000000086100000, 0x0000000086200000|  0%| F|  |TAMS 0x0000000086100000| PB 0x0000000086100000| Untracked |  0
|  34|0x0000000086200000, 0x0000000086200000, 0x0000000086300000|  0%| F|  |TAMS 0x0000000086200000| PB 0x0000000086200000| Untracked |  0
|  35|0x0000000086300000, 0x0000000086300000, 0x0000000086400000|  0%| F|  |TAMS 0x0000000086300000| PB 0x0000000086300000| Untracked |  0
|  36|0x0000000086400000, 0x0000000086400000, 0x0000000086500000|  0%| F|  |TAMS 0x0000000086400000| PB 0x0000000086400000| Untracked |  0
|  37|0x0000000086500000, 0x0000000086500000, 0x0000000086600000|  0%| F|  |TAMS 0x0000000086500000| PB 0x0000000086500000| Untracked |  0
|  38|0x0000000086600000, 0x0000000086600000, 0x0000000086700000|  0%| F|  |TAMS 0x0000000086600000| PB 0x0000000086600000| Untracked |  0
|  39|0x0000000086700000, 0x0000000086700000, 0x0000000086800000|  0%| F|  |TAMS 0x0000000086700000| PB 0x0000000086700000| Untracked |  0
|  40|0x0000000086800000, 0x0000000086800000, 0x0000000086900000|  0%| F|  |TAMS 0x0000000086800000| PB 0x0000000086800000| Untracked |  0
|  41|0x0000000086900000, 0x0000000086900000, 0x0000000086a00000|  0%| F|  |TAMS 0x0000000086900000| PB 0x0000000086900000| Untracked |  0
|  42|0x0000000086a00000, 0x0000000086a00000, 0x0000000086b00000|  0%| F|  |TAMS 0x0000000086a00000| PB 0x0000000086a00000| Untracked |  0
|  43|0x0000000086b00000, 0x0000000086b00000, 0x0000000086c00000|  0%| F|  |TAMS 0x0000000086b00000| PB 0x0000000086b00000| Untracked |  0
|  44|0x0000000086c00000, 0x0000000086c00000, 0x0000000086d00000|  0%| F|  |TAMS 0x0000000086c00000| PB 0x0000000086c00000| Untracked |  0
|  45|0x0000000086d00000, 0x0000000086d00000, 0x0000000086e00000|  0%| F|  |TAMS 0x0000000086d00000| PB 0x0000000086d00000| Untracked |  0
|  46|0x0000000086e00000, 0x0000000086e00000, 0x0000000086f00000|  0%| F|  |TAMS 0x0000000086e00000| PB 0x0000000086e00000| Untracked |  0
|  47|0x0000000086f00000, 0x0000000086f00000, 0x0000000087000000|  0%| F|  |TAMS 0x0000000086f00000| PB 0x0000000086f00000| Untracked |  0
|  48|0x0000000087000000, 0x0000000087000000, 0x0000000087100000|  0%| F|  |TAMS 0x0000000087000000| PB 0x0000000087000000| Untracked |  0
|  49|0x0000000087100000, 0x0000000087100000, 0x0000000087200000|  0%| F|  |TAMS 0x0000000087100000| PB 0x0000000087100000| Untracked |  0
|  50|0x0000000087200000, 0x0000000087200000, 0x0000000087300000|  0%| F|  |TAMS 0x0000000087200000| PB 0x0000000087200000| Untracked |  0
|  51|0x0000000087300000, 0x0000000087300000, 0x0000000087400000|  0%| F|  |TAMS 0x0000000087300000| PB 0x0000000087300000| Untracked |  0
|  52|0x0000000087400000, 0x0000000087400000, 0x0000000087500000|  0%| F|  |TAMS 0x0000000087400000| PB 0x0000000087400000| Untracked |  0
|  53|0x0000000087500000, 0x0000000087500000, 0x0000000087600000|  0%| F|  |TAMS 0x0000000087500000| PB 0x0000000087500000| Untracked |  0
|  54|0x0000000087600000, 0x0000000087600000, 0x0000000087700000|  0%| F|  |TAMS 0x0000000087600000| PB 0x0000000087600000| Untracked |  0
|  55|0x0000000087700000, 0x0000000087700000, 0x0000000087800000|  0%| F|  |TAMS 0x0000000087700000| PB 0x0000000087700000| Untracked |  0
|  56|0x0000000087800000, 0x0000000087800000, 0x0000000087900000|  0%| F|  |TAMS 0x0000000087800000| PB 0x0000000087800000| Untracked |  0
|  57|0x0000000087900000, 0x0000000087900000, 0x0000000087a00000|  0%| F|  |TAMS 0x0000000087900000| PB 0x0000000087900000| Untracked |  0
|  58|0x0000000087a00000, 0x0000000087a00000, 0x0000000087b00000|  0%| F|  |TAMS 0x0000000087a00000| PB 0x0000000087a00000| Untracked |  0
|  59|0x0000000087b00000, 0x0000000087b00000, 0x0000000087c00000|  0%| F|  |TAMS 0x0000000087b00000| PB 0x0000000087b00000| Untracked |  0
|  60|0x0000000087c00000, 0x0000000087c00000, 0x0000000087d00000|  0%| F|  |TAMS 0x0000000087c00000| PB 0x0000000087c00000| Untracked |  0
|  61|0x0000000087d00000, 0x0000000087d00000, 0x0000000087e00000|  0%| F|  |TAMS 0x0000000087d00000| PB 0x0000000087d00000| Untracked |  0
|  62|0x0000000087e00000, 0x0000000087e00000, 0x0000000087f00000|  0%| F|  |TAMS 0x0000000087e00000| PB 0x0000000087e00000| Untracked |  0
|  63|0x0000000087f00000, 0x0000000087f00000, 0x0000000088000000|  0%| F|  |TAMS 0x0000000087f00000| PB 0x0000000087f00000| Untracked |  0
|  64|0x0000000088000000, 0x0000000088000000, 0x0000000088100000|  0%| F|  |TAMS 0x0000000088000000| PB 0x0000000088000000| Untracked |  0
|  65|0x0000000088100000, 0x0000000088100000, 0x0000000088200000|  0%| F|  |TAMS 0x0000000088100000| PB 0x0000000088100000| Untracked |  0
|  66|0x0000000088200000, 0x0000000088200000, 0x0000000088300000|  0%| F|  |TAMS 0x0000000088200000| PB 0x0000000088200000| Untracked |  0
|  67|0x0000000088300000, 0x0000000088300000, 0x0000000088400000|  0%| F|  |TAMS 0x0000000088300000| PB 0x0000000088300000| Untracked |  0
|  68|0x0000000088400000, 0x0000000088400000, 0x0000000088500000|  0%| F|  |TAMS 0x0000000088400000| PB 0x0000000088400000| Untracked |  0
|  69|0x0000000088500000, 0x0000000088500000, 0x0000000088600000|  0%| F|  |TAMS 0x0000000088500000| PB 0x0000000088500000| Untracked |  0
|  70|0x0000000088600000, 0x0000000088600000, 0x0000000088700000|  0%| F|  |TAMS 0x0000000088600000| PB 0x0000000088600000| Untracked |  0
|  71|0x0000000088700000, 0x0000000088700000, 0x0000000088800000|  0%| F|  |TAMS 0x0000000088700000| PB 0x0000000088700000| Untracked |  0
|  72|0x0000000088800000, 0x0000000088800000, 0x0000000088900000|  0%| F|  |TAMS 0x0000000088800000| PB 0x0000000088800000| Untracked |  0
|  73|0x0000000088900000, 0x0000000088900000, 0x0000000088a00000|  0%| F|  |TAMS 0x0000000088900000| PB 0x0000000088900000| Untracked |  0
|  74|0x0000000088a00000, 0x0000000088a00000, 0x0000000088b00000|  0%| F|  |TAMS 0x0000000088a00000| PB 0x0000000088a00000| Untracked |  0
|  75|0x0000000088b00000, 0x0000000088b00000, 0x0000000088c00000|  0%| F|  |TAMS 0x0000000088b00000| PB 0x0000000088b00000| Untracked |  0
|  76|0x0000000088c00000, 0x0000000088c00000, 0x0000000088d00000|  0%| F|  |TAMS 0x0000000088c00000| PB 0x0000000088c00000| Untracked |  0
|  77|0x0000000088d00000, 0x0000000088d00000, 0x0000000088e00000|  0%| F|  |TAMS 0x0000000088d00000| PB 0x0000000088d00000| Untracked |  0
|  78|0x0000000088e00000, 0x0000000088e00000, 0x0000000088f00000|  0%| F|  |TAMS 0x0000000088e00000| PB 0x0000000088e00000| Untracked |  0
|  79|0x0000000088f00000, 0x0000000088f00000, 0x0000000089000000|  0%| F|  |TAMS 0x0000000088f00000| PB 0x0000000088f00000| Untracked |  0
|  80|0x0000000089000000, 0x0000000089000000, 0x0000000089100000|  0%| F|  |TAMS 0x0000000089000000| PB 0x0000000089000000| Untracked |  0
|  81|0x0000000089100000, 0x0000000089100000, 0x0000000089200000|  0%| F|  |TAMS 0x0000000089100000| PB 0x0000000089100000| Untracked |  0
|  82|0x0000000089200000, 0x0000000089200000, 0x0000000089300000|  0%| F|  |TAMS 0x0000000089200000| PB 0x0000000089200000| Untracked |  0
|  83|0x0000000089300000, 0x0000000089300000, 0x0000000089400000|  0%| F|  |TAMS 0x0000000089300000| PB 0x0000000089300000| Untracked |  0
|  84|0x0000000089400000, 0x0000000089400000, 0x0000000089500000|  0%| F|  |TAMS 0x0000000089400000| PB 0x0000000089400000| Untracked |  0
|  85|0x0000000089500000, 0x0000000089500000, 0x0000000089600000|  0%| F|  |TAMS 0x0000000089500000| PB 0x0000000089500000| Untracked |  0
|  86|0x0000000089600000, 0x0000000089600000, 0x0000000089700000|  0%| F|  |TAMS 0x0000000089600000| PB 0x0000000089600000| Untracked |  0
|  87|0x0000000089700000, 0x0000000089700000, 0x0000000089800000|  0%| F|  |TAMS 0x0000000089700000| PB 0x0000000089700000| Untracked |  0
|  88|0x0000000089800000, 0x0000000089800000, 0x0000000089900000|  0%| F|  |TAMS 0x0000000089800000| PB 0x0000000089800000| Untracked |  0
|  89|0x0000000089900000, 0x0000000089900000, 0x0000000089a00000|  0%| F|  |TAMS 0x0000000089900000| PB 0x0000000089900000| Untracked |  0
|  90|0x0000000089a00000, 0x0000000089a00000, 0x0000000089b00000|  0%| F|  |TAMS 0x0000000089a00000| PB 0x0000000089a00000| Untracked |  0
|  91|0x0000000089b00000, 0x0000000089b00000, 0x0000000089c00000|  0%| F|  |TAMS 0x0000000089b00000| PB 0x0000000089b00000| Untracked |  0
|  92|0x0000000089c00000, 0x0000000089c00000, 0x0000000089d00000|  0%| F|  |TAMS 0x0000000089c00000| PB 0x0000000089c00000| Untracked |  0
|  93|0x0000000089d00000, 0x0000000089d00000, 0x0000000089e00000|  0%| F|  |TAMS 0x0000000089d00000| PB 0x0000000089d00000| Untracked |  0
|  94|0x0000000089e00000, 0x0000000089e00000, 0x0000000089f00000|  0%| F|  |TAMS 0x0000000089e00000| PB 0x0000000089e00000| Untracked |  0
|  95|0x0000000089f00000, 0x0000000089f00000, 0x000000008a000000|  0%| F|  |TAMS 0x0000000089f00000| PB 0x0000000089f00000| Untracked |  0
|  96|0x000000008a000000, 0x000000008a000000, 0x000000008a100000|  0%| F|  |TAMS 0x000000008a000000| PB 0x000000008a000000| Untracked |  0
|  97|0x000000008a100000, 0x000000008a100000, 0x000000008a200000|  0%| F|  |TAMS 0x000000008a100000| PB 0x000000008a100000| Untracked |  0
|  98|0x000000008a200000, 0x000000008a200000, 0x000000008a300000|  0%| F|  |TAMS 0x000000008a200000| PB 0x000000008a200000| Untracked |  0
|  99|0x000000008a300000, 0x000000008a300000, 0x000000008a400000|  0%| F|  |TAMS 0x000000008a300000| PB 0x000000008a300000| Untracked |  0
| 100|0x000000008a400000, 0x000000008a400000, 0x000000008a500000|  0%| F|  |TAMS 0x000000008a400000| PB 0x000000008a400000| Untracked |  0
| 101|0x000000008a500000, 0x000000008a500000, 0x000000008a600000|  0%| F|  |TAMS 0x000000008a500000| PB 0x000000008a500000| Untracked |  0
| 102|0x000000008a600000, 0x000000008a600000, 0x000000008a700000|  0%| F|  |TAMS 0x000000008a600000| PB 0x000000008a600000| Untracked |  0
| 103|0x000000008a700000, 0x000000008a700000, 0x000000008a800000|  0%| F|  |TAMS 0x000000008a700000| PB 0x000000008a700000| Untracked |  0
| 104|0x000000008a800000, 0x000000008a800000, 0x000000008a900000|  0%| F|  |TAMS 0x000000008a800000| PB 0x000000008a800000| Untracked |  0
| 105|0x000000008a900000, 0x000000008a900000, 0x000000008aa00000|  0%| F|  |TAMS 0x000000008a900000| PB 0x000000008a900000| Untracked |  0
| 106|0x000000008aa00000, 0x000000008aa00000, 0x000000008ab00000|  0%| F|  |TAMS 0x000000008aa00000| PB 0x000000008aa00000| Untracked |  0
| 107|0x000000008ab00000, 0x000000008ab7e4c0, 0x000000008ac00000| 49%| S|CS|TAMS 0x000000008ab00000| PB 0x000000008ab00000| Complete |  0
| 108|0x000000008ac00000, 0x000000008ac278a8, 0x000000008ad00000| 15%| E|  |TAMS 0x000000008ac00000| PB 0x000000008ac00000| Complete |  0
| 109|0x000000008ad00000, 0x000000008ae00000, 0x000000008ae00000|100%| E|CS|TAMS 0x000000008ad00000| PB 0x000000008ad00000| Complete |  0
| 110|0x000000008ae00000, 0x000000008af00000, 0x000000008af00000|100%| S|CS|TAMS 0x000000008ae00000| PB 0x000000008ae00000| Complete |  0
| 111|0x000000008af00000, 0x000000008b000000, 0x000000008b000000|100%| E|CS|TAMS 0x000000008af00000| PB 0x000000008af00000| Complete |  0
| 112|0x000000008b000000, 0x000000008b100000, 0x000000008b100000|100%| E|CS|TAMS 0x000000008b000000| PB 0x000000008b000000| Complete |  0
| 113|0x000000008b100000, 0x000000008b200000, 0x000000008b200000|100%| E|CS|TAMS 0x000000008b100000| PB 0x000000008b100000| Complete |  0
| 114|0x000000008b200000, 0x000000008b300000, 0x000000008b300000|100%| E|CS|TAMS 0x000000008b200000| PB 0x000000008b200000| Complete |  0
| 115|0x000000008b300000, 0x000000008b400000, 0x000000008b400000|100%| E|CS|TAMS 0x000000008b300000| PB 0x000000008b300000| Complete |  0
| 116|0x000000008b400000, 0x000000008b500000, 0x000000008b500000|100%| E|CS|TAMS 0x000000008b400000| PB 0x000000008b400000| Complete |  0
| 117|0x000000008b500000, 0x000000008b600000, 0x000000008b600000|100%| E|CS|TAMS 0x000000008b500000| PB 0x000000008b500000| Complete |  0
| 118|0x000000008b600000, 0x000000008b700000, 0x000000008b700000|100%| E|CS|TAMS 0x000000008b600000| PB 0x000000008b600000| Complete |  0
| 119|0x000000008b700000, 0x000000008b800000, 0x000000008b800000|100%| E|CS|TAMS 0x000000008b700000| PB 0x000000008b700000| Complete |  0
| 120|0x000000008b800000, 0x000000008b900000, 0x000000008b900000|100%| E|CS|TAMS 0x000000008b800000| PB 0x000000008b800000| Complete |  0
| 121|0x000000008b900000, 0x000000008ba00000, 0x000000008ba00000|100%| E|CS|TAMS 0x000000008b900000| PB 0x000000008b900000| Complete |  0
| 122|0x000000008ba00000, 0x000000008bb00000, 0x000000008bb00000|100%| E|  |TAMS 0x000000008ba00000| PB 0x000000008ba00000| Complete |  0
| 123|0x000000008bb00000, 0x000000008bc00000, 0x000000008bc00000|100%| E|CS|TAMS 0x000000008bb00000| PB 0x000000008bb00000| Complete |  0

Card table byte_map: [0x000002104b730000,0x000002104bb10000] _byte_map_base: 0x000002104b310000

Marking Bits: (CMBitMap*) 0x0000021033c88e90
 Bits: [0x000002104bb10000, 0x000002104da10000)

Polling page: 0x0000021031a60000

Metaspace:

Usage:
  Non-class:     16.64 MB used.
      Class:      2.07 MB used.
       Both:     18.70 MB used.

Virtual space:
  Non-class space:       64.00 MB reserved,      16.75 MB ( 26%) committed,  1 nodes.
      Class space:        1.00 GB reserved,       2.19 MB ( <1%) committed,  1 nodes.
             Both:        1.06 GB reserved,      18.94 MB (  2%) committed. 

Chunk freelists:
   Non-Class:  14.58 MB
       Class:  13.66 MB
        Both:  28.23 MB

MaxMetaspaceSize: unlimited
CompressedClassSpaceSize: 1.00 GB
Initial GC threshold: 21.00 MB
Current GC threshold: 21.00 MB
CDS: on
 - commit_granule_bytes: 65536.
 - commit_granule_words: 8192.
 - virtual_space_node_default_size: 8388608.
 - enlarge_chunks_in_place: 1.
 - use_allocation_guard: 0.


Internal statistics:

num_allocs_failed_limit: 0.
num_arena_births: 266.
num_arena_deaths: 0.
num_vsnodes_births: 2.
num_vsnodes_deaths: 0.
num_space_committed: 303.
num_space_uncommitted: 0.
num_chunks_returned_to_freelist: 0.
num_chunks_taken_from_freelist: 514.
num_chunk_merges: 0.
num_chunk_splits: 292.
num_chunks_enlarged: 165.
num_inconsistent_stats: 0.

CodeHeap 'non-profiled nmethods': size=120064Kb used=692Kb max_used=692Kb free=119372Kb
 bounds [0x0000021043e10000, 0x0000021044080000, 0x000002104b350000]
CodeHeap 'profiled nmethods': size=120000Kb used=3014Kb max_used=3014Kb free=116985Kb
 bounds [0x000002103c350000, 0x000002103c650000, 0x0000021043880000]
CodeHeap 'non-nmethods': size=5696Kb used=1667Kb max_used=1684Kb free=4028Kb
 bounds [0x0000021043880000, 0x0000021043af0000, 0x0000021043e10000]
CodeCache: size=245760Kb, used=5373Kb, max_used=5390Kb, free=240385Kb
 total_blobs=2807, nmethods=2199, adapters=513, full_count=0
Compilation: enabled, stopped_count=0, restarted_count=0

Compilation events (20 events):
Event: 1.518 Thread 0x000002105003c910 nmethod 2002 0x000002103c5f2988 code [0x000002103c5f2c60, 0x000002103c5f3dd0]
Event: 1.518 Thread 0x000002105003c910 2003       3       java.lang.ClassLoader::getDefinedPackage (36 bytes)
Event: 1.518 Thread 0x000002105003c910 nmethod 2003 0x000002103c5f3e88 code [0x000002103c5f4000, 0x000002103c5f4560]
Event: 1.518 Thread 0x000002105003c910 2004       3       java.util.zip.InflaterInputStream::<init> (70 bytes)
Event: 1.518 Thread 0x000002105003c910 nmethod 2004 0x000002103c5f4608 code [0x000002103c5f4780, 0x000002103c5f4e70]
Event: 1.518 Thread 0x000002105003c910 2005       3       java.util.zip.ZipFile$InflaterCleanupAction::<init> (15 bytes)
Event: 1.518 Thread 0x000002105003c910 nmethod 2005 0x000002103c5f4f08 code [0x000002103c5f5020, 0x000002103c5f5240]
Event: 1.518 Thread 0x000002105003c910 2006   !   3       java.util.zip.ZipFile$ZipFileInflaterInputStream::close (67 bytes)
Event: 1.519 Thread 0x000002105003c910 nmethod 2006 0x000002103c5f5288 code [0x000002103c5f5440, 0x000002103c5f5d20]
Event: 1.519 Thread 0x000002105003c910 2007       3       java.util.zip.ZipFile$InflaterCleanupAction::run (12 bytes)
Event: 1.519 Thread 0x000002105003c910 nmethod 2007 0x000002103c5f5d88 code [0x000002103c5f5ea0, 0x000002103c5f6000]
Event: 1.519 Thread 0x000002105003c910 2008   !   3       java.util.zip.ZipFile$CleanableResource::releaseInflater (53 bytes)
Event: 1.520 Thread 0x000002105003c910 nmethod 2008 0x000002103c5f6088 code [0x000002103c5f61e0, 0x000002103c5f66f0]
Event: 1.520 Thread 0x000002105003c910 2009   !   3       java.util.zip.Inflater::reset (64 bytes)
Event: 1.520 Thread 0x000002105003c910 nmethod 2009 0x000002103c5f6708 code [0x000002103c5f6860, 0x000002103c5f6c80]
Event: 1.520 Thread 0x000002105003c910 2010       3       sun.net.www.protocol.jar.Handler::parseURL (173 bytes)
Event: 1.521 Thread 0x000002105003c910 nmethod 2010 0x000002103c5f6d08 code [0x000002103c5f6f20, 0x000002103c5f78d0]
Event: 1.521 Thread 0x000002105003c910 2013   !   3       jdk.internal.loader.BuiltinClassLoader::defineOrCheckPackage (94 bytes)
Event: 1.522 Thread 0x000002105003c910 nmethod 2013 0x000002103c5f7908 code [0x000002103c5f7b00, 0x000002103c5f8400]
Event: 1.522 Thread 0x000002105003c910 2011       3       sun.net.www.protocol.jar.Handler::parseContextSpec (150 bytes)

GC Heap History (4 events):
Event: 0.526 GC heap before
{Heap before GC invocations=0 (full 0):
 garbage-first heap   total reserved 2031616K, committed 126976K, used 14336K [0x0000000084000000, 0x0000000100000000)
  region size 1024K, 14 young (14336K), 0 survivors (0K)
 Metaspace       used 7732K, committed 7872K, reserved 1114112K
  class space    used 825K, committed 896K, reserved 1048576K
}
Event: 0.533 GC heap after
{Heap after GC invocations=1 (full 0):
 garbage-first heap   total reserved 2031616K, committed 126976K, used 4288K [0x0000000084000000, 0x0000000100000000)
  region size 1024K, 2 young (2048K), 2 survivors (2048K)
 Metaspace       used 7732K, committed 7872K, reserved 1114112K
  class space    used 825K, committed 896K, reserved 1048576K
}
Event: 0.982 GC heap before
{Heap before GC invocations=1 (full 0):
 garbage-first heap   total reserved 2031616K, committed 126976K, used 16576K [0x0000000084000000, 0x0000000100000000)
  region size 1024K, 15 young (15360K), 2 survivors (2048K)
 Metaspace       used 12317K, committed 12608K, reserved 1114112K
  class space    used 1353K, committed 1472K, reserved 1048576K
}
Event: 0.989 GC heap after
{Heap after GC invocations=2 (full 0):
 garbage-first heap   total reserved 2031616K, committed 126976K, used 5968K [0x0000000084000000, 0x0000000100000000)
  region size 1024K, 2 young (2048K), 2 survivors (2048K)
 Metaspace       used 12317K, committed 12608K, reserved 1114112K
  class space    used 1353K, committed 1472K, reserved 1048576K
}

Dll operation events (13 events):
Event: 0.014 Loaded shared library C:\Users\User\.jdks\openjdk-23\bin\java.dll
Event: 0.014 Loaded shared library C:\Users\User\.jdks\openjdk-23\bin\zip.dll
Event: 0.047 Loaded shared library C:\Users\User\.jdks\openjdk-23\bin\jsvml.dll
Event: 0.133 Loaded shared library C:\Users\User\.jdks\openjdk-23\bin\instrument.dll
Event: 0.137 Loaded shared library C:\Users\User\.jdks\openjdk-23\bin\net.dll
Event: 0.140 Loaded shared library C:\Users\User\.jdks\openjdk-23\bin\nio.dll
Event: 0.145 Loaded shared library C:\Users\User\.jdks\openjdk-23\bin\zip.dll
Event: 0.173 Loaded shared library C:\Users\User\.jdks\openjdk-23\bin\extnet.dll
Event: 0.197 Loaded shared library C:\Users\User\.jdks\openjdk-23\bin\verify.dll
Event: 0.317 Loaded shared library C:\Users\User\.jdks\openjdk-23\bin\jimage.dll
Event: 0.408 Loaded shared library C:\Users\User\.jdks\openjdk-23\bin\management.dll
Event: 0.423 Loaded shared library C:\Users\User\.jdks\openjdk-23\bin\management_ext.dll
Event: 1.267 Loaded shared library C:\Users\User\.jdks\openjdk-23\bin\sunmscapi.dll

Deoptimization events (20 events):
Event: 1.206 Thread 0x0000021033c30010 Uncommon trap: trap_request=0xffffff45 fr.pc=0x0000021043e93b88 relative=0x0000000000000288
Event: 1.206 Thread 0x0000021033c30010 Uncommon trap: reason=unstable_if action=reinterpret pc=0x0000021043e93b88 method=java.lang.CharacterDataLatin1.equalsIgnoreCase(BB)Z @ 54 c2
Event: 1.206 Thread 0x0000021033c30010 DEOPT PACKING pc=0x0000021043e93b88 sp=0x000000b6cd9f9ff0
Event: 1.206 Thread 0x0000021033c30010 DEOPT UNPACKING pc=0x00000210438d7982 sp=0x000000b6cd9f9ee8 mode 2
Event: 1.206 Thread 0x0000021033c30010 Uncommon trap: trap_request=0xffffff45 fr.pc=0x0000021043e63480 relative=0x0000000000000080
Event: 1.206 Thread 0x0000021033c30010 Uncommon trap: reason=unstable_if action=reinterpret pc=0x0000021043e63480 method=java.lang.CharacterDataLatin1.equalsIgnoreCase(BB)Z @ 54 c2
Event: 1.206 Thread 0x0000021033c30010 DEOPT PACKING pc=0x0000021043e63480 sp=0x000000b6cd9f9ed0
Event: 1.206 Thread 0x0000021033c30010 DEOPT UNPACKING pc=0x00000210438d7982 sp=0x000000b6cd9f9e60 mode 2
Event: 1.286 Thread 0x0000021033c30010 Uncommon trap: trap_request=0xffffff45 fr.pc=0x0000021043e9c41c relative=0x000000000000023c
Event: 1.286 Thread 0x0000021033c30010 Uncommon trap: reason=unstable_if action=reinterpret pc=0x0000021043e9c41c method=java.util.HashMap.putVal(ILjava/lang/Object;Ljava/lang/Object;ZZ)Ljava/lang/Object; @ 162 c2
Event: 1.286 Thread 0x0000021033c30010 DEOPT PACKING pc=0x0000021043e9c41c sp=0x000000b6cd9fb500
Event: 1.286 Thread 0x0000021033c30010 DEOPT UNPACKING pc=0x00000210438d7982 sp=0x000000b6cd9fb458 mode 2
Event: 1.295 Thread 0x0000021033c30010 Uncommon trap: trap_request=0xffffff45 fr.pc=0x0000021043e385b0 relative=0x0000000000000190
Event: 1.295 Thread 0x0000021033c30010 Uncommon trap: reason=unstable_if action=reinterpret pc=0x0000021043e385b0 method=jdk.internal.util.ArraysSupport.vectorizedHashCode(Ljava/lang/Object;IIII)I @ 2 c2
Event: 1.295 Thread 0x0000021033c30010 DEOPT PACKING pc=0x0000021043e385b0 sp=0x000000b6cd9fb3d0
Event: 1.295 Thread 0x0000021033c30010 DEOPT UNPACKING pc=0x00000210438d7982 sp=0x000000b6cd9fb380 mode 2
Event: 1.423 Thread 0x0000021033c30010 Uncommon trap: trap_request=0xffffff66 fr.pc=0x0000021043eaba2c relative=0x00000000000001ec
Event: 1.423 Thread 0x0000021033c30010 Uncommon trap: reason=speculate_class_check action=maybe_recompile pc=0x0000021043eaba2c method=sun.security.util.math.intpoly.IntegerPolynomial.multByInt([JJ)V @ 26 c2
Event: 1.423 Thread 0x0000021033c30010 DEOPT PACKING pc=0x0000021043eaba2c sp=0x000000b6cd9fd0e0
Event: 1.423 Thread 0x0000021033c30010 DEOPT UNPACKING pc=0x00000210438d7982 sp=0x000000b6cd9fcff0 mode 2

Classes loaded (20 events):
Event: 1.515 Loading class com/mysql/cj/exceptions/CJTimeoutException
Event: 1.515 Loading class com/mysql/cj/exceptions/CJTimeoutException done
Event: 1.516 Loading class com/mysql/cj/exceptions/StatementIsClosedException
Event: 1.516 Loading class com/mysql/cj/exceptions/StatementIsClosedException done
Event: 1.518 Loading class com/mysql/cj/SimpleQuery
Event: 1.518 Loading class com/mysql/cj/SimpleQuery done
Event: 1.519 Loading class com/mysql/cj/AbstractQuery
Event: 1.519 Loading class com/mysql/cj/AbstractQuery done
Event: 1.520 Loading class java/util/TimerTask
Event: 1.520 Loading class java/util/TimerTask done
Event: 1.520 Loading class com/mysql/cj/CancelQueryTaskImpl
Event: 1.520 Loading class com/mysql/cj/CancelQueryTaskImpl done
Event: 1.521 Loading class com/mysql/cj/CancelQueryTask
Event: 1.521 Loading class com/mysql/cj/CancelQueryTask done
Event: 1.521 Loading class com/mysql/cj/Query$CancelStatus
Event: 1.521 Loading class com/mysql/cj/Query$CancelStatus done
Event: 1.522 Loading class com/mysql/cj/jdbc/EscapeProcessor
Event: 1.522 Loading class com/mysql/cj/jdbc/EscapeProcessor done
Event: 1.523 Loading class java/util/NoSuchElementException
Event: 1.523 Loading class java/util/NoSuchElementException done

Classes unloaded (0 events):
No events

Classes redefined (1 events):
Event: 0.180 Thread 0x000002104ffe21a0 redefined class name=java.lang.Throwable, count=1

Internal exceptions (20 events):
Event: 0.432 Thread 0x0000021033c30010 Exception <a 'java/lang/IncompatibleClassChangeError'{0x000000008b121a70}: Found class java.lang.Object, but interface was expected> (0x000000008b121a70) 
thrown [s\open\src\hotspot\share\interpreter\linkResolver.cpp, line 863]
Event: 0.476 Thread 0x000002104fffccc0 Exception <a 'java/lang/NoSuchMethodError'{0x000000008af05bc8}: 'int java.lang.invoke.DirectMethodHandle$Holder.invokeSpecial(java.lang.Object, java.lang.Object, java.lang.Object)'> (0x000000008af05bc8) 
thrown [s\open\src\hotspot\share\interpreter\linkResolver.cpp, line 796]
Event: 0.543 Thread 0x000002104fffccc0 Exception <a 'java/lang/NoSuchMethodError'{0x000000008bb95158}: 'java.lang.Object java.lang.invoke.DirectMethodHandle$Holder.invokeStaticInit(java.lang.Object, java.lang.Object, java.lang.Object)'> (0x000000008bb95158) 
thrown [s\open\src\hotspot\share\interpreter\linkResolver.cpp, line 796]
Event: 0.554 Thread 0x0000021033c30010 Exception <a 'java/lang/NoSuchMethodError'{0x000000008bbcf230}: 'long java.lang.invoke.DirectMethodHandle$Holder.invokeSpecial(java.lang.Object, java.lang.Object)'> (0x000000008bbcf230) 
thrown [s\open\src\hotspot\share\interpreter\linkResolver.cpp, line 796]
Event: 0.555 Thread 0x0000021033c30010 Exception <a 'java/lang/NoSuchMethodError'{0x000000008bbd2690}: 'long java.lang.invoke.Invokers$Holder.invokeExact_MT(java.lang.Object, java.lang.Object)'> (0x000000008bbd2690) 
thrown [s\open\src\hotspot\share\interpreter\linkResolver.cpp, line 796]
Event: 0.743 Thread 0x000002104fffccc0 Exception <a 'java/lang/NoSuchMethodError'{0x000000008b681ea8}: 'java.lang.Object java.lang.invoke.DirectMethodHandle$Holder.invokeStaticInit(java.lang.Object, int, int, int, int)'> (0x000000008b681ea8) 
thrown [s\open\src\hotspot\share\interpreter\linkResolver.cpp, line 796]
Event: 0.775 Thread 0x000002104fffccc0 Exception <a 'java/lang/NoSuchMethodError'{0x000000008b581f30}: 'java.lang.Object java.lang.invoke.DirectMethodHandle$Holder.invokeStaticInit(java.lang.Object, java.lang.Object, int, int, int, int)'> (0x000000008b581f30) 
thrown [s\open\src\hotspot\share\interpreter\linkResolver.cpp, line 796]
Event: 0.796 Thread 0x000002104fffccc0 Exception <a 'java/lang/ClassNotFoundException'{0x000000008b5f5e60}: javax/management/remote/rmi/RMIServerImpl_Skel> (0x000000008b5f5e60) 
thrown [s\open\src\hotspot\share\classfile\systemDictionary.cpp, line 313]
Event: 0.858 Thread 0x000002109634e380 Exception <a 'java/lang/NoSuchMethodError'{0x000000008b22b900}: static [B.<clinit>()V> (0x000000008b22b900) 
thrown [s\open\src\hotspot\share\prims\jni.cpp, line 1111]
Event: 0.861 Thread 0x000002109634e380 Exception <a 'java/lang/NoSuchMethodError'{0x000000008b230520}: 'java.lang.Object java.lang.invoke.DirectMethodHandle$Holder.invokeInterface(java.lang.Object, java.lang.Object, java.lang.Object)'> (0x000000008b230520) 
thrown [s\open\src\hotspot\share\interpreter\linkResolver.cpp, line 796]
Event: 0.873 Thread 0x0000021033c30010 Exception <a 'java/lang/NoSuchMethodError'{0x000000008b2a1030}: 'java.lang.Object java.lang.invoke.DirectMethodHandle$Holder.invokeVirtual(java.lang.Object, java.lang.Object, java.lang.Object)'> (0x000000008b2a1030) 
thrown [s\open\src\hotspot\share\interpreter\linkResolver.cpp, line 796]
Event: 0.887 Thread 0x000002109634e380 Exception <a 'java/lang/ClassNotFoundException'{0x000000008b16ebe8}: javax/management/remote/rmi/RMIConnectionImpl_Skel> (0x000000008b16ebe8) 
thrown [s\open\src\hotspot\share\classfile\systemDictionary.cpp, line 313]
Event: 0.906 Thread 0x000002109634ea10 Exception <a 'java/lang/NoSuchMethodError'{0x000000008b020300}: 'java.lang.Object java.lang.invoke.Invokers$Holder.linkToTargetMethod(java.lang.Object, long, java.lang.Object)'> (0x000000008b020300) 
thrown [s\open\src\hotspot\share\interpreter\linkResolver.cpp, line 796]
Event: 0.912 Thread 0x000002109634e380 Exception <a 'java/lang/NoSuchMethodError'{0x000000008b042c08}: 'int java.lang.invoke.DelegatingMethodHandle$Holder.reinvoke_L(java.lang.Object, java.lang.Object, java.lang.Object, java.lang.Object, java.lang.Object)'> (0x000000008b042c08) 
thrown [s\open\src\hotspot\share\interpreter\linkResolver.cpp, line 796]
Event: 0.920 Thread 0x000002109634e380 Exception <a 'java/lang/NoSuchMethodError'{0x000000008b0601d8}: 'java.lang.Object java.lang.invoke.DirectMethodHandle$Holder.invokeInterface(java.lang.Object, java.lang.Object, java.lang.Object, java.lang.Object, java.lang.Object)'> (0x000000008b0601d8) 
thrown [s\open\src\hotspot\share\interpreter\linkResolver.cpp, line 796]
Event: 0.940 Thread 0x000002109634e380 Exception <a 'java/lang/NoSuchMethodError'{0x000000008af00ef0}: 'double java.lang.invoke.DirectMethodHandle$Holder.invokeInterface(java.lang.Object, java.lang.Object)'> (0x000000008af00ef0) 
thrown [s\open\src\hotspot\share\interpreter\linkResolver.cpp, line 796]
Event: 0.943 Thread 0x000002109634e380 Exception <a 'java/lang/NoSuchMethodError'{0x000000008af088e0}: 'double java.lang.invoke.DelegatingMethodHandle$Holder.reinvoke_L(java.lang.Object, java.lang.Object)'> (0x000000008af088e0) 
thrown [s\open\src\hotspot\share\interpreter\linkResolver.cpp, line 796]
Event: 1.104 Thread 0x0000021033c30010 Exception <a 'java/lang/NoSuchMethodError'{0x000000008b8007c8}: 'void java.lang.invoke.DirectMethodHandle$Holder.invokeStaticInit(java.lang.Object, java.lang.Object)'> (0x000000008b8007c8) 
thrown [s\open\src\hotspot\share\interpreter\linkResolver.cpp, line 796]
Event: 1.203 Thread 0x0000021033c30010 Exception <a 'sun/nio/fs/WindowsException'{0x000000008b6b3f78}> (0x000000008b6b3f78) 
thrown [s\open\src\hotspot\share\prims\jni.cpp, line 520]
Event: 1.422 Thread 0x0000021033c30010 Exception <a 'java/lang/NoSuchMethodError'{0x000000008b25daf0}: 'void java.lang.invoke.DirectMethodHandle$Holder.invokeVirtual(java.lang.Object, java.lang.Object)'> (0x000000008b25daf0) 
thrown [s\open\src\hotspot\share\interpreter\linkResolver.cpp, line 796]

VM Operations (20 events):
Event: 0.806 Executing VM operation: HandshakeAllThreads (Deoptimize)
Event: 0.806 Executing VM operation: HandshakeAllThreads (Deoptimize) done
Event: 0.806 Executing VM operation: HandshakeAllThreads (Deoptimize)
Event: 0.806 Executing VM operation: HandshakeAllThreads (Deoptimize) done
Event: 0.862 Executing VM operation: HandshakeAllThreads (Deoptimize)
Event: 0.863 Executing VM operation: HandshakeAllThreads (Deoptimize) done
Event: 0.874 Executing VM operation: HandshakeAllThreads (Deoptimize)
Event: 0.886 Executing VM operation: HandshakeAllThreads (Deoptimize) done
Event: 0.982 Executing VM operation: G1CollectForAllocation (G1 Evacuation Pause)
Event: 0.989 Executing VM operation: G1CollectForAllocation (G1 Evacuation Pause) done
Event: 1.116 Executing VM operation: HandshakeAllThreads (Deoptimize)
Event: 1.116 Executing VM operation: HandshakeAllThreads (Deoptimize) done
Event: 1.175 Executing VM operation: HandshakeAllThreads (Deoptimize)
Event: 1.175 Executing VM operation: HandshakeAllThreads (Deoptimize) done
Event: 1.204 Executing VM operation: HandshakeAllThreads (Deoptimize)
Event: 1.204 Executing VM operation: HandshakeAllThreads (Deoptimize) done
Event: 1.209 Executing VM operation: HandshakeAllThreads (Deoptimize)
Event: 1.209 Executing VM operation: HandshakeAllThreads (Deoptimize) done
Event: 1.438 Executing VM operation: HandshakeAllThreads (Deoptimize)
Event: 1.438 Executing VM operation: HandshakeAllThreads (Deoptimize) done

Memory protections (0 events):
No events

Nmethod flushes (0 events):
No events

Events (18 events):
Event: 0.030 Thread 0x0000021033c30010 Thread added: 0x0000021033c30010
Event: 0.044 Thread 0x0000021033c30010 Thread added: 0x000002104fff9300
Event: 0.044 Thread 0x0000021033c30010 Thread added: 0x000002104fffad70
Event: 0.044 Thread 0x0000021033c30010 Thread added: 0x000002104fffc260
Event: 0.044 Thread 0x0000021033c30010 Thread added: 0x000002104fffccc0
Event: 0.044 Thread 0x0000021033c30010 Thread added: 0x000002104fffd720
Event: 0.045 Thread 0x0000021033c30010 Thread added: 0x000002104ffff190
Event: 0.045 Thread 0x0000021033c30010 Thread added: 0x0000021050015a20
Event: 0.045 Thread 0x0000021033c30010 Thread added: 0x000002105003c910
Event: 0.101 Thread 0x0000021033c30010 Thread added: 0x000002105012a930
Event: 0.155 Thread 0x0000021033c30010 Thread added: 0x000002105031dfd0
Event: 0.185 Thread 0x0000021033c30010 Thread added: 0x0000021050456850
Event: 0.540 Thread 0x000002105003c910 Thread added: 0x0000021050abad20
Event: 0.786 Thread 0x0000021033c30010 Thread added: 0x00000210965dc8e0
Event: 0.809 Thread 0x000002104fffccc0 Thread added: 0x0000021050c2a430
Event: 0.822 Thread 0x0000021050c2a430 Thread added: 0x000002109634e380
Event: 0.857 Thread 0x000002109634e380 Thread added: 0x000002109634c2b0
Event: 0.872 Thread 0x000002109634e380 Thread added: 0x000002109634ea10


Dynamic libraries:
0x00007ff72ac80000 - 0x00007ff72ac8e000 	C:\Users\User\.jdks\openjdk-23\bin\java.exe
0x00007ffcb7650000 - 0x00007ffcb7848000 	C:\Windows\SYSTEM32\ntdll.dll
0x00007ffcb6f80000 - 0x00007ffcb703f000 	C:\Windows\System32\KERNEL32.DLL
0x00007ffcb5080000 - 0x00007ffcb5352000 	C:\Windows\System32\KERNELBASE.dll
0x00007ffcb4f80000 - 0x00007ffcb5080000 	C:\Windows\System32\ucrtbase.dll
0x00007ffcace20000 - 0x00007ffcace37000 	C:\Users\User\.jdks\openjdk-23\bin\jli.dll
0x00007ffcb5800000 - 0x00007ffcb59a1000 	C:\Windows\System32\USER32.dll
0x00007ffcace00000 - 0x00007ffcace1b000 	C:\Users\User\.jdks\openjdk-23\bin\VCRUNTIME140.dll
0x00007ffcb5510000 - 0x00007ffcb5532000 	C:\Windows\System32\win32u.dll
0x00007ffcb6af0000 - 0x00007ffcb6b1b000 	C:\Windows\System32\GDI32.dll
0x00007ffcb5360000 - 0x00007ffcb546f000 	C:\Windows\System32\gdi32full.dll
0x00007ffcb5540000 - 0x00007ffcb55dd000 	C:\Windows\System32\msvcp_win.dll
0x00007ffc9ea10000 - 0x00007ffc9ecaa000 	C:\Windows\WinSxS\amd64_microsoft.windows.common-controls_6595b64144ccf1df_6.0.19041.1110_none_60b5254171f9507e\COMCTL32.dll
0x00007ffcb5760000 - 0x00007ffcb57fe000 	C:\Windows\System32\msvcrt.dll
0x00007ffcb5af0000 - 0x00007ffcb5b22000 	C:\Windows\System32\IMM32.DLL
0x0000000061860000 - 0x000000006186c000 	C:\Program Files (x86)\360\Total Security\safemon\SafeWrapper.dll
0x00007ffcb5a40000 - 0x00007ffcb5aee000 	C:\Windows\System32\ADVAPI32.dll
0x00007ffcb6990000 - 0x00007ffcb6a2c000 	C:\Windows\System32\sechost.dll
0x00007ffcb5ef0000 - 0x00007ffcb6015000 	C:\Windows\System32\RPCRT4.dll
0x00007ffc81be0000 - 0x00007ffc81c8c000 	C:\Program Files (x86)\360\Total Security\safemon\libzdtp64.dll
0x00007ffcb6020000 - 0x00007ffcb6765000 	C:\Windows\System32\SHELL32.dll
0x00007ffcb5b30000 - 0x00007ffcb5b85000 	C:\Windows\System32\SHLWAPI.dll
0x00007ffcb47f0000 - 0x00007ffcb47fa000 	C:\Windows\SYSTEM32\VERSION.dll
0x00007ffcabcc0000 - 0x00007ffcabccc000 	C:\Users\User\.jdks\openjdk-23\bin\vcruntime140_1.dll
0x00007ffca8d90000 - 0x00007ffca8e1e000 	C:\Users\User\.jdks\openjdk-23\bin\msvcp140.dll
0x00007ffc3f2a0000 - 0x00007ffc3ffef000 	C:\Users\User\.jdks\openjdk-23\bin\server\jvm.dll
0x00007ffcb7040000 - 0x00007ffcb70ab000 	C:\Windows\System32\WS2_32.dll
0x00007ffcb4bb0000 - 0x00007ffcb4bfb000 	C:\Windows\SYSTEM32\POWRPROF.dll
0x00007ffc9c4b0000 - 0x00007ffc9c4d7000 	C:\Windows\SYSTEM32\WINMM.dll
0x00007ffcb4b90000 - 0x00007ffcb4ba2000 	C:\Windows\SYSTEM32\UMPDC.dll
0x00007ffcb3520000 - 0x00007ffcb3532000 	C:\Windows\SYSTEM32\kernel.appcore.dll
0x00007ffcaaca0000 - 0x00007ffcaacaa000 	C:\Users\User\.jdks\openjdk-23\bin\jimage.dll
0x00007ffcaf180000 - 0x00007ffcaf364000 	C:\Windows\SYSTEM32\DBGHELP.DLL
0x00007ffc97590000 - 0x00007ffc975c5000 	C:\Windows\SYSTEM32\dbgcore.DLL
0x00007ffcb4d40000 - 0x00007ffcb4dc2000 	C:\Windows\System32\bcryptPrimitives.dll
0x00007ffcaac90000 - 0x00007ffcaac9f000 	C:\Users\User\.jdks\openjdk-23\bin\instrument.dll
0x00007ffcaac70000 - 0x00007ffcaac8e000 	C:\Users\User\.jdks\openjdk-23\bin\java.dll
0x00007ffcb67d0000 - 0x00007ffcb68fa000 	C:\Windows\System32\ole32.dll
0x00007ffcb5b90000 - 0x00007ffcb5ee5000 	C:\Windows\System32\combase.dll
0x00007ffcaac50000 - 0x00007ffcaac67000 	C:\Users\User\.jdks\openjdk-23\bin\zip.dll
0x00007ffcb2a30000 - 0x00007ffcb31c2000 	C:\Windows\SYSTEM32\windows.storage.dll
0x00007ffcb4650000 - 0x00007ffcb4680000 	C:\Windows\SYSTEM32\Wldp.dll
0x00007ffcb6cd0000 - 0x00007ffcb6d7d000 	C:\Windows\System32\SHCORE.dll
0x00007ffcb4c80000 - 0x00007ffcb4c9f000 	C:\Windows\SYSTEM32\profapi.dll
0x00007ffca8cb0000 - 0x00007ffca8d87000 	C:\Users\User\.jdks\openjdk-23\bin\jsvml.dll
0x00007ffcacdf0000 - 0x00007ffcace00000 	C:\Users\User\.jdks\openjdk-23\bin\net.dll
0x00007ffcb43b0000 - 0x00007ffcb441a000 	C:\Windows\system32\mswsock.dll
0x00007ffcacdd0000 - 0x00007ffcacde6000 	C:\Users\User\.jdks\openjdk-23\bin\nio.dll
0x00007ffcaabb0000 - 0x00007ffcaabb9000 	C:\Users\User\.jdks\openjdk-23\bin\extnet.dll
0x00007ffcaa790000 - 0x00007ffcaa7a0000 	C:\Users\User\.jdks\openjdk-23\bin\verify.dll
0x00007ffcb40e0000 - 0x00007ffcb41ab000 	C:\Windows\SYSTEM32\DNSAPI.dll
0x00007ffcb40a0000 - 0x00007ffcb40db000 	C:\Windows\SYSTEM32\IPHLPAPI.DLL
0x00007ffcb6ae0000 - 0x00007ffcb6ae8000 	C:\Windows\System32\NSI.dll
0x00007ffc9ea00000 - 0x00007ffc9ea0a000 	C:\Windows\System32\rasadhlp.dll
0x00007ffc9e6a0000 - 0x00007ffc9e720000 	C:\Windows\System32\fwpuclnt.dll
0x00007ffcb54e0000 - 0x00007ffcb5507000 	C:\Windows\System32\bcrypt.dll
0x00007ffcaa780000 - 0x00007ffcaa78a000 	C:\Users\User\.jdks\openjdk-23\bin\management.dll
0x00007ffcaa640000 - 0x00007ffcaa64b000 	C:\Users\User\.jdks\openjdk-23\bin\management_ext.dll
0x00007ffcb7600000 - 0x00007ffcb7608000 	C:\Windows\System32\PSAPI.DLL
0x00007ffcb45a0000 - 0x00007ffcb45b8000 	C:\Windows\SYSTEM32\CRYPTSP.dll
0x00007ffcb3cd0000 - 0x00007ffcb3d04000 	C:\Windows\system32\rsaenh.dll
0x00007ffcb4c40000 - 0x00007ffcb4c6e000 	C:\Windows\SYSTEM32\USERENV.dll
0x00007ffcb45c0000 - 0x00007ffcb45cc000 	C:\Windows\SYSTEM32\CRYPTBASE.dll
0x00007ffc90870000 - 0x00007ffc90887000 	C:\Windows\system32\napinsp.dll
0x00007ffc90850000 - 0x00007ffc9086b000 	C:\Windows\system32\pnrpnsp.dll
0x00007ffcabc30000 - 0x00007ffcabc45000 	C:\Windows\system32\wshbth.dll
0x00007ffcacbb0000 - 0x00007ffcacbcd000 	C:\Windows\system32\NLAapi.dll
0x00007ffc90830000 - 0x00007ffc90842000 	C:\Windows\System32\winrnr.dll
0x00007ffcaa630000 - 0x00007ffcaa63e000 	C:\Users\User\.jdks\openjdk-23\bin\sunmscapi.dll
0x00007ffcb4e20000 - 0x00007ffcb4f76000 	C:\Windows\System32\CRYPT32.dll
0x00007ffcb46c0000 - 0x00007ffcb46e7000 	C:\Windows\SYSTEM32\ncrypt.dll
0x00007ffcb4680000 - 0x00007ffcb46bb000 	C:\Windows\SYSTEM32\NTASN1.dll

dbghelp: loaded successfully - version: 4.0.5 - missing functions: none
symbol engine: initialized successfully - sym options: 0x614 - pdb path: .;C:\Users\User\.jdks\openjdk-23\bin;C:\Windows\SYSTEM32;C:\Windows\WinSxS\amd64_microsoft.windows.common-controls_6595b64144ccf1df_6.0.19041.1110_none_60b5254171f9507e;C:\Program Files (x86)\360\Total Security\safemon;C:\Users\User\.jdks\openjdk-23\bin\server

VM Arguments:
jvm_args: -ea -Didea.test.cyclic.buffer.size=1048576 -javaagent:C:\Program Files\JetBrains\IntelliJ IDEA 2024.3.4.1\lib\idea_rt.jar=54166 -javaagent:C:\Users\User\AppData\Local\JetBrains\IntelliJIdea2024.3\captureAgent\debugger-agent.jar -Dkotlinx.coroutines.debug.enable.creation.stack.trace=false -Ddebugger.agent.enable.coroutines=true -Dkotlinx.coroutines.debug.enable.flows.stack.trace=true -Dkotlinx.coroutines.debug.enable.mutable.state.flows.stack.trace=true -Dfile.encoding=UTF-8 -Dsun.stdout.encoding=UTF-8 -Dsun.stderr.encoding=UTF-8 
java_command: com.intellij.rt.junit.JUnitStarter -ideVersion5 -junit4 UserServiceTest
java_class_path (initial): C:\Program Files\JetBrains\IntelliJ IDEA 2024.3.4.1\lib\idea_rt.jar;C:\Program Files\JetBrains\IntelliJ IDEA 2024.3.4.1\plugins\junit\lib\junit5-rt.jar;C:\Program Files\JetBrains\IntelliJ IDEA 2024.3.4.1\plugins\junit\lib\junit-rt.jar;D:\Pre-project\ 1.1.4\target\test-classes;D:\Pre-project\ 1.1.4\target\classes;C:\Users\User\.m2\repository\junit\junit\4.13.2\junit-4.13.2.jar;C:\Users\User\.m2\repository\org\hamcrest\hamcrest-core\1.3\hamcrest-core-1.3.jar;C:\Users\User\.m2\repository\mysql\mysql-connector-java\8.0.25\mysql-connector-java-8.0.25.jar;C:\Users\User\.m2\repository\com\google\protobuf\protobuf-java\3.11.4\protobuf-java-3.11.4.jar;C:\Users\User\.m2\repository\org\hibernate\javax\persistence\hibernate-jpa-2.1-api\1.0.2.Final\hibernate-jpa-2.1-api-1.0.2.Final.jar;C:\Users\User\.m2\repository\org\hibernate\hibernate-core\5.6.3.Final\hibernate-core-5.6.3.Final.jar;C:\Users\User\.m2\repository\org\jboss\logging\jboss-logging\3.4.2.Final\jboss-logging-3.4.2.Final.jar;C:\Users\User\.m2\repository\javax\persistence\javax.persistence-api\2.2\javax.persistence-api-2.2.jar;C:\Users\User\.m2\repository\net\bytebuddy\byte-buddy\1.11.20\byte-buddy-1.11.20.jar;C:\Users\User\.m2\repository\antlr\antlr\2.7.7\antlr-2.7.7.jar;C:\Users\User\.m2\repository\org\jboss\spec\javax\transaction\jboss-transaction-api_1.2_spec\1.1.1.Final\jboss-transaction-api_1.2_spec-1.1.1.Final.jar;C:\Users\User\.m2\repository\org\jboss\jandex\2.2.3.Final\jandex-2.2.3.Final.jar;C:\Users\User\.m2\repository\com\fasterxml\classmate\1.5.1\classmate-1.5.1.jar;C:\Users\User\.m2\repository\javax\activation\javax.activation-api\1.2.0\javax.activation-api-1.2.0.jar;C:\Users\User\.m2\repository\org\hibernate\common\hibernate-commons-annotations\5.1.2.Final\hibernate-commons-annotations-5.1.2.Final.jar;C:\Users\User\.m2\repository\javax\xml\bind\jaxb-api\2.3.1\jaxb-api-2.3.1.jar;C:\Users\User\.m2\repository\org\glassfish\jaxb\jaxb-runtime\2.3.1\jaxb-runtime-2.3.1.jar;C:\Users\User\.m2\repository\org\glassfish\jaxb\txw2\2.3.1\txw2-2.3.1.jar;C:\Users\User\.m2\repository\com\sun\istack\istack-commons-runtime\3.0.7\istack-commons-runtime-3.0.7.jar;C:\Users\User\.m2\repository\org\jvnet\staxex\stax-ex\1.8\stax-ex-1.8.jar;C:\Users\User\.m2\repository\com\sun\xml\fastinfoset\FastInfoset\1.2.15\FastInfoset-1.2.15.jar
Launcher Type: SUN_STANDARD

[Global flags]
     intx CICompilerCount                          = 3                                         {product} {ergonomic}
     uint ConcGCThreads                            = 1                                         {product} {ergonomic}
     uint G1ConcRefinementThreads                  = 4                                         {product} {ergonomic}
   size_t G1HeapRegionSize                         = 1048576                                   {product} {ergonomic}
   size_t InitialHeapSize                          = 130023424                                 {product} {ergonomic}
   size_t MarkStackSize                            = 4194304                                   {product} {ergonomic}
   size_t MarkStackSizeMax                         = 536870912                                 {product} {ergonomic}
   size_t MaxHeapSize                              = 2080374784                                {product} {ergonomic}
   size_t MaxNewSize                               = 1247805440                                {product} {ergonomic}
   size_t MinHeapDeltaBytes                        = 1048576                                   {product} {ergonomic}
   size_t MinHeapSize                              = 8388608                                   {product} {ergonomic}
    uintx NonNMethodCodeHeapSize                   = 5832704                                {pd product} {ergonomic}
    uintx NonProfiledCodeHeapSize                  = 122945536                              {pd product} {ergonomic}
    uintx ProfiledCodeHeapSize                     = 122880000                              {pd product} {ergonomic}
    uintx ReservedCodeCacheSize                    = 251658240                              {pd product} {ergonomic}
     bool SegmentedCodeCache                       = true                                      {product} {ergonomic}
   size_t SoftMaxHeapSize                          = 2080374784                             {manageable} {ergonomic}
     bool UseCompressedOops                        = true                           {product lp64_product} {ergonomic}
     bool UseG1GC                                  = true                                      {product} {ergonomic}
     bool UseLargePagesIndividualAllocation        = false                                  {pd product} {ergonomic}

Logging:
Log output configuration:
 #0: stdout all=warning uptime,level,tags foldmultilines=false
 #1: stderr all=off uptime,level,tags foldmultilines=false

Environment Variables:
JAVA_HOME=C:\JAVA\jdk-23.0.1
PATH=C:\Program Files (x86)\Common Files\Intel\Shared Files\cpp\bin\Intel64;C:\Windows\system32;C:\Windows;C:\Windows\System32\Wbem;C:\Windows\System32\WindowsPowerShell\v1.0\;C:\Windows\System32\OpenSSH\;C:\Program Files\WireGuard\;C:\Users\User\Desktop\matlabfolder\runtime\win64;C:\Users\User\Desktop\matlabfolder\bin;C:\JAVA\jdk-23.0.1\bin;C:\Program Files\dotnet\;C:\Program Files\Git\cmd;C:\JAVA\apache-maven-3.9.9\bin;C:\Users\User\AppData\Local\Microsoft\WindowsApps;C:\JAVA\jdk-23.0.1\bin;;C:\Program Files\JetBrains\IntelliJ IDEA Community Edition 2024.3\bin;;C:\Users\User\.dotnet\tools
USERNAME=User
OS=Windows_NT
PROCESSOR_IDENTIFIER=Intel64 Family 6 Model 126 Stepping 5, GenuineIntel
TMP=C:\Users\User\AppData\Local\Temp
TEMP=C:\Users\User\AppData\Local\Temp




Periodic native trim disabled

---------------  S Y S T E M  ---------------

OS:
 Windows 10 , 64 bit Build 19041 (10.0.19041.2546)
OS uptime: 0 days 12:28 hours

CPU: total 4 (initial active 4) (2 cores per cpu, 2 threads per core) family 6 model 126 stepping 5 microcode 0xa0, cx8, cmov, fxsr, ht, mmx, 3dnowpref, sse, sse2, sse3, ssse3, sse4.1, sse4.2, popcnt, lzcnt, tsc, tscinvbit, avx, avx2, aes, erms, clmul, bmi1, bmi2, adx, avx512f, avx512dq, avx512cd, avx512bw, avx512vl, sha, fma, vzeroupper, avx512_vpopcntdq, avx512_vpclmulqdq, avx512_vaes, avx512_vnni, clflush, clflushopt, avx512_vbmi2, avx512_vbmi, rdtscp, rdpid, fsrm, gfni, avx512_bitalg, f16c, pku, avx512_ifma
Processor Information for the first 4 processors :
  Max Mhz: 1190, Current Mhz: 1190, Mhz Limit: 1190

Memory: 4k page, system-wide physical 7933M (932M free)
TotalPageFile size 9981M (AvailPageFile size 7M)
current process WorkingSet (physical memory assigned to process): 120M, peak: 120M
current process commit charge ("private bytes"): 254M, peak: 256M

vm_info: OpenJDK 64-Bit Server VM (23+37-2369) for windows-amd64 JRE (23+37-2369), built on 2024-08-20T16:01:23Z with MS VC++ 17.6 (VS2022)

END.
